Write to file ./models_storm/avoid_eval_model.drn.
Starting RL:

Random policy return: ((-2.2, -3.0, -2.0, 0.0, 0.0), [-2.0, -3.0, -2.0, -1.0, -3.0, -1.0, -2.0, -2.0, -3.0, -3.0])
step = 10: loss = -1.5775129795074463
step = 20: loss = -2.759138584136963
step = 30: loss = -3.1676783561706543
step = 40: loss = -3.5080513954162598
step = 50: loss = -3.850992202758789
step = 60: loss = -4.587685585021973
step = 70: loss = -4.905796527862549
step = 80: loss = -5.632755279541016
step = 90: loss = -6.378863334655762
step = 100: loss = -6.860128402709961
step = 100: Average Return = (-2.1, -2.0, -2.0, 0.0, 0.0)
step = 110: loss = -7.674993515014648
step = 120: loss = -8.341775894165039
step = 130: loss = -9.013751029968262
step = 140: loss = -9.704133987426758
step = 150: loss = -10.388365745544434
step = 160: loss = -11.098529815673828
step = 170: loss = -11.789648056030273
step = 180: loss = -12.496635437011719
step = 190: loss = -13.186538696289062
step = 200: loss = -13.867361068725586
step = 200: Average Return = (-2.1, -2.0, -2.0, 0.0, 0.0)
step = 210: loss = -14.392361640930176
step = 220: loss = -15.277700424194336
step = 230: loss = -15.780389785766602
step = 240: loss = -16.665264129638672
step = 250: loss = -17.13677978515625
step = 260: loss = -17.364351272583008
step = 270: loss = -18.696577072143555
step = 280: loss = -18.92308235168457
step = 290: loss = -19.83611488342285
step = 300: loss = -20.515195846557617
step = 300: Average Return = (-2.2, -2.1443, -2.0, 0.0, 0.0)
step = 310: loss = -21.441814422607422
step = 320: loss = -22.118410110473633
step = 330: loss = -22.852638244628906
step = 340: loss = -23.545072555541992
step = 350: loss = -24.242013931274414
step = 360: loss = -24.874637603759766
step = 370: loss = -25.602914810180664
step = 380: loss = -26.290664672851562
step = 390: loss = -26.987735748291016
step = 400: loss = -27.6700439453125
step = 400: Average Return = (-2.2, -3.0, -1.8557000000000006, 0.0, 0.0)
step = 410: loss = -28.340011596679688
step = 420: loss = -29.059310913085938
step = 430: loss = -29.019433975219727
step = 440: loss = -30.400056838989258
step = 450: loss = -30.730131149291992
step = 460: loss = -31.80173110961914
step = 470: loss = -32.48313522338867
step = 480: loss = -33.18302917480469
step = 490: loss = -33.40542984008789
step = 500: loss = -34.12187957763672
step = 500: Average Return = (-1.9, -2.0, -2.0, 0.0, 0.0)
step = 510: loss = -33.059654235839844
step = 520: loss = -31.15032386779785
step = 530: loss = -32.06449890136719
step = 540: loss = -32.09529113769531
step = 550: loss = -31.85074234008789
step = 560: loss = -33.824867248535156
step = 570: loss = -34.87308883666992
step = 580: loss = -36.690006256103516
step = 590: loss = -37.42015838623047
step = 600: loss = -38.49202346801758
step = 600: Average Return = (-2.3, -2.1443, -2.0, 0.0, 0.0)
step = 610: loss = -38.569419860839844
step = 620: loss = -41.80391311645508
step = 630: loss = -42.47611999511719
step = 640: loss = -43.676570892333984
step = 650: loss = -43.844207763671875
step = 660: loss = -44.498069763183594
step = 670: loss = -45.21918487548828
step = 680: loss = -44.76966094970703
step = 690: loss = -47.079402923583984
step = 700: loss = -46.67994689941406
step = 700: Average Return = (-1.7, -2.0, -1.8557000000000006, 0.0, 0.0)
step = 710: loss = -48.54055404663086
step = 720: loss = -49.21709442138672
step = 730: loss = -49.93396759033203
step = 740: loss = -50.602760314941406
step = 750: loss = -51.28999328613281
step = 760: loss = -51.9891242980957
step = 770: loss = -52.66015625
step = 780: loss = -53.36845779418945
step = 790: loss = -54.08058166503906
step = 800: loss = -54.762237548828125
step = 800: Average Return = (-2.1, -2.0, -2.0, 0.0, 0.0)
step = 810: loss = -55.462379455566406
step = 820: loss = -53.42483139038086
step = 830: loss = -55.460655212402344
step = 840: loss = -55.441307067871094
step = 850: loss = -55.35954666137695
step = 860: loss = -57.46327209472656
step = 870: loss = -58.12297058105469
step = 880: loss = -58.04643630981445
step = 890: loss = -60.172698974609375
step = 900: loss = -59.35442352294922
step = 900: Average Return = (-1.8, -2.0, -1.8557000000000006, 0.0, 0.0)
step = 910: loss = -60.764366149902344
step = 920: loss = -59.16291809082031
step = 930: loss = -61.28956985473633
step = 940: loss = -64.29244995117188
step = 950: loss = -64.98973083496094
step = 960: loss = -65.64635467529297
step = 970: loss = -66.37892150878906
step = 980: loss = -66.25196838378906
step = 990: loss = -67.75582122802734
step = 1000: loss = -65.94477081298828
step = 1000: Average Return = (-1.6, -2.0, -1.0, 0.0, 0.0)
step = 1010: loss = -66.61868286132812
step = 1020: loss = -68.92666625976562
step = 1030: loss = -68.76741790771484
step = 1040: loss = -70.33748626708984
step = 1050: loss = -71.86246490478516
step = 1060: loss = -71.6650390625
step = 1070: loss = -71.39794158935547
step = 1080: loss = -73.92567443847656
step = 1090: loss = -72.77444458007812
step = 1100: loss = -73.48078918457031
step = 1100: Average Return = (-2.2, -2.1443, -2.0, 0.0, 0.0)
step = 1110: loss = -75.05815124511719
step = 1120: loss = -74.82020568847656
step = 1130: loss = -77.32942199707031
step = 1140: loss = -78.02667999267578
step = 1150: loss = -77.73047637939453
step = 1160: loss = -77.47987365722656
step = 1170: loss = -76.21009826660156
step = 1180: loss = -77.81964111328125
step = 1190: loss = -80.45106506347656
step = 1200: loss = -82.15663146972656
step = 1200: Average Return = (-2.3, -2.1443, -2.0, 0.0, 0.0)
step = 1210: loss = -82.818359375
step = 1220: loss = -83.53250885009766
step = 1230: loss = -84.21420288085938
step = 1240: loss = -84.90460968017578
step = 1250: loss = -85.59468078613281
step = 1260: loss = -86.28144073486328
step = 1270: loss = -86.99574279785156
step = 1280: loss = -87.67515563964844
step = 1290: loss = -88.41149139404297
step = 1300: loss = -89.06880950927734
step = 1300: Average Return = (-2.1, -2.0, -2.0, 0.0, 0.0)
step = 1310: loss = -89.78536224365234
step = 1320: loss = -90.47224426269531
step = 1330: loss = -90.03831481933594
step = 1340: loss = -90.7257080078125
step = 1350: loss = -91.39476013183594
step = 1360: loss = -93.22943115234375
step = 1370: loss = -93.89850616455078
step = 1380: loss = -94.61134338378906
step = 1390: loss = -95.29938507080078
step = 1400: loss = -95.9876480102539
step = 1400: Average Return = (-1.9, -2.0, -2.0, 0.0, 0.0)
step = 1410: loss = -94.27716827392578
step = 1420: loss = -96.19229125976562
step = 1430: loss = -95.6180419921875
step = 1440: loss = -98.7002944946289
step = 1450: loss = -95.76334381103516
step = 1460: loss = -98.8171615600586
step = 1470: loss = -100.73406982421875
step = 1480: loss = -100.17021179199219
step = 1490: loss = -102.11421203613281
step = 1500: loss = -100.28414916992188
step = 1500: Average Return = (-1.8, -2.0, -1.8557000000000006, 0.0, 0.0)
step = 1510: loss = -103.46119689941406
step = 1520: loss = -100.34648132324219
step = 1530: loss = -101.04126739501953
step = 1540: loss = -104.20172119140625
step = 1550: loss = -102.25975799560547
step = 1560: loss = -101.6273193359375
step = 1570: loss = -102.26079559326172
step = 1580: loss = -108.19408416748047
step = 1590: loss = -107.57138061523438
step = 1600: loss = -108.22701263427734
step = 1600: Average Return = (-2.3, -3.0, -2.0, 0.0, 0.0)
step = 1610: loss = -106.22537231445312
step = 1620: loss = -102.8399887084961
step = 1630: loss = -98.01382446289062
step = 1640: loss = -98.47457122802734
step = 1650: loss = -99.42138671875
step = 1660: loss = -102.74188995361328
step = 1670: loss = -105.762451171875
step = 1680: loss = -104.92481994628906
step = 1690: loss = -104.23200988769531
step = 1700: loss = -99.05052947998047
step = 1700: Average Return = (-2.0, -2.0, -2.0, 0.0, 0.0)
step = 1710: loss = -111.39767456054688
step = 1720: loss = -115.96134185791016
step = 1730: loss = -116.63983917236328
step = 1740: loss = -117.34786987304688
step = 1750: loss = -119.41572570800781
step = 1760: loss = -120.11713409423828
step = 1770: loss = -120.8017578125
step = 1780: loss = -120.07793426513672
step = 1790: loss = -122.191650390625
step = 1800: loss = -123.06117248535156
step = 1800: Average Return = (-2.1, -2.0, -2.0, 0.0, 0.0)
step = 1810: loss = -123.60501861572266
step = 1820: loss = -124.27305603027344
step = 1830: loss = -124.97341918945312
step = 1840: loss = -125.69369506835938
step = 1850: loss = -126.39024353027344
step = 1860: loss = -127.0758285522461
step = 1870: loss = -127.78157806396484
step = 1880: loss = -128.48910522460938
step = 1890: loss = -129.17022705078125
step = 1900: loss = -129.8613739013672
step = 1900: Average Return = (-2.1, -2.1443, -2.0, 0.0, 0.0)
step = 1910: loss = -129.02044677734375
step = 1920: loss = -129.64427185058594
step = 1930: loss = -130.3490753173828
step = 1940: loss = -129.42852783203125
step = 1950: loss = -131.74354553222656
step = 1960: loss = -132.42579650878906
step = 1970: loss = -131.39862060546875
step = 1980: loss = -135.38096618652344
step = 1990: loss = -134.402099609375
step = 2000: loss = -136.74246215820312
step = 2000: Average Return = (-1.9, -2.0, -2.0, 0.0, 0.0)
step = 2010: loss = -135.79443359375
step = 2020: loss = -124.18756866455078
step = 2030: loss = -118.42105865478516
step = 2040: loss = -127.58963012695312
step = 2050: loss = -124.7899169921875
step = 2060: loss = -124.32624053955078
step = 2070: loss = -126.42205810546875
step = 2080: loss = -132.9725341796875
step = 2090: loss = -120.00173950195312
step = 2100: loss = -131.72193908691406
step = 2100: Average Return = (-1.8, -2.0, -2.0, 0.0, 0.0)
step = 2110: loss = -130.27992248535156
step = 2120: loss = -144.486328125
step = 2130: loss = -145.17227172851562
step = 2140: loss = -145.87307739257812
step = 2150: loss = -146.56370544433594
step = 2160: loss = -147.2809295654297
step = 2170: loss = -147.97666931152344
step = 2180: loss = -148.69076538085938
step = 2190: loss = -149.3675994873047
step = 2200: loss = -150.06788635253906
step = 2200: Average Return = (-2.4, -3.0, -2.0, 0.0, 0.0)
step = 2210: loss = -150.7765655517578
step = 2220: loss = -151.47943115234375
step = 2230: loss = -146.63558959960938
step = 2240: loss = -149.12637329101562
step = 2250: loss = -151.7268524169922
step = 2260: loss = -150.50064086914062
step = 2270: loss = -147.39649963378906
step = 2280: loss = -153.7421112060547
step = 2290: loss = -152.5108642578125
step = 2300: loss = -156.97377014160156
step = 2300: Average Return = (-1.9, -2.0, -1.8557000000000006, 0.0, 0.0)
step = 2310: loss = -157.6856689453125
step = 2320: loss = -158.38133239746094
step = 2330: loss = -159.06906127929688
step = 2340: loss = -159.77334594726562
step = 2350: loss = -160.4568634033203
step = 2360: loss = -161.14451599121094
step = 2370: loss = -161.86007690429688
step = 2380: loss = -162.5841064453125
step = 2390: loss = -163.2836456298828
step = 2400: loss = -163.9418487548828
step = 2400: Average Return = (-1.6, -2.0, -1.0, 0.0, 0.0)
step = 2410: loss = -164.64817810058594
step = 2420: loss = -165.34341430664062
step = 2430: loss = -166.0571746826172
step = 2440: loss = -166.7498016357422
step = 2450: loss = -167.43592834472656
step = 2460: loss = -168.138671875
step = 2470: loss = -168.86276245117188
step = 2480: loss = -169.56834411621094
step = 2490: loss = -170.21238708496094
step = 2500: loss = -170.93533325195312
step = 2500: Average Return = (-1.8, -2.0, -2.0, 0.0, 0.0)
step = 2510: loss = -165.3031768798828
step = 2520: loss = -153.7701416015625
step = 2530: loss = -156.45179748535156
step = 2540: loss = -140.13958740234375
step = 2550: loss = -150.82565307617188
step = 2560: loss = -158.10610961914062
step = 2570: loss = -159.45761108398438
step = 2580: loss = -152.2803955078125
step = 2590: loss = -146.65806579589844
step = 2600: loss = -157.7738494873047
step = 2600: Average Return = (-2.1, -2.1443, -2.0, 0.0, 0.0)
step = 2610: loss = -167.80055236816406
step = 2620: loss = -164.54331970214844
step = 2630: loss = -158.2223358154297
step = 2640: loss = -164.850830078125
step = 2650: loss = -163.12123107910156
step = 2660: loss = -158.60389709472656
step = 2670: loss = -169.3202362060547
step = 2680: loss = -161.10891723632812
step = 2690: loss = -165.1342315673828
step = 2700: loss = -170.48236083984375
step = 2700: Average Return = (-1.9, -2.0, -1.8557000000000006, 0.0, 0.0)
step = 2710: loss = -164.8300323486328
step = 2720: loss = -169.54229736328125
step = 2730: loss = -169.08160400390625
step = 2740: loss = -179.42123413085938
step = 2750: loss = -170.82577514648438
step = 2760: loss = -176.15814208984375
step = 2770: loss = -181.2945556640625
step = 2780: loss = -177.6912078857422
step = 2790: loss = -184.89108276367188
step = 2800: loss = -173.71214294433594
step = 2800: Average Return = (-1.7, -2.0, -1.0, 0.0, 0.0)
step = 2810: loss = -188.46730041503906
step = 2820: loss = -191.50894165039062
step = 2830: loss = -192.21902465820312
step = 2840: loss = -192.93701171875
step = 2850: loss = -193.61671447753906
step = 2860: loss = -194.33230590820312
step = 2870: loss = -195.0464324951172
step = 2880: loss = -195.76589965820312
step = 2890: loss = -196.44818115234375
step = 2900: loss = -197.18504333496094
step = 2900: Average Return = (-1.7, -2.0, -1.0, 0.0, 0.0)
step = 2910: loss = -195.469970703125
step = 2920: loss = -198.62179565429688
step = 2930: loss = -194.39169311523438
step = 2940: loss = -197.51564025878906
step = 2950: loss = -198.22291564941406
step = 2960: loss = -196.44540405273438
step = 2970: loss = -202.07113647460938
step = 2980: loss = -197.81846618652344
step = 2990: loss = -200.9867706298828
step = 3000: loss = -204.1992950439453
step = 3000: Average Return = (-2.6, -3.0, -2.0, 0.0, 0.0)
step = 3010: loss = -204.87925720214844
step = 3020: loss = -205.5870361328125
step = 3030: loss = -206.2632598876953
step = 3040: loss = -207.01780700683594
step = 3050: loss = -207.7552490234375
step = 3060: loss = -208.4237823486328
step = 3070: loss = -209.0925750732422
step = 3080: loss = -209.84341430664062
step = 3090: loss = -210.5883026123047
step = 3100: loss = -211.22779846191406
step = 3100: Average Return = (-2.4, -3.0, -2.0, 0.0, 0.0)
step = 3110: loss = -204.21165466308594
step = 3120: loss = -191.81967163085938
step = 3130: loss = -195.05584716796875
step = 3140: loss = -183.53164672851562
step = 3150: loss = -198.9227294921875
step = 3160: loss = -196.7827911376953
step = 3170: loss = -194.80030822753906
step = 3180: loss = -200.7322235107422
step = 3190: loss = -196.49156188964844
step = 3200: loss = -197.08351135253906
step = 3200: Average Return = (-2.8, -3.1443, -2.0, 0.0, 0.0)
step = 3210: loss = -189.0975799560547
step = 3220: loss = -200.64170837402344
step = 3230: loss = -203.16741943359375
step = 3240: loss = -202.15945434570312
step = 3250: loss = -199.28433227539062
step = 3260: loss = -196.2575225830078
step = 3270: loss = -201.23287963867188
step = 3280: loss = -204.31593322753906
step = 3290: loss = -211.6923370361328
step = 3300: loss = -188.86697387695312
step = 3300: Average Return = (-2.5, -3.0, -2.0, 0.0, 0.0)
step = 3310: loss = -200.7191619873047
step = 3320: loss = -220.2262420654297
step = 3330: loss = -226.33145141601562
step = 3340: loss = -227.0126495361328
step = 3350: loss = -227.66844177246094
step = 3360: loss = -228.40460205078125
step = 3370: loss = -229.1161651611328
step = 3380: loss = -227.05242919921875
step = 3390: loss = -227.75379943847656
step = 3400: loss = -228.4508819580078
step = 3400: Average Return = (-2.4, -2.1443, -2.0, 0.0, 0.0)
step = 3410: loss = -217.8035430908203
step = 3420: loss = -224.19677734375
step = 3430: loss = -224.7322998046875
step = 3440: loss = -216.83824157714844
step = 3450: loss = -229.02076721191406
step = 3460: loss = -223.9837646484375
step = 3470: loss = -233.2202606201172
step = 3480: loss = -230.99664306640625
step = 3490: loss = -234.57916259765625
step = 3500: loss = -232.3415069580078
step = 3500: Average Return = (-1.9, -2.0, -2.0, 0.0, 0.0)
step = 3510: loss = -238.8668975830078
step = 3520: loss = -239.59194946289062
step = 3530: loss = -240.2990264892578
step = 3540: loss = -240.99497985839844
step = 3550: loss = -241.696533203125
step = 3560: loss = -242.44024658203125
step = 3570: loss = -243.1177978515625
step = 3580: loss = -243.82785034179688
step = 3590: loss = -244.55970764160156
step = 3600: loss = -245.2281494140625
step = 3600: Average Return = (-1.9, -2.0, -2.0, 0.0, 0.0)
step = 3610: loss = -239.96075439453125
step = 3620: loss = -246.6175079345703
step = 3630: loss = -244.29428100585938
step = 3640: loss = -239.097900390625
step = 3650: loss = -242.75836181640625
step = 3660: loss = -246.41334533691406
step = 3670: loss = -250.09033203125
step = 3680: loss = -247.72848510742188
step = 3690: loss = -239.27735900878906
step = 3700: loss = -249.0948028564453
step = 3700: Average Return = (-2.2, -2.1443, -2.0, 0.0, 0.0)
step = 3710: loss = -249.80560302734375
step = 3720: loss = -221.71839904785156
step = 3730: loss = -222.36563110351562
step = 3740: loss = -209.28550720214844
step = 3750: loss = -227.4579315185547
step = 3760: loss = -211.34722900390625
step = 3770: loss = -228.55751037597656
step = 3780: loss = -220.29550170898438
step = 3790: loss = -232.73556518554688
step = 3800: loss = -224.47996520996094
step = 3800: Average Return = (-3.1, -3.0, -3.0, 0.0, 0.0)
step = 3810: loss = -235.41847229003906
step = 3820: loss = -259.9278259277344
step = 3830: loss = -260.5919189453125
step = 3840: loss = -261.3011169433594
step = 3850: loss = -261.9952087402344
step = 3860: loss = -262.742919921875
step = 3870: loss = -263.42535400390625
step = 3880: loss = -264.091796875
step = 3890: loss = -264.8316955566406
step = 3900: loss = -265.52520751953125
step = 3900: Average Return = (-1.9, -2.0, -2.0, 0.0, 0.0)
step = 3910: loss = -266.2735595703125
step = 3920: loss = -266.949462890625
step = 3930: loss = -267.6648864746094
step = 3940: loss = -268.3853454589844
step = 3950: loss = -269.11285400390625
step = 3960: loss = -269.7486877441406
step = 3970: loss = -270.4399719238281
step = 3980: loss = -271.1893005371094
step = 3990: loss = -271.93072509765625
step = 4000: loss = -272.5589599609375
step = 4000: Average Return = (-2.1, -2.0, -2.0, 0.0, 0.0)
step = 4010: loss = -266.6804504394531
step = 4020: loss = -250.64207458496094
step = 4030: loss = -255.2450408935547
step = 4040: loss = -261.8174133300781
step = 4050: loss = -259.1767272949219
step = 4060: loss = -242.91592407226562
step = 4070: loss = -259.3598937988281
step = 4080: loss = -271.79071044921875
step = 4090: loss = -255.26324462890625
step = 4100: loss = -256.0306091308594
step = 4100: Average Return = (-2.0, -2.1443, -1.8557000000000006, 0.0, 0.0)
step = 4110: loss = -256.6227722167969
step = 4120: loss = -280.5357971191406
step = 4130: loss = -281.218994140625
step = 4140: loss = -281.8989562988281
step = 4150: loss = -282.6037902832031
step = 4160: loss = -283.3050537109375
step = 4170: loss = -284.0410461425781
step = 4180: loss = -284.78369140625
step = 4190: loss = -285.47119140625
step = 4200: loss = -286.1539306640625
step = 4200: Average Return = (-2.0, -2.0, -2.0, 0.0, 0.0)
step = 4210: loss = -283.39691162109375
step = 4220: loss = -276.6800842285156
step = 4230: loss = -257.2696228027344
step = 4240: loss = -263.1890563964844
step = 4250: loss = -267.884521484375
step = 4260: loss = -273.131103515625
step = 4270: loss = -270.2278137207031
step = 4280: loss = -266.6598815917969
step = 4290: loss = -252.9102020263672
step = 4300: loss = -267.92730712890625
step = 4300: Average Return = (-2.1, -2.1443, -2.0, 0.0, 0.0)
step = 4310: loss = -279.0391540527344
step = 4320: loss = -273.1054992675781
step = 4330: loss = -263.17523193359375
step = 4340: loss = -255.48074340820312
step = 4350: loss = -261.3532409667969
step = 4360: loss = -246.87001037597656
step = 4370: loss = -261.7290954589844
step = 4380: loss = -272.08587646484375
step = 4390: loss = -266.6427917480469
step = 4400: loss = -277.7021484375
step = 4400: Average Return = (-2.1, -2.0, -2.0, 0.0, 0.0)
step = 4410: loss = -271.17242431640625
step = 4420: loss = -293.2396545410156
step = 4430: loss = -301.1356201171875
step = 4440: loss = -301.8415222167969
step = 4450: loss = -298.8827819824219
step = 4460: loss = -303.24603271484375
step = 4470: loss = -303.9812316894531
step = 4480: loss = -301.0030822753906
step = 4490: loss = -301.6962890625
step = 4500: loss = -302.3985595703125
step = 4500: Average Return = (-1.9, -2.0, -1.0, 0.0, 0.0)
step = 4510: loss = -306.7899169921875
step = 4520: loss = -303.7901611328125
step = 4530: loss = -308.1830139160156
step = 4540: loss = -305.1895446777344
step = 4550: loss = -309.5897216796875
step = 4560: loss = -306.5994567871094
step = 4570: loss = -307.2784729003906
step = 4580: loss = -300.46417236328125
step = 4590: loss = -312.3618469238281
step = 4600: loss = -313.09527587890625
step = 4600: Average Return = (-2.0, -2.0, -2.0, 0.0, 0.0)
step = 4610: loss = -313.85101318359375
step = 4620: loss = -314.5031433105469
step = 4630: loss = -315.20367431640625
step = 4640: loss = -315.9342346191406
step = 4650: loss = -316.6928405761719
step = 4660: loss = -317.3706970214844
step = 4670: loss = -318.0626525878906
step = 4680: loss = -318.7732238769531
step = 4690: loss = -319.4698791503906
step = 4700: loss = -320.1949157714844
step = 4700: Average Return = (-2.0, -2.0, -2.0, 0.0, 0.0)
step = 4710: loss = -316.94891357421875
step = 4720: loss = -321.6071472167969
step = 4730: loss = -322.29754638671875
step = 4740: loss = -315.0452880859375
step = 4750: loss = -323.6732177734375
step = 4760: loss = -324.3978576660156
step = 4770: loss = -317.1385803222656
step = 4780: loss = -321.8470764160156
step = 4790: loss = -326.50299072265625
step = 4800: loss = -327.1905517578125
step = 4800: Average Return = (-2.5, -2.0, -1.0, 0.0, 0.7015621662139893)
step = 4810: loss = -327.94635009765625
step = 4820: loss = -328.6180725097656
step = 4830: loss = -329.3016357421875
step = 4840: loss = -330.0291748046875
step = 4850: loss = -330.7368469238281
step = 4860: loss = -319.4989929199219
step = 4870: loss = -324.1756896972656
step = 4880: loss = -332.8181457519531
step = 4890: loss = -329.506591796875
step = 4900: loss = -334.2301025390625
step = 4900: Average Return = (-2.6, -2.0, -2.0, 0.0, 0.0)
step = 4910: loss = -334.9200134277344
step = 4920: loss = -335.6067199707031
step = 4930: loss = -336.2871398925781
step = 4940: loss = -337.0434875488281
step = 4950: loss = -337.7629699707031
step = 4960: loss = -338.42010498046875
step = 4970: loss = -339.0881652832031
step = 4980: loss = -339.7858581542969
step = 4990: loss = -340.52545166015625
step = 5000: loss = -341.1991271972656
step = 5000: Average Return = (-2.2, -2.1443, -2.0, 0.0, 0.0)
Violations during Learning: 122
Violations after Learning: 9
_OBSERVATION
