Write to file ./models_storm/avoid_eval_model.drn.
Starting RL:

Random policy return: ((-2.6, -3.0, -2.0, 0.0, 0.0), [-2.0, -3.0, -3.0, -2.0, -3.0, -1.0, -3.0, -4.0, -2.0, -3.0])
step = 10: loss = 520152.5625
step = 20: loss = 720307.5625
step = 30: loss = 65537.609375
step = 40: loss = 12590.1884765625
step = 50: loss = 9650.955078125
step = 60: loss = 37833.5703125
step = 70: loss = 1774.593505859375
step = 80: loss = 20842.34375
step = 90: loss = 24440.078125
step = 100: loss = 1018.7862548828125
step = 100: Average Return = (-1.9, -2.0, -1.8557000000000006, 0.0, 0.0)
step = 110: loss = 10592.494140625
step = 120: loss = 6987.0537109375
step = 130: loss = 114835.84375
step = 140: loss = 31680.80078125
step = 150: loss = 12405.7734375
step = 160: loss = 2753.150634765625
step = 170: loss = 1228.5367431640625
step = 180: loss = 19541.919921875
step = 190: loss = 5988.85888671875
step = 200: loss = 2452.1650390625
step = 200: Average Return = (-2.1, -2.0, -2.0, 0.0, 0.0)
step = 210: loss = 1390.265869140625
step = 220: loss = 7442.58544921875
step = 230: loss = 1.729483962059021
step = 240: loss = 16.971235275268555
step = 250: loss = 199.38417053222656
step = 260: loss = 0.4722560942173004
step = 270: loss = 79.37448120117188
step = 280: loss = 69.61592864990234
step = 290: loss = 8.75637435913086
step = 300: loss = 4.653802871704102
step = 300: Average Return = (-2.1, -2.0, -2.0, 0.0, 0.0)
step = 310: loss = 0.543221116065979
step = 320: loss = 0.43769562244415283
step = 330: loss = 0.3335142433643341
step = 340: loss = 0.3478004038333893
step = 350: loss = 0.855160117149353
step = 360: loss = 0.5213760137557983
step = 370: loss = 26.853404998779297
step = 380: loss = 0.3336421251296997
step = 390: loss = 9.290252685546875
step = 400: loss = 1.681938886642456
step = 400: Average Return = (-1.6, -2.0, -1.0, 0.0, 0.0)
step = 410: loss = 16.609817504882812
step = 420: loss = 2.4421746730804443
step = 430: loss = 0.49047380685806274
step = 440: loss = 0.767449140548706
step = 450: loss = 0.7599309086799622
step = 460: loss = 0.42186468839645386
step = 470: loss = 0.45361340045928955
step = 480: loss = 0.41034942865371704
step = 490: loss = 0.41960400342941284
step = 500: loss = 0.3505716621875763
step = 500: Average Return = (-1.9, -2.0, -1.8557000000000006, 0.0, 0.0)
step = 510: loss = 0.34429460763931274
step = 520: loss = 0.3733050227165222
step = 530: loss = 0.34740716218948364
step = 540: loss = 0.5672391653060913
step = 550: loss = 0.4892382025718689
step = 560: loss = 0.35058701038360596
step = 570: loss = 0.4353260397911072
step = 580: loss = 0.40451765060424805
step = 590: loss = 0.3647063374519348
step = 600: loss = 0.4198627471923828
step = 600: Average Return = (-2.0, -2.0, -2.0, 0.0, 0.0)
step = 610: loss = 0.3419978618621826
step = 620: loss = 0.4811963737010956
step = 630: loss = 0.461919367313385
step = 640: loss = 0.4828839600086212
step = 650: loss = 0.651478111743927
step = 660: loss = 0.4416222870349884
step = 670: loss = 0.4368396997451782
step = 680: loss = 0.3288320004940033
step = 690: loss = 0.3062518835067749
step = 700: loss = 0.2235088348388672
step = 700: Average Return = (-1.7, -2.0, -1.8557000000000006, 0.0, 0.0)
step = 710: loss = 0.38163435459136963
step = 720: loss = 4.6026740074157715
step = 730: loss = 0.49235352873802185
step = 740: loss = 0.4999181926250458
step = 750: loss = 0.3945479094982147
step = 760: loss = 0.36348241567611694
step = 770: loss = 0.6491183042526245
step = 780: loss = 0.48987260460853577
step = 790: loss = 0.3444477915763855
step = 800: loss = 0.40366131067276
step = 800: Average Return = (-1.9, -2.0, -2.0, 0.0, 0.0)
step = 810: loss = 0.3526594638824463
step = 820: loss = 0.4393841326236725
step = 830: loss = 0.5616735816001892
step = 840: loss = 0.3961698114871979
step = 850: loss = 0.440446674823761
step = 860: loss = 0.3911980986595154
step = 870: loss = 0.3873414993286133
step = 880: loss = 0.3253483176231384
step = 890: loss = 0.46651074290275574
step = 900: loss = 1.4930455684661865
step = 900: Average Return = (-1.8, -2.0, -1.8557000000000006, 0.0, 0.0)
step = 910: loss = 0.42368778586387634
step = 920: loss = 0.36042290925979614
step = 930: loss = 0.4124338626861572
step = 940: loss = 0.4160272479057312
step = 950: loss = 0.627509593963623
step = 960: loss = 0.4980407953262329
step = 970: loss = 3.6198627948760986
step = 980: loss = 0.5732433199882507
step = 990: loss = 0.5594414472579956
step = 1000: loss = 0.29241064190864563
step = 1000: Average Return = (-1.7, -2.0, -1.0, 0.0, 0.0)
step = 1010: loss = 0.36400604248046875
step = 1020: loss = 0.40492352843284607
step = 1030: loss = 0.33641067147254944
step = 1040: loss = 0.2882835865020752
step = 1050: loss = 0.5167078375816345
step = 1060: loss = 0.5196372270584106
step = 1070: loss = 0.5098291039466858
step = 1080: loss = 0.5079469680786133
step = 1090: loss = 0.5468342304229736
step = 1100: loss = 0.4351364076137543
step = 1100: Average Return = (-1.6, -2.0, -1.0, 0.0, 0.0)
step = 1110: loss = 0.2738678455352783
step = 1120: loss = 0.42807355523109436
step = 1130: loss = 0.5692885518074036
step = 1140: loss = 0.39247745275497437
step = 1150: loss = 0.5326800346374512
step = 1160: loss = 0.3562060594558716
step = 1170: loss = 0.5324147939682007
step = 1180: loss = 0.350186288356781
step = 1190: loss = 3.493156671524048
step = 1200: loss = 0.6799066066741943
step = 1200: Average Return = (-2.1, -2.0, -2.0, 0.0, 0.0)
step = 1210: loss = 1.2302687168121338
step = 1220: loss = 0.44725286960601807
step = 1230: loss = 0.3561767339706421
step = 1240: loss = 0.2656473219394684
step = 1250: loss = 0.364361971616745
step = 1260: loss = 0.5670585036277771
step = 1270: loss = 0.31456872820854187
step = 1280: loss = 0.38718181848526
step = 1290: loss = 0.5109018683433533
step = 1300: loss = 0.4697587490081787
step = 1300: Average Return = (-1.6, -2.0, -1.0, 0.0, 0.0)
step = 1310: loss = 0.2273118793964386
step = 1320: loss = 0.3964690566062927
step = 1330: loss = 0.33547157049179077
step = 1340: loss = 0.3337075412273407
step = 1350: loss = 0.27394387125968933
step = 1360: loss = 0.42819535732269287
step = 1370: loss = 0.2973788380622864
step = 1380: loss = 98.79722595214844
step = 1390: loss = 0.42610397934913635
step = 1400: loss = 3.4194164276123047
step = 1400: Average Return = (-2.0, -2.0, -2.0, 0.0, 0.0)
step = 1410: loss = 10.992719650268555
step = 1420: loss = 6.431710243225098
step = 1430: loss = 2.068596363067627
step = 1440: loss = 1.4339046478271484
step = 1450: loss = 1.3241527080535889
step = 1460: loss = 1.167236566543579
step = 1470: loss = 1.2227758169174194
step = 1480: loss = 0.7582114338874817
step = 1490: loss = 1.0905547142028809
step = 1500: loss = 0.8567017316818237
step = 1500: Average Return = (-1.7, -2.0, -1.8557000000000006, 0.0, 0.0)
step = 1510: loss = 0.9307747483253479
step = 1520: loss = 0.9775363802909851
step = 1530: loss = 0.907181978225708
step = 1540: loss = 1.0308626890182495
step = 1550: loss = 1.0331413745880127
step = 1560: loss = 0.9882392287254333
step = 1570: loss = 0.945123016834259
step = 1580: loss = 1.0706942081451416
step = 1590: loss = 0.842941164970398
step = 1600: loss = 0.6694273948669434
step = 1600: Average Return = (-1.8, -2.0, -1.8557000000000006, 0.0, 0.0)
step = 1610: loss = 0.5932163000106812
step = 1620: loss = 0.7430849671363831
step = 1630: loss = 0.6673709154129028
step = 1640: loss = 0.6712273359298706
step = 1650: loss = 0.6642124652862549
step = 1660: loss = 0.5004615187644958
step = 1670: loss = 0.6339695453643799
step = 1680: loss = 0.7614307999610901
step = 1690: loss = 0.6269422769546509
step = 1700: loss = 0.5126791000366211
step = 1700: Average Return = (-2.0, -2.0, -2.0, 0.0, 0.0)
step = 1710: loss = 0.6373096704483032
step = 1720: loss = 0.48550260066986084
step = 1730: loss = 0.6244810819625854
step = 1740: loss = 0.4978335499763489
step = 1750: loss = 0.505923330783844
step = 1760: loss = 0.5234804153442383
step = 1770: loss = 0.47052720189094543
step = 1780: loss = 0.4460272789001465
step = 1790: loss = 0.4466228485107422
step = 1800: loss = 0.4542543292045593
step = 1800: Average Return = (-2.1, -2.0, -2.0, 0.0, 0.0)
step = 1810: loss = 0.5158126354217529
step = 1820: loss = 0.4243326783180237
step = 1830: loss = 0.3531188368797302
step = 1840: loss = 0.35955092310905457
step = 1850: loss = 0.45606398582458496
step = 1860: loss = 0.4917578399181366
step = 1870: loss = 0.3191702365875244
step = 1880: loss = 0.36902308464050293
step = 1890: loss = 0.3458802103996277
step = 1900: loss = 0.4468715786933899
step = 1900: Average Return = (-1.8, -2.0, -1.8557000000000006, 0.0, 0.0)
step = 1910: loss = 0.33779242634773254
step = 1920: loss = 0.4704424738883972
step = 1930: loss = 0.3187483251094818
step = 1940: loss = 0.3825443685054779
step = 1950: loss = 0.4085657000541687
step = 1960: loss = 0.5038625001907349
step = 1970: loss = 0.3603440523147583
step = 1980: loss = 0.9591380953788757
step = 1990: loss = 0.33937525749206543
step = 2000: loss = 0.3793022632598877
step = 2000: Average Return = (-1.7, -2.0, -1.0, 0.0, 0.0)
step = 2010: loss = 0.3384803235530853
step = 2020: loss = 0.46105414628982544
step = 2030: loss = 0.6970815062522888
step = 2040: loss = 0.4810866713523865
step = 2050: loss = 0.5052408576011658
step = 2060: loss = 1.8630836009979248
step = 2070: loss = 0.32722216844558716
step = 2080: loss = 0.6218739151954651
step = 2090: loss = 0.2973973751068115
step = 2100: loss = 0.37341761589050293
step = 2100: Average Return = (-1.7, -2.0, -1.8557000000000006, 0.0, 0.0)
step = 2110: loss = 0.5796418190002441
step = 2120: loss = 0.43350905179977417
step = 2130: loss = 0.6656558513641357
step = 2140: loss = 0.4322830140590668
step = 2150: loss = 0.594233512878418
step = 2160: loss = 0.4025413691997528
step = 2170: loss = 0.4565882086753845
step = 2180: loss = 0.5104818344116211
step = 2190: loss = 0.3341748118400574
step = 2200: loss = 0.4277785122394562
step = 2200: Average Return = (-1.9, -2.0, -1.8557000000000006, 0.0, 0.0)
step = 2210: loss = 0.30180516839027405
step = 2220: loss = 0.30802351236343384
step = 2230: loss = 0.32890817523002625
step = 2240: loss = 0.2610487937927246
step = 2250: loss = 0.2714492678642273
step = 2260: loss = 0.3634173274040222
step = 2270: loss = 0.2828975021839142
step = 2280: loss = 0.3010077476501465
step = 2290: loss = 0.38016384840011597
step = 2300: loss = 0.3480624258518219
step = 2300: Average Return = (-1.9, -2.0, -1.8557000000000006, 0.0, 0.0)
step = 2310: loss = 0.3899800181388855
step = 2320: loss = 0.46515780687332153
step = 2330: loss = 0.2811119258403778
step = 2340: loss = 0.32933223247528076
step = 2350: loss = 0.3282378911972046
step = 2360: loss = 0.24835458397865295
step = 2370: loss = 0.31694352626800537
step = 2380: loss = 0.19338256120681763
step = 2390: loss = 0.3084021210670471
step = 2400: loss = 0.32601398229599
step = 2400: Average Return = (-1.9, -2.0, -2.0, 0.0, 0.0)
step = 2410: loss = 0.3109091520309448
step = 2420: loss = 0.33221113681793213
step = 2430: loss = 0.31599217653274536
step = 2440: loss = 0.2746235430240631
step = 2450: loss = 0.35993945598602295
step = 2460: loss = 0.3253830671310425
step = 2470: loss = 0.2803143262863159
step = 2480: loss = 0.3482170104980469
step = 2490: loss = 0.23817482590675354
step = 2500: loss = 0.27637779712677
step = 2500: Average Return = (-1.8, -2.0, -1.8557000000000006, 0.0, 0.0)
step = 2510: loss = 0.37292277812957764
step = 2520: loss = 0.3505015969276428
step = 2530: loss = 0.38301587104797363
step = 2540: loss = 0.26520565152168274
step = 2550: loss = 0.30388426780700684
step = 2560: loss = 0.476674884557724
step = 2570: loss = 0.5093050003051758
step = 2580: loss = 0.3765890896320343
step = 2590: loss = 0.24429574608802795
step = 2600: loss = 0.45370718836784363
step = 2600: Average Return = (-2.2, -2.1443, -2.0, 0.0, 0.0)
step = 2610: loss = 0.3948393166065216
step = 2620: loss = 0.44614285230636597
step = 2630: loss = 0.33262383937835693
step = 2640: loss = 0.6529508829116821
step = 2650: loss = 0.3714010715484619
step = 2660: loss = 0.5322214365005493
step = 2670: loss = 0.38433435559272766
step = 2680: loss = 0.4493374228477478
step = 2690: loss = 0.3537713587284088
step = 2700: loss = 0.5597795248031616
step = 2700: Average Return = (-1.8, -2.0, -1.0, 0.0, 0.0)
step = 2710: loss = 0.3577429950237274
step = 2720: loss = 0.3779506981372833
step = 2730: loss = 0.3898652195930481
step = 2740: loss = 0.5163036584854126
step = 2750: loss = 0.4239290952682495
step = 2760: loss = 0.29585400223731995
step = 2770: loss = 0.3358255624771118
step = 2780: loss = 0.34997013211250305
step = 2790: loss = 0.25613880157470703
step = 2800: loss = 0.2448638677597046
step = 2800: Average Return = (-1.6, -2.0, -1.0, 0.0, 0.0)
step = 2810: loss = 0.26817935705184937
step = 2820: loss = 0.3029026985168457
step = 2830: loss = 0.38005515933036804
step = 2840: loss = 0.3116525113582611
step = 2850: loss = 0.3421693444252014
step = 2860: loss = 0.4602953791618347
step = 2870: loss = 0.4017900824546814
step = 2880: loss = 0.3934551477432251
step = 2890: loss = 0.32623663544654846
step = 2900: loss = 0.4845820963382721
step = 2900: Average Return = (-1.9, -2.0, -1.8557000000000006, 0.0, 0.0)
step = 2910: loss = 0.33505451679229736
step = 2920: loss = 0.441634863615036
step = 2930: loss = 0.3743709623813629
step = 2940: loss = 0.29126593470573425
step = 2950: loss = 0.24515113234519958
step = 2960: loss = 0.3212900161743164
step = 2970: loss = 0.36024218797683716
step = 2980: loss = 0.3057759702205658
step = 2990: loss = 0.31308937072753906
step = 3000: loss = 0.33548659086227417
step = 3000: Average Return = (-2.5, -3.0, -2.0, 0.0, 0.0)
step = 3010: loss = 0.344192773103714
step = 3020: loss = 0.3932828903198242
step = 3030: loss = 0.4463137090206146
step = 3040: loss = 0.4530029296875
step = 3050: loss = 0.3629339039325714
step = 3060: loss = 0.3905601501464844
step = 3070: loss = 0.36397483944892883
step = 3080: loss = 0.44127872586250305
step = 3090: loss = 0.45777079463005066
step = 3100: loss = 0.28839415311813354
step = 3100: Average Return = (-1.7, -2.0, -1.8557000000000006, 0.0, 0.0)
step = 3110: loss = 0.3748399615287781
step = 3120: loss = 0.24535445868968964
step = 3130: loss = 0.3475950360298157
step = 3140: loss = 0.37565410137176514
step = 3150: loss = 0.3180556297302246
step = 3160: loss = 0.3923734724521637
step = 3170: loss = 0.28425976634025574
step = 3180: loss = 0.3134750723838806
step = 3190: loss = 0.28838199377059937
step = 3200: loss = 0.33718228340148926
step = 3200: Average Return = (-1.9, -2.0, -2.0, 0.0, 0.0)
step = 3210: loss = 0.2609701156616211
step = 3220: loss = 0.3219471275806427
step = 3230: loss = 0.31968605518341064
step = 3240: loss = 0.3153077960014343
step = 3250: loss = 0.2935299575328827
step = 3260: loss = 0.3327175974845886
step = 3270: loss = 0.3419189453125
step = 3280: loss = 0.2578715682029724
step = 3290: loss = 0.3932870924472809
step = 3300: loss = 0.277665913105011
step = 3300: Average Return = (-1.7, -2.0, -1.0, 0.0, 0.0)
step = 3310: loss = 0.234929621219635
step = 3320: loss = 0.2839397192001343
step = 3330: loss = 0.26802101731300354
step = 3340: loss = 0.2744699716567993
step = 3350: loss = 0.4197256565093994
step = 3360: loss = 0.35763147473335266
step = 3370: loss = 0.3496856391429901
step = 3380: loss = 0.3114108741283417
step = 3390: loss = 0.3804909288883209
step = 3400: loss = 0.45869049429893494
step = 3400: Average Return = (-1.7, -2.0, -1.0, 0.0, 0.0)
step = 3410: loss = 0.304425984621048
step = 3420: loss = 0.3832434117794037
step = 3430: loss = 0.43855124711990356
step = 3440: loss = 0.5145746469497681
step = 3450: loss = 0.24331656098365784
step = 3460: loss = 0.49773287773132324
step = 3470: loss = 0.4727668762207031
step = 3480: loss = 0.23986896872520447
step = 3490: loss = 0.6338542699813843
step = 3500: loss = 0.35583633184432983
step = 3500: Average Return = (-1.7, -2.0, -1.0, 0.0, 0.0)
step = 3510: loss = 0.36985355615615845
step = 3520: loss = 0.5651497840881348
step = 3530: loss = 0.35864099860191345
step = 3540: loss = 0.33682358264923096
step = 3550: loss = 0.39715543389320374
step = 3560: loss = 0.26631367206573486
step = 3570: loss = 0.3050195276737213
step = 3580: loss = 0.3296111822128296
step = 3590: loss = 0.2676410675048828
step = 3600: loss = 0.33984360098838806
step = 3600: Average Return = (-1.8, -2.0, -1.8557000000000006, 0.0, 0.0)
step = 3610: loss = 0.2840074300765991
step = 3620: loss = 0.3249153792858124
step = 3630: loss = 0.33246031403541565
step = 3640: loss = 0.35484614968299866
step = 3650: loss = 0.30084189772605896
step = 3660: loss = 0.5155544281005859
step = 3670: loss = 0.4569857120513916
step = 3680: loss = 0.41383376717567444
step = 3690: loss = 0.25587716698646545
step = 3700: loss = 0.6839420795440674
step = 3700: Average Return = (-1.8, -2.0, -2.0, 0.0, 0.0)
step = 3710: loss = 0.47301068902015686
step = 3720: loss = 0.4606914520263672
step = 3730: loss = 0.8474284410476685
step = 3740: loss = 0.6052731871604919
step = 3750: loss = 0.45969507098197937
step = 3760: loss = 0.47226622700691223
step = 3770: loss = 0.3873342275619507
step = 3780: loss = 0.6175177097320557
step = 3790: loss = 0.555639922618866
step = 3800: loss = 0.4411802291870117
step = 3800: Average Return = (-2.0, -2.0, -2.0, 0.0, 0.0)
step = 3810: loss = 0.6673537492752075
step = 3820: loss = 0.48152682185173035
step = 3830: loss = 0.2709779441356659
step = 3840: loss = 0.5752013325691223
step = 3850: loss = 0.7028073072433472
step = 3860: loss = 0.6790900826454163
step = 3870: loss = 0.42370516061782837
step = 3880: loss = 0.36777597665786743
step = 3890: loss = 0.42500415444374084
step = 3900: loss = 0.30604901909828186
step = 3900: Average Return = (-2.0, -2.0, -2.0, 0.0, 0.0)
step = 3910: loss = 0.3799940347671509
step = 3920: loss = 0.3867616057395935
step = 3930: loss = 0.38744986057281494
step = 3940: loss = 0.32808130979537964
step = 3950: loss = 0.2550725042819977
step = 3960: loss = 0.4508630037307739
step = 3970: loss = 0.4081646203994751
step = 3980: loss = 0.35103362798690796
step = 3990: loss = 0.3677532374858856
step = 4000: loss = 0.6643140912055969
step = 4000: Average Return = (-1.8, -2.0, -2.0, 0.0, 0.0)
step = 4010: loss = 0.3298906683921814
step = 4020: loss = 0.554439902305603
step = 4030: loss = 0.3371741771697998
step = 4040: loss = 0.44975510239601135
step = 4050: loss = 0.672812819480896
step = 4060: loss = 0.660780668258667
step = 4070: loss = 0.37462949752807617
step = 4080: loss = 0.4600766599178314
step = 4090: loss = 0.6791043281555176
step = 4100: loss = 0.4038620591163635
step = 4100: Average Return = (-1.8, -2.0, -1.8557000000000006, 0.0, 0.0)
step = 4110: loss = 0.4943699240684509
step = 4120: loss = 0.5239032506942749
step = 4130: loss = 0.7295671105384827
step = 4140: loss = 0.5196642279624939
step = 4150: loss = 0.46298137307167053
step = 4160: loss = 0.4270862936973572
step = 4170: loss = 0.40437012910842896
step = 4180: loss = 0.6446502804756165
step = 4190: loss = 0.2936694025993347
step = 4200: loss = 0.6450214385986328
step = 4200: Average Return = (-1.5, -2.0, -1.0, 0.0, 0.0)
step = 4210: loss = 0.45044970512390137
step = 4220: loss = 0.4798969626426697
step = 4230: loss = 0.7557727694511414
step = 4240: loss = 0.5457804799079895
step = 4250: loss = 0.7588968276977539
step = 4260: loss = 0.855563759803772
step = 4270: loss = 0.6708624362945557
step = 4280: loss = 0.6468884944915771
step = 4290: loss = 0.6166515350341797
step = 4300: loss = 0.5423253774642944
step = 4300: Average Return = (-1.7, -2.0, -1.0, 0.0, 0.0)
step = 4310: loss = 0.5219079256057739
step = 4320: loss = 0.43610280752182007
step = 4330: loss = 0.60637366771698
step = 4340: loss = 0.6629645824432373
step = 4350: loss = 0.4771248698234558
step = 4360: loss = 0.7993611693382263
step = 4370: loss = 0.5545916557312012
step = 4380: loss = 0.30074161291122437
step = 4390: loss = 0.6847925186157227
step = 4400: loss = 0.6741150617599487
step = 4400: Average Return = (-2.1, -2.0, -2.0, 0.0, 0.0)
step = 4410: loss = 0.508203387260437
step = 4420: loss = 0.43623435497283936
step = 4430: loss = 0.6812421083450317
step = 4440: loss = 0.4525820314884186
step = 4450: loss = 0.6152738928794861
step = 4460: loss = 0.5311414003372192
step = 4470: loss = 0.39866527915000916
step = 4480: loss = 0.4914761185646057
step = 4490: loss = 0.3027719259262085
step = 4500: loss = 0.341277539730072
step = 4500: Average Return = (-2.0, -2.0, -2.0, 0.0, 0.0)
step = 4510: loss = 0.33829399943351746
step = 4520: loss = 0.3123743534088135
step = 4530: loss = 0.31236332654953003
step = 4540: loss = 0.31706473231315613
step = 4550: loss = 0.528404712677002
step = 4560: loss = 0.40067440271377563
step = 4570: loss = 0.5386451482772827
step = 4580: loss = 0.42234596610069275
step = 4590: loss = 0.362608402967453
step = 4600: loss = 0.47039470076560974
step = 4600: Average Return = (-1.9, -2.0, -2.0, 0.0, 0.0)
step = 4610: loss = 0.3549571633338928
step = 4620: loss = 0.7423095107078552
step = 4630: loss = 0.6737207174301147
step = 4640: loss = 0.4001232981681824
step = 4650: loss = 0.2958778142929077
step = 4660: loss = 0.5394976139068604
step = 4670: loss = 0.6747415065765381
step = 4680: loss = 0.31747913360595703
step = 4690: loss = 0.42486733198165894
step = 4700: loss = 0.372627854347229
step = 4700: Average Return = (-1.7, -2.0, -1.0, 0.0, 0.0)
step = 4710: loss = 0.5316276550292969
step = 4720: loss = 0.48384809494018555
step = 4730: loss = 0.38439857959747314
step = 4740: loss = 0.4419253468513489
step = 4750: loss = 0.4026044011116028
step = 4760: loss = 0.6379383206367493
step = 4770: loss = 0.4112081229686737
step = 4780: loss = 0.3188371956348419
step = 4790: loss = 0.2847532629966736
step = 4800: loss = 0.3425270915031433
step = 4800: Average Return = (-2.0, -2.1443, -1.8557000000000006, 0.0, 0.0)
step = 4810: loss = 0.4026923179626465
step = 4820: loss = 0.3933767080307007
step = 4830: loss = 0.3432844579219818
step = 4840: loss = 0.3840385675430298
step = 4850: loss = 0.4010075330734253
step = 4860: loss = 0.4876989722251892
step = 4870: loss = 0.5640787482261658
step = 4880: loss = 0.45551759004592896
step = 4890: loss = 0.5418106317520142
step = 4900: loss = 0.5651551485061646
step = 4900: Average Return = (-2.1, -2.0, -2.0, 0.0, 0.0)
step = 4910: loss = 0.5491416454315186
step = 4920: loss = 0.6182629466056824
step = 4930: loss = 0.39269566535949707
step = 4940: loss = 0.6919777393341064
step = 4950: loss = 0.9006463289260864
step = 4960: loss = 0.7656002640724182
step = 4970: loss = 0.44469279050827026
step = 4980: loss = 0.34226179122924805
step = 4990: loss = 0.41717010736465454
step = 5000: loss = 0.7373508214950562
step = 5000: Average Return = (-1.5, -2.0, -1.0, 0.0, 0.0)
Violations during Learning: 169
Violations after Learning: 13
_OBSERVATION
