Write to file ./models_storm/evade_eval_model.drn.
Starting RL:

Random policy return: ((6.1499877, 6.121127725124359, 6.249987602233887, 5.960251331329346, 6.339724063873291), [5.949988, 6.2499876, 6.2499876, 6.1499877, 5.749988, 6.2499876, 6.3499875, 6.2499876, 5.949988, 6.3499875])
step = 10: loss = 0.5425331592559814
step = 20: loss = -0.4040595293045044
step = 30: loss = -1.8503749370574951
step = 40: loss = -2.0021138191223145
step = 50: loss = -1.6655552387237549
step = 60: loss = -1.7859739065170288
step = 70: loss = -2.507009506225586
step = 80: loss = -3.36041259765625
step = 90: loss = -2.890645980834961
step = 100: loss = -3.546470880508423
step = 100: Average Return = (6.759987, 6.7499871253967285, 6.849987030029297, 6.665647029876709, 6.8543267250061035)
step = 110: loss = -4.151041030883789
step = 120: loss = -3.6425864696502686
step = 130: loss = -3.9806461334228516
step = 140: loss = -4.379217147827148
step = 150: loss = -4.82559061050415
step = 160: loss = -4.85199499130249
step = 170: loss = -4.6591644287109375
step = 180: loss = -4.4352264404296875
step = 190: loss = -5.143952369689941
step = 200: loss = -7.176990032196045
step = 200: Average Return = (6.7399874, 6.7499871253967285, 6.7499871253967285, 6.686135768890381, 6.793838977813721)
step = 210: loss = -6.164061546325684
step = 220: loss = -8.839900970458984
step = 230: loss = -7.620184898376465
step = 240: loss = -8.08626651763916
step = 250: loss = -9.553863525390625
step = 260: loss = -8.4200439453125
step = 270: loss = -8.606507301330566
step = 280: loss = -9.450113296508789
step = 290: loss = -10.168647766113281
step = 300: loss = -9.57690715789795
step = 300: Average Return = (6.7199874, 6.64998722076416, 6.7499871253967285, 6.655956268310547, 6.784018516540527)
step = 310: loss = -8.804245948791504
step = 320: loss = -11.078795433044434
step = 330: loss = -11.605530738830566
step = 340: loss = -9.358170509338379
step = 350: loss = -10.767654418945312
step = 360: loss = -10.285287857055664
step = 370: loss = -9.295071601867676
step = 380: loss = -13.515703201293945
step = 390: loss = -12.84786319732666
step = 400: loss = -11.764625549316406
step = 400: Average Return = (6.759987, 6.7499871253967285, 6.764417111635208, 6.6899871826171875, 6.829986572265625)
step = 410: loss = -13.083348274230957
step = 420: loss = -14.611908912658691
step = 430: loss = -11.945908546447754
step = 440: loss = -13.39071273803711
step = 450: loss = -15.190513610839844
step = 460: loss = -16.972726821899414
step = 470: loss = -14.326434135437012
step = 480: loss = -15.437253952026367
step = 490: loss = -14.629037857055664
step = 500: loss = -13.467267036437988
step = 500: Average Return = (6.699987, 6.64998722076416, 6.7499871253967285, 6.607791423797607, 6.792182445526123)
step = 510: loss = -15.973548889160156
step = 520: loss = -16.800453186035156
step = 530: loss = -15.265717506408691
step = 540: loss = -17.665199279785156
step = 550: loss = -17.360517501831055
step = 560: loss = -18.959667205810547
step = 570: loss = -18.752750396728516
step = 580: loss = -17.216083526611328
step = 590: loss = -17.324806213378906
step = 600: loss = -19.27662467956543
step = 600: Average Return = (6.6799874, 6.64998722076416, 6.7499871253967285, 6.6159563064575195, 6.7440185546875)
step = 610: loss = -17.755027770996094
step = 620: loss = -19.07526969909668
step = 630: loss = -20.774423599243164
step = 640: loss = -16.67570686340332
step = 650: loss = -21.13327407836914
step = 660: loss = -20.740978240966797
step = 670: loss = -18.152029037475586
step = 680: loss = -20.823528289794922
step = 690: loss = -23.594873428344727
step = 700: loss = -23.1616268157959
step = 700: Average Return = (6.759988, 6.7499871253967285, 6.7499871253967285, 6.706136226654053, 6.813839435577393)
step = 710: loss = -20.99061393737793
step = 720: loss = -21.00769805908203
step = 730: loss = -21.59068489074707
step = 740: loss = -21.339866638183594
step = 750: loss = -22.793519973754883
step = 760: loss = -28.03351402282715
step = 770: loss = -22.269561767578125
step = 780: loss = -26.624258041381836
step = 790: loss = -26.430675506591797
step = 800: loss = -23.287479400634766
step = 800: Average Return = (6.699987, 6.64998722076416, 6.7499871253967285, 6.632905006408691, 6.767068862915039)
step = 810: loss = -26.81327247619629
step = 820: loss = -22.263713836669922
step = 830: loss = -27.411968231201172
step = 840: loss = -24.524396896362305
step = 850: loss = -27.108068466186523
step = 860: loss = -25.635290145874023
step = 870: loss = -27.90587615966797
step = 880: loss = -27.796905517578125
step = 890: loss = -26.5759334564209
step = 900: loss = -28.781152725219727
step = 900: Average Return = (6.7399874, 6.7499871253967285, 6.7499871253967285, 6.65692138671875, 6.823053359985352)
step = 910: loss = -31.182342529296875
step = 920: loss = -28.34965705871582
step = 930: loss = -31.330833435058594
step = 940: loss = -26.604543685913086
step = 950: loss = -28.397987365722656
step = 960: loss = -32.29343795776367
step = 970: loss = -31.345266342163086
step = 980: loss = -26.360347747802734
step = 990: loss = -31.497591018676758
step = 1000: loss = -37.23618698120117
step = 1000: Average Return = (6.729987, 6.7355571391582485, 6.7499871253967285, 6.669987201690674, 6.789987087249756)
step = 1010: loss = -30.54348373413086
step = 1020: loss = -29.421524047851562
step = 1030: loss = -31.882186889648438
step = 1040: loss = -34.637630462646484
step = 1050: loss = -28.577280044555664
step = 1060: loss = -33.329345703125
step = 1070: loss = -32.59559631347656
step = 1080: loss = -42.836753845214844
step = 1090: loss = -29.587255477905273
step = 1100: loss = -34.66389846801758
step = 1100: Average Return = (6.7199874, 6.7355571391582485, 6.7499871253967285, 6.674161911010742, 6.765812873840332)
step = 1110: loss = -35.27676010131836
step = 1120: loss = -34.86415481567383
step = 1130: loss = -30.91118049621582
step = 1140: loss = -33.382389068603516
step = 1150: loss = -37.454750061035156
step = 1160: loss = -34.973167419433594
step = 1170: loss = -35.18523406982422
step = 1180: loss = -35.34388732910156
step = 1190: loss = -33.16243362426758
step = 1200: loss = -34.80791091918945
step = 1200: Average Return = (6.689987, 6.64998722076416, 6.7499871253967285, 6.609987258911133, 6.769987106323242)
step = 1210: loss = -41.2834587097168
step = 1220: loss = -40.91593551635742
step = 1230: loss = -37.911842346191406
step = 1240: loss = -38.6408576965332
step = 1250: loss = -36.44391632080078
step = 1260: loss = -34.26016616821289
step = 1270: loss = -35.9496955871582
step = 1280: loss = -39.36650848388672
step = 1290: loss = -39.29435348510742
step = 1300: loss = -37.90570068359375
step = 1300: Average Return = (6.699988, 6.64998722076416, 6.7499871253967285, 6.632905960083008, 6.7670698165893555)
step = 1310: loss = -38.171485900878906
step = 1320: loss = -40.09004211425781
step = 1330: loss = -41.75281524658203
step = 1340: loss = -37.149105072021484
step = 1350: loss = -35.2672233581543
step = 1360: loss = -40.173709869384766
step = 1370: loss = -44.24013900756836
step = 1380: loss = -40.57722854614258
step = 1390: loss = -42.147640228271484
step = 1400: loss = -47.517242431640625
step = 1400: Average Return = (6.7399874, 6.7499871253967285, 6.7499871253967285, 6.686135768890381, 6.793838977813721)
step = 1410: loss = -48.92160415649414
step = 1420: loss = -46.44717025756836
step = 1430: loss = -42.56607437133789
step = 1440: loss = -43.62645721435547
step = 1450: loss = -39.27768325805664
step = 1460: loss = -39.471614837646484
step = 1470: loss = -47.58720779418945
step = 1480: loss = -46.46597671508789
step = 1490: loss = -49.77946090698242
step = 1500: loss = -45.941612243652344
step = 1500: Average Return = (6.7499876, 6.7499871253967285, 6.7499871253967285, 6.749987602233887, 6.749987602233887)
step = 1510: loss = -49.9080924987793
step = 1520: loss = -45.70050048828125
step = 1530: loss = -50.137603759765625
step = 1540: loss = -49.309417724609375
step = 1550: loss = -44.55195617675781
step = 1560: loss = -53.07255172729492
step = 1570: loss = -51.91957092285156
step = 1580: loss = -49.919105529785156
step = 1590: loss = -50.21221160888672
step = 1600: loss = -46.06525802612305
step = 1600: Average Return = (6.749987, 6.7499871253967285, 6.7499871253967285, 6.705265998840332, 6.794708251953125)
step = 1610: loss = -42.02720642089844
step = 1620: loss = -42.95844268798828
step = 1630: loss = -45.253414154052734
step = 1640: loss = -48.03281784057617
step = 1650: loss = -47.436500549316406
step = 1660: loss = -48.35740280151367
step = 1670: loss = -49.44326400756836
step = 1680: loss = -45.629302978515625
step = 1690: loss = -52.84193420410156
step = 1700: loss = -52.49784469604492
step = 1700: Average Return = (6.7399874, 6.7355571391582485, 6.7499871253967285, 6.669987678527832, 6.8099870681762695)
step = 1710: loss = -44.06769561767578
step = 1720: loss = -50.8846321105957
step = 1730: loss = -53.632423400878906
step = 1740: loss = -46.55520248413086
step = 1750: loss = -51.90702438354492
step = 1760: loss = -46.77370071411133
step = 1770: loss = -66.03508758544922
step = 1780: loss = -47.247230529785156
step = 1790: loss = -57.016754150390625
step = 1800: loss = -50.85525131225586
step = 1800: Average Return = (6.7399874, 6.7499871253967285, 6.7499871253967285, 6.669987678527832, 6.8099870681762695)
step = 1810: loss = -50.37098693847656
step = 1820: loss = -50.99618148803711
step = 1830: loss = -58.90800094604492
step = 1840: loss = -57.180381774902344
step = 1850: loss = -52.22869110107422
step = 1860: loss = -51.29740905761719
step = 1870: loss = -65.20256805419922
step = 1880: loss = -56.474727630615234
step = 1890: loss = -62.03239059448242
step = 1900: loss = -61.01216125488281
step = 1900: Average Return = (6.6699877, 6.63555723452568, 6.7499871253967285, 6.545087814331055, 6.794887542724609)
step = 1910: loss = -56.67009353637695
step = 1920: loss = -67.05575561523438
step = 1930: loss = -56.32521438598633
step = 1940: loss = -49.23659133911133
step = 1950: loss = -58.34458923339844
step = 1960: loss = -62.039302825927734
step = 1970: loss = -54.93132019042969
step = 1980: loss = -67.22872161865234
step = 1990: loss = -64.48658752441406
step = 2000: loss = -52.4805908203125
step = 2000: Average Return = (6.7199874, 6.7355571391582485, 6.7499871253967285, 6.674161911010742, 6.765812873840332)
step = 2010: loss = -65.98014831542969
step = 2020: loss = -57.269920349121094
step = 2030: loss = -63.33677291870117
step = 2040: loss = -59.16365432739258
step = 2050: loss = -57.80503463745117
step = 2060: loss = -51.23130416870117
step = 2070: loss = -56.11037063598633
step = 2080: loss = -70.04410552978516
step = 2090: loss = -64.14312744140625
step = 2100: loss = -73.9951400756836
step = 2100: Average Return = (6.719987, 6.64998722076416, 6.7499871253967285, 6.655955791473389, 6.784018039703369)
step = 2110: loss = -65.75636291503906
step = 2120: loss = -59.64368438720703
step = 2130: loss = -60.813621520996094
step = 2140: loss = -63.2195930480957
step = 2150: loss = -56.202945709228516
step = 2160: loss = -55.43754959106445
step = 2170: loss = -64.61280822753906
step = 2180: loss = -56.56740951538086
step = 2190: loss = -56.25659942626953
step = 2200: loss = -68.592529296875
step = 2200: Average Return = (6.7499876, 6.7499871253967285, 6.7499871253967285, 6.686742305755615, 6.813232898712158)
step = 2210: loss = -65.49798583984375
step = 2220: loss = -67.73536682128906
step = 2230: loss = -65.63793182373047
step = 2240: loss = -78.3878173828125
step = 2250: loss = -66.75271606445312
step = 2260: loss = -62.720794677734375
step = 2270: loss = -71.94100952148438
step = 2280: loss = -60.622581481933594
step = 2290: loss = -69.12615966796875
step = 2300: loss = -64.53034973144531
step = 2300: Average Return = (6.6699877, 6.64998722076416, 6.7499871253967285, 6.545087814331055, 6.794887542724609)
step = 2310: loss = -66.7859878540039
step = 2320: loss = -69.6009292602539
step = 2330: loss = -73.14679718017578
step = 2340: loss = -62.29452896118164
step = 2350: loss = -77.34160614013672
step = 2360: loss = -78.11585998535156
step = 2370: loss = -84.16075897216797
step = 2380: loss = -64.0757064819336
step = 2390: loss = -97.50203704833984
step = 2400: loss = -74.58422088623047
step = 2400: Average Return = (6.7099876, 6.64998722076416, 6.7499871253967285, 6.629987716674805, 6.789987564086914)
step = 2410: loss = -82.77505493164062
step = 2420: loss = -72.55745697021484
step = 2430: loss = -76.71697235107422
step = 2440: loss = -72.05880737304688
step = 2450: loss = -63.08666229248047
step = 2460: loss = -90.59808349609375
step = 2470: loss = -68.64571380615234
step = 2480: loss = -77.33944702148438
step = 2490: loss = -77.63308715820312
step = 2500: loss = -72.16545104980469
step = 2500: Average Return = (6.759988, 6.7499871253967285, 6.849987030029297, 6.665647983551025, 6.85432767868042)
step = 2510: loss = -73.51976776123047
step = 2520: loss = -81.44650268554688
step = 2530: loss = -83.36599731445312
step = 2540: loss = -83.8727035522461
step = 2550: loss = -88.38105773925781
step = 2560: loss = -72.70121765136719
step = 2570: loss = -82.02031707763672
step = 2580: loss = -78.71894073486328
step = 2590: loss = -66.77159881591797
step = 2600: loss = -68.45069885253906
step = 2600: Average Return = (6.6699877, 6.64998722076416, 6.7499871253967285, 6.595154762268066, 6.744820594787598)
step = 2610: loss = -72.86123657226562
step = 2620: loss = -96.49694061279297
step = 2630: loss = -97.4195556640625
step = 2640: loss = -92.718017578125
step = 2650: loss = -73.35836029052734
step = 2660: loss = -87.73989868164062
step = 2670: loss = -70.63002014160156
step = 2680: loss = -81.28144073486328
step = 2690: loss = -77.73873901367188
step = 2700: loss = -90.01612091064453
step = 2700: Average Return = (6.7199874, 6.7355571391582485, 6.7499871253967285, 6.674161911010742, 6.765812873840332)
step = 2710: loss = -85.01156616210938
step = 2720: loss = -99.25200653076172
step = 2730: loss = -76.657470703125
step = 2740: loss = -88.12763977050781
step = 2750: loss = -83.45243835449219
step = 2760: loss = -79.43180084228516
step = 2770: loss = -81.7902603149414
step = 2780: loss = -77.29905700683594
step = 2790: loss = -76.16024017333984
step = 2800: loss = -91.58441162109375
step = 2800: Average Return = (6.759987, 6.7499871253967285, 6.7499871253967285, 6.706135272979736, 6.813838481903076)
step = 2810: loss = -90.31855773925781
step = 2820: loss = -73.5523681640625
step = 2830: loss = -94.53793334960938
step = 2840: loss = -87.52745819091797
step = 2850: loss = -80.55270385742188
step = 2860: loss = -83.64601135253906
step = 2870: loss = -78.35977935791016
step = 2880: loss = -103.49795532226562
step = 2890: loss = -89.76466369628906
step = 2900: loss = -74.32247161865234
step = 2900: Average Return = (6.689987, 6.64998722076416, 6.7499871253967285, 6.640997409820557, 6.738976955413818)
step = 2910: loss = -84.85951232910156
step = 2920: loss = -94.9134750366211
step = 2930: loss = -97.62199401855469
step = 2940: loss = -89.08180236816406
step = 2950: loss = -89.41427612304688
step = 2960: loss = -92.9701919555664
step = 2970: loss = -86.22569274902344
step = 2980: loss = -98.20415496826172
step = 2990: loss = -79.68811798095703
step = 3000: loss = -104.37422943115234
step = 3000: Average Return = (6.6599874, 6.549987316131592, 6.7499871253967285, 6.55558443069458, 6.764390468597412)
step = 3010: loss = -96.69444274902344
step = 3020: loss = -100.76619720458984
step = 3030: loss = -95.17912292480469
step = 3040: loss = -109.71395874023438
step = 3050: loss = -99.74198150634766
step = 3060: loss = -97.55017852783203
step = 3070: loss = -103.1454849243164
step = 3080: loss = -92.59443664550781
step = 3090: loss = -98.21389770507812
step = 3100: loss = -83.69355773925781
step = 3100: Average Return = (6.689987, 6.64998722076416, 6.7499871253967285, 6.640997409820557, 6.738976955413818)
step = 3110: loss = -103.00621032714844
step = 3120: loss = -101.36551666259766
step = 3130: loss = -95.53201293945312
step = 3140: loss = -97.14768981933594
step = 3150: loss = -86.10570526123047
step = 3160: loss = -91.84708404541016
step = 3170: loss = -93.0843505859375
step = 3180: loss = -104.76699829101562
step = 3190: loss = -88.31388854980469
step = 3200: loss = -97.482666015625
step = 3200: Average Return = (6.749987, 6.64998722076416, 6.849987030029297, 6.660544395446777, 6.83942985534668)
step = 3210: loss = -78.19208526611328
step = 3220: loss = -97.43302917480469
step = 3230: loss = -102.59552001953125
step = 3240: loss = -95.8502426147461
step = 3250: loss = -90.19332122802734
step = 3260: loss = -94.64466857910156
step = 3270: loss = -100.44768524169922
step = 3280: loss = -93.1854248046875
step = 3290: loss = -107.76638793945312
step = 3300: loss = -82.55355072021484
step = 3300: Average Return = (6.699988, 6.64998722076416, 6.7499871253967285, 6.632905960083008, 6.7670698165893555)
step = 3310: loss = -90.42627716064453
step = 3320: loss = -96.36770629882812
step = 3330: loss = -94.58055114746094
step = 3340: loss = -106.88792419433594
step = 3350: loss = -95.5085678100586
step = 3360: loss = -98.71013641357422
step = 3370: loss = -108.82951354980469
step = 3380: loss = -107.69732666015625
step = 3390: loss = -102.88848876953125
step = 3400: loss = -133.1463623046875
step = 3400: Average Return = (6.749987, 6.7355571391582485, 6.764417111635208, 6.672527313232422, 6.827446937561035)
step = 3410: loss = -109.01011657714844
step = 3420: loss = -108.22792053222656
step = 3430: loss = -107.04156494140625
step = 3440: loss = -117.97965240478516
step = 3450: loss = -102.41751098632812
step = 3460: loss = -107.70991516113281
step = 3470: loss = -96.97998809814453
step = 3480: loss = -112.82801055908203
step = 3490: loss = -101.21192169189453
step = 3500: loss = -97.6545181274414
step = 3500: Average Return = (6.719987, 6.7355571391582485, 6.7499871253967285, 6.674161434173584, 6.765812397003174)
step = 3510: loss = -111.52250671386719
step = 3520: loss = -106.74125671386719
step = 3530: loss = -101.7006607055664
step = 3540: loss = -98.63636779785156
step = 3550: loss = -120.17945098876953
step = 3560: loss = -104.39566040039062
step = 3570: loss = -110.5179672241211
step = 3580: loss = -127.3044662475586
step = 3590: loss = -109.8505859375
step = 3600: loss = -115.94883728027344
step = 3600: Average Return = (6.7199874, 6.7355571391582485, 6.7499871253967285, 6.674161911010742, 6.765812873840332)
step = 3610: loss = -97.69142150878906
step = 3620: loss = -118.46321105957031
step = 3630: loss = -90.89359283447266
step = 3640: loss = -119.9407730102539
step = 3650: loss = -113.35368347167969
step = 3660: loss = -111.67408752441406
step = 3670: loss = -110.93913269042969
step = 3680: loss = -143.25831604003906
step = 3690: loss = -106.12675476074219
step = 3700: loss = -107.43299102783203
step = 3700: Average Return = (6.739988, 6.7355571391582485, 6.849987030029297, 6.626410007476807, 6.853565692901611)
step = 3710: loss = -106.50615692138672
step = 3720: loss = -112.3463134765625
step = 3730: loss = -117.98516845703125
step = 3740: loss = -108.18693542480469
step = 3750: loss = -104.18641662597656
step = 3760: loss = -117.29337310791016
step = 3770: loss = -108.59415435791016
step = 3780: loss = -117.13461303710938
step = 3790: loss = -120.23542785644531
step = 3800: loss = -114.80844116210938
step = 3800: Average Return = (6.699987, 6.64998722076416, 6.7499871253967285, 6.64998722076416, 6.74998664855957)
step = 3810: loss = -125.83311462402344
step = 3820: loss = -107.97358703613281
step = 3830: loss = -116.51557922363281
step = 3840: loss = -101.33190155029297
step = 3850: loss = -115.00664520263672
step = 3860: loss = -114.9449234008789
step = 3870: loss = -105.49799346923828
step = 3880: loss = -117.150390625
step = 3890: loss = -119.92393493652344
step = 3900: loss = -114.38911437988281
step = 3900: Average Return = (6.699988, 6.64998722076416, 6.7499871253967285, 6.619365215301514, 6.78061056137085)
step = 3910: loss = -109.26983642578125
step = 3920: loss = -114.08799743652344
step = 3930: loss = -119.57569122314453
step = 3940: loss = -125.29180145263672
step = 3950: loss = -135.43235778808594
step = 3960: loss = -129.8419189453125
step = 3970: loss = -134.552978515625
step = 3980: loss = -126.25422668457031
step = 3990: loss = -95.24383544921875
step = 4000: loss = -112.43739318847656
step = 4000: Average Return = (6.7399874, 6.64998722076416, 6.849987030029297, 6.635584354400635, 6.844390392303467)
step = 4010: loss = -110.31048583984375
step = 4020: loss = -118.0909652709961
step = 4030: loss = -115.79652404785156
step = 4040: loss = -123.6561050415039
step = 4050: loss = -108.67061614990234
step = 4060: loss = -138.89108276367188
step = 4070: loss = -123.87228393554688
step = 4080: loss = -124.00122833251953
step = 4090: loss = -119.91361236572266
step = 4100: loss = -125.45701599121094
step = 4100: Average Return = (6.7399874, 6.7499871253967285, 6.7499871253967285, 6.669987678527832, 6.8099870681762695)
step = 4110: loss = -138.8043670654297
step = 4120: loss = -132.67820739746094
step = 4130: loss = -114.10741424560547
step = 4140: loss = -130.35609436035156
step = 4150: loss = -162.28424072265625
step = 4160: loss = -136.3086395263672
step = 4170: loss = -140.83065795898438
step = 4180: loss = -145.97215270996094
step = 4190: loss = -129.24200439453125
step = 4200: loss = -119.59521484375
step = 4200: Average Return = (6.7199874, 6.7499871253967285, 6.7499871253967285, 6.655956268310547, 6.784018516540527)
step = 4210: loss = -119.52131652832031
step = 4220: loss = -132.2986297607422
step = 4230: loss = -140.81004333496094
step = 4240: loss = -106.45426940917969
step = 4250: loss = -125.30610656738281
step = 4260: loss = -107.08354949951172
step = 4270: loss = -136.6184844970703
step = 4280: loss = -140.58387756347656
step = 4290: loss = -128.53936767578125
step = 4300: loss = -140.75384521484375
step = 4300: Average Return = (6.6799874, 6.64998722076416, 6.664417207002639, 6.5699872970581055, 6.789987564086914)
step = 4310: loss = -146.6644287109375
step = 4320: loss = -158.7602081298828
step = 4330: loss = -128.23080444335938
step = 4340: loss = -144.51649475097656
step = 4350: loss = -137.08636474609375
step = 4360: loss = -139.27810668945312
step = 4370: loss = -129.79550170898438
step = 4380: loss = -122.89274597167969
step = 4390: loss = -134.57528686523438
step = 4400: loss = -140.24896240234375
step = 4400: Average Return = (6.749987, 6.7499871253967285, 6.7499871253967285, 6.686741828918457, 6.813232421875)
step = 4410: loss = -130.17372131347656
step = 4420: loss = -138.3851776123047
step = 4430: loss = -120.33497619628906
step = 4440: loss = -137.76173400878906
step = 4450: loss = -123.1090316772461
step = 4460: loss = -159.28860473632812
step = 4470: loss = -146.06544494628906
step = 4480: loss = -136.6784210205078
step = 4490: loss = -128.1240234375
step = 4500: loss = -150.47491455078125
step = 4500: Average Return = (6.7199874, 6.64998722076416, 6.7499871253967285, 6.655956268310547, 6.784018516540527)
step = 4510: loss = -138.5382843017578
step = 4520: loss = -160.09559631347656
step = 4530: loss = -156.43795776367188
step = 4540: loss = -147.9698486328125
step = 4550: loss = -147.0379638671875
step = 4560: loss = -126.82624053955078
step = 4570: loss = -148.34095764160156
step = 4580: loss = -142.52496337890625
step = 4590: loss = -130.15023803710938
step = 4600: loss = -131.7657928466797
step = 4600: Average Return = (6.729988, 6.7499871253967285, 6.7499871253967285, 6.655155181884766, 6.804821014404297)
step = 4610: loss = -152.69590759277344
step = 4620: loss = -149.74449157714844
step = 4630: loss = -135.24639892578125
step = 4640: loss = -121.55293273925781
step = 4650: loss = -153.81788635253906
step = 4660: loss = -164.07603454589844
step = 4670: loss = -157.15386962890625
step = 4680: loss = -150.60935974121094
step = 4690: loss = -153.46173095703125
step = 4700: loss = -135.85498046875
step = 4700: Average Return = (6.729987, 6.7355571391582485, 6.7499871253967285, 6.6428093910217285, 6.817164897918701)
step = 4710: loss = -129.07872009277344
step = 4720: loss = -136.8251953125
step = 4730: loss = -126.66216278076172
step = 4740: loss = -124.68098449707031
step = 4750: loss = -146.94493103027344
step = 4760: loss = -149.59730529785156
step = 4770: loss = -139.32122802734375
step = 4780: loss = -150.596923828125
step = 4790: loss = -141.2950439453125
step = 4800: loss = -138.6512451171875
step = 4800: Average Return = (6.7199874, 6.7355571391582485, 6.7499871253967285, 6.641884803771973, 6.798089981079102)
step = 4810: loss = -151.62985229492188
step = 4820: loss = -132.44871520996094
step = 4830: loss = -150.09681701660156
step = 4840: loss = -142.62417602539062
step = 4850: loss = -134.93814086914062
step = 4860: loss = -130.9351806640625
step = 4870: loss = -153.46873474121094
step = 4880: loss = -153.4375
step = 4890: loss = -136.30552673339844
step = 4900: loss = -136.5997314453125
step = 4900: Average Return = (6.699987, 6.64998722076416, 6.7499871253967285, 6.632905006408691, 6.767068862915039)
step = 4910: loss = -159.295166015625
step = 4920: loss = -147.4141082763672
step = 4930: loss = -132.07025146484375
step = 4940: loss = -147.37286376953125
step = 4950: loss = -165.11195373535156
step = 4960: loss = -141.4258575439453
step = 4970: loss = -147.40805053710938
step = 4980: loss = -130.83753967285156
step = 4990: loss = -171.6254119873047
step = 5000: loss = -142.193603515625
step = 5000: Average Return = (6.7199874, 6.7355571391582485, 6.7499871253967285, 6.674161911010742, 6.765812873840332)
Violations during Learning: 0
Violations after Learning: 0
_OBSERVATION
