Write to file ./models_storm/evade_eval_model.drn.
Starting RL:

Random policy return: ((6.1299877, 6.04998779296875, 6.1644176838397975, 5.926027297973633, 6.333948135375977), [6.049988, 6.1499877, 6.049988, 6.5499873, 6.1499877, 5.849988, 5.849988, 6.049988, 6.2499876, 6.3499875])
step = 10: loss = 16721895.0
step = 20: loss = 277851424.0
step = 30: loss = 1942238336.0
step = 40: loss = 4634361344.0
step = 50: loss = 14518091776.0
step = 60: loss = 27365949440.0
step = 70: loss = 38715056128.0
step = 80: loss = 75237130240.0
step = 90: loss = 743548672.0
step = 100: loss = 181541257216.0
step = 100: Average Return = (1.9499915, 1.9499915838241577, 1.9499915838241577, 1.9499914646148682, 1.9499914646148682)
step = 110: loss = 182305652736.0
step = 120: loss = 163466379264.0
step = 130: loss = 154035617792.0
step = 140: loss = 201324101632.0
step = 150: loss = 166724632576.0
step = 160: loss = 134687039488.0
step = 170: loss = 142135099392.0
step = 180: loss = 20823627776.0
step = 190: loss = 43750522880.0
step = 200: loss = 77161529344.0
step = 200: Average Return = (1.9499915, 1.9499915838241577, 1.9499915838241577, 1.9499914646148682, 1.9499914646148682)
step = 210: loss = 39908163584.0
step = 220: loss = 81584971776.0
step = 230: loss = 20763830272.0
step = 240: loss = 13003277312.0
step = 250: loss = 17418326016.0
step = 260: loss = 45329473536.0
step = 270: loss = 16805384192.0
step = 280: loss = 1911727232.0
step = 290: loss = 32833771520.0
step = 300: loss = 23567142912.0
step = 300: Average Return = (1.9499915, 1.9499915838241577, 1.9499915838241577, 1.9499914646148682, 1.9499914646148682)
step = 310: loss = 2688225792.0
step = 320: loss = 77477642240.0
step = 330: loss = 24052588544.0
step = 340: loss = 22336733184.0
step = 350: loss = 14403143680.0
step = 360: loss = 15329430528.0
step = 370: loss = 34951946240.0
step = 380: loss = 13817933824.0
step = 390: loss = 9999860736.0
step = 400: loss = 6648963072.0
step = 400: Average Return = (1.9499915, 1.9499915838241577, 1.9499915838241577, 1.9499914646148682, 1.9499914646148682)
step = 410: loss = 7554273280.0
step = 420: loss = 12895648768.0
step = 430: loss = 8852964352.0
step = 440: loss = 7138462720.0
step = 450: loss = 5552997376.0
step = 460: loss = 4257371904.0
step = 470: loss = 3006415360.0
step = 480: loss = 3632991232.0
step = 490: loss = 2592311296.0
step = 500: loss = 3163002368.0
step = 500: Average Return = (1.9499915, 1.9499915838241577, 1.9499915838241577, 1.9499914646148682, 1.9499914646148682)
step = 510: loss = 778505216.0
step = 520: loss = 1139703424.0
step = 530: loss = 4506544128.0
step = 540: loss = 4921082368.0
step = 550: loss = 3950941440.0
step = 560: loss = 1547970944.0
step = 570: loss = 1057877888.0
step = 580: loss = 1997635328.0
step = 590: loss = 528495392.0
step = 600: loss = 1233590656.0
step = 600: Average Return = (1.9499915, 1.9499915838241577, 1.9499915838241577, 1.9499914646148682, 1.9499914646148682)
step = 610: loss = 2565449216.0
step = 620: loss = 1903649536.0
step = 630: loss = 1875431936.0
step = 640: loss = 1445005568.0
step = 650: loss = 4191532032.0
step = 660: loss = 3795577344.0
step = 670: loss = 1142049024.0
step = 680: loss = 1478919680.0
step = 690: loss = 1363761664.0
step = 700: loss = 1251070720.0
step = 700: Average Return = (1.9499915, 1.9499915838241577, 1.9499915838241577, 1.9499914646148682, 1.9499914646148682)
step = 710: loss = 5558538752.0
step = 720: loss = 2504225536.0
step = 730: loss = 2720011264.0
step = 740: loss = 1574945024.0
step = 750: loss = 1768266240.0
step = 760: loss = 2622829568.0
step = 770: loss = 3252349952.0
step = 780: loss = 1850961280.0
step = 790: loss = 891079744.0
step = 800: loss = 1547535104.0
step = 800: Average Return = (1.9499915, 1.9499915838241577, 1.9499915838241577, 1.9499914646148682, 1.9499914646148682)
step = 810: loss = 1775645440.0
step = 820: loss = 2181297664.0
step = 830: loss = 1813876992.0
step = 840: loss = 919316928.0
step = 850: loss = 1750556416.0
step = 860: loss = 2126972160.0
step = 870: loss = 734554112.0
step = 880: loss = 1556475264.0
step = 890: loss = 1234693248.0
step = 900: loss = 1104869120.0
step = 900: Average Return = (1.9499915, 1.9499915838241577, 1.9499915838241577, 1.9499914646148682, 1.9499914646148682)
step = 910: loss = 682565440.0
step = 920: loss = 955190272.0
step = 930: loss = 661382528.0
step = 940: loss = 1290940288.0
step = 950: loss = 668062336.0
step = 960: loss = 820015552.0
step = 970: loss = 1247064576.0
step = 980: loss = 532755104.0
step = 990: loss = 1239412480.0
step = 1000: loss = 613659392.0
step = 1000: Average Return = (1.9499915, 1.9499915838241577, 1.9499915838241577, 1.9499914646148682, 1.9499914646148682)
step = 1010: loss = 637631552.0
step = 1020: loss = 653531584.0
step = 1030: loss = 645339328.0
step = 1040: loss = 687699648.0
step = 1050: loss = 813787712.0
step = 1060: loss = 433465664.0
step = 1070: loss = 655533440.0
step = 1080: loss = 264604352.0
step = 1090: loss = 876134016.0
step = 1100: loss = 638192384.0
step = 1100: Average Return = (1.9499915, 1.9499915838241577, 1.9499915838241577, 1.9499914646148682, 1.9499914646148682)
step = 1110: loss = 1164234752.0
step = 1120: loss = 648058112.0
step = 1130: loss = 756999424.0
step = 1140: loss = 854193664.0
step = 1150: loss = 54396592.0
step = 1160: loss = 841926400.0
step = 1170: loss = 453442752.0
step = 1180: loss = 269235808.0
step = 1190: loss = 222131968.0
step = 1200: loss = 214417392.0
step = 1200: Average Return = (1.9499915, 1.9499915838241577, 1.9499915838241577, 1.9499914646148682, 1.9499914646148682)
step = 1210: loss = 216117280.0
step = 1220: loss = 316822912.0
step = 1230: loss = 701417984.0
step = 1240: loss = 295141024.0
step = 1250: loss = 476912064.0
step = 1260: loss = 361021568.0
step = 1270: loss = 501807040.0
step = 1280: loss = 340678272.0
step = 1290: loss = 664764736.0
step = 1300: loss = 852081152.0
step = 1300: Average Return = (1.9499915, 1.9499915838241577, 1.9499915838241577, 1.9499914646148682, 1.9499914646148682)
step = 1310: loss = 242298336.0
step = 1320: loss = 419246880.0
step = 1330: loss = 428385760.0
step = 1340: loss = 447516576.0
step = 1350: loss = 427285888.0
step = 1360: loss = 614899968.0
step = 1370: loss = 440366528.0
step = 1380: loss = 449090112.0
step = 1390: loss = 841330304.0
step = 1400: loss = 1254912768.0
step = 1400: Average Return = (1.9499915, 1.9499915838241577, 1.9499915838241577, 1.9499914646148682, 1.9499914646148682)
step = 1410: loss = 1578007296.0
step = 1420: loss = 499441280.0
step = 1430: loss = 381745472.0
step = 1440: loss = 809161984.0
step = 1450: loss = 916046208.0
step = 1460: loss = 1391136640.0
step = 1470: loss = 471111808.0
step = 1480: loss = 567831936.0
step = 1490: loss = 424765120.0
step = 1500: loss = 380221408.0
step = 1500: Average Return = (1.9499915, 1.9499915838241577, 1.9499915838241577, 1.9499914646148682, 1.9499914646148682)
step = 1510: loss = 175056896.0
step = 1520: loss = 209850976.0
step = 1530: loss = 281924544.0
step = 1540: loss = 244584352.0
step = 1550: loss = 135809200.0
step = 1560: loss = 207921056.0
step = 1570: loss = 190012496.0
step = 1580: loss = 233913952.0
step = 1590: loss = 231699200.0
step = 1600: loss = 213508480.0
step = 1600: Average Return = (1.9499915, 1.9499915838241577, 1.9499915838241577, 1.9499914646148682, 1.9499914646148682)
step = 1610: loss = 296552672.0
step = 1620: loss = 246539968.0
step = 1630: loss = 76193456.0
step = 1640: loss = 112210224.0
step = 1650: loss = 64686440.0
step = 1660: loss = 89408432.0
step = 1670: loss = 29865626.0
step = 1680: loss = 91717544.0
step = 1690: loss = 71984376.0
step = 1700: loss = 66127344.0
step = 1700: Average Return = (1.9499915, 1.9499915838241577, 1.9499915838241577, 1.9499914646148682, 1.9499914646148682)
step = 1710: loss = 120716224.0
step = 1720: loss = 59974552.0
step = 1730: loss = 42150704.0
step = 1740: loss = 35241664.0
step = 1750: loss = 99536272.0
step = 1760: loss = 51450136.0
step = 1770: loss = 36088204.0
step = 1780: loss = 50573724.0
step = 1790: loss = 73879280.0
step = 1800: loss = 53636716.0
step = 1800: Average Return = (1.9499915, 1.9499915838241577, 1.9499915838241577, 1.9499914646148682, 1.9499914646148682)
step = 1810: loss = 21651508.0
step = 1820: loss = 35798432.0
step = 1830: loss = 89543880.0
step = 1840: loss = 24846166.0
step = 1850: loss = 16432540.0
step = 1860: loss = 25278872.0
step = 1870: loss = 38247720.0
step = 1880: loss = 47860816.0
step = 1890: loss = 42605696.0
step = 1900: loss = 7321254.0
step = 1900: Average Return = (1.9499915, 1.9499915838241577, 1.9499915838241577, 1.9499914646148682, 1.9499914646148682)
step = 1910: loss = 2503462.75
step = 1920: loss = 5646479.0
step = 1930: loss = 5200510.5
step = 1940: loss = 6796012.0
step = 1950: loss = 6518957.0
step = 1960: loss = 6782471.0
step = 1970: loss = 3497880.75
step = 1980: loss = 36782.08984375
step = 1990: loss = 3375511.75
step = 2000: loss = 2136179.75
step = 2000: Average Return = (1.9499915, 1.9499915838241577, 1.9499915838241577, 1.9499914646148682, 1.9499914646148682)
step = 2010: loss = 2101374.0
step = 2020: loss = 2897591.0
step = 2030: loss = 2528437.5
step = 2040: loss = 3593235.5
step = 2050: loss = 5883582.0
step = 2060: loss = 4217770.0
step = 2070: loss = 9383769.0
step = 2080: loss = 4670219.0
step = 2090: loss = 4068915.25
step = 2100: loss = 8648504.0
step = 2100: Average Return = (1.9499915, 1.9499915838241577, 1.9499915838241577, 1.9499914646148682, 1.9499914646148682)
step = 2110: loss = 2972422.5
step = 2120: loss = 7383149.5
step = 2130: loss = 3551466.5
step = 2140: loss = 2614616.5
step = 2150: loss = 4857222.0
step = 2160: loss = 1210992.25
step = 2170: loss = 1019255.75
step = 2180: loss = 3622452.5
step = 2190: loss = 940877.875
step = 2200: loss = 565444.625
step = 2200: Average Return = (1.9499915, 1.9499915838241577, 1.9499915838241577, 1.9499914646148682, 1.9499914646148682)
step = 2210: loss = 2993967.5
step = 2220: loss = 1967498.0
step = 2230: loss = 3077734.25
step = 2240: loss = 29413.1640625
step = 2250: loss = 820066.0
step = 2260: loss = 1034449.1875
step = 2270: loss = 687764.625
step = 2280: loss = 2673598.75
step = 2290: loss = 494153.46875
step = 2300: loss = 681299.5
step = 2300: Average Return = (1.9499915, 1.9499915838241577, 1.9499915838241577, 1.9499914646148682, 1.9499914646148682)
step = 2310: loss = 1777524.25
step = 2320: loss = 995098.0
step = 2330: loss = 371889.125
step = 2340: loss = 375327.96875
step = 2350: loss = 691258.625
step = 2360: loss = 757969.5625
step = 2370: loss = 308807.09375
step = 2380: loss = 69366.3125
step = 2390: loss = 357154.625
step = 2400: loss = 166345.296875
step = 2400: Average Return = (1.9499915, 1.9499915838241577, 1.9499915838241577, 1.9499914646148682, 1.9499914646148682)
step = 2410: loss = 27042.2890625
step = 2420: loss = 2765.978271484375
step = 2430: loss = 156692.9375
step = 2440: loss = 3626.465087890625
step = 2450: loss = 19286.1015625
step = 2460: loss = 257987.9375
step = 2470: loss = 310015.8125
step = 2480: loss = 413106.78125
step = 2490: loss = 309949.375
step = 2500: loss = 520857.21875
step = 2500: Average Return = (1.9499915, 1.9499915838241577, 1.9499915838241577, 1.9499914646148682, 1.9499914646148682)
step = 2510: loss = 969942.5625
step = 2520: loss = 280512.09375
step = 2530: loss = 2657.82177734375
step = 2540: loss = 464174.71875
step = 2550: loss = 411568.125
step = 2560: loss = 420529.75
step = 2570: loss = 476243.375
step = 2580: loss = 113151.3125
step = 2590: loss = 608621.4375
step = 2600: loss = 393745.6875
step = 2600: Average Return = (1.9499915, 1.9499915838241577, 1.9499915838241577, 1.9499914646148682, 1.9499914646148682)
step = 2610: loss = 255733.0625
step = 2620: loss = 403747.34375
step = 2630: loss = 314810.5
step = 2640: loss = 141506.65625
step = 2650: loss = 884275.375
step = 2660: loss = 982905.1875
step = 2670: loss = 637381.375
step = 2680: loss = 519159.4375
step = 2690: loss = 653164.125
step = 2700: loss = 493766.375
step = 2700: Average Return = (1.9499915, 1.9499915838241577, 1.9499915838241577, 1.9499914646148682, 1.9499914646148682)
step = 2710: loss = 356064.0
step = 2720: loss = 364874.3125
step = 2730: loss = 305049.40625
step = 2740: loss = 497487.5625
step = 2750: loss = 127278.421875
step = 2760: loss = 464260.8125
step = 2770: loss = 155312.890625
step = 2780: loss = 104642.140625
step = 2790: loss = 294738.03125
step = 2800: loss = 354404.25
step = 2800: Average Return = (1.9499915, 1.9499915838241577, 1.9499915838241577, 1.9499914646148682, 1.9499914646148682)
step = 2810: loss = 326018.3125
step = 2820: loss = 602816.875
step = 2830: loss = 605498.0625
step = 2840: loss = 279293.75
step = 2850: loss = 294929.25
step = 2860: loss = 608903.3125
step = 2870: loss = 875732.9375
step = 2880: loss = 592682.6875
step = 2890: loss = 195032.109375
step = 2900: loss = 318190.5
step = 2900: Average Return = (1.9499915, 1.9499915838241577, 1.9499915838241577, 1.9499914646148682, 1.9499914646148682)
step = 2910: loss = 398628.375
step = 2920: loss = 352871.125
step = 2930: loss = 171869.9375
step = 2940: loss = 210405.40625
step = 2950: loss = 224779.4375
step = 2960: loss = 58408.5546875
step = 2970: loss = 233196.59375
step = 2980: loss = 20462.767578125
step = 2990: loss = 160961.5
step = 3000: loss = 35676.46875
step = 3000: Average Return = (1.9499915, 1.9499915838241577, 1.9499915838241577, 1.9499914646148682, 1.9499914646148682)
step = 3010: loss = 63687.27734375
step = 3020: loss = 73345.1796875
step = 3030: loss = 226507.0625
step = 3040: loss = 63553.00390625
step = 3050: loss = 7287.455078125
step = 3060: loss = 126270.984375
step = 3070: loss = 26908.138671875
step = 3080: loss = 59872.46875
step = 3090: loss = 362.2063903808594
step = 3100: loss = 57857.78125
step = 3100: Average Return = (1.9499915, 1.9499915838241577, 1.9499915838241577, 1.9499914646148682, 1.9499914646148682)
step = 3110: loss = 100523.25
step = 3120: loss = 88088.8359375
step = 3130: loss = 91920.875
step = 3140: loss = 89024.953125
step = 3150: loss = 201795.484375
step = 3160: loss = 140320.6875
step = 3170: loss = 98745.140625
step = 3180: loss = 206238.0625
step = 3190: loss = 102160.1953125
step = 3200: loss = 101007.4375
step = 3200: Average Return = (1.9499915, 1.9499915838241577, 1.9499915838241577, 1.9499914646148682, 1.9499914646148682)
step = 3210: loss = 127804.9609375
step = 3220: loss = 6661.009765625
step = 3230: loss = 230771.9375
step = 3240: loss = 157710.96875
step = 3250: loss = 109675.0
step = 3260: loss = 106226.109375
step = 3270: loss = 144603.46875
step = 3280: loss = 349207.9375
step = 3290: loss = 158624.921875
step = 3300: loss = 74513.4453125
step = 3300: Average Return = (1.9499915, 1.9499915838241577, 1.9499915838241577, 1.9499914646148682, 1.9499914646148682)
step = 3310: loss = 43291.8671875
step = 3320: loss = 23436.73828125
step = 3330: loss = 37529.3671875
step = 3340: loss = 51642.4609375
step = 3350: loss = 2336.705078125
step = 3360: loss = 15244.361328125
step = 3370: loss = 2080.116943359375
step = 3380: loss = 6531.841796875
step = 3390: loss = 5237.64599609375
step = 3400: loss = 7790.25
step = 3400: Average Return = (1.9499915, 1.9499915838241577, 1.9499915838241577, 1.9499914646148682, 1.9499914646148682)
step = 3410: loss = 3654.61669921875
step = 3420: loss = 13259.904296875
step = 3430: loss = 39556.17578125
step = 3440: loss = 36243.078125
step = 3450: loss = 22674.87890625
step = 3460: loss = 41421.36328125
step = 3470: loss = 8251.162109375
step = 3480: loss = 181356.75
step = 3490: loss = 462810.59375
step = 3500: loss = 23270.1171875
step = 3500: Average Return = (2.0099914, 1.9499915838241577, 1.9644215872645379, 1.9080110788345337, 2.111971855163574)
step = 3510: loss = 387632.375
step = 3520: loss = 241477.828125
step = 3530: loss = 291164.84375
step = 3540: loss = 20717.53125
step = 3550: loss = 6384.35791015625
step = 3560: loss = 2966.79541015625
step = 3570: loss = 7501.66748046875
step = 3580: loss = 5152.6826171875
step = 3590: loss = 5417.85205078125
step = 3600: loss = 7364.212890625
step = 3600: Average Return = (1.9499915, 1.9499915838241577, 1.9499915838241577, 1.9499914646148682, 1.9499914646148682)
step = 3610: loss = 8940.779296875
step = 3620: loss = 7189.80126953125
step = 3630: loss = 3123.357666015625
step = 3640: loss = 10571.3671875
step = 3650: loss = 4581.24560546875
step = 3660: loss = 7260.919921875
step = 3670: loss = 12970.5087890625
step = 3680: loss = 28696.818359375
step = 3690: loss = 9221.0048828125
step = 3700: loss = 9790.59375
step = 3700: Average Return = (2.0799916, 2.0355616042256357, 2.149991512298584, 1.9612482786178589, 2.198734998703003)
step = 3710: loss = 14241.3359375
step = 3720: loss = 25815.521484375
step = 3730: loss = 15146.431640625
step = 3740: loss = 3086.4013671875
step = 3750: loss = 582.8602905273438
step = 3760: loss = 911.2431640625
step = 3770: loss = 1107.984130859375
step = 3780: loss = 1072.5860595703125
step = 3790: loss = 1711.109375
step = 3800: loss = 1641.7623291015625
step = 3800: Average Return = (1.9499915, 1.9499915838241577, 1.9499915838241577, 1.9499914646148682, 1.9499914646148682)
step = 3810: loss = 1472.849853515625
step = 3820: loss = 1397.858642578125
step = 3830: loss = 4778.7607421875
step = 3840: loss = 4295.78857421875
step = 3850: loss = 1945.345458984375
step = 3860: loss = 3961.342041015625
step = 3870: loss = 5643.62890625
step = 3880: loss = 4042.048095703125
step = 3890: loss = 10928.951171875
step = 3900: loss = 5238.2333984375
step = 3900: Average Return = (1.9499915, 1.9499915838241577, 1.9499915838241577, 1.9499914646148682, 1.9499914646148682)
step = 3910: loss = 6664.04052734375
step = 3920: loss = 8527.6357421875
step = 3930: loss = 5120.3037109375
step = 3940: loss = 591.9872436523438
step = 3950: loss = 21506.958984375
step = 3960: loss = 16899.9921875
step = 3970: loss = 5814.39697265625
step = 3980: loss = 10319.912109375
step = 3990: loss = 10596.86328125
step = 4000: loss = 6784.8037109375
step = 4000: Average Return = (1.9499915, 1.9499915838241577, 1.9499915838241577, 1.9499914646148682, 1.9499914646148682)
step = 4010: loss = 3861.80908203125
step = 4020: loss = 1889.7706298828125
step = 4030: loss = 2089.479248046875
step = 4040: loss = 1909.594970703125
step = 4050: loss = 2286.224365234375
step = 4060: loss = 884.904541015625
step = 4070: loss = 2732.9619140625
step = 4080: loss = 4127.60009765625
step = 4090: loss = 9757.0302734375
step = 4100: loss = 5802.984375
step = 4100: Average Return = (1.9499915, 1.9499915838241577, 1.9499915838241577, 1.9499914646148682, 1.9499914646148682)
step = 4110: loss = 2170.6015625
step = 4120: loss = 4436.3876953125
step = 4130: loss = 11024.369140625
step = 4140: loss = 2104.08251953125
step = 4150: loss = 8326.8388671875
step = 4160: loss = 26973.78515625
step = 4170: loss = 6182.6396484375
step = 4180: loss = 29714.1328125
step = 4190: loss = 28568.6953125
step = 4200: loss = 61415.37109375
step = 4200: Average Return = (1.9499915, 1.9499915838241577, 1.9499915838241577, 1.9499914646148682, 1.9499914646148682)
step = 4210: loss = 113384.1015625
step = 4220: loss = 50105.16796875
step = 4230: loss = 31550.5234375
step = 4240: loss = 137180.578125
step = 4250: loss = 107438.890625
step = 4260: loss = 366533.125
step = 4270: loss = 245799.03125
step = 4280: loss = 56386.0546875
step = 4290: loss = 100440.21875
step = 4300: loss = 136933.4375
step = 4300: Average Return = (1.9499915, 1.9499915838241577, 1.9499915838241577, 1.9499914646148682, 1.9499914646148682)
step = 4310: loss = 88601.34375
step = 4320: loss = 49692.4296875
step = 4330: loss = 30553.46875
step = 4340: loss = 20040.955078125
step = 4350: loss = 17133.34765625
step = 4360: loss = 2269.08349609375
step = 4370: loss = 39993.46484375
step = 4380: loss = 26928.291015625
step = 4390: loss = 36438.6171875
step = 4400: loss = 47360.375
step = 4400: Average Return = (1.9499915, 1.9499915838241577, 1.9499915838241577, 1.9499914646148682, 1.9499914646148682)
step = 4410: loss = 32957.04296875
step = 4420: loss = 28442.73046875
step = 4430: loss = 632851.375
step = 4440: loss = 6206580.0
step = 4450: loss = 34207856.0
step = 4460: loss = 389094944.0
step = 4470: loss = 1510822400.0
step = 4480: loss = 2069160192.0
step = 4490: loss = 5626248704.0
step = 4500: loss = 5190910976.0
step = 4500: Average Return = (1.9499915, 1.9499915838241577, 1.9499915838241577, 1.9499914646148682, 1.9499914646148682)
step = 4510: loss = 2851301120.0
step = 4520: loss = 12607350784.0
step = 4530: loss = 5895157248.0
step = 4540: loss = 1722273792.0
step = 4550: loss = 12481371136.0
step = 4560: loss = 28876705792.0
step = 4570: loss = 13749250048.0
step = 4580: loss = 19546562560.0
step = 4590: loss = 6055305216.0
step = 4600: loss = 13035710464.0
step = 4600: Average Return = (1.9499915, 1.9499915838241577, 1.9499915838241577, 1.9499914646148682, 1.9499914646148682)
step = 4610: loss = 1423199104.0
step = 4620: loss = 2118986496.0
step = 4630: loss = 3805941760.0
step = 4640: loss = 3115935232.0
step = 4650: loss = 3899939840.0
step = 4660: loss = 602580544.0
step = 4670: loss = 2519795456.0
step = 4680: loss = 1570099200.0
step = 4690: loss = 569877248.0
step = 4700: loss = 169186944.0
step = 4700: Average Return = (1.9499915, 1.9499915838241577, 1.9499915838241577, 1.9499914646148682, 1.9499914646148682)
step = 4710: loss = 35683928.0
step = 4720: loss = 13702718.0
step = 4730: loss = 3895249.5
step = 4740: loss = 803741.25
step = 4750: loss = 4105395.5
step = 4760: loss = 1392082.875
step = 4770: loss = 2185357.25
step = 4780: loss = 469992.65625
step = 4790: loss = 686075.75
step = 4800: loss = 1055443.75
step = 4800: Average Return = (1.9499915, 1.9499915838241577, 1.9499915838241577, 1.9499914646148682, 1.9499914646148682)
step = 4810: loss = 3027976.75
step = 4820: loss = 1407037.375
step = 4830: loss = 2023908.75
step = 4840: loss = 1897971.875
step = 4850: loss = 2009932.625
step = 4860: loss = 4290752.0
step = 4870: loss = 3660735.75
step = 4880: loss = 226587.78125
step = 4890: loss = 18008.845703125
step = 4900: loss = 16886.1796875
step = 4900: Average Return = (1.9499915, 1.9499915838241577, 1.9499915838241577, 1.9499914646148682, 1.9499914646148682)
step = 4910: loss = 52084.28125
step = 4920: loss = 15198.23046875
step = 4930: loss = 24062.29296875
step = 4940: loss = 24966.869140625
step = 4950: loss = 83931.890625
step = 4960: loss = 27235.1640625
step = 4970: loss = 42476.484375
step = 4980: loss = 68606.921875
step = 4990: loss = 29234.87890625
step = 5000: loss = 17696.171875
step = 5000: Average Return = (2.0699916, 2.0355616042256357, 2.149991512298584, 1.9720120429992676, 2.167971134185791)
Violations during Learning: 3
Violations after Learning: 0
_OBSERVATION
