Write to file ./models_storm/intercept_eval_model.drn.
Starting RL:

Random policy return: ((-13.0, -12.0, -1.7114000000000011, 0.0, 6.010522842407227), [-12.0, -7.0, -49.0, 0.0, -10.0, -2.0, -49.0, 6.0, 5.0, -12.0])
step = 10: loss = 110329.609375
step = 20: loss = 66801.328125
step = 30: loss = 68200.9453125
step = 40: loss = 55858.4453125
step = 50: loss = 185574.75
step = 60: loss = 37933.953125
step = 70: loss = 17871.69140625
step = 80: loss = 34637.6171875
step = 90: loss = 11890.8828125
step = 100: loss = 624430.1875
step = 100: Average Return = (-22.7, -30.174599999999998, -9.701300000000005, 0.0, 0.0)
step = 110: loss = 137002.78125
step = 120: loss = 66279.25
step = 130: loss = 31551.44140625
step = 140: loss = 14215.369140625
step = 150: loss = 2189.888671875
step = 160: loss = 1482.0546875
step = 170: loss = 2405.8857421875
step = 180: loss = 503.4678649902344
step = 190: loss = 262.2651672363281
step = 200: loss = 88.14567565917969
step = 200: Average Return = (-21.2, -31.2987, -7.845600000000005, 0.0, 0.0)
step = 210: loss = 29.973915100097656
step = 220: loss = 3.8617849349975586
step = 230: loss = 4.4335036277771
step = 240: loss = 4.406333923339844
step = 250: loss = 2.815237045288086
step = 260: loss = 4.682721138000488
step = 270: loss = 4.885183334350586
step = 280: loss = 3.2881157398223877
step = 290: loss = 2.142709732055664
step = 300: loss = 3.6834301948547363
step = 300: Average Return = (-3.5, -5.4329, -1.8557000000000006, 0.0, 0.7249259948730469)
step = 310: loss = 3.5422894954681396
step = 320: loss = 1.3403620719909668
step = 330: loss = 7.265875816345215
step = 340: loss = 8.187744140625
step = 350: loss = 3.959284782409668
step = 360: loss = 6.291463851928711
step = 370: loss = 1.919062614440918
step = 380: loss = 4.929132461547852
step = 390: loss = 3.8067591190338135
step = 400: loss = 4.164000511169434
step = 400: Average Return = (-21.1, -25.896099999999997, -10.134200000000003, 0.0, 0.0)
step = 410: loss = 3.5686795711517334
step = 420: loss = 5.359321117401123
step = 430: loss = 4.952392101287842
step = 440: loss = 1.3918273448944092
step = 450: loss = 1.4814509153366089
step = 460: loss = 1.1612955331802368
step = 470: loss = 1.2983193397521973
step = 480: loss = 2.4005606174468994
step = 490: loss = 4.5942840576171875
step = 500: loss = 6.310575008392334
step = 500: Average Return = (-3.4, -3.154399999999999, 0.14429999999999943, 0.0, 2.0074024200439453)
step = 510: loss = 6.7156171798706055
step = 520: loss = 6.3635969161987305
step = 530: loss = 6.281626224517822
step = 540: loss = 5.888818264007568
step = 550: loss = 7.444868087768555
step = 560: loss = 3.864041566848755
step = 570: loss = 9.280105590820312
step = 580: loss = 3.82793927192688
step = 590: loss = 10.151029586791992
step = 600: loss = 5.559681415557861
step = 600: Average Return = (-10.6, -11.5772, -2.8557000000000006, 0.0, 1.5260047912597656)
step = 610: loss = 8.825039863586426
step = 620: loss = 1.652087688446045
step = 630: loss = 6.52897310256958
step = 640: loss = 3.0444979667663574
step = 650: loss = 4.204640865325928
step = 660: loss = 1.3965648412704468
step = 670: loss = 1.369276523590088
step = 680: loss = 2.9185595512390137
step = 690: loss = 3.3384110927581787
step = 700: loss = 4.904092311859131
step = 700: Average Return = (-26.8, -40.154399999999995, -19.124100000000006, 0.0, 0.0)
step = 710: loss = 3.054866313934326
step = 720: loss = 5.416872024536133
step = 730: loss = 2.7112276554107666
step = 740: loss = 2.7560887336730957
step = 750: loss = 4.357148170471191
step = 760: loss = 4.442014694213867
step = 770: loss = 4.000385761260986
step = 780: loss = 2.3682217597961426
step = 790: loss = 3.065265417098999
step = 800: loss = 2.4983115196228027
step = 800: Average Return = (-19.8, -23.328999999999997, -6.567100000000002, 0.0, 0.3534126281738281)
step = 810: loss = 2.5681040287017822
step = 820: loss = 0.9707319140434265
step = 830: loss = 1.226431131362915
step = 840: loss = 2.8087077140808105
step = 850: loss = 1.5063894987106323
step = 860: loss = 1.1124905347824097
step = 870: loss = 1.471222162246704
step = 880: loss = 1.389005184173584
step = 890: loss = 1.349982738494873
step = 900: loss = 1.3517355918884277
step = 900: Average Return = (-6.6, -6.144299999999999, -1.7114000000000011, 0.0, 5.468139171600342)
step = 910: loss = 1.9019529819488525
step = 920: loss = 4.788008689880371
step = 930: loss = 3.122157096862793
step = 940: loss = 3.111572265625
step = 950: loss = 4.714534282684326
step = 960: loss = 1.1518244743347168
step = 970: loss = 5.91422700881958
step = 980: loss = 1.6411256790161133
step = 990: loss = 1.5755999088287354
step = 1000: loss = 1.0942234992980957
step = 1000: Average Return = (-15.4, -15.1443, -6.0, 0.0, 0.0)
step = 1010: loss = 1.7272801399230957
step = 1020: loss = 5.763086318969727
step = 1030: loss = 2.9974820613861084
step = 1040: loss = 0.719982385635376
step = 1050: loss = 0.6777921319007874
step = 1060: loss = 11.804487228393555
step = 1070: loss = 1.9473670721054077
step = 1080: loss = 4.197370529174805
step = 1090: loss = 3.96292781829834
step = 1100: loss = 8.411384582519531
step = 1100: Average Return = (-3.4, -5.0, 1.1442999999999994, 0.0, 4.0323615074157715)
step = 1110: loss = 3.473562240600586
step = 1120: loss = 7.536767482757568
step = 1130: loss = 1.523026943206787
step = 1140: loss = 6.6467695236206055
step = 1150: loss = 0.8126475214958191
step = 1160: loss = 0.8396814465522766
step = 1170: loss = 1.2962231636047363
step = 1180: loss = 1.3763837814331055
step = 1190: loss = 0.8284692764282227
step = 1200: loss = 1.0548713207244873
step = 1200: Average Return = (-32.2, -49.0, -28.681100000000015, 0.0, 0.0)
step = 1210: loss = 1.1022121906280518
step = 1220: loss = 1.0649878978729248
step = 1230: loss = 1.4735488891601562
step = 1240: loss = 1.3278270959854126
step = 1250: loss = 1.1501545906066895
step = 1260: loss = 0.9236079454421997
step = 1270: loss = 1.1662628650665283
step = 1280: loss = 1.8193199634552002
step = 1290: loss = 4.4113054275512695
step = 1300: loss = 7.221162796020508
step = 1300: Average Return = (-21.0, -32.3088, -7.0, 0.0, 0.0)
step = 1310: loss = 32.394187927246094
step = 1320: loss = 36.586814880371094
step = 1330: loss = 13.347543716430664
step = 1340: loss = 7.507973670959473
step = 1350: loss = 10.734601020812988
step = 1360: loss = 4.126160621643066
step = 1370: loss = 0.9287778735160828
step = 1380: loss = 2.3322484493255615
step = 1390: loss = 0.6377848386764526
step = 1400: loss = 0.601914644241333
step = 1400: Average Return = (-20.2, -27.7215, -5.422800000000002, 0.0, 0.0)
step = 1410: loss = 1.0654232501983643
step = 1420: loss = 0.5364034175872803
step = 1430: loss = 0.9285898208618164
step = 1440: loss = 0.6516245603561401
step = 1450: loss = 0.6610530614852905
step = 1460: loss = 1.1998412609100342
step = 1470: loss = 0.8686429262161255
step = 1480: loss = 1.1958997249603271
step = 1490: loss = 0.8746941089630127
step = 1500: loss = 0.5198771357536316
step = 1500: Average Return = (0.4, -0.4328999999999996, 5.288599999999999, 0.0, 7.641546726226807)
step = 1510: loss = 0.5583469867706299
step = 1520: loss = 0.798783004283905
step = 1530: loss = 0.8622254729270935
step = 1540: loss = 1.033697247505188
step = 1550: loss = 3.6838207244873047
step = 1560: loss = 2.2387537956237793
step = 1570: loss = 0.8340848088264465
step = 1580: loss = 0.7171140909194946
step = 1590: loss = 6.153512477874756
step = 1600: loss = 4.200910568237305
step = 1600: Average Return = (-12.9, -15.4329, -9.422800000000002, 0.0, 0.0)
step = 1610: loss = 7.1772074699401855
step = 1620: loss = 2.228933572769165
step = 1630: loss = 2.535736560821533
step = 1640: loss = 3.040508270263672
step = 1650: loss = 1.118567705154419
step = 1660: loss = 2.323967456817627
step = 1670: loss = 4.295486927032471
step = 1680: loss = 6.167269706726074
step = 1690: loss = 8.194948196411133
step = 1700: loss = 6.798796653747559
step = 1700: Average Return = (-3.3, -5.144299999999999, -0.27850000000000286, 0.0, 4.800000190734863)
step = 1710: loss = 6.858462333679199
step = 1720: loss = 6.837625980377197
step = 1730: loss = 19.820911407470703
step = 1740: loss = 27.74247169494629
step = 1750: loss = 22.944473266601562
step = 1760: loss = 5.686054706573486
step = 1770: loss = 21.89508819580078
step = 1780: loss = 24.977815628051758
step = 1790: loss = 108.14485168457031
step = 1800: loss = 118.43537902832031
step = 1800: Average Return = (-15.7, -23.597399999999997, 2.1442999999999994, 0.0, 5.324032783508301)
step = 1810: loss = 429.1325988769531
step = 1820: loss = 400.170654296875
step = 1830: loss = 333.24945068359375
step = 1840: loss = 342.8036193847656
step = 1850: loss = 773.895263671875
step = 1860: loss = 1181.558837890625
step = 1870: loss = 183.9613037109375
step = 1880: loss = 77.7674560546875
step = 1890: loss = 163.99850463867188
step = 1900: loss = 49.452877044677734
step = 1900: Average Return = (-21.9, -36.1645, -2.8557000000000006, 0.0, 0.0)
step = 1910: loss = 75.38203430175781
step = 1920: loss = 236.4975128173828
step = 1930: loss = 99.16195678710938
step = 1940: loss = 191.7871551513672
step = 1950: loss = 67.05432891845703
step = 1960: loss = 48.93657302856445
step = 1970: loss = 64.15776824951172
step = 1980: loss = 12.539573669433594
step = 1990: loss = 33.68136978149414
step = 2000: loss = 46.30302429199219
step = 2000: Average Return = (-24.3, -42.154399999999995, -9.0, 0.0, 0.0)
step = 2010: loss = 194.99893188476562
step = 2020: loss = 1990.348388671875
step = 2030: loss = 4360.658203125
step = 2040: loss = 3325.342041015625
step = 2050: loss = 545.8707275390625
step = 2060: loss = 886.2526245117188
step = 2070: loss = 5555.623046875
step = 2080: loss = 3461.82568359375
step = 2090: loss = 413.4806213378906
step = 2100: loss = 29.003238677978516
step = 2100: Average Return = (-22.1, -29.5873, -12.845600000000005, 0.0, 0.0)
step = 2110: loss = 11.67823314666748
step = 2120: loss = 10.466224670410156
step = 2130: loss = 2.688192844390869
step = 2140: loss = 4.756047248840332
step = 2150: loss = 4.196971893310547
step = 2160: loss = 4.134528160095215
step = 2170: loss = 3.559053897857666
step = 2180: loss = 2.5698065757751465
step = 2190: loss = 2.967503547668457
step = 2200: loss = 2.483466625213623
step = 2200: Average Return = (-18.7, -21.617599999999996, -4.422800000000002, 0.0, 2.1329078674316406)
step = 2210: loss = 3.56369686126709
step = 2220: loss = 1.8965373039245605
step = 2230: loss = 4.94683837890625
step = 2240: loss = 1.320103645324707
step = 2250: loss = 1.9066057205200195
step = 2260: loss = 3.1485209465026855
step = 2270: loss = 3.2411205768585205
step = 2280: loss = 6.012368202209473
step = 2290: loss = 8.5577974319458
step = 2300: loss = 4.047467231750488
step = 2300: Average Return = (-1.5, -3.2885999999999997, 1.0, 0.0, 2.5311288833618164)
step = 2310: loss = 5.037174224853516
step = 2320: loss = 4.046488285064697
step = 2330: loss = 14.225957870483398
step = 2340: loss = 5.357335567474365
step = 2350: loss = 5.2148237228393555
step = 2360: loss = 6.23004150390625
step = 2370: loss = 8.459379196166992
step = 2380: loss = 1.6398066282272339
step = 2390: loss = 0.6119869947433472
step = 2400: loss = 3.539246082305908
step = 2400: Average Return = (-23.2, -29.318899999999996, -6.855700000000001, 0.0, 0.0)
step = 2410: loss = 6.452846527099609
step = 2420: loss = 1.428342580795288
step = 2430: loss = 2.692570209503174
step = 2440: loss = 3.8463892936706543
step = 2450: loss = 2.85697865486145
step = 2460: loss = 2.736478090286255
step = 2470: loss = 7.297053337097168
step = 2480: loss = 4.317434787750244
step = 2490: loss = 2.7605204582214355
step = 2500: loss = 6.920987606048584
step = 2500: Average Return = (-17.3, -16.442999999999998, -10.412700000000006, 0.0, 0.5384426116943359)
step = 2510: loss = 4.623537063598633
step = 2520: loss = 1.9796712398529053
step = 2530: loss = 2.8346056938171387
step = 2540: loss = 4.837162017822266
step = 2550: loss = 2.1069536209106445
step = 2560: loss = 1.1110734939575195
step = 2570: loss = 0.8875840902328491
step = 2580: loss = 0.8237480521202087
step = 2590: loss = 2.4169111251831055
step = 2600: loss = 0.8966864347457886
step = 2600: Average Return = (-11.2, -12.5772, -3.711400000000001, 0.0, 3.2346811294555664)
step = 2610: loss = 1.031232237815857
step = 2620: loss = 0.8779603838920593
step = 2630: loss = 1.0384862422943115
step = 2640: loss = 0.9219722151756287
step = 2650: loss = 0.7417761087417603
step = 2660: loss = 0.7783321142196655
step = 2670: loss = 0.8552740812301636
step = 2680: loss = 0.7105806469917297
step = 2690: loss = 0.8367897868156433
step = 2700: loss = 1.0306341648101807
step = 2700: Average Return = (-17.2, -32.154399999999995, -1.4228000000000023, 0.0, 3.8845901489257812)
step = 2710: loss = 1.0080080032348633
step = 2720: loss = 1.2463045120239258
step = 2730: loss = 1.3251054286956787
step = 2740: loss = 1.4196009635925293
step = 2750: loss = 1.2568767070770264
step = 2760: loss = 1.1857482194900513
step = 2770: loss = 6.154628753662109
step = 2780: loss = 4.005111217498779
step = 2790: loss = 8.261157035827637
step = 2800: loss = 2.7431411743164062
step = 2800: Average Return = (-9.4, -10.1443, -1.8557000000000006, 0.0, 1.297663688659668)
step = 2810: loss = 5.091935634613037
step = 2820: loss = 8.244869232177734
step = 2830: loss = 2.8135390281677246
step = 2840: loss = 4.449000358581543
step = 2850: loss = 7.753072261810303
step = 2860: loss = 5.526431083679199
step = 2870: loss = 5.198713779449463
step = 2880: loss = 2.6244821548461914
step = 2890: loss = 4.143148422241211
step = 2900: loss = 3.1856131553649902
step = 2900: Average Return = (-4.0, -8.288599999999999, -0.7114000000000011, 0.0, 2.511528491973877)
step = 2910: loss = 2.8363847732543945
step = 2920: loss = 3.809839963912964
step = 2930: loss = 0.8554689884185791
step = 2940: loss = 0.9219144582748413
step = 2950: loss = 1.922310471534729
step = 2960: loss = 4.782164096832275
step = 2970: loss = 4.210899829864502
step = 2980: loss = 5.065394401550293
step = 2990: loss = 2.731266736984253
step = 3000: loss = 5.6998701095581055
step = 3000: Average Return = (-17.6, -25.7316, -3.4228000000000023, 0.0, 2.068248748779297)
step = 3010: loss = 7.125282287597656
step = 3020: loss = 2.255019187927246
step = 3030: loss = 3.8873579502105713
step = 3040: loss = 2.5016870498657227
step = 3050: loss = 1.975081205368042
step = 3060: loss = 0.5697880983352661
step = 3070: loss = 0.6754643321037292
step = 3080: loss = 0.5637117624282837
step = 3090: loss = 0.5487592816352844
step = 3100: loss = 0.5333644151687622
step = 3100: Average Return = (-23.0, -34.4531, -4.0, 0.0, 0.0)
step = 3110: loss = 0.32437384128570557
step = 3120: loss = 0.5899020433425903
step = 3130: loss = 0.49232566356658936
step = 3140: loss = 0.47074297070503235
step = 3150: loss = 1.168669581413269
step = 3160: loss = 1.0205858945846558
step = 3170: loss = 0.6860653162002563
step = 3180: loss = 0.8159654140472412
step = 3190: loss = 0.8321071863174438
step = 3200: loss = 0.4303664565086365
step = 3200: Average Return = (-16.5, -28.1443, -6.567100000000002, 0.0, 0.0)
step = 3210: loss = 0.5268332958221436
step = 3220: loss = 0.45522022247314453
step = 3230: loss = 0.6445170044898987
step = 3240: loss = 0.4380344748497009
step = 3250: loss = 0.5106686949729919
step = 3260: loss = 0.5345908999443054
step = 3270: loss = 2.9081575870513916
step = 3280: loss = 0.7056277990341187
step = 3290: loss = 0.6354951858520508
step = 3300: loss = 3.9890615940093994
step = 3300: Average Return = (-31.8, -49.0, -14.8557, 0.0, 0.0)
step = 3310: loss = 3.3683762550354004
step = 3320: loss = 4.304970741271973
step = 3330: loss = 2.518845319747925
step = 3340: loss = 1.6240124702453613
step = 3350: loss = 1.7941876649856567
step = 3360: loss = 0.34607887268066406
step = 3370: loss = 2.3339221477508545
step = 3380: loss = 0.39771103858947754
step = 3390: loss = 0.32877904176712036
step = 3400: loss = 0.7139206528663635
step = 3400: Average Return = (-0.9, -5.0, 2.1442999999999994, 0.0, 3.8843493461608887)
step = 3410: loss = 0.517829954624176
step = 3420: loss = 2.6134724617004395
step = 3430: loss = 0.4297870993614197
step = 3440: loss = 0.24153029918670654
step = 3450: loss = 0.5889815092086792
step = 3460: loss = 0.47613632678985596
step = 3470: loss = 2.166259765625
step = 3480: loss = 0.6600571870803833
step = 3490: loss = 1.0825691223144531
step = 3500: loss = 0.5225245356559753
step = 3500: Average Return = (1.3, 0.0, 3.4328999999999983, 0.0, 6.280963897705078)
step = 3510: loss = 0.3393130302429199
step = 3520: loss = 0.605980396270752
step = 3530: loss = 2.403287172317505
step = 3540: loss = 3.5291481018066406
step = 3550: loss = 1.3869714736938477
step = 3560: loss = 3.763249397277832
step = 3570: loss = 0.6439113020896912
step = 3580: loss = 6.808919906616211
step = 3590: loss = 5.477996826171875
step = 3600: loss = 3.720275402069092
step = 3600: Average Return = (-18.7, -25.040399999999998, -0.5671000000000017, 0.0, 2.928915023803711)
step = 3610: loss = 0.7725924849510193
step = 3620: loss = 1.7038265466690063
step = 3630: loss = 0.7497381567955017
step = 3640: loss = 1.0283448696136475
step = 3650: loss = 0.3563460111618042
step = 3660: loss = 0.5184608697891235
step = 3670: loss = 0.6016485691070557
step = 3680: loss = 0.37109652161598206
step = 3690: loss = 0.3276679515838623
step = 3700: loss = 0.33043742179870605
step = 3700: Average Return = (-17.6, -19.010099999999998, -10.711400000000001, 0.0, 0.0)
step = 3710: loss = 0.37376946210861206
step = 3720: loss = 0.7471070885658264
step = 3730: loss = 1.3211629390716553
step = 3740: loss = 2.3036160469055176
step = 3750: loss = 1.8940256834030151
step = 3760: loss = 2.0093164443969727
step = 3770: loss = 2.324795961380005
step = 3780: loss = 0.5732510089874268
step = 3790: loss = 0.3343445658683777
step = 3800: loss = 0.37119847536087036
step = 3800: Average Return = (-2.4, -6.0, 4.288599999999999, 0.0, 6.646545886993408)
step = 3810: loss = 4.175605773925781
step = 3820: loss = 0.5391328930854797
step = 3830: loss = 0.5281408429145813
step = 3840: loss = 1.4564640522003174
step = 3850: loss = 8.01934814453125
step = 3860: loss = 16.849624633789062
step = 3870: loss = 17.218429565429688
step = 3880: loss = 4.979087829589844
step = 3890: loss = 3.5673341751098633
step = 3900: loss = 7.670466899871826
step = 3900: Average Return = (-30.6, -37.8759, -22.422800000000002, 0.0, 0.0)
step = 3910: loss = 3.5641062259674072
step = 3920: loss = 1.5088965892791748
step = 3930: loss = 0.4516213536262512
step = 3940: loss = 0.88152676820755
step = 3950: loss = 0.4109812378883362
step = 3960: loss = 0.45463135838508606
step = 3970: loss = 0.5062453746795654
step = 3980: loss = 0.5101367831230164
step = 3990: loss = 0.4271014332771301
step = 4000: loss = 2.413939952850342
step = 4000: Average Return = (-19.7, -19.308799999999998, -11.0, 0.0, 0.0)
step = 4010: loss = 0.28880658745765686
step = 4020: loss = 2.3331809043884277
step = 4030: loss = 2.2436327934265137
step = 4040: loss = 4.375349044799805
step = 4050: loss = 0.5778956413269043
step = 4060: loss = 1.6356141567230225
step = 4070: loss = 3.0171051025390625
step = 4080: loss = 1.300217866897583
step = 4090: loss = 2.0392775535583496
step = 4100: loss = 3.9935526847839355
step = 4100: Average Return = (-4.5, -3.154399999999999, 1.0, 0.0, 4.186195373535156)
step = 4110: loss = 1.605271577835083
step = 4120: loss = 1.925550937652588
step = 4130: loss = 5.431816101074219
step = 4140: loss = 4.745945453643799
step = 4150: loss = 2.4072694778442383
step = 4160: loss = 0.5500319004058838
step = 4170: loss = 1.8764153718948364
step = 4180: loss = 0.6200798749923706
step = 4190: loss = 7.0167341232299805
step = 4200: loss = 4.335150241851807
step = 4200: Average Return = (-6.6, -7.2886, 1.0, 0.0, 3.6293692588806152)
step = 4210: loss = 1.5164839029312134
step = 4220: loss = 3.093374490737915
step = 4230: loss = 2.3138132095336914
step = 4240: loss = 2.417567253112793
step = 4250: loss = 10.851624488830566
step = 4260: loss = 2.215035915374756
step = 4270: loss = 3.178109884262085
step = 4280: loss = 3.091295003890991
step = 4290: loss = 1.421282172203064
step = 4300: loss = 5.042333126068115
step = 4300: Average Return = (0.1, -1.2885999999999997, 4.0, 0.0, 5.764803409576416)
step = 4310: loss = 0.46214982867240906
step = 4320: loss = 2.6866602897644043
step = 4330: loss = 1.9384387731552124
step = 4340: loss = 4.275169849395752
step = 4350: loss = 0.9906997084617615
step = 4360: loss = 0.26008325815200806
step = 4370: loss = 2.3496804237365723
step = 4380: loss = 0.6321701407432556
step = 4390: loss = 0.5271798372268677
step = 4400: loss = 0.98387211561203
step = 4400: Average Return = (-20.9, -27.1443, -18.2785, 0.0, 0.0)
step = 4410: loss = 1.220888614654541
step = 4420: loss = 0.6360359191894531
step = 4430: loss = 0.8723957538604736
step = 4440: loss = 0.706253170967102
step = 4450: loss = 2.283754825592041
step = 4460: loss = 0.8503389358520508
step = 4470: loss = 2.1186134815216064
step = 4480: loss = 2.4022481441497803
step = 4490: loss = 3.144967555999756
step = 4500: loss = 1.907433032989502
step = 4500: Average Return = (-24.8, -49.0, -14.422800000000002, 0.0, 0.0)
step = 4510: loss = 2.651521921157837
step = 4520: loss = 0.712474524974823
step = 4530: loss = 1.9769461154937744
step = 4540: loss = 1.7074592113494873
step = 4550: loss = 0.3882390856742859
step = 4560: loss = 2.188420295715332
step = 4570: loss = 0.8355202674865723
step = 4580: loss = 0.4740244746208191
step = 4590: loss = 2.6718997955322266
step = 4600: loss = 3.103341817855835
step = 4600: Average Return = (-12.0, -24.7215, 5.0, 0.0, 10.0)
step = 4610: loss = 11.348884582519531
step = 4620: loss = 3.9674088954925537
step = 4630: loss = 8.626466751098633
step = 4640: loss = 8.798731803894043
step = 4650: loss = 6.20045804977417
step = 4660: loss = 11.991032600402832
step = 4670: loss = 7.424454689025879
step = 4680: loss = 2.235447883605957
step = 4690: loss = 3.4918789863586426
step = 4700: loss = 3.416881561279297
step = 4700: Average Return = (-17.9, -21.010099999999998, -8.134200000000003, 0.0, 0.06913948059082031)
step = 4710: loss = 1.1146517992019653
step = 4720: loss = 2.646149158477783
step = 4730: loss = 1.9757133722305298
step = 4740: loss = 0.6082385182380676
step = 4750: loss = 0.35402682423591614
step = 4760: loss = 0.7486459016799927
step = 4770: loss = 1.6410670280456543
step = 4780: loss = 2.71907114982605
step = 4790: loss = 0.49093157052993774
step = 4800: loss = 0.44302451610565186
step = 4800: Average Return = (-10.3, -13.442999999999998, -4.278500000000003, 0.0, 1.9641752243041992)
step = 4810: loss = 0.33548328280448914
step = 4820: loss = 0.305892676115036
step = 4830: loss = 0.2843184471130371
step = 4840: loss = 2.481566905975342
step = 4850: loss = 5.196902751922607
step = 4860: loss = 3.627016305923462
step = 4870: loss = 2.512976884841919
step = 4880: loss = 0.35863474011421204
step = 4890: loss = 1.1605345010757446
step = 4900: loss = 3.3661060333251953
step = 4900: Average Return = (-32.4, -49.0, -25.7114, 0.0, 0.0)
step = 4910: loss = 1.6104764938354492
step = 4920: loss = 8.53165340423584
step = 4930: loss = 6.700624465942383
step = 4940: loss = 4.885892868041992
step = 4950: loss = 2.996156692504883
step = 4960: loss = 5.246028423309326
step = 4970: loss = 3.5287694931030273
step = 4980: loss = 4.978991508483887
step = 4990: loss = 7.177264213562012
step = 5000: loss = 2.8721554279327393
step = 5000: Average Return = (3.3, 3.7114000000000003, 5.0, 0.7682020664215088, 5.8317975997924805)
Violations during Learning: 20
Violations after Learning: 0
_OBSERVATION
