Write to file ./models_storm/intercept_eval_model.drn.
Starting RL:

Random policy return: ((-7.5, -16.1443, 3.5771999999999977, 0.0, 6.629755973815918), [7.0, -7.0, -17.0, -38.0, -2.0, 7.0, -19.0, 7.0, -16.0, 3.0])
step = 10: loss = 0.2512979209423065
step = 20: loss = 0.08179676532745361
step = 30: loss = 0.004963904619216919
step = 40: loss = -0.39146852493286133
step = 50: loss = -0.6556147336959839
step = 60: loss = -0.699670672416687
step = 70: loss = -0.8715655207633972
step = 80: loss = -0.9721041321754456
step = 90: loss = -1.088780403137207
step = 100: loss = -1.2465076446533203
step = 100: Average Return = (1.1, 1.8557000000000001, 3.0, 0.0, 6.362128734588623)
step = 110: loss = -1.3763887882232666
step = 120: loss = -1.5202841758728027
step = 130: loss = -1.6477240324020386
step = 140: loss = -1.7950966358184814
step = 150: loss = -1.9370505809783936
step = 160: loss = -2.0778746604919434
step = 170: loss = -2.2334048748016357
step = 180: loss = -2.3716366291046143
step = 190: loss = -2.5255703926086426
step = 200: loss = -2.785750389099121
step = 200: Average Return = (3.7, 2.8557, 5.144299999999999, 1.4174575805664062, 5.982542514801025)
step = 210: loss = -3.0286710262298584
step = 220: loss = -3.109788179397583
step = 230: loss = -3.3162083625793457
step = 240: loss = -3.4817516803741455
step = 250: loss = -3.49985671043396
step = 260: loss = -3.62028169631958
step = 270: loss = -3.7628352642059326
step = 280: loss = -3.9044511318206787
step = 290: loss = -4.0103654861450195
step = 300: loss = -4.198969841003418
step = 300: Average Return = (1.1, 1.5671000000000004, 4.144299999999999, 0.0, 6.834980010986328)
step = 310: loss = -4.738098621368408
step = 320: loss = -4.5558342933654785
step = 330: loss = -4.623298168182373
step = 340: loss = -5.943490982055664
step = 350: loss = -4.963291168212891
step = 360: loss = -5.153421401977539
step = 370: loss = -5.328010559082031
step = 380: loss = -5.949182033538818
step = 390: loss = -6.99829626083374
step = 400: loss = -5.7755045890808105
step = 400: Average Return = (-3.6, -8.1443, 1.2885999999999989, 0.0, 3.6965746879577637)
step = 410: loss = -5.8391947746276855
step = 420: loss = -7.022124767303467
step = 430: loss = -6.168604373931885
step = 440: loss = -6.805572032928467
step = 450: loss = -6.488480567932129
step = 460: loss = -7.100214958190918
step = 470: loss = -7.287784576416016
step = 480: loss = -6.872838020324707
step = 490: loss = -6.961050033569336
step = 500: loss = -7.156548023223877
step = 500: Average Return = (1.1, -0.4328999999999996, 3.4328999999999983, 0.0, 5.604442119598389)
step = 510: loss = -7.231292724609375
step = 520: loss = -7.325033664703369
step = 530: loss = -7.581137180328369
step = 540: loss = -7.707487106323242
step = 550: loss = -7.989809989929199
step = 560: loss = -8.710762977600098
step = 570: loss = -8.217626571655273
step = 580: loss = -8.384044647216797
step = 590: loss = -8.607680320739746
step = 600: loss = -9.353878021240234
step = 600: Average Return = (-2.9, -7.5771999999999995, 4.144299999999999, 0.0, 5.005061626434326)
step = 610: loss = -8.895377159118652
step = 620: loss = -9.801904678344727
step = 630: loss = -9.077903747558594
step = 640: loss = -10.108283042907715
step = 650: loss = -10.079740524291992
step = 660: loss = -9.510026931762695
step = 670: loss = -9.59084415435791
step = 680: loss = -9.825510025024414
step = 690: loss = -9.830510139465332
step = 700: loss = -9.978157043457031
step = 700: Average Return = (1.2, -0.15439999999999898, 6.0, 0.0, 7.4896745681762695)
step = 710: loss = -10.127047538757324
step = 720: loss = -10.28207015991211
step = 730: loss = -10.44245433807373
step = 740: loss = -10.653194427490234
step = 750: loss = -10.879916191101074
step = 760: loss = -12.02361011505127
step = 770: loss = -11.170123100280762
step = 780: loss = -11.4075927734375
step = 790: loss = -12.437408447265625
step = 800: loss = -11.626274108886719
step = 800: Average Return = (-2.9, -8.0, 3.1442999999999994, 0.0, 5.483912944793701)
step = 810: loss = -14.849681854248047
step = 820: loss = -12.991844177246094
step = 830: loss = -13.083045959472656
step = 840: loss = -13.258681297302246
step = 850: loss = -12.544234275817871
step = 860: loss = -12.577345848083496
step = 870: loss = -13.907061576843262
step = 880: loss = -13.019001007080078
step = 890: loss = -13.209076881408691
step = 900: loss = -14.294605255126953
step = 900: Average Return = (-0.1, 0.5671000000000004, 3.0, 0.0, 5.027377605438232)
step = 910: loss = -13.463116645812988
step = 920: loss = -14.515982627868652
step = 930: loss = -13.52829360961914
step = 940: loss = -13.707831382751465
step = 950: loss = -13.806963920593262
step = 960: loss = -13.851021766662598
step = 970: loss = -14.195971488952637
step = 980: loss = -14.233248710632324
step = 990: loss = -15.604278564453125
step = 1000: loss = -15.775385856628418
step = 1000: Average Return = (0.1, 1.1342000000000008, 6.0, 0.0, 7.941555976867676)
step = 1010: loss = -14.684473037719727
step = 1020: loss = -14.786599159240723
step = 1030: loss = -16.2591552734375
step = 1040: loss = -16.5304012298584
step = 1050: loss = -17.85405158996582
step = 1060: loss = -15.382457733154297
step = 1070: loss = -15.729076385498047
step = 1080: loss = -17.145517349243164
step = 1090: loss = -15.975669860839844
step = 1100: loss = -17.507524490356445
step = 1100: Average Return = (1.5, -1.0, 2.288599999999999, 0.0, 4.337252140045166)
step = 1110: loss = -16.218698501586914
step = 1120: loss = -16.325788497924805
step = 1130: loss = -16.577077865600586
step = 1140: loss = -18.186508178710938
step = 1150: loss = -16.898664474487305
step = 1160: loss = -18.31406021118164
step = 1170: loss = -17.032167434692383
step = 1180: loss = -17.196195602416992
step = 1190: loss = -18.65401268005371
step = 1200: loss = -18.83026885986328
step = 1200: Average Return = (-2.6, -5.5771999999999995, 0.5771999999999977, 0.0, 3.6801271438598633)
step = 1210: loss = -17.54248046875
step = 1220: loss = -17.63951873779297
step = 1230: loss = -17.860349655151367
step = 1240: loss = -17.957847595214844
step = 1250: loss = -18.231853485107422
step = 1260: loss = -18.235754013061523
step = 1270: loss = -18.576242446899414
step = 1280: loss = -18.91413688659668
step = 1290: loss = -18.92180061340332
step = 1300: loss = -19.28736686706543
step = 1300: Average Return = (2.5, 1.8557000000000001, 4.144299999999999, 0.0, 5.6384711265563965)
step = 1310: loss = -19.124967575073242
step = 1320: loss = -19.289661407470703
step = 1330: loss = -20.948333740234375
step = 1340: loss = -19.87602996826172
step = 1350: loss = -19.879539489746094
step = 1360: loss = -21.63661003112793
step = 1370: loss = -21.86473846435547
step = 1380: loss = -20.579002380371094
step = 1390: loss = -22.51222038269043
step = 1400: loss = -20.847187042236328
step = 1400: Average Return = (-3.2, -4.5771999999999995, 3.0, 0.0, 5.3064680099487305)
step = 1410: loss = -24.136083602905273
step = 1420: loss = -21.12799644470215
step = 1430: loss = -21.32366371154785
step = 1440: loss = -21.215171813964844
step = 1450: loss = -21.869083404541016
step = 1460: loss = -23.448455810546875
step = 1470: loss = -21.725353240966797
step = 1480: loss = -21.772018432617188
step = 1490: loss = -23.884883880615234
step = 1500: loss = -25.731882095336914
step = 1500: Average Return = (-0.2, -2.2885999999999997, 3.0, 0.0, 4.378209590911865)
step = 1510: loss = -22.041324615478516
step = 1520: loss = -22.351369857788086
step = 1530: loss = -22.341955184936523
step = 1540: loss = -24.614688873291016
step = 1550: loss = -22.69841766357422
step = 1560: loss = -24.98268699645996
step = 1570: loss = -25.206409454345703
step = 1580: loss = -23.48244857788086
step = 1590: loss = -23.46238899230957
step = 1600: loss = -23.726224899291992
step = 1600: Average Return = (1.6, 0.5671000000000004, 3.288599999999999, 0.0, 4.922649383544922)
step = 1610: loss = -25.452857971191406
step = 1620: loss = -26.005212783813477
step = 1630: loss = -24.41455078125
step = 1640: loss = -32.50746154785156
step = 1650: loss = -26.493938446044922
step = 1660: loss = -26.699316024780273
step = 1670: loss = -24.585769653320312
step = 1680: loss = -27.120285034179688
step = 1690: loss = -24.820249557495117
step = 1700: loss = -25.279199600219727
step = 1700: Average Return = (-2.8, -4.154399999999999, 5.144299999999999, 0.0, 8.582443237304688)
step = 1710: loss = -27.677671432495117
step = 1720: loss = -27.68604850769043
step = 1730: loss = -27.702665328979492
step = 1740: loss = -27.635446548461914
step = 1750: loss = -25.641294479370117
step = 1760: loss = -25.786502838134766
step = 1770: loss = -25.857669830322266
step = 1780: loss = -26.049663543701172
step = 1790: loss = -26.083032608032227
step = 1800: loss = -26.24332618713379
step = 1800: Average Return = (-0.3, 0.7114000000000003, 2.4328999999999983, 0.0, 6.62892484664917)
step = 1810: loss = -26.368146896362305
step = 1820: loss = -26.510122299194336
step = 1830: loss = -26.6532039642334
step = 1840: loss = -26.802927017211914
step = 1850: loss = -26.929279327392578
step = 1860: loss = -27.255258560180664
step = 1870: loss = -27.35382652282715
step = 1880: loss = -27.620712280273438
step = 1890: loss = -28.083873748779297
step = 1900: loss = -30.610157012939453
step = 1900: Average Return = (-3.4, -6.0100999999999996, 5.0, 0.0, 4.399999618530273)
step = 1910: loss = -28.206825256347656
step = 1920: loss = -28.186996459960938
step = 1930: loss = -28.62928009033203
step = 1940: loss = -28.632831573486328
step = 1950: loss = -28.613182067871094
step = 1960: loss = -28.83033561706543
step = 1970: loss = -29.086246490478516
step = 1980: loss = -28.926132202148438
step = 1990: loss = -29.188419342041016
step = 2000: loss = -29.17061996459961
step = 2000: Average Return = (-2.2, -4.2886, 2.0, 0.0, 4.696375846862793)
step = 2010: loss = -29.32925796508789
step = 2020: loss = -29.45989990234375
step = 2030: loss = -29.539020538330078
step = 2040: loss = -29.885046005249023
step = 2050: loss = -29.875471115112305
step = 2060: loss = -29.96280860900879
step = 2070: loss = -30.153223037719727
step = 2080: loss = -30.380470275878906
step = 2090: loss = -30.5056095123291
step = 2100: loss = -30.51136016845703
step = 2100: Average Return = (-3.2, -4.0100999999999996, 3.0, 0.0, 3.9526216983795166)
step = 2110: loss = -30.731887817382812
step = 2120: loss = -33.598716735839844
step = 2130: loss = -31.214031219482422
step = 2140: loss = -31.348949432373047
step = 2150: loss = -31.976877212524414
step = 2160: loss = -32.0517463684082
step = 2170: loss = -31.993959426879883
step = 2180: loss = -32.562679290771484
step = 2190: loss = -34.81404495239258
step = 2200: loss = -38.222476959228516
step = 2200: Average Return = (3.0, 2.7114000000000003, 6.0, 0.0, 6.974921226501465)
step = 2210: loss = -32.99544906616211
step = 2220: loss = -32.948368072509766
step = 2230: loss = -32.811859130859375
step = 2240: loss = -32.7919807434082
step = 2250: loss = -33.1666259765625
step = 2260: loss = -33.07714080810547
step = 2270: loss = -33.33717727661133
step = 2280: loss = -33.88652420043945
step = 2290: loss = -36.61354446411133
step = 2300: loss = -33.90509033203125
step = 2300: Average Return = (0.9, 0.0, 5.0, 0.0, 6.687054634094238)
step = 2310: loss = -37.18408966064453
step = 2320: loss = -37.45383071899414
step = 2330: loss = -37.39765548706055
step = 2340: loss = -34.535491943359375
step = 2350: loss = -37.51106262207031
step = 2360: loss = -38.135868072509766
step = 2370: loss = -37.85114288330078
step = 2380: loss = -41.19453811645508
step = 2390: loss = -35.61797332763672
step = 2400: loss = -38.68922805786133
step = 2400: Average Return = (-1.0, -4.144299999999999, 4.144299999999999, 0.0, 6.127411842346191)
step = 2410: loss = -35.528953552246094
step = 2420: loss = -38.488460540771484
step = 2430: loss = -38.735877990722656
step = 2440: loss = -36.28590774536133
step = 2450: loss = -39.026092529296875
step = 2460: loss = -39.79119873046875
step = 2470: loss = -36.347076416015625
step = 2480: loss = -36.66952896118164
step = 2490: loss = -36.883384704589844
step = 2500: loss = -37.424530029296875
step = 2500: Average Return = (0.3, 0.8557000000000001, 5.0, 0.0, 9.509234428405762)
step = 2510: loss = -40.430137634277344
step = 2520: loss = -37.36214065551758
step = 2530: loss = -37.600955963134766
step = 2540: loss = -37.23657989501953
step = 2550: loss = -37.56807327270508
step = 2560: loss = -40.85578536987305
step = 2570: loss = -37.633262634277344
step = 2580: loss = -37.97200393676758
step = 2590: loss = -38.31291198730469
step = 2600: loss = -44.55443572998047
step = 2600: Average Return = (1.6, -2.2885999999999997, 5.144299999999999, 0.0, 6.337087631225586)
step = 2610: loss = -38.623050689697266
step = 2620: loss = -38.7840576171875
step = 2630: loss = -38.73239517211914
step = 2640: loss = -39.23727035522461
step = 2650: loss = -39.7156982421875
step = 2660: loss = -39.548583984375
step = 2670: loss = -42.96737289428711
step = 2680: loss = -39.810508728027344
step = 2690: loss = -46.95938491821289
step = 2700: loss = -40.138328552246094
step = 2700: Average Return = (0.5, -1.1442999999999999, 2.4328999999999983, 0.0, 5.174398422241211)
step = 2710: loss = -40.44179153442383
step = 2720: loss = -40.47249984741211
step = 2730: loss = -44.15898513793945
step = 2740: loss = -41.474605560302734
step = 2750: loss = -44.56850814819336
step = 2760: loss = -41.18445587158203
step = 2770: loss = -44.79006576538086
step = 2780: loss = -41.45948791503906
step = 2790: loss = -45.09675216674805
step = 2800: loss = -41.733184814453125
step = 2800: Average Return = (-1.8, -2.4429999999999987, 3.1442999999999994, 0.0, 5.081860542297363)
step = 2810: loss = -42.082847595214844
step = 2820: loss = -42.34814453125
step = 2830: loss = -42.077728271484375
step = 2840: loss = -41.91382598876953
step = 2850: loss = -45.43019104003906
step = 2860: loss = -42.47345733642578
step = 2870: loss = -42.27320098876953
step = 2880: loss = -45.87023162841797
step = 2890: loss = -42.42781066894531
step = 2900: loss = -42.48925018310547
step = 2900: Average Return = (-1.6, -8.0, 4.144299999999999, 0.0, 5.021178245544434)
step = 2910: loss = -42.75233840942383
step = 2920: loss = -42.67441177368164
step = 2930: loss = -43.02015686035156
step = 2940: loss = -43.27067184448242
step = 2950: loss = -47.022125244140625
step = 2960: loss = -43.86697769165039
step = 2970: loss = -44.01964569091797
step = 2980: loss = -44.37717056274414
step = 2990: loss = -44.66032409667969
step = 3000: loss = -48.36662673950195
step = 3000: Average Return = (1.1, 1.5671000000000004, 4.288599999999999, 0.0, 7.124118328094482)
step = 3010: loss = -45.087589263916016
step = 3020: loss = -44.651798248291016
step = 3030: loss = -45.223941802978516
step = 3040: loss = -49.08747863769531
step = 3050: loss = -53.44249725341797
step = 3060: loss = -45.81895446777344
step = 3070: loss = -46.03956985473633
step = 3080: loss = -45.9913215637207
step = 3090: loss = -46.38589859008789
step = 3100: loss = -49.90249252319336
step = 3100: Average Return = (-3.3, -2.5872999999999986, 1.2885999999999989, 0.0, 4.8737382888793945)
step = 3110: loss = -50.171119689941406
step = 3120: loss = -46.612125396728516
step = 3130: loss = -46.35689926147461
step = 3140: loss = -54.436073303222656
step = 3150: loss = -46.870487213134766
step = 3160: loss = -47.09598922729492
step = 3170: loss = -46.61203384399414
step = 3180: loss = -51.002685546875
step = 3190: loss = -47.57568359375
step = 3200: loss = -47.46512985229492
step = 3200: Average Return = (-2.2, -3.2885999999999997, 0.14429999999999943, 0.0, 2.5074408054351807)
step = 3210: loss = -47.757198333740234
step = 3220: loss = -47.5711555480957
step = 3230: loss = -48.044593811035156
step = 3240: loss = -48.05413055419922
step = 3250: loss = -48.09329605102539
step = 3260: loss = -48.078155517578125
step = 3270: loss = -48.55436706542969
step = 3280: loss = -48.32435607910156
step = 3290: loss = -48.40218734741211
step = 3300: loss = -48.506568908691406
step = 3300: Average Return = (-2.0, -0.8758999999999983, 3.1442999999999994, 0.0, 5.823042869567871)
step = 3310: loss = -48.56393814086914
step = 3320: loss = -48.90469741821289
step = 3330: loss = -57.37323760986328
step = 3340: loss = -53.54937744140625
step = 3350: loss = -53.88083267211914
step = 3360: loss = -54.233604431152344
step = 3370: loss = -54.178497314453125
step = 3380: loss = -50.691307067871094
step = 3390: loss = -50.44321060180664
step = 3400: loss = -50.437129974365234
step = 3400: Average Return = (1.2, -0.28859999999999975, 4.288599999999999, 0.0, 5.84327507019043)
step = 3410: loss = -50.785133361816406
step = 3420: loss = -54.54269790649414
step = 3430: loss = -51.06813049316406
step = 3440: loss = -51.39274978637695
step = 3450: loss = -55.21054458618164
step = 3460: loss = -51.660762786865234
step = 3470: loss = -52.25083923339844
step = 3480: loss = -60.50400161743164
step = 3490: loss = -56.62169647216797
step = 3500: loss = -56.204689025878906
step = 3500: Average Return = (1.4, 1.8557000000000001, 2.0, 0.0, 4.015339374542236)
step = 3510: loss = -56.97184753417969
step = 3520: loss = -57.50033187866211
step = 3530: loss = -56.92522048950195
step = 3540: loss = -65.66118621826172
step = 3550: loss = -53.521060943603516
step = 3560: loss = -57.296878814697266
step = 3570: loss = -57.57171630859375
step = 3580: loss = -53.12481689453125
step = 3590: loss = -57.71483612060547
step = 3600: loss = -53.062931060791016
step = 3600: Average Return = (-3.1, -4.865799999999999, 3.288599999999999, 0.0, 5.6458563804626465)
step = 3610: loss = -58.26249694824219
step = 3620: loss = -53.574859619140625
step = 3630: loss = -54.006980895996094
step = 3640: loss = -58.608131408691406
step = 3650: loss = -54.03470993041992
step = 3660: loss = -54.55795669555664
step = 3670: loss = -54.08180236816406
step = 3680: loss = -54.33476257324219
step = 3690: loss = -54.340965270996094
step = 3700: loss = -54.492374420166016
step = 3700: Average Return = (1.9, 0.8557000000000001, 4.144299999999999, 0.0, 5.626928806304932)
step = 3710: loss = -54.62228775024414
step = 3720: loss = -54.64875793457031
step = 3730: loss = -55.294639587402344
step = 3740: loss = -55.18357467651367
step = 3750: loss = -55.202301025390625
step = 3760: loss = -55.73100662231445
step = 3770: loss = -61.011085510253906
step = 3780: loss = -56.2012939453125
step = 3790: loss = -56.518768310546875
step = 3800: loss = -56.473052978515625
step = 3800: Average Return = (-2.0, -6.2886, 3.0, 0.0, 3.8991522789001465)
step = 3810: loss = -57.508365631103516
step = 3820: loss = -57.728145599365234
step = 3830: loss = -57.681461334228516
step = 3840: loss = -62.61220932006836
step = 3850: loss = -57.9984130859375
step = 3860: loss = -57.642669677734375
step = 3870: loss = -63.55347442626953
step = 3880: loss = -57.912139892578125
step = 3890: loss = -59.11092758178711
step = 3900: loss = -68.67029571533203
step = 3900: Average Return = (2.1, 3.0, 5.144299999999999, 0.0, 7.437602519989014)
step = 3910: loss = -58.83053970336914
step = 3920: loss = -63.29449462890625
step = 3930: loss = -58.58232879638672
step = 3940: loss = -58.52304458618164
step = 3950: loss = -59.08499526977539
step = 3960: loss = -68.73812103271484
step = 3970: loss = -58.56332778930664
step = 3980: loss = -59.19038772583008
step = 3990: loss = -64.43539428710938
step = 4000: loss = -64.67442321777344
step = 4000: Average Return = (-1.5, -2.5771999999999995, 3.1442999999999994, 0.0, 4.969157695770264)
step = 4010: loss = -59.704994201660156
step = 4020: loss = -64.6405029296875
step = 4030: loss = -60.09882354736328
step = 4040: loss = -60.42080307006836
step = 4050: loss = -65.12197875976562
step = 4060: loss = -60.27920150756836
step = 4070: loss = -65.56305694580078
step = 4080: loss = -60.012386322021484
step = 4090: loss = -60.15531539916992
step = 4100: loss = -60.38314437866211
step = 4100: Average Return = (-0.5, -2.2885999999999997, 0.14429999999999943, 0.0, 3.4306488037109375)
step = 4110: loss = -61.1628532409668
step = 4120: loss = -60.9880256652832
step = 4130: loss = -60.88290023803711
step = 4140: loss = -61.40508270263672
step = 4150: loss = -61.286781311035156
step = 4160: loss = -61.149330139160156
step = 4170: loss = -66.39592742919922
step = 4180: loss = -67.10149383544922
step = 4190: loss = -62.00087356567383
step = 4200: loss = -61.83579635620117
step = 4200: Average Return = (1.1, -0.14429999999999987, 3.288599999999999, 0.0, 5.185339450836182)
step = 4210: loss = -61.8718376159668
step = 4220: loss = -61.97678756713867
step = 4230: loss = -67.50275421142578
step = 4240: loss = -62.44273376464844
step = 4250: loss = -62.83086013793945
step = 4260: loss = -68.82009887695312
step = 4270: loss = -64.06565856933594
step = 4280: loss = -64.06977081298828
step = 4290: loss = -79.87284088134766
step = 4300: loss = -64.0723876953125
step = 4300: Average Return = (-1.5, -4.5771999999999995, 5.0, 0.0, 6.171375274658203)
step = 4310: loss = -80.39129638671875
step = 4320: loss = -64.8181381225586
step = 4330: loss = -75.30636596679688
step = 4340: loss = -70.5951156616211
step = 4350: loss = -64.6953125
step = 4360: loss = -64.97193908691406
step = 4370: loss = -64.99211883544922
step = 4380: loss = -64.94041442871094
step = 4390: loss = -64.66832733154297
step = 4400: loss = -64.80026245117188
step = 4400: Average Return = (-4.3, -10.0, 1.1442999999999994, 0.0, 4.744887351989746)
step = 4410: loss = -64.79261779785156
step = 4420: loss = -65.40645599365234
step = 4430: loss = -65.21932983398438
step = 4440: loss = -65.21227264404297
step = 4450: loss = -71.14253234863281
step = 4460: loss = -66.60055541992188
step = 4470: loss = -72.21223449707031
step = 4480: loss = -72.3948974609375
step = 4490: loss = -67.65953063964844
step = 4500: loss = -73.02397155761719
step = 4500: Average Return = (1.7, 0.0, 3.1442999999999994, 0.0, 5.416180610656738)
step = 4510: loss = -67.67478942871094
step = 4520: loss = -73.78887176513672
step = 4530: loss = -67.9975814819336
step = 4540: loss = -85.49070739746094
step = 4550: loss = -68.70124816894531
step = 4560: loss = -74.66654205322266
step = 4570: loss = -74.06659698486328
step = 4580: loss = -69.5799560546875
step = 4590: loss = -85.96859741210938
step = 4600: loss = -74.42263793945312
step = 4600: Average Return = (-1.0, -5.144299999999999, 5.0, 0.0, 5.557438373565674)
step = 4610: loss = -70.03435516357422
step = 4620: loss = -75.68907165527344
step = 4630: loss = -80.7843246459961
step = 4640: loss = -70.24693298339844
step = 4650: loss = -69.5111083984375
step = 4660: loss = -75.9581298828125
step = 4670: loss = -69.84358978271484
step = 4680: loss = -76.61449432373047
step = 4690: loss = -69.86419677734375
step = 4700: loss = -81.65888214111328
step = 4700: Average Return = (-2.6, -4.144299999999999, 0.0, 0.0, 1.3799498081207275)
step = 4710: loss = -82.4218521118164
step = 4720: loss = -76.00127410888672
step = 4730: loss = -77.08576202392578
step = 4740: loss = -71.45882415771484
step = 4750: loss = -71.2748794555664
step = 4760: loss = -71.45306396484375
step = 4770: loss = -71.10905456542969
step = 4780: loss = -76.82406616210938
step = 4790: loss = -78.27735900878906
step = 4800: loss = -78.30631256103516
step = 4800: Average Return = (-0.4, -3.2885999999999997, 2.1442999999999994, 0.0, 4.563869476318359)
step = 4810: loss = -77.57787322998047
step = 4820: loss = -73.04762268066406
step = 4830: loss = -72.69913482666016
step = 4840: loss = -72.62850189208984
step = 4850: loss = -78.62397003173828
step = 4860: loss = -73.13360595703125
step = 4870: loss = -84.94631958007812
step = 4880: loss = -79.57811737060547
step = 4890: loss = -72.753662109375
step = 4900: loss = -85.46015167236328
step = 4900: Average Return = (2.2, 0.8557000000000001, 6.0, 0.0, 7.235871315002441)
step = 4910: loss = -73.40692901611328
step = 4920: loss = -73.71123504638672
step = 4930: loss = -73.7278823852539
step = 4940: loss = -74.37284088134766
step = 4950: loss = -74.18331909179688
step = 4960: loss = -74.4368896484375
step = 4970: loss = -74.96569061279297
step = 4980: loss = -74.58638763427734
step = 4990: loss = -86.36273193359375
step = 5000: loss = -74.54916381835938
step = 5000: Average Return = (-4.0, -8.288599999999999, 2.1442999999999994, 0.0, 4.270429611206055)
Violations during Learning: 15
Violations after Learning: 1
_OBSERVATION
