Write to file ./models_storm/obstacle_eval_model.drn.
Starting RL:

Random policy return: ((-79.3, -99.0, -82.12410000000001, 0.0, 0.0), [-99.0, -36.0, -84.0, -71.0, -99.0, -99.0, -8.0, -99.0, -99.0, -99.0])
step = 10: loss = -0.6190288066864014
step = 20: loss = -1.5615787506103516
step = 30: loss = -2.020681381225586
step = 40: loss = -2.375485897064209
step = 50: loss = -2.7890167236328125
step = 60: loss = -3.2258214950561523
step = 70: loss = -3.5758445262908936
step = 80: loss = -4.009441375732422
step = 90: loss = -4.299319744110107
step = 100: loss = -4.854594707489014
step = 100: Average Return = (-91.1, -99.0, -99.0, 0.0, 0.0)
step = 110: loss = -5.596688747406006
step = 120: loss = -5.623415946960449
step = 130: loss = -5.957065582275391
step = 140: loss = -6.503464221954346
step = 150: loss = -6.719335556030273
step = 160: loss = -6.7861433029174805
step = 170: loss = -7.6512064933776855
step = 180: loss = -7.888944625854492
step = 190: loss = -8.244762420654297
step = 200: loss = -8.512914657592773
step = 200: Average Return = (-99.0, -99.0, -99.0, 0.0, 0.0)
step = 210: loss = -9.869071006774902
step = 220: loss = -10.23540210723877
step = 230: loss = -10.452753067016602
step = 240: loss = -10.948406219482422
step = 250: loss = -11.410651206970215
step = 260: loss = -11.902124404907227
step = 270: loss = -12.670178413391113
step = 280: loss = -13.097951889038086
step = 290: loss = -13.711050987243652
step = 300: loss = -12.41847038269043
step = 300: Average Return = (-99.0, -99.0, -99.0, 0.0, 0.0)
step = 310: loss = -14.411737442016602
step = 320: loss = -13.966679573059082
step = 330: loss = -15.693745613098145
step = 340: loss = -15.267379760742188
step = 350: loss = -16.37506103515625
step = 360: loss = -16.475482940673828
step = 370: loss = -18.154891967773438
step = 380: loss = -17.989316940307617
step = 390: loss = -18.126964569091797
step = 400: loss = -19.680877685546875
step = 400: Average Return = (-99.0, -99.0, -99.0, 0.0, 0.0)
step = 410: loss = -19.89654541015625
step = 420: loss = -19.336284637451172
step = 430: loss = -20.3325252532959
step = 440: loss = -21.638328552246094
step = 450: loss = -20.892438888549805
step = 460: loss = -22.354114532470703
step = 470: loss = -22.480812072753906
step = 480: loss = -23.32002830505371
step = 490: loss = -24.159439086914062
step = 500: loss = -24.294076919555664
step = 500: Average Return = (-91.5, -99.0, -99.0, 0.0, 0.0)
step = 510: loss = -25.197830200195312
step = 520: loss = -24.5986270904541
step = 530: loss = -25.557884216308594
step = 540: loss = -24.933773040771484
step = 550: loss = -25.670360565185547
step = 560: loss = -26.347557067871094
step = 570: loss = -25.94970703125
step = 580: loss = -28.190359115600586
step = 590: loss = -28.130617141723633
step = 600: loss = -27.328744888305664
step = 600: Average Return = (-99.0, -99.0, -99.0, 0.0, 0.0)
step = 610: loss = -29.965160369873047
step = 620: loss = -30.579395294189453
step = 630: loss = -27.469575881958008
step = 640: loss = -30.791566848754883
step = 650: loss = -31.148221969604492
step = 660: loss = -31.49907684326172
step = 670: loss = -31.240480422973633
step = 680: loss = -31.83448028564453
step = 690: loss = -32.1763916015625
step = 700: loss = -32.62759780883789
step = 700: Average Return = (-99.0, -99.0, -99.0, 0.0, 0.0)
step = 710: loss = -34.30244827270508
step = 720: loss = -34.70583724975586
step = 730: loss = -35.682594299316406
step = 740: loss = -34.35368347167969
step = 750: loss = -35.3961296081543
step = 760: loss = -36.088687896728516
step = 770: loss = -36.938636779785156
step = 780: loss = -38.61576461791992
step = 790: loss = -35.36301803588867
step = 800: loss = -39.06047821044922
step = 800: Average Return = (-99.0, -99.0, -99.0, 0.0, 0.0)
step = 810: loss = -38.211082458496094
step = 820: loss = -36.58340072631836
step = 830: loss = -36.19866180419922
step = 840: loss = -38.41548156738281
step = 850: loss = -39.362037658691406
step = 860: loss = -39.78935623168945
step = 870: loss = -40.465606689453125
step = 880: loss = -41.59930419921875
step = 890: loss = -40.81113815307617
step = 900: loss = -42.027442932128906
step = 900: Average Return = (-99.0, -99.0, -99.0, 0.0, 0.0)
step = 910: loss = -44.61293411254883
step = 920: loss = -44.09752655029297
step = 930: loss = -45.65109634399414
step = 940: loss = -45.362125396728516
step = 950: loss = -44.93620681762695
step = 960: loss = -44.545753479003906
step = 970: loss = -47.19863510131836
step = 980: loss = -44.69970703125
step = 990: loss = -46.49995040893555
step = 1000: loss = -47.507301330566406
step = 1000: Average Return = (-99.0, -99.0, -99.0, 0.0, 0.0)
step = 1010: loss = -49.321746826171875
step = 1020: loss = -46.93939208984375
step = 1030: loss = -49.24006652832031
step = 1040: loss = -49.86817932128906
step = 1050: loss = -50.90597152709961
step = 1060: loss = -49.442718505859375
step = 1070: loss = -52.30726623535156
step = 1080: loss = -50.443599700927734
step = 1090: loss = -49.974708557128906
step = 1100: loss = -54.09459686279297
step = 1100: Average Return = (-92.2, -99.0, -99.0, 0.0, 0.0)
step = 1110: loss = -54.04569625854492
step = 1120: loss = -55.298648834228516
step = 1130: loss = -52.409088134765625
step = 1140: loss = -53.21340560913086
step = 1150: loss = -52.836395263671875
step = 1160: loss = -56.0783805847168
step = 1170: loss = -54.7669563293457
step = 1180: loss = -56.32267761230469
step = 1190: loss = -48.95811462402344
step = 1200: loss = -52.305782318115234
step = 1200: Average Return = (-99.0, -99.0, -99.0, 0.0, 0.0)
step = 1210: loss = -54.35383224487305
step = 1220: loss = -55.92131423950195
step = 1230: loss = -53.75872802734375
step = 1240: loss = -58.14714050292969
step = 1250: loss = -53.91352844238281
step = 1260: loss = -59.29039764404297
step = 1270: loss = -58.44491195678711
step = 1280: loss = -59.947269439697266
step = 1290: loss = -59.06400680541992
step = 1300: loss = -60.50167465209961
step = 1300: Average Return = (-99.0, -99.0, -99.0, 0.0, 0.0)
step = 1310: loss = -58.83747482299805
step = 1320: loss = -61.203758239746094
step = 1330: loss = -56.64269256591797
step = 1340: loss = -62.17417526245117
step = 1350: loss = -65.5073013305664
step = 1360: loss = -65.73240661621094
step = 1370: loss = -65.00862121582031
step = 1380: loss = -65.30917358398438
step = 1390: loss = -62.95565414428711
step = 1400: loss = -64.62313842773438
step = 1400: Average Return = (-93.3, -99.0, -99.0, 0.0, 0.0)
step = 1410: loss = -59.81071853637695
step = 1420: loss = -64.81909942626953
step = 1430: loss = -64.35872650146484
step = 1440: loss = -65.0927505493164
step = 1450: loss = -65.5917739868164
step = 1460: loss = -66.22714233398438
step = 1470: loss = -61.37067794799805
step = 1480: loss = -62.52996826171875
step = 1490: loss = -65.37432861328125
step = 1500: loss = -64.391845703125
step = 1500: Average Return = (-99.0, -99.0, -99.0, 0.0, 0.0)
step = 1510: loss = -64.50054168701172
step = 1520: loss = -62.434532165527344
step = 1530: loss = -62.54804229736328
step = 1540: loss = -64.62287139892578
step = 1550: loss = -66.8165054321289
step = 1560: loss = -66.87882232666016
step = 1570: loss = -74.23297119140625
step = 1580: loss = -72.69577026367188
step = 1590: loss = -69.1769027709961
step = 1600: loss = -72.12606811523438
step = 1600: Average Return = (-99.0, -99.0, -99.0, 0.0, 0.0)
step = 1610: loss = -73.24585723876953
step = 1620: loss = -66.98185729980469
step = 1630: loss = -75.2756118774414
step = 1640: loss = -75.6756820678711
step = 1650: loss = -74.97943878173828
step = 1660: loss = -76.68406677246094
step = 1670: loss = -77.59951782226562
step = 1680: loss = -80.7590560913086
step = 1690: loss = -80.42247772216797
step = 1700: loss = -81.31076049804688
step = 1700: Average Return = (-99.0, -99.0, -99.0, 0.0, 0.0)
step = 1710: loss = -79.84550476074219
step = 1720: loss = -78.80858612060547
step = 1730: loss = -79.64714050292969
step = 1740: loss = -79.92724609375
step = 1750: loss = -82.06907653808594
step = 1760: loss = -77.4126968383789
step = 1770: loss = -80.32318115234375
step = 1780: loss = -81.71829223632812
step = 1790: loss = -81.22590637207031
step = 1800: loss = -81.68091583251953
step = 1800: Average Return = (-91.2, -99.0, -99.0, 0.0, 0.0)
step = 1810: loss = -81.04817199707031
step = 1820: loss = -83.45425415039062
step = 1830: loss = -85.13261413574219
step = 1840: loss = -86.17083740234375
step = 1850: loss = -85.35782623291016
step = 1860: loss = -82.27055358886719
step = 1870: loss = -83.84891510009766
step = 1880: loss = -79.69493103027344
step = 1890: loss = -86.9549560546875
step = 1900: loss = -90.79972076416016
step = 1900: Average Return = (-99.0, -99.0, -99.0, 0.0, 0.0)
step = 1910: loss = -83.85672760009766
step = 1920: loss = -91.8297119140625
step = 1930: loss = -88.30674743652344
step = 1940: loss = -89.62993621826172
step = 1950: loss = -87.7122573852539
step = 1960: loss = -86.14906311035156
step = 1970: loss = -89.52703094482422
step = 1980: loss = -82.10182189941406
step = 1990: loss = -86.15534210205078
step = 2000: loss = -92.53195190429688
step = 2000: Average Return = (-93.5, -99.0, -99.0, 0.0, 0.0)
step = 2010: loss = -85.51807403564453
step = 2020: loss = -83.69661712646484
step = 2030: loss = -82.40953826904297
step = 2040: loss = -90.67402648925781
step = 2050: loss = -86.88762664794922
step = 2060: loss = -92.88125610351562
step = 2070: loss = -98.8121109008789
step = 2080: loss = -96.00773620605469
step = 2090: loss = -92.68110656738281
step = 2100: loss = -88.02330780029297
step = 2100: Average Return = (-87.9, -99.0, -99.0, 0.0, 0.0)
step = 2110: loss = -94.4109115600586
step = 2120: loss = -89.32878112792969
step = 2130: loss = -88.94819641113281
step = 2140: loss = -88.42135620117188
step = 2150: loss = -80.41728210449219
step = 2160: loss = -83.45064544677734
step = 2170: loss = -76.87705993652344
step = 2180: loss = -79.53610229492188
step = 2190: loss = -79.44906616210938
step = 2200: loss = -85.21617126464844
step = 2200: Average Return = (-90.0, -99.0, -99.0, 0.0, 0.0)
step = 2210: loss = -89.49565124511719
step = 2220: loss = -85.048583984375
step = 2230: loss = -80.94476318359375
step = 2240: loss = -84.15633392333984
step = 2250: loss = -85.51402282714844
step = 2260: loss = -89.73075103759766
step = 2270: loss = -92.01268768310547
step = 2280: loss = -102.63758087158203
step = 2290: loss = -96.219970703125
step = 2300: loss = -98.27411651611328
step = 2300: Average Return = (-99.0, -99.0, -99.0, 0.0, 0.0)
step = 2310: loss = -99.21842956542969
step = 2320: loss = -106.40218353271484
step = 2330: loss = -104.52438354492188
step = 2340: loss = -105.82795715332031
step = 2350: loss = -107.50489044189453
step = 2360: loss = -107.66324615478516
step = 2370: loss = -104.07100677490234
step = 2380: loss = -107.82129669189453
step = 2390: loss = -116.49894714355469
step = 2400: loss = -112.34605407714844
step = 2400: Average Return = (-91.3, -99.0, -99.0, 0.0, 0.0)
step = 2410: loss = -113.24303436279297
step = 2420: loss = -109.8402328491211
step = 2430: loss = -110.12716674804688
step = 2440: loss = -113.49794006347656
step = 2450: loss = -118.90885925292969
step = 2460: loss = -105.45911407470703
step = 2470: loss = -115.68094635009766
step = 2480: loss = -108.43473052978516
step = 2490: loss = -111.55889892578125
step = 2500: loss = -104.48259735107422
step = 2500: Average Return = (-92.0, -99.0, -99.0, 0.0, 0.0)
step = 2510: loss = -109.95469665527344
step = 2520: loss = -103.75879669189453
step = 2530: loss = -115.81392669677734
step = 2540: loss = -111.37004089355469
step = 2550: loss = -115.76692199707031
step = 2560: loss = -111.37062072753906
step = 2570: loss = -103.27935791015625
step = 2580: loss = -103.4721908569336
step = 2590: loss = -99.63294219970703
step = 2600: loss = -110.66569519042969
step = 2600: Average Return = (-86.5, -99.0, -99.0, 0.0, 0.0)
step = 2610: loss = -104.23037719726562
step = 2620: loss = -107.22698211669922
step = 2630: loss = -105.64183044433594
step = 2640: loss = -114.28700256347656
step = 2650: loss = -115.35201263427734
step = 2660: loss = -113.84083557128906
step = 2670: loss = -114.34780883789062
step = 2680: loss = -115.82459259033203
step = 2690: loss = -119.09542846679688
step = 2700: loss = -110.84364318847656
step = 2700: Average Return = (-99.0, -99.0, -99.0, 0.0, 0.0)
step = 2710: loss = -119.76055145263672
step = 2720: loss = -127.07803344726562
step = 2730: loss = -127.34322357177734
step = 2740: loss = -119.96580505371094
step = 2750: loss = -123.8306655883789
step = 2760: loss = -121.28726196289062
step = 2770: loss = -112.45283508300781
step = 2780: loss = -124.62018585205078
step = 2790: loss = -124.70904541015625
step = 2800: loss = -124.4478530883789
step = 2800: Average Return = (-91.2, -99.0, -99.0, 0.0, 0.0)
step = 2810: loss = -124.26824188232422
step = 2820: loss = -130.28225708007812
step = 2830: loss = -124.31937408447266
step = 2840: loss = -125.55480194091797
step = 2850: loss = -131.60641479492188
step = 2860: loss = -127.83230590820312
step = 2870: loss = -130.30845642089844
step = 2880: loss = -129.656494140625
step = 2890: loss = -131.38772583007812
step = 2900: loss = -128.6239776611328
step = 2900: Average Return = (-91.2, -99.0, -99.0, 0.0, 0.0)
step = 2910: loss = -126.8373031616211
step = 2920: loss = -132.63259887695312
step = 2930: loss = -139.38214111328125
step = 2940: loss = -134.5667266845703
step = 2950: loss = -135.80581665039062
step = 2960: loss = -137.46286010742188
step = 2970: loss = -133.0890350341797
step = 2980: loss = -136.47532653808594
step = 2990: loss = -135.9242706298828
step = 3000: loss = -139.4755096435547
step = 3000: Average Return = (-92.1, -99.0, -99.0, 0.0, 0.0)
step = 3010: loss = -132.86570739746094
step = 3020: loss = -132.20440673828125
step = 3030: loss = -141.50314331054688
step = 3040: loss = -141.6591796875
step = 3050: loss = -139.3687744140625
step = 3060: loss = -141.87716674804688
step = 3070: loss = -144.38706970214844
step = 3080: loss = -144.91915893554688
step = 3090: loss = -145.01890563964844
step = 3100: loss = -140.80332946777344
step = 3100: Average Return = (-85.6, -99.0, -99.0, 0.0, 0.0)
step = 3110: loss = -137.06362915039062
step = 3120: loss = -144.1132049560547
step = 3130: loss = -144.9689483642578
step = 3140: loss = -135.61192321777344
step = 3150: loss = -137.8720245361328
step = 3160: loss = -133.80821228027344
step = 3170: loss = -128.07081604003906
step = 3180: loss = -119.69537353515625
step = 3190: loss = -121.39915466308594
step = 3200: loss = -119.79913330078125
step = 3200: Average Return = (-89.4, -99.0, -99.0, 0.0, 0.0)
step = 3210: loss = -118.72762298583984
step = 3220: loss = -113.46183776855469
step = 3230: loss = -109.8916244506836
step = 3240: loss = -119.78784942626953
step = 3250: loss = -124.06859588623047
step = 3260: loss = -128.18441772460938
step = 3270: loss = -141.6080780029297
step = 3280: loss = -144.168701171875
step = 3290: loss = -139.58522033691406
step = 3300: loss = -149.36160278320312
step = 3300: Average Return = (-99.0, -99.0, -99.0, 0.0, 0.0)
step = 3310: loss = -150.9197235107422
step = 3320: loss = -150.7685546875
step = 3330: loss = -150.36398315429688
step = 3340: loss = -159.67417907714844
step = 3350: loss = -147.76048278808594
step = 3360: loss = -146.9071044921875
step = 3370: loss = -156.67764282226562
step = 3380: loss = -147.76058959960938
step = 3390: loss = -149.27670288085938
step = 3400: loss = -139.5712127685547
step = 3400: Average Return = (-99.0, -99.0, -99.0, 0.0, 0.0)
step = 3410: loss = -145.26368713378906
step = 3420: loss = -152.09324645996094
step = 3430: loss = -150.72549438476562
step = 3440: loss = -152.197509765625
step = 3450: loss = -152.60287475585938
step = 3460: loss = -144.72386169433594
step = 3470: loss = -145.73135375976562
step = 3480: loss = -144.1971435546875
step = 3490: loss = -144.9345245361328
step = 3500: loss = -147.9241485595703
step = 3500: Average Return = (-99.0, -99.0, -99.0, 0.0, 0.0)
step = 3510: loss = -150.12091064453125
step = 3520: loss = -156.15577697753906
step = 3530: loss = -150.86224365234375
step = 3540: loss = -148.6429443359375
step = 3550: loss = -143.20787048339844
step = 3560: loss = -146.7263641357422
step = 3570: loss = -140.02162170410156
step = 3580: loss = -144.41122436523438
step = 3590: loss = -136.09803771972656
step = 3600: loss = -151.12762451171875
step = 3600: Average Return = (-90.2, -99.0, -99.0, 0.0, 0.0)
step = 3610: loss = -159.4677276611328
step = 3620: loss = -144.6216583251953
step = 3630: loss = -167.77857971191406
step = 3640: loss = -153.0788116455078
step = 3650: loss = -160.24945068359375
step = 3660: loss = -158.59597778320312
step = 3670: loss = -171.721923828125
step = 3680: loss = -159.94937133789062
step = 3690: loss = -153.09803771972656
step = 3700: loss = -163.10891723632812
step = 3700: Average Return = (-92.0, -99.0, -99.0, 0.0, 0.0)
step = 3710: loss = -159.2744140625
step = 3720: loss = -140.21066284179688
step = 3730: loss = -169.5785369873047
step = 3740: loss = -171.3261260986328
step = 3750: loss = -164.06614685058594
step = 3760: loss = -174.37356567382812
step = 3770: loss = -169.67575073242188
step = 3780: loss = -172.093994140625
step = 3790: loss = -166.57696533203125
step = 3800: loss = -173.2251434326172
step = 3800: Average Return = (-96.1, -99.0, -99.0, 0.0, 0.0)
step = 3810: loss = -162.8181610107422
step = 3820: loss = -164.93345642089844
step = 3830: loss = -180.96182250976562
step = 3840: loss = -166.44357299804688
step = 3850: loss = -176.22213745117188
step = 3860: loss = -160.4687042236328
step = 3870: loss = -170.67633056640625
step = 3880: loss = -170.67898559570312
step = 3890: loss = -169.06365966796875
step = 3900: loss = -150.7127685546875
step = 3900: Average Return = (-99.0, -99.0, -99.0, 0.0, 0.0)
step = 3910: loss = -156.36647033691406
step = 3920: loss = -151.923828125
step = 3930: loss = -160.88739013671875
step = 3940: loss = -161.53135681152344
step = 3950: loss = -153.7142791748047
step = 3960: loss = -165.05096435546875
step = 3970: loss = -168.5409698486328
step = 3980: loss = -157.15989685058594
step = 3990: loss = -177.63584899902344
step = 4000: loss = -169.68666076660156
step = 4000: Average Return = (-90.7, -99.0, -99.0, 0.0, 0.0)
step = 4010: loss = -181.61207580566406
step = 4020: loss = -180.31484985351562
step = 4030: loss = -178.0558624267578
step = 4040: loss = -176.27024841308594
step = 4050: loss = -182.70809936523438
step = 4060: loss = -170.7572784423828
step = 4070: loss = -173.2757568359375
step = 4080: loss = -193.70068359375
step = 4090: loss = -195.82168579101562
step = 4100: loss = -190.58258056640625
step = 4100: Average Return = (-90.4, -99.0, -99.0, 0.0, 0.0)
step = 4110: loss = -178.67416381835938
step = 4120: loss = -180.3731689453125
step = 4130: loss = -187.19664001464844
step = 4140: loss = -195.57704162597656
step = 4150: loss = -179.3274688720703
step = 4160: loss = -200.26055908203125
step = 4170: loss = -188.7708282470703
step = 4180: loss = -170.59312438964844
step = 4190: loss = -188.2118377685547
step = 4200: loss = -186.97793579101562
step = 4200: Average Return = (-90.8, -99.0, -99.0, 0.0, 0.0)
step = 4210: loss = -193.8118438720703
step = 4220: loss = -195.9940948486328
step = 4230: loss = -185.78338623046875
step = 4240: loss = -189.66146850585938
step = 4250: loss = -196.35400390625
step = 4260: loss = -196.4031524658203
step = 4270: loss = -194.8093719482422
step = 4280: loss = -198.06146240234375
step = 4290: loss = -191.96742248535156
step = 4300: loss = -203.19378662109375
step = 4300: Average Return = (-99.0, -99.0, -99.0, 0.0, 0.0)
step = 4310: loss = -188.52748107910156
step = 4320: loss = -186.860595703125
step = 4330: loss = -196.1854248046875
step = 4340: loss = -199.97280883789062
step = 4350: loss = -199.85472106933594
step = 4360: loss = -195.4738006591797
step = 4370: loss = -196.01974487304688
step = 4380: loss = -207.2481231689453
step = 4390: loss = -194.47848510742188
step = 4400: loss = -191.45872497558594
step = 4400: Average Return = (-99.0, -99.0, -99.0, 0.0, 0.0)
step = 4410: loss = -190.2679901123047
step = 4420: loss = -193.59744262695312
step = 4430: loss = -185.36016845703125
step = 4440: loss = -196.33157348632812
step = 4450: loss = -207.272216796875
step = 4460: loss = -193.21578979492188
step = 4470: loss = -201.29977416992188
step = 4480: loss = -200.3429412841797
step = 4490: loss = -191.7964630126953
step = 4500: loss = -202.91978454589844
step = 4500: Average Return = (-94.3, -99.0, -99.0, 0.0, 0.0)
step = 4510: loss = -213.20767211914062
step = 4520: loss = -195.2032470703125
step = 4530: loss = -205.80538940429688
step = 4540: loss = -204.40811157226562
step = 4550: loss = -193.5938720703125
step = 4560: loss = -207.1300048828125
step = 4570: loss = -198.67552185058594
step = 4580: loss = -208.63739013671875
step = 4590: loss = -214.57606506347656
step = 4600: loss = -219.89308166503906
step = 4600: Average Return = (-97.5, -99.0, -99.0, 0.0, 0.0)
step = 4610: loss = -219.454833984375
step = 4620: loss = -203.71432495117188
step = 4630: loss = -208.7735137939453
step = 4640: loss = -206.1670684814453
step = 4650: loss = -210.78004455566406
step = 4660: loss = -207.4002685546875
step = 4670: loss = -205.55368041992188
step = 4680: loss = -212.24435424804688
step = 4690: loss = -207.78977966308594
step = 4700: loss = -206.75148010253906
step = 4700: Average Return = (-99.0, -99.0, -99.0, 0.0, 0.0)
step = 4710: loss = -195.51834106445312
step = 4720: loss = -219.8675079345703
step = 4730: loss = -209.9145965576172
step = 4740: loss = -216.13092041015625
step = 4750: loss = -218.5813446044922
step = 4760: loss = -212.4882354736328
step = 4770: loss = -215.4062042236328
step = 4780: loss = -225.20835876464844
step = 4790: loss = -228.70350646972656
step = 4800: loss = -227.65785217285156
step = 4800: Average Return = (-89.0, -99.0, -99.0, 0.0, 0.0)
step = 4810: loss = -212.01011657714844
step = 4820: loss = -225.3562469482422
step = 4830: loss = -213.13720703125
step = 4840: loss = -219.16419982910156
step = 4850: loss = -207.73690795898438
step = 4860: loss = -217.26608276367188
step = 4870: loss = -209.9384307861328
step = 4880: loss = -220.38711547851562
step = 4890: loss = -215.5335693359375
step = 4900: loss = -218.8112030029297
step = 4900: Average Return = (-81.2, -99.0, -99.0, 0.0, 0.0)
step = 4910: loss = -226.81707763671875
step = 4920: loss = -219.15771484375
step = 4930: loss = -224.19149780273438
step = 4940: loss = -205.07321166992188
step = 4950: loss = -220.99940490722656
step = 4960: loss = -227.9216766357422
step = 4970: loss = -234.1774444580078
step = 4980: loss = -230.3495635986328
step = 4990: loss = -232.6392059326172
step = 5000: loss = -227.93943786621094
step = 5000: Average Return = (-95.0, -99.0, -99.0, 0.0, 0.0)
Violations during Learning: 11
Violations after Learning: 0
_OBSERVATION
