Write to file ./models_storm/obstacle_eval_model.drn.
Starting RL:

Random policy return: ((-75.1, -99.0, -89.90910000000004, 0.0, 0.0), [-99.0, -99.0, -99.0, -99.0, -99.0, -9.0, -13.0, -36.0, -99.0, -99.0])
step = 10: loss = 0.6453808546066284
step = 20: loss = 0.2604852020740509
step = 30: loss = 0.5215842723846436
step = 40: loss = 0.4282861351966858
step = 50: loss = 0.6918741464614868
step = 60: loss = 1.1020300388336182
step = 70: loss = 0.8697121143341064
step = 80: loss = 0.5533910989761353
step = 90: loss = 1.712759017944336
step = 100: loss = 0.8406282663345337
step = 100: Average Return = (-99.0, -99.0, -99.0, 0.0, 0.0)
step = 110: loss = 3.271700859069824
step = 120: loss = 5.283222198486328
step = 130: loss = 9.411977767944336
step = 140: loss = 3.401362419128418
step = 150: loss = 1.2079941034317017
step = 160: loss = 1.0826460123062134
step = 170: loss = 1.1534743309020996
step = 180: loss = 1.5965449810028076
step = 190: loss = 4.547196388244629
step = 200: loss = 1.0750089883804321
step = 200: Average Return = (-99.0, -99.0, -99.0, 0.0, 0.0)
step = 210: loss = 0.8975201845169067
step = 220: loss = 1.2861028909683228
step = 230: loss = 0.5338982343673706
step = 240: loss = 0.9335248470306396
step = 250: loss = 4.941980361938477
step = 260: loss = 2.3828136920928955
step = 270: loss = 5.038074016571045
step = 280: loss = 19.4276180267334
step = 290: loss = 7.188077926635742
step = 300: loss = 4.301047325134277
step = 300: Average Return = (0.8, 0.0, 1.1442999999999994, 0.0, 1.877032995223999)
step = 310: loss = 5.912474632263184
step = 320: loss = 4.494992256164551
step = 330: loss = 6.598911285400391
step = 340: loss = 5.725198268890381
step = 350: loss = 11.047926902770996
step = 360: loss = 9.07767391204834
step = 370: loss = 4.8759870529174805
step = 380: loss = 1.777000904083252
step = 390: loss = 5.573348045349121
step = 400: loss = 15.24339771270752
step = 400: Average Return = (-99.0, -99.0, -99.0, 0.0, 0.0)
step = 410: loss = 10.519983291625977
step = 420: loss = 2.972416639328003
step = 430: loss = 2.64203143119812
step = 440: loss = 2.7032546997070312
step = 450: loss = 4.199807167053223
step = 460: loss = 3.9699478149414062
step = 470: loss = 2.863374710083008
step = 480: loss = 5.382121562957764
step = 490: loss = 0.6217069625854492
step = 500: loss = 10.125879287719727
step = 500: Average Return = (0.5, 0.0, 1.0, 0.0, 1.0)
step = 510: loss = 1.42701256275177
step = 520: loss = 4.513092994689941
step = 530: loss = 2.6823153495788574
step = 540: loss = 4.916616439819336
step = 550: loss = 5.2051215171813965
step = 560: loss = 3.7986226081848145
step = 570: loss = 4.068406105041504
step = 580: loss = 2.554530143737793
step = 590: loss = 7.770247459411621
step = 600: loss = 11.7052001953125
step = 600: Average Return = (-99.0, -99.0, -99.0, 0.0, 0.0)
step = 610: loss = 3.520956039428711
step = 620: loss = 3.9208574295043945
step = 630: loss = 1.0405807495117188
step = 640: loss = 2.5267345905303955
step = 650: loss = 2.971461296081543
step = 660: loss = 2.142369031906128
step = 670: loss = 0.7809661626815796
step = 680: loss = 2.451169967651367
step = 690: loss = 8.666601181030273
step = 700: loss = 2.3252971172332764
step = 700: Average Return = (0.9, 0.8557000000000001, 1.0, 0.19999992847442627, 1.600000023841858)
step = 710: loss = 2.365541934967041
step = 720: loss = 6.111815452575684
step = 730: loss = 7.536054611206055
step = 740: loss = 3.5092546939849854
step = 750: loss = 2.1966917514801025
step = 760: loss = 0.9138650894165039
step = 770: loss = 4.982607841491699
step = 780: loss = 3.483269214630127
step = 790: loss = 8.370803833007812
step = 800: loss = 3.630023241043091
step = 800: Average Return = (-99.0, -99.0, -99.0, 0.0, 0.0)
step = 810: loss = 4.020761489868164
step = 820: loss = 3.2170965671539307
step = 830: loss = 13.841035842895508
step = 840: loss = 3.2454004287719727
step = 850: loss = 4.354226589202881
step = 860: loss = 5.762652397155762
step = 870: loss = 2.8139290809631348
step = 880: loss = 4.875058174133301
step = 890: loss = 4.850675582885742
step = 900: loss = 5.826572895050049
step = 900: Average Return = (1.1, 1.0, 1.1442999999999994, 0.3999999761581421, 1.8000000715255737)
step = 910: loss = 0.5915234684944153
step = 920: loss = 3.591139554977417
step = 930: loss = 2.97658634185791
step = 940: loss = 12.064779281616211
step = 950: loss = 4.966367244720459
step = 960: loss = 2.8891758918762207
step = 970: loss = 5.35945987701416
step = 980: loss = 0.8098764419555664
step = 990: loss = 1.7645944356918335
step = 1000: loss = 1.352522850036621
step = 1000: Average Return = (-99.0, -99.0, -99.0, 0.0, 0.0)
step = 1010: loss = 3.0917458534240723
step = 1020: loss = 13.433121681213379
step = 1030: loss = 5.425584316253662
step = 1040: loss = 3.910532236099243
step = 1050: loss = 0.4775347113609314
step = 1060: loss = 1.014497995376587
step = 1070: loss = 0.8918790221214294
step = 1080: loss = 0.6602090001106262
step = 1090: loss = 2.262129783630371
step = 1100: loss = 0.4910586476325989
step = 1100: Average Return = (1.0, 1.0, 1.0, 0.3675444722175598, 1.632455587387085)
step = 1110: loss = 3.009828567504883
step = 1120: loss = 3.4766039848327637
step = 1130: loss = 88.73995971679688
step = 1140: loss = 2.980325222015381
step = 1150: loss = 1.825559139251709
step = 1160: loss = 7.663623809814453
step = 1170: loss = 3.4412169456481934
step = 1180: loss = 0.6344916820526123
step = 1190: loss = 1.6951181888580322
step = 1200: loss = 2.6037368774414062
step = 1200: Average Return = (-99.0, -99.0, -99.0, 0.0, 0.0)
step = 1210: loss = 0.4271770715713501
step = 1220: loss = 2.8510360717773438
step = 1230: loss = 1.821069359779358
step = 1240: loss = 2.1746253967285156
step = 1250: loss = 4.061800003051758
step = 1260: loss = 0.8253795504570007
step = 1270: loss = 0.508938193321228
step = 1280: loss = 1.6061310768127441
step = 1290: loss = 1.2972626686096191
step = 1300: loss = 2.796685218811035
step = 1300: Average Return = (0.6, 0.0, 1.0, 0.0, 1.4000000953674316)
step = 1310: loss = 4.571677207946777
step = 1320: loss = 1.6890548467636108
step = 1330: loss = 12.364219665527344
step = 1340: loss = 11.391534805297852
step = 1350: loss = 6.784250259399414
step = 1360: loss = 5.251604080200195
step = 1370: loss = 0.988750696182251
step = 1380: loss = 15.378805160522461
step = 1390: loss = 25.340341567993164
step = 1400: loss = 32.613365173339844
step = 1400: Average Return = (-99.0, -99.0, -99.0, 0.0, 0.0)
step = 1410: loss = 6.688359260559082
step = 1420: loss = 50.02046203613281
step = 1430: loss = 6.371733665466309
step = 1440: loss = 0.708195686340332
step = 1450: loss = 1.739742398262024
step = 1460: loss = 1.0052515268325806
step = 1470: loss = 3.1369504928588867
step = 1480: loss = 2.0437731742858887
step = 1490: loss = 1.851400375366211
step = 1500: loss = 2.834836006164551
step = 1500: Average Return = (0.8, 0.0, 1.0, 0.0, 1.7797958850860596)
step = 1510: loss = 2.2161965370178223
step = 1520: loss = 8.81904411315918
step = 1530: loss = 3.062087059020996
step = 1540: loss = 1.7844817638397217
step = 1550: loss = 1.6273257732391357
step = 1560: loss = 1.5429054498672485
step = 1570: loss = 7.452260971069336
step = 1580: loss = 5.340597629547119
step = 1590: loss = 2.7516512870788574
step = 1600: loss = 1.37160325050354
step = 1600: Average Return = (0.7, 0.0, 1.0, 0.0, 1.481024980545044)
step = 1610: loss = 3.3940773010253906
step = 1620: loss = 3.803868055343628
step = 1630: loss = 1.8833390474319458
step = 1640: loss = 2.1822826862335205
step = 1650: loss = 4.6304755210876465
step = 1660: loss = 3.4484291076660156
step = 1670: loss = 6.0241899490356445
step = 1680: loss = 3.348733901977539
step = 1690: loss = 18.03481101989746
step = 1700: loss = 61.41809844970703
step = 1700: Average Return = (-99.0, -99.0, -99.0, 0.0, 0.0)
step = 1710: loss = 5.390177249908447
step = 1720: loss = 5.258642196655273
step = 1730: loss = 2.875059127807617
step = 1740: loss = 3.2704808712005615
step = 1750: loss = 2.483908176422119
step = 1760: loss = 2.500305652618408
step = 1770: loss = 0.8244016170501709
step = 1780: loss = 5.661711692810059
step = 1790: loss = 2.7720553874969482
step = 1800: loss = 2.4461581707000732
step = 1800: Average Return = (0.8, 0.8557000000000001, 1.0, 0.19999998807907104, 1.4000000953674316)
step = 1810: loss = 3.4167253971099854
step = 1820: loss = 3.6596744060516357
step = 1830: loss = 5.629393577575684
step = 1840: loss = 4.820450782775879
step = 1850: loss = 3.2780306339263916
step = 1860: loss = 2.7332663536071777
step = 1870: loss = 4.156485557556152
step = 1880: loss = 4.292623519897461
step = 1890: loss = 2.6663336753845215
step = 1900: loss = 1.896162748336792
step = 1900: Average Return = (1.5, 1.0, 2.0, 0.4753049612045288, 2.5246949195861816)
step = 1910: loss = 5.555969715118408
step = 1920: loss = 3.556196451187134
step = 1930: loss = 4.419890403747559
step = 1940: loss = 2.3860220909118652
step = 1950: loss = 2.474032402038574
step = 1960: loss = 3.4265940189361572
step = 1970: loss = 1.2463994026184082
step = 1980: loss = 1.1820652484893799
step = 1990: loss = 3.9464111328125
step = 2000: loss = 3.892620086669922
step = 2000: Average Return = (-99.0, -99.0, -99.0, 0.0, 0.0)
step = 2010: loss = 1.013800859451294
step = 2020: loss = 1.331841230392456
step = 2030: loss = 11.257484436035156
step = 2040: loss = 1.7239935398101807
step = 2050: loss = 11.159810066223145
step = 2060: loss = 8.400714874267578
step = 2070: loss = 4.286627292633057
step = 2080: loss = 12.191906929016113
step = 2090: loss = 5.474026679992676
step = 2100: loss = 52.19835662841797
step = 2100: Average Return = (-99.0, -99.0, -99.0, 0.0, 0.0)
step = 2110: loss = 32.506927490234375
step = 2120: loss = 3.8108551502227783
step = 2130: loss = 2.5450549125671387
step = 2140: loss = 6.460538864135742
step = 2150: loss = 1.1964163780212402
step = 2160: loss = 0.8654612302780151
step = 2170: loss = 2.8236708641052246
step = 2180: loss = 1.1381406784057617
step = 2190: loss = 3.513000965118408
step = 2200: loss = 4.536564826965332
step = 2200: Average Return = (-99.0, -99.0, -99.0, 0.0, 0.0)
step = 2210: loss = 4.997114181518555
step = 2220: loss = 0.7978973388671875
step = 2230: loss = 1.7397369146347046
step = 2240: loss = 2.060960292816162
step = 2250: loss = 2.72035551071167
step = 2260: loss = 5.107616424560547
step = 2270: loss = 2.0091145038604736
step = 2280: loss = 1.6863465309143066
step = 2290: loss = 1.2500026226043701
step = 2300: loss = 1.7919312715530396
step = 2300: Average Return = (0.8, 0.0, 1.0, 0.0, 1.7797958850860596)
step = 2310: loss = 0.3994998335838318
step = 2320: loss = 1.1565425395965576
step = 2330: loss = 2.841951847076416
step = 2340: loss = 2.880025625228882
step = 2350: loss = 3.866530418395996
step = 2360: loss = 4.834012985229492
step = 2370: loss = 19.802453994750977
step = 2380: loss = 4.090261459350586
step = 2390: loss = 14.855152130126953
step = 2400: loss = 3.4816625118255615
step = 2400: Average Return = (-99.0, -99.0, -99.0, 0.0, 0.0)
step = 2410: loss = 4.884943962097168
step = 2420: loss = 2.2358670234680176
step = 2430: loss = 8.999568939208984
step = 2440: loss = 15.431191444396973
step = 2450: loss = 34.92625045776367
step = 2460: loss = 353.2017822265625
step = 2470: loss = 4.1902923583984375
step = 2480: loss = 3.434030055999756
step = 2490: loss = 7.926527500152588
step = 2500: loss = 2.2923545837402344
step = 2500: Average Return = (-99.0, -99.0, -99.0, 0.0, 0.0)
step = 2510: loss = 0.927301824092865
step = 2520: loss = 0.9653811454772949
step = 2530: loss = 2.4971060752868652
step = 2540: loss = 2.2940473556518555
step = 2550: loss = 3.750185966491699
step = 2560: loss = 6.372681617736816
step = 2570: loss = 3.415109157562256
step = 2580: loss = 1.7582038640975952
step = 2590: loss = 3.4638304710388184
step = 2600: loss = 2.9389657974243164
step = 2600: Average Return = (0.7, 0.0, 1.0, 0.05968755483627319, 1.3403124809265137)
step = 2610: loss = 4.0342607498168945
step = 2620: loss = 3.925935983657837
step = 2630: loss = 3.482727289199829
step = 2640: loss = 5.138571739196777
step = 2650: loss = 2.3227379322052
step = 2660: loss = 5.6141037940979
step = 2670: loss = 4.457266330718994
step = 2680: loss = 5.049473285675049
step = 2690: loss = 3.7071361541748047
step = 2700: loss = 5.981091022491455
step = 2700: Average Return = (0.7, 0.0, 1.0, 0.0, 1.481024980545044)
step = 2710: loss = 4.175748825073242
step = 2720: loss = 6.2310028076171875
step = 2730: loss = 5.09542989730835
step = 2740: loss = 5.441496849060059
step = 2750: loss = 3.8533833026885986
step = 2760: loss = 4.6624579429626465
step = 2770: loss = 9.711861610412598
step = 2780: loss = 3.5352721214294434
step = 2790: loss = 4.354133129119873
step = 2800: loss = 3.8575358390808105
step = 2800: Average Return = (1.5, 1.0, 2.0, 0.4753049612045288, 2.5246949195861816)
step = 2810: loss = 2.6730899810791016
step = 2820: loss = 2.980876922607422
step = 2830: loss = 5.056305885314941
step = 2840: loss = 3.0760114192962646
step = 2850: loss = 3.882646083831787
step = 2860: loss = 5.089230060577393
step = 2870: loss = 3.4912362098693848
step = 2880: loss = 3.4512956142425537
step = 2890: loss = 3.041149616241455
step = 2900: loss = 2.911529541015625
step = 2900: Average Return = (1.6, 1.0, 2.0, 0.9366750717163086, 2.2633249759674072)
step = 2910: loss = 4.677430629730225
step = 2920: loss = 5.026352882385254
step = 2930: loss = 4.93783712387085
step = 2940: loss = 4.3098530769348145
step = 2950: loss = 4.653332710266113
step = 2960: loss = 4.579643726348877
step = 2970: loss = 6.588056564331055
step = 2980: loss = 6.1340227127075195
step = 2990: loss = 7.180102348327637
step = 3000: loss = 3.8704254627227783
step = 3000: Average Return = (1.4, 1.0, 2.0, 0.7366750240325928, 2.0633249282836914)
step = 3010: loss = 7.611699104309082
step = 3020: loss = 3.9669859409332275
step = 3030: loss = 2.376786470413208
step = 3040: loss = 1.5957882404327393
step = 3050: loss = 3.7402541637420654
step = 3060: loss = 4.334670066833496
step = 3070: loss = 3.1102294921875
step = 3080: loss = 3.09708309173584
step = 3090: loss = 4.89345645904541
step = 3100: loss = 2.629624366760254
step = 3100: Average Return = (1.1, 1.0, 1.1442999999999994, 0.40000003576278687, 1.7999999523162842)
step = 3110: loss = 2.4797797203063965
step = 3120: loss = 3.549207925796509
step = 3130: loss = 3.851503372192383
step = 3140: loss = 3.0150809288024902
step = 3150: loss = 3.3379592895507812
step = 3160: loss = 3.7169620990753174
step = 3170: loss = 4.156649589538574
step = 3180: loss = 3.236680269241333
step = 3190: loss = 3.6661934852600098
step = 3200: loss = 4.963210582733154
step = 3200: Average Return = (0.8, 0.8557000000000001, 1.0, 0.19999998807907104, 1.4000000953674316)
step = 3210: loss = 4.318314075469971
step = 3220: loss = 3.9956583976745605
step = 3230: loss = 3.2891323566436768
step = 3240: loss = 5.7322797775268555
step = 3250: loss = 7.246029853820801
step = 3260: loss = 6.847142219543457
step = 3270: loss = 3.2328319549560547
step = 3280: loss = 3.3255820274353027
step = 3290: loss = 3.9870986938476562
step = 3300: loss = 3.0835916996002197
step = 3300: Average Return = (0.6, 0.0, 1.0, 0.11010205745697021, 1.0898979902267456)
step = 3310: loss = 3.268097162246704
step = 3320: loss = 5.390403747558594
step = 3330: loss = 2.2458715438842773
step = 3340: loss = 4.187222480773926
step = 3350: loss = 2.3567962646484375
step = 3360: loss = 2.5521154403686523
step = 3370: loss = 3.984851598739624
step = 3380: loss = 0.683147668838501
step = 3390: loss = 6.823569297790527
step = 3400: loss = 0.477141797542572
step = 3400: Average Return = (-99.0, -99.0, -99.0, 0.0, 0.0)
step = 3410: loss = 0.33959144353866577
step = 3420: loss = 0.44231969118118286
step = 3430: loss = 0.5195102691650391
step = 3440: loss = 1.9270093441009521
step = 3450: loss = 4.450189113616943
step = 3460: loss = 0.4568811357021332
step = 3470: loss = 0.5066848993301392
step = 3480: loss = 2.8743810653686523
step = 3490: loss = 1.4396663904190063
step = 3500: loss = 5.192532539367676
step = 3500: Average Return = (1.1, 1.0, 1.1442999999999994, 0.3999999761581421, 1.8000000715255737)
step = 3510: loss = 2.586111545562744
step = 3520: loss = 3.011600971221924
step = 3530: loss = 4.870315074920654
step = 3540: loss = 6.4635725021362305
step = 3550: loss = 15.815333366394043
step = 3560: loss = 13.59066390991211
step = 3570: loss = 40.37721252441406
step = 3580: loss = 46.961326599121094
step = 3590: loss = 20.019561767578125
step = 3600: loss = 18.248706817626953
step = 3600: Average Return = (-99.0, -99.0, -99.0, 0.0, 0.0)
step = 3610: loss = 6.456053733825684
step = 3620: loss = 4.5573015213012695
step = 3630: loss = 1.9252259731292725
step = 3640: loss = 3.1976442337036133
step = 3650: loss = 3.256145477294922
step = 3660: loss = 2.9174118041992188
step = 3670: loss = 3.482590436935425
step = 3680: loss = 2.960630416870117
step = 3690: loss = 4.151432991027832
step = 3700: loss = 4.051739692687988
step = 3700: Average Return = (1.3, 1.0, 2.0, 0.3999999761581421, 2.1999998092651367)
step = 3710: loss = 5.151037216186523
step = 3720: loss = 3.770066022872925
step = 3730: loss = 4.191078186035156
step = 3740: loss = 4.004236221313477
step = 3750: loss = 4.458492755889893
step = 3760: loss = 4.581498622894287
step = 3770: loss = 3.202779769897461
step = 3780: loss = 6.453922271728516
step = 3790: loss = 4.096500873565674
step = 3800: loss = 5.285003662109375
step = 3800: Average Return = (1.0, 0.8557000000000001, 1.1442999999999994, 0.2254033088684082, 1.7745966911315918)
step = 3810: loss = 4.736204147338867
step = 3820: loss = 5.360881805419922
step = 3830: loss = 2.7632272243499756
step = 3840: loss = 2.9672961235046387
step = 3850: loss = 4.5807695388793945
step = 3860: loss = 4.802914619445801
step = 3870: loss = 4.068770408630371
step = 3880: loss = 4.016299724578857
step = 3890: loss = 6.987245082855225
step = 3900: loss = 3.605611562728882
step = 3900: Average Return = (0.9, 0.8557000000000001, 1.0, 0.19999992847442627, 1.600000023841858)
step = 3910: loss = 5.807073593139648
step = 3920: loss = 3.581552743911743
step = 3930: loss = 4.390533924102783
step = 3940: loss = 2.627981424331665
step = 3950: loss = 5.624947547912598
step = 3960: loss = 3.024548292160034
step = 3970: loss = 4.100209712982178
step = 3980: loss = 2.976780891418457
step = 3990: loss = 3.046814203262329
step = 4000: loss = 4.037009239196777
step = 4000: Average Return = (1.3, 0.8557000000000001, 2.0, 0.3999999761581421, 2.1999998092651367)
step = 4010: loss = 4.590771198272705
step = 4020: loss = 4.010876655578613
step = 4030: loss = 5.885868072509766
step = 4040: loss = 5.690302848815918
step = 4050: loss = 2.7067275047302246
step = 4060: loss = 3.247720241546631
step = 4070: loss = 4.895318031311035
step = 4080: loss = 3.903592824935913
step = 4090: loss = 3.7998404502868652
step = 4100: loss = 3.113827705383301
step = 4100: Average Return = (0.9, 0.8557000000000001, 1.0, 0.19999998807907104, 1.5999999046325684)
step = 4110: loss = 3.3909103870391846
step = 4120: loss = 3.2294561862945557
step = 4130: loss = 4.717823028564453
step = 4140: loss = 3.8765835762023926
step = 4150: loss = 3.970913887023926
step = 4160: loss = 5.211347579956055
step = 4170: loss = 4.091513633728027
step = 4180: loss = 3.7075891494750977
step = 4190: loss = 5.243894577026367
step = 4200: loss = 2.705223798751831
step = 4200: Average Return = (1.2, 0.0, 2.0, 0.12296700477600098, 2.2770330905914307)
step = 4210: loss = 6.759822845458984
step = 4220: loss = 5.232817649841309
step = 4230: loss = 4.376474380493164
step = 4240: loss = 4.1651411056518555
step = 4250: loss = 4.617712497711182
step = 4260: loss = 5.234474182128906
step = 4270: loss = 5.196001052856445
step = 4280: loss = 5.384907245635986
step = 4290: loss = 4.853231906890869
step = 4300: loss = 4.793102264404297
step = 4300: Average Return = (1.3, 1.0, 2.0, 0.5189749598503113, 2.0810248851776123)
step = 4310: loss = 4.849814414978027
step = 4320: loss = 2.6541972160339355
step = 4330: loss = 4.505584239959717
step = 4340: loss = 2.9602320194244385
step = 4350: loss = 3.5088918209075928
step = 4360: loss = 4.559486389160156
step = 4370: loss = 4.695340633392334
step = 4380: loss = 4.268110275268555
step = 4390: loss = 4.453254222869873
step = 4400: loss = 4.61238431930542
step = 4400: Average Return = (0.9, 0.0, 1.0, 0.0, 1.843398094177246)
step = 4410: loss = 3.200160503387451
step = 4420: loss = 4.186548233032227
step = 4430: loss = 5.0389838218688965
step = 4440: loss = 3.98948073387146
step = 4450: loss = 3.6918632984161377
step = 4460: loss = 2.6076784133911133
step = 4470: loss = 2.9840047359466553
step = 4480: loss = 4.05410099029541
step = 4490: loss = 5.587761878967285
step = 4500: loss = 4.117608070373535
step = 4500: Average Return = (1.2, 1.0, 1.1442999999999994, 0.3282202482223511, 2.071779727935791)
step = 4510: loss = 6.674705505371094
step = 4520: loss = 3.767822027206421
step = 4530: loss = 4.266529083251953
step = 4540: loss = 6.1961846351623535
step = 4550: loss = 5.707846641540527
step = 4560: loss = 3.7104620933532715
step = 4570: loss = 4.777981281280518
step = 4580: loss = 3.5411956310272217
step = 4590: loss = 4.198454856872559
step = 4600: loss = 4.250328063964844
step = 4600: Average Return = (1.4, 1.0, 2.0, 0.5999999642372131, 2.200000047683716)
step = 4610: loss = 4.479198455810547
step = 4620: loss = 3.869852066040039
step = 4630: loss = 5.193948268890381
step = 4640: loss = 4.249386787414551
step = 4650: loss = 5.100996017456055
step = 4660: loss = 3.2124431133270264
step = 4670: loss = 4.5577874183654785
step = 4680: loss = 3.1146903038024902
step = 4690: loss = 2.886629104614258
step = 4700: loss = 3.636127233505249
step = 4700: Average Return = (0.4, 0.0, 0.14429999999999943, 0.0, 1.0633249282836914)
step = 4710: loss = 4.943257808685303
step = 4720: loss = 5.322927474975586
step = 4730: loss = 5.332300662994385
step = 4740: loss = 4.180768966674805
step = 4750: loss = 6.088467597961426
step = 4760: loss = 4.8322625160217285
step = 4770: loss = 4.673524856567383
step = 4780: loss = 5.709171772003174
step = 4790: loss = 4.201237201690674
step = 4800: loss = 4.914408206939697
step = 4800: Average Return = (1.0, 0.0, 2.0, 0.10557281970977783, 1.8944271802902222)
step = 4810: loss = 4.42684268951416
step = 4820: loss = 4.149845600128174
step = 4830: loss = 5.770662307739258
step = 4840: loss = 4.281692981719971
step = 4850: loss = 3.7528419494628906
step = 4860: loss = 6.205214500427246
step = 4870: loss = 4.838142395019531
step = 4880: loss = 4.929064750671387
step = 4890: loss = 4.235017776489258
step = 4900: loss = 4.235707759857178
step = 4900: Average Return = (1.0, 0.8557000000000001, 1.1442999999999994, 0.2254033088684082, 1.7745966911315918)
step = 4910: loss = 3.941852569580078
step = 4920: loss = 5.674437999725342
step = 4930: loss = 4.264484882354736
step = 4940: loss = 3.250434398651123
step = 4950: loss = 4.778073787689209
step = 4960: loss = 3.6285929679870605
step = 4970: loss = 3.870818853378296
step = 4980: loss = 2.8032140731811523
step = 4990: loss = 5.465729236602783
step = 5000: loss = 4.815227508544922
step = 5000: Average Return = (0.8, 0.0, 1.0, 0.05166846513748169, 1.5483314990997314)
Violations during Learning: 25
Violations after Learning: 0
_OBSERVATION
