Write to file ./models_storm/refuel_eval_model.drn.
Starting RL:

Random policy return: ((8.0, 10.0, 10.0, 4.0, 10.0), [10.0, 10.0, 0.0, 10.0, 10.0, 10.0, 0.0, 10.0, 10.0, 10.0])
step = 10: loss = 1.0486769676208496
step = 20: loss = -0.1199529767036438
step = 30: loss = -0.20210769772529602
step = 40: loss = -0.4849652945995331
step = 50: loss = -0.5899221301078796
step = 60: loss = -0.7065746188163757
step = 70: loss = -0.8619682192802429
step = 80: loss = -1.1634942293167114
step = 90: loss = -1.4585652351379395
step = 100: loss = -1.3021272420883179
step = 100: Average Return = (0.0, 0.0, 0.0, 0.0, 0.0)
step = 110: loss = -1.44379723072052
step = 120: loss = -1.9263192415237427
step = 130: loss = -1.6982181072235107
step = 140: loss = -1.8194897174835205
step = 150: loss = -1.9481369256973267
step = 160: loss = -2.0748143196105957
step = 170: loss = -2.207681894302368
step = 180: loss = -2.356074333190918
step = 190: loss = -2.4998152256011963
step = 200: loss = -2.640450954437256
step = 200: Average Return = (0.0, 0.0, 0.0, 0.0, 0.0)
step = 210: loss = -2.7796590328216553
step = 220: loss = -2.922466993331909
step = 230: loss = -3.063699960708618
step = 240: loss = -3.204963445663452
step = 250: loss = -3.3475234508514404
step = 260: loss = -3.4895193576812744
step = 270: loss = -3.6319634914398193
step = 280: loss = -3.774876594543457
step = 290: loss = -3.919351577758789
step = 300: loss = -4.063222885131836
step = 300: Average Return = (0.0, 0.0, 0.0, 0.0, 0.0)
step = 310: loss = -4.206905841827393
step = 320: loss = -4.350927352905273
step = 330: loss = -4.494406223297119
step = 340: loss = -4.638169288635254
step = 350: loss = -4.782442092895508
step = 360: loss = -4.926305770874023
step = 370: loss = -5.071486473083496
step = 380: loss = -5.216350555419922
step = 390: loss = -5.360351085662842
step = 400: loss = -5.506050109863281
step = 400: Average Return = (0.0, 0.0, 0.0, 0.0, 0.0)
step = 410: loss = -5.65053129196167
step = 420: loss = -5.795216083526611
step = 430: loss = -5.941646099090576
step = 440: loss = -6.085907936096191
step = 450: loss = -6.232143402099609
step = 460: loss = -6.377946376800537
step = 470: loss = -6.524032115936279
step = 480: loss = -6.670164108276367
step = 490: loss = -6.815722942352295
step = 500: loss = -8.612061500549316
step = 500: Average Return = (0.0, 0.0, 0.0, 0.0, 0.0)
step = 510: loss = -7.110840320587158
step = 520: loss = -7.257166862487793
step = 530: loss = -7.40438175201416
step = 540: loss = -7.5506134033203125
step = 550: loss = -7.697582721710205
step = 560: loss = -7.843838691711426
step = 570: loss = -7.9892778396606445
step = 580: loss = -8.13595962524414
step = 590: loss = -8.284482955932617
step = 600: loss = -8.432743072509766
step = 600: Average Return = (0.0, 0.0, 0.0, 0.0, 0.0)
step = 610: loss = -8.580039978027344
step = 620: loss = -8.726301193237305
step = 630: loss = -10.972180366516113
step = 640: loss = -9.023850440979004
step = 650: loss = -9.172221183776855
step = 660: loss = -9.31874942779541
step = 670: loss = -9.465591430664062
step = 680: loss = -9.612236976623535
step = 690: loss = -9.760951042175293
step = 700: loss = -12.248756408691406
step = 700: Average Return = (0.0, 0.0, 0.0, 0.0, 0.0)
step = 710: loss = -10.055988311767578
step = 720: loss = -10.206324577331543
step = 730: loss = -10.357048034667969
step = 740: loss = -10.505656242370605
step = 750: loss = -10.653891563415527
step = 760: loss = -10.801889419555664
step = 770: loss = -10.94892692565918
step = 780: loss = -11.094245910644531
step = 790: loss = -11.235275268554688
step = 800: loss = -11.318384170532227
step = 800: Average Return = (0.0, 0.0, 0.0, 0.0, 0.0)
step = 810: loss = -11.541686058044434
step = 820: loss = -11.690475463867188
step = 830: loss = -11.838358879089355
step = 840: loss = -11.986315727233887
step = 850: loss = -12.134376525878906
step = 860: loss = -12.284749984741211
step = 870: loss = -12.43411636352539
step = 880: loss = -12.583357810974121
step = 890: loss = -12.735217094421387
step = 900: loss = -12.885722160339355
step = 900: Average Return = (0.0, 0.0, 0.0, 0.0, 0.0)
step = 910: loss = -13.033772468566895
step = 920: loss = -13.17908763885498
step = 930: loss = -13.328625679016113
step = 940: loss = -13.476764678955078
step = 950: loss = -13.623719215393066
step = 960: loss = -13.773216247558594
step = 970: loss = -13.923088073730469
step = 980: loss = -14.068394660949707
step = 990: loss = -14.217480659484863
step = 1000: loss = -14.361852645874023
step = 1000: Average Return = (0.0, 0.0, 0.0, 0.0, 0.0)
step = 1010: loss = -14.485095977783203
step = 1020: loss = -14.562671661376953
step = 1030: loss = -14.777942657470703
step = 1040: loss = -14.936715126037598
step = 1050: loss = -15.101137161254883
step = 1060: loss = -15.251755714416504
step = 1070: loss = -15.400375366210938
step = 1080: loss = -15.547898292541504
step = 1090: loss = -15.69571590423584
step = 1100: loss = -15.845624923706055
step = 1100: Average Return = (0.0, 0.0, 0.0, 0.0, 0.0)
step = 1110: loss = -15.992998123168945
step = 1120: loss = -16.14170265197754
step = 1130: loss = -16.289609909057617
step = 1140: loss = -16.438085556030273
step = 1150: loss = -16.587263107299805
step = 1160: loss = -16.737817764282227
step = 1170: loss = -16.884296417236328
step = 1180: loss = -17.03172492980957
step = 1190: loss = -17.182035446166992
step = 1200: loss = -17.32790184020996
step = 1200: Average Return = (0.0, 0.0, 0.0, 0.0, 0.0)
step = 1210: loss = -17.478662490844727
step = 1220: loss = -17.628908157348633
step = 1230: loss = -17.77285385131836
step = 1240: loss = -17.924591064453125
step = 1250: loss = -18.071741104125977
step = 1260: loss = -18.222984313964844
step = 1270: loss = -18.372926712036133
step = 1280: loss = -18.516559600830078
step = 1290: loss = -18.660804748535156
step = 1300: loss = -18.810998916625977
step = 1300: Average Return = (0.0, 0.0, 0.0, 0.0, 0.0)
step = 1310: loss = -18.965599060058594
step = 1320: loss = -19.113330841064453
step = 1330: loss = -19.263765335083008
step = 1340: loss = -19.40985870361328
step = 1350: loss = -19.5606746673584
step = 1360: loss = -19.71074104309082
step = 1370: loss = -19.858966827392578
step = 1380: loss = -20.00775718688965
step = 1390: loss = -20.156597137451172
step = 1400: loss = -20.306516647338867
step = 1400: Average Return = (0.0, 0.0, 0.0, 0.0, 0.0)
step = 1410: loss = -20.457561492919922
step = 1420: loss = -20.605487823486328
step = 1430: loss = -20.754901885986328
step = 1440: loss = -20.902774810791016
step = 1450: loss = -21.049280166625977
step = 1460: loss = -21.198328018188477
step = 1470: loss = -26.37227439880371
step = 1480: loss = -21.503910064697266
step = 1490: loss = -26.746410369873047
step = 1500: loss = -21.802894592285156
step = 1500: Average Return = (0.0, 0.0, 0.0, 0.0, 0.0)
step = 1510: loss = -21.954999923706055
step = 1520: loss = -22.10654067993164
step = 1530: loss = -22.253740310668945
step = 1540: loss = -22.40170669555664
step = 1550: loss = -22.553022384643555
step = 1560: loss = -22.702909469604492
step = 1570: loss = -22.852235794067383
step = 1580: loss = -23.000566482543945
step = 1590: loss = -23.13953399658203
step = 1600: loss = -23.204099655151367
step = 1600: Average Return = (0.0, 0.0, 0.0, 0.0, 0.0)
step = 1610: loss = -23.447391510009766
step = 1620: loss = -23.571760177612305
step = 1630: loss = -23.743778228759766
step = 1640: loss = -23.885089874267578
step = 1650: loss = -24.042217254638672
step = 1660: loss = -24.194547653198242
step = 1670: loss = -24.339900970458984
step = 1680: loss = -24.49252700805664
step = 1690: loss = -24.645885467529297
step = 1700: loss = -24.796354293823242
step = 1700: Average Return = (0.0, 0.0, 0.0, 0.0, 0.0)
step = 1710: loss = -24.943904876708984
step = 1720: loss = -25.09467315673828
step = 1730: loss = -25.24268341064453
step = 1740: loss = -25.391965866088867
step = 1750: loss = -25.540895462036133
step = 1760: loss = -25.68886375427246
step = 1770: loss = -25.83891487121582
step = 1780: loss = -25.9913387298584
step = 1790: loss = -26.141016006469727
step = 1800: loss = -26.290800094604492
step = 1800: Average Return = (0.0, 0.0, 0.0, 0.0, 0.0)
step = 1810: loss = -26.436735153198242
step = 1820: loss = -26.586427688598633
step = 1830: loss = -26.73483657836914
step = 1840: loss = -26.884553909301758
step = 1850: loss = -27.039405822753906
step = 1860: loss = -27.191408157348633
step = 1870: loss = -27.34067153930664
step = 1880: loss = -27.48613166809082
step = 1890: loss = -27.64169692993164
step = 1900: loss = -27.789669036865234
step = 1900: Average Return = (0.0, 0.0, 0.0, 0.0, 0.0)
step = 1910: loss = -27.93809700012207
step = 1920: loss = -28.089004516601562
step = 1930: loss = -28.234668731689453
step = 1940: loss = -28.38759422302246
step = 1950: loss = -28.53679084777832
step = 1960: loss = -28.68683433532715
step = 1970: loss = -28.83359718322754
step = 1980: loss = -28.98369026184082
step = 1990: loss = -29.129838943481445
step = 2000: loss = -29.28359603881836
step = 2000: Average Return = (0.0, 0.0, 0.0, 0.0, 0.0)
step = 2010: loss = -29.430166244506836
step = 2020: loss = -29.576194763183594
step = 2030: loss = -29.726015090942383
step = 2040: loss = -29.87887191772461
step = 2050: loss = -30.02570152282715
step = 2060: loss = -30.173974990844727
step = 2070: loss = -30.323015213012695
step = 2080: loss = -30.473508834838867
step = 2090: loss = -30.623804092407227
step = 2100: loss = -30.767982482910156
step = 2100: Average Return = (0.0, 0.0, 0.0, 0.0, 0.0)
step = 2110: loss = -30.922142028808594
step = 2120: loss = -31.069805145263672
step = 2130: loss = -31.217008590698242
step = 2140: loss = -31.352767944335938
step = 2150: loss = -31.443866729736328
step = 2160: loss = -31.67200469970703
step = 2170: loss = -31.807828903198242
step = 2180: loss = -31.96170425415039
step = 2190: loss = -32.11859130859375
step = 2200: loss = -32.26893615722656
step = 2200: Average Return = (0.0, 0.0, 0.0, 0.0, 0.0)
step = 2210: loss = -32.41584396362305
step = 2220: loss = -32.57173538208008
step = 2230: loss = -32.71715545654297
step = 2240: loss = -32.86932373046875
step = 2250: loss = -33.01961898803711
step = 2260: loss = -33.166259765625
step = 2270: loss = -33.3148078918457
step = 2280: loss = -33.46580505371094
step = 2290: loss = -33.61914825439453
step = 2300: loss = -33.76852798461914
step = 2300: Average Return = (0.0, 0.0, 0.0, 0.0, 0.0)
step = 2310: loss = -33.91670608520508
step = 2320: loss = -34.06278610229492
step = 2330: loss = -34.21583938598633
step = 2340: loss = -34.361392974853516
step = 2350: loss = -34.51621627807617
step = 2360: loss = -34.665279388427734
step = 2370: loss = -34.8125114440918
step = 2380: loss = -34.961856842041016
step = 2390: loss = -35.11054229736328
step = 2400: loss = -35.26100540161133
step = 2400: Average Return = (0.0, 0.0, 0.0, 0.0, 0.0)
step = 2410: loss = -35.417579650878906
step = 2420: loss = -35.56157684326172
step = 2430: loss = -35.71467590332031
step = 2440: loss = -35.858497619628906
step = 2450: loss = -36.010162353515625
step = 2460: loss = -36.16013717651367
step = 2470: loss = -36.31344985961914
step = 2480: loss = -36.46350860595703
step = 2490: loss = -36.614383697509766
step = 2500: loss = -36.763858795166016
step = 2500: Average Return = (0.0, 0.0, 0.0, 0.0, 0.0)
step = 2510: loss = -36.909610748291016
step = 2520: loss = -37.057254791259766
step = 2530: loss = -37.20433807373047
step = 2540: loss = -37.36111831665039
step = 2550: loss = -37.50709915161133
step = 2560: loss = -37.661373138427734
step = 2570: loss = -37.802364349365234
step = 2580: loss = -37.95740509033203
step = 2590: loss = -38.097984313964844
step = 2600: loss = -38.2530403137207
step = 2600: Average Return = (0.0, 0.0, 0.0, 0.0, 0.0)
step = 2610: loss = -38.4088020324707
step = 2620: loss = -38.559078216552734
step = 2630: loss = -38.70245361328125
step = 2640: loss = -38.86090087890625
step = 2650: loss = -39.00888442993164
step = 2660: loss = -39.15874099731445
step = 2670: loss = -39.30839157104492
step = 2680: loss = -39.46110153198242
step = 2690: loss = -39.60965347290039
step = 2700: loss = -39.75883865356445
step = 2700: Average Return = (0.0, 0.0, 0.0, 0.0, 0.0)
step = 2710: loss = -39.9068489074707
step = 2720: loss = -40.051612854003906
step = 2730: loss = -40.209049224853516
step = 2740: loss = -40.35581588745117
step = 2750: loss = -40.507144927978516
step = 2760: loss = -40.65379333496094
step = 2770: loss = -40.80341720581055
step = 2780: loss = -40.95460891723633
step = 2790: loss = -41.10105895996094
step = 2800: loss = -41.25654602050781
step = 2800: Average Return = (0.0, 0.0, 0.0, 0.0, 0.0)
step = 2810: loss = -41.408668518066406
step = 2820: loss = -41.55833053588867
step = 2830: loss = -41.7100715637207
step = 2840: loss = -41.857513427734375
step = 2850: loss = -42.00596237182617
step = 2860: loss = -42.1533317565918
step = 2870: loss = -42.31153106689453
step = 2880: loss = -42.457454681396484
step = 2890: loss = -42.601741790771484
step = 2900: loss = -42.760440826416016
step = 2900: Average Return = (0.0, 0.0, 0.0, 0.0, 0.0)
step = 2910: loss = -42.903324127197266
step = 2920: loss = -43.05512619018555
step = 2930: loss = -43.20506286621094
step = 2940: loss = -43.353267669677734
step = 2950: loss = -43.502445220947266
step = 2960: loss = -43.65398406982422
step = 2970: loss = -43.8064079284668
step = 2980: loss = -43.96051788330078
step = 2990: loss = -54.461116790771484
step = 3000: loss = -44.255619049072266
step = 3000: Average Return = (0.0, 0.0, 0.0, 0.0, 0.0)
step = 3010: loss = -44.40386199951172
step = 3020: loss = -44.55617141723633
step = 3030: loss = -44.7085075378418
step = 3040: loss = -44.857887268066406
step = 3050: loss = -45.011173248291016
step = 3060: loss = -45.15815734863281
step = 3070: loss = -45.303810119628906
step = 3080: loss = -45.45403289794922
step = 3090: loss = -45.60505294799805
step = 3100: loss = -45.74650573730469
step = 3100: Average Return = (0.0, 0.0, 0.0, 0.0, 0.0)
step = 3110: loss = -45.90073776245117
step = 3120: loss = -46.055782318115234
step = 3130: loss = -46.20036315917969
step = 3140: loss = -46.35594940185547
step = 3150: loss = -46.4988899230957
step = 3160: loss = -46.65568542480469
step = 3170: loss = -46.8028450012207
step = 3180: loss = -46.94712448120117
step = 3190: loss = -47.1063117980957
step = 3200: loss = -47.24940872192383
step = 3200: Average Return = (0.0, 0.0, 0.0, 0.0, 0.0)
step = 3210: loss = -47.408851623535156
step = 3220: loss = -47.552921295166016
step = 3230: loss = -47.69672393798828
step = 3240: loss = -47.85613250732422
step = 3250: loss = -48.00044250488281
step = 3260: loss = -48.15541458129883
step = 3270: loss = -48.306419372558594
step = 3280: loss = -48.45024108886719
step = 3290: loss = -48.603370666503906
step = 3300: loss = -48.76028823852539
step = 3300: Average Return = (0.0, 0.0, 0.0, 0.0, 0.0)
step = 3310: loss = -48.901615142822266
step = 3320: loss = -49.05182647705078
step = 3330: loss = -60.75355911254883
step = 3340: loss = -49.35981369018555
step = 3350: loss = -49.50271987915039
step = 3360: loss = -49.65378952026367
step = 3370: loss = -49.81058120727539
step = 3380: loss = -49.95632553100586
step = 3390: loss = -50.09975814819336
step = 3400: loss = -50.2552490234375
step = 3400: Average Return = (0.0, 0.0, 0.0, 0.0, 0.0)
step = 3410: loss = -50.40120315551758
step = 3420: loss = -50.552406311035156
step = 3430: loss = -50.69860076904297
step = 3440: loss = -50.856849670410156
step = 3450: loss = -51.00730895996094
step = 3460: loss = -51.1558837890625
step = 3470: loss = -51.3040885925293
step = 3480: loss = -51.450279235839844
step = 3490: loss = -51.60728073120117
step = 3500: loss = -51.7485237121582
step = 3500: Average Return = (0.0, 0.0, 0.0, 0.0, 0.0)
step = 3510: loss = -51.9029541015625
step = 3520: loss = -52.05752182006836
step = 3530: loss = -52.19997024536133
step = 3540: loss = -52.3541374206543
step = 3550: loss = -52.501991271972656
step = 3560: loss = -52.646202087402344
step = 3570: loss = -52.800167083740234
step = 3580: loss = -52.9210090637207
step = 3590: loss = -53.094139099121094
step = 3600: loss = -53.24907302856445
step = 3600: Average Return = (0.0, 0.0, 0.0, 0.0, 0.0)
step = 3610: loss = -53.40021514892578
step = 3620: loss = -53.55128479003906
step = 3630: loss = -53.70451354980469
step = 3640: loss = -53.84489059448242
step = 3650: loss = -53.99765396118164
step = 3660: loss = -54.14947509765625
step = 3670: loss = -54.29730987548828
step = 3680: loss = -54.44322967529297
step = 3690: loss = -54.60117721557617
step = 3700: loss = -54.74110794067383
step = 3700: Average Return = (0.0, 0.0, 0.0, 0.0, 0.0)
step = 3710: loss = -54.89604568481445
step = 3720: loss = -55.041847229003906
step = 3730: loss = -55.199012756347656
step = 3740: loss = -55.34286117553711
step = 3750: loss = -55.501258850097656
step = 3760: loss = -55.64555740356445
step = 3770: loss = -55.801082611083984
step = 3780: loss = -55.96063232421875
step = 3790: loss = -56.102901458740234
step = 3800: loss = -56.24555587768555
step = 3800: Average Return = (0.0, 0.0, 0.0, 0.0, 0.0)
step = 3810: loss = -56.39448547363281
step = 3820: loss = -56.55608367919922
step = 3830: loss = -56.69745635986328
step = 3840: loss = -56.853179931640625
step = 3850: loss = -70.38182067871094
step = 3860: loss = -57.1523323059082
step = 3870: loss = -57.311763763427734
step = 3880: loss = -57.454246520996094
step = 3890: loss = -57.61261749267578
step = 3900: loss = -57.7606315612793
step = 3900: Average Return = (0.0, 0.0, 0.0, 0.0, 0.0)
step = 3910: loss = -57.910858154296875
step = 3920: loss = -58.05475997924805
step = 3930: loss = -58.20681381225586
step = 3940: loss = -58.362709045410156
step = 3950: loss = -58.51043701171875
step = 3960: loss = -58.64530944824219
step = 3970: loss = -58.80849075317383
step = 3980: loss = -58.95994567871094
step = 3990: loss = -59.1115837097168
step = 4000: loss = -59.25792694091797
step = 4000: Average Return = (0.0, 0.0, 0.0, 0.0, 0.0)
step = 4010: loss = -59.39990997314453
step = 4020: loss = -59.559471130371094
step = 4030: loss = -59.70995330810547
step = 4040: loss = -59.8542594909668
step = 4050: loss = -60.00752258300781
step = 4060: loss = -60.15644836425781
step = 4070: loss = -60.311279296875
step = 4080: loss = -60.44941711425781
step = 4090: loss = -60.60896301269531
step = 4100: loss = -60.753936767578125
step = 4100: Average Return = (0.0, 0.0, 0.0, 0.0, 0.0)
step = 4110: loss = -60.901641845703125
step = 4120: loss = -61.057010650634766
step = 4130: loss = -61.19807815551758
step = 4140: loss = -61.353729248046875
step = 4150: loss = -61.50542449951172
step = 4160: loss = -61.646671295166016
step = 4170: loss = -61.806846618652344
step = 4180: loss = -61.95784378051758
step = 4190: loss = -62.10557174682617
step = 4200: loss = -76.86151123046875
step = 4200: Average Return = (0.0, 0.0, 0.0, 0.0, 0.0)
step = 4210: loss = -62.40018081665039
step = 4220: loss = -62.55695724487305
step = 4230: loss = -62.70964431762695
step = 4240: loss = -62.8548698425293
step = 4250: loss = -63.010032653808594
step = 4260: loss = -63.15822982788086
step = 4270: loss = -63.31288528442383
step = 4280: loss = -63.458858489990234
step = 4290: loss = -63.60295104980469
step = 4300: loss = -63.74624252319336
step = 4300: Average Return = (0.0, 0.0, 0.0, 0.0, 0.0)
step = 4310: loss = -63.90603256225586
step = 4320: loss = -64.05036163330078
step = 4330: loss = -64.21089172363281
step = 4340: loss = -64.35707092285156
step = 4350: loss = -64.5160903930664
step = 4360: loss = -64.65255737304688
step = 4370: loss = -64.80883026123047
step = 4380: loss = -64.95586395263672
step = 4390: loss = -65.11337280273438
step = 4400: loss = -65.26286315917969
step = 4400: Average Return = (0.0, 0.0, 0.0, 0.0, 0.0)
step = 4410: loss = -65.40414428710938
step = 4420: loss = -65.5634536743164
step = 4430: loss = -65.71297454833984
step = 4440: loss = -65.86737823486328
step = 4450: loss = -66.0145263671875
step = 4460: loss = -66.16988372802734
step = 4470: loss = -66.31517791748047
step = 4480: loss = -66.45966339111328
step = 4490: loss = -66.61233520507812
step = 4500: loss = -66.74800109863281
step = 4500: Average Return = (0.0, 0.0, 0.0, 0.0, 0.0)
step = 4510: loss = -66.90902709960938
step = 4520: loss = -67.0614242553711
step = 4530: loss = -67.20707702636719
step = 4540: loss = -67.35674285888672
step = 4550: loss = -67.510009765625
step = 4560: loss = -67.66996002197266
step = 4570: loss = -67.81012725830078
step = 4580: loss = -67.96112060546875
step = 4590: loss = -68.11425018310547
step = 4600: loss = -68.26678466796875
step = 4600: Average Return = (0.0, 0.0, 0.0, 0.0, 0.0)
step = 4610: loss = -68.41970825195312
step = 4620: loss = -68.5624008178711
step = 4630: loss = -68.70970153808594
step = 4640: loss = -68.87083435058594
step = 4650: loss = -69.0067138671875
step = 4660: loss = -69.16064453125
step = 4670: loss = -69.31221771240234
step = 4680: loss = -69.4507064819336
step = 4690: loss = -69.60436248779297
step = 4700: loss = -69.76162719726562
step = 4700: Average Return = (0.0, 0.0, 0.0, 0.0, 0.0)
step = 4710: loss = -69.9124755859375
step = 4720: loss = -70.05029296875
step = 4730: loss = -70.20854187011719
step = 4740: loss = -70.35212707519531
step = 4750: loss = -70.50718688964844
step = 4760: loss = -70.65283203125
step = 4770: loss = -70.79430389404297
step = 4780: loss = -70.95178985595703
step = 4790: loss = -71.1142349243164
step = 4800: loss = -71.25724029541016
step = 4800: Average Return = (0.0, 0.0, 0.0, 0.0, 0.0)
step = 4810: loss = -71.40392303466797
step = 4820: loss = -71.54974365234375
step = 4830: loss = -71.69766235351562
step = 4840: loss = -71.83855438232422
step = 4850: loss = -72.00483703613281
step = 4860: loss = -72.15133666992188
step = 4870: loss = -72.29551696777344
step = 4880: loss = -72.44705200195312
step = 4890: loss = -72.59093475341797
step = 4900: loss = -72.74669647216797
step = 4900: Average Return = (0.0, 0.0, 0.0, 0.0, 0.0)
step = 4910: loss = -72.89249420166016
step = 4920: loss = -73.04735565185547
step = 4930: loss = -73.18827056884766
step = 4940: loss = -73.34600830078125
step = 4950: loss = -73.50423431396484
step = 4960: loss = -73.6407699584961
step = 4970: loss = -73.79537963867188
step = 4980: loss = -73.95030975341797
step = 4990: loss = -74.09629821777344
step = 5000: loss = -74.2416000366211
step = 5000: Average Return = (0.0, 0.0, 0.0, 0.0, 0.0)
Violations during Learning: 0
Violations after Learning: 0
_OBSERVATION
