Write to file ./models_storm/refuel_eval_model.drn.
Starting RL:

Random policy return: ((8.0, 10.0, 10.0, 4.0, 10.0), [10.0, 10.0, 0.0, 0.0, 10.0, 10.0, 10.0, 10.0, 10.0, 10.0])
step = 10: loss = 254.86500549316406
step = 20: loss = 3343.255126953125
step = 30: loss = 2861.57861328125
step = 40: loss = 2401.50390625
step = 50: loss = 1259.5357666015625
step = 60: loss = 2218.0947265625
step = 70: loss = 2511.47216796875
step = 80: loss = 1043.6204833984375
step = 90: loss = 839.7232055664062
step = 100: loss = 366.8617858886719
step = 100: Average Return = (0.0, 0.0, 0.0, 0.0, 0.0)
step = 110: loss = 139.33062744140625
step = 120: loss = 145.898193359375
step = 130: loss = 63.15428924560547
step = 140: loss = 29.541282653808594
step = 150: loss = 6.541256904602051
step = 160: loss = 1.9788923263549805
step = 170: loss = 9.719564437866211
step = 180: loss = 7.0433549880981445
step = 190: loss = 1.5550599098205566
step = 200: loss = 0.9468034505844116
step = 200: Average Return = (0.0, 0.0, 0.0, 0.0, 0.0)
step = 210: loss = 1.3204467296600342
step = 220: loss = 0.9945361614227295
step = 230: loss = 0.28005754947662354
step = 240: loss = 0.523045539855957
step = 250: loss = 1.9148356914520264
step = 260: loss = 2.198301315307617
step = 270: loss = 0.8076819777488708
step = 280: loss = 0.26079702377319336
step = 290: loss = 0.25066208839416504
step = 300: loss = 0.7597564458847046
step = 300: Average Return = (0.0, 0.0, 0.0, 0.0, 0.0)
step = 310: loss = 0.2625662386417389
step = 320: loss = 3.439812183380127
step = 330: loss = 0.5847405195236206
step = 340: loss = 6.6081390380859375
step = 350: loss = 7.1628947257995605
step = 360: loss = 7.042197227478027
step = 370: loss = 5.724496841430664
step = 380: loss = 6.087506294250488
step = 390: loss = 5.620503902435303
step = 400: loss = 14.98838996887207
step = 400: Average Return = (0.0, 0.0, 0.0, 0.0, 0.0)
step = 410: loss = 6.899119853973389
step = 420: loss = 21.45173454284668
step = 430: loss = 18.908117294311523
step = 440: loss = 18.160934448242188
step = 450: loss = 18.774356842041016
step = 460: loss = 30.01047134399414
step = 470: loss = 9.760385513305664
step = 480: loss = 28.091285705566406
step = 490: loss = 29.97113609313965
step = 500: loss = 42.11827087402344
step = 500: Average Return = (0.0, 0.0, 0.0, 0.0, 0.0)
step = 510: loss = 30.086633682250977
step = 520: loss = 30.597312927246094
step = 530: loss = 22.43679428100586
step = 540: loss = 39.829925537109375
step = 550: loss = 9.085511207580566
step = 560: loss = 3.1892192363739014
step = 570: loss = 83.66732025146484
step = 580: loss = 44.1068115234375
step = 590: loss = 52.65980529785156
step = 600: loss = 124.03104400634766
step = 600: Average Return = (0.0, 0.0, 0.0, 0.0, 0.0)
step = 610: loss = 125.93059539794922
step = 620: loss = 66.9684829711914
step = 630: loss = 19.70191192626953
step = 640: loss = 68.3585205078125
step = 650: loss = 30.787033081054688
step = 660: loss = 12.859124183654785
step = 670: loss = 153.74380493164062
step = 680: loss = 151.15272521972656
step = 690: loss = 390.27508544921875
step = 700: loss = 254.8230743408203
step = 700: Average Return = (0.0, 0.0, 0.0, 0.0, 0.0)
step = 710: loss = 81.38419342041016
step = 720: loss = 25.181299209594727
step = 730: loss = 17.039493560791016
step = 740: loss = 8.565373420715332
step = 750: loss = 3.4829061031341553
step = 760: loss = 14.763763427734375
step = 770: loss = 9.45068073272705
step = 780: loss = 5.389644622802734
step = 790: loss = 5.170351028442383
step = 800: loss = 5.756540775299072
step = 800: Average Return = (0.0, 0.0, 0.0, 0.0, 0.0)
step = 810: loss = 0.8926951885223389
step = 820: loss = 1.8721927404403687
step = 830: loss = 0.8116108179092407
step = 840: loss = 0.7341878414154053
step = 850: loss = 1.3349745273590088
step = 860: loss = 1.1383626461029053
step = 870: loss = 0.580401599407196
step = 880: loss = 0.5623214244842529
step = 890: loss = 0.17968785762786865
step = 900: loss = 0.06987806409597397
step = 900: Average Return = (0.0, 0.0, 0.0, 0.0, 0.0)
step = 910: loss = 0.001268521649762988
step = 920: loss = 0.18425408005714417
step = 930: loss = 0.0033789793960750103
step = 940: loss = 1.090101957321167
step = 950: loss = 1.6277096271514893
step = 960: loss = 0.983325719833374
step = 970: loss = 1.0376356840133667
step = 980: loss = 1.744694709777832
step = 990: loss = 1.1697946786880493
step = 1000: loss = 3.4544997215270996
step = 1000: Average Return = (0.0, 0.0, 0.0, 0.0, 0.0)
step = 1010: loss = 1.174006700515747
step = 1020: loss = 4.5468854904174805
step = 1030: loss = 2.079606294631958
step = 1040: loss = 2.6813981533050537
step = 1050: loss = 1.3540314435958862
step = 1060: loss = 3.243283748626709
step = 1070: loss = 5.372758865356445
step = 1080: loss = 4.769708633422852
step = 1090: loss = 1.8314948081970215
step = 1100: loss = 2.7845518589019775
step = 1100: Average Return = (0.0, 0.0, 0.0, 0.0, 0.0)
step = 1110: loss = 0.8210172653198242
step = 1120: loss = 0.2793356776237488
step = 1130: loss = 3.6941118240356445
step = 1140: loss = 2.255722761154175
step = 1150: loss = 3.363247871398926
step = 1160: loss = 7.780255317687988
step = 1170: loss = 4.768970966339111
step = 1180: loss = 4.468093395233154
step = 1190: loss = 8.729581832885742
step = 1200: loss = 8.088126182556152
step = 1200: Average Return = (0.0, 0.0, 0.0, 0.0, 0.0)
step = 1210: loss = 13.932930946350098
step = 1220: loss = 0.7255432605743408
step = 1230: loss = 6.18465518951416
step = 1240: loss = 6.644521713256836
step = 1250: loss = 7.60019588470459
step = 1260: loss = 0.7712264060974121
step = 1270: loss = 8.984110832214355
step = 1280: loss = 5.488093852996826
step = 1290: loss = 39.201759338378906
step = 1300: loss = 14.00457763671875
step = 1300: Average Return = (0.0, 0.0, 0.0, 0.0, 0.0)
step = 1310: loss = 39.06076431274414
step = 1320: loss = 294.0603332519531
step = 1330: loss = 1460.7725830078125
step = 1340: loss = 8006.98974609375
step = 1350: loss = 10317.716796875
step = 1360: loss = 42871.1328125
step = 1370: loss = 24252.466796875
step = 1380: loss = 68430.625
step = 1390: loss = 108411.109375
step = 1400: loss = 81472.640625
step = 1400: Average Return = (0.0, 0.0, 0.0, 0.0, 0.0)
step = 1410: loss = 90601.984375
step = 1420: loss = 298804.5
step = 1430: loss = 99813.890625
step = 1440: loss = 65696.828125
step = 1450: loss = 125909.515625
step = 1460: loss = 948003.0625
step = 1470: loss = 673614.8125
step = 1480: loss = 737128.625
step = 1490: loss = 1118535.25
step = 1500: loss = 1887300.375
step = 1500: Average Return = (0.0, 0.0, 0.0, 0.0, 0.0)
step = 1510: loss = 848594.0
step = 1520: loss = 1592354.125
step = 1530: loss = 4311380.5
step = 1540: loss = 7060605.0
step = 1550: loss = 4223863.0
step = 1560: loss = 3049914.0
step = 1570: loss = 1195030.5
step = 1580: loss = 1145141.75
step = 1590: loss = 2277051.5
step = 1600: loss = 5529389.0
step = 1600: Average Return = (0.0, 0.0, 0.0, 0.0, 0.0)
step = 1610: loss = 1421358.75
step = 1620: loss = 1034304.875
step = 1630: loss = 1376674.5
step = 1640: loss = 1538173.125
step = 1650: loss = 1641659.625
step = 1660: loss = 327403.8125
step = 1670: loss = 536580.5
step = 1680: loss = 1792715.75
step = 1690: loss = 6601608.5
step = 1700: loss = 1997092.0
step = 1700: Average Return = (0.0, 0.0, 0.0, 0.0, 0.0)
step = 1710: loss = 23681712.0
step = 1720: loss = 19674366.0
step = 1730: loss = 27013468.0
step = 1740: loss = 5442263.5
step = 1750: loss = 66181464.0
step = 1760: loss = 58971028.0
step = 1770: loss = 121061696.0
step = 1780: loss = 40145996.0
step = 1790: loss = 121714656.0
step = 1800: loss = 123910560.0
step = 1800: Average Return = (0.0, 0.0, 0.0, 0.0, 0.0)
step = 1810: loss = 2013305.25
step = 1820: loss = 76641688.0
step = 1830: loss = 193519904.0
step = 1840: loss = 94074400.0
step = 1850: loss = 8148516.0
step = 1860: loss = 9239404.0
step = 1870: loss = 217204384.0
step = 1880: loss = 110281648.0
step = 1890: loss = 54480680.0
step = 1900: loss = 191151952.0
step = 1900: Average Return = (0.0, 0.0, 0.0, 0.0, 0.0)
step = 1910: loss = 254900256.0
step = 1920: loss = 138678960.0
step = 1930: loss = 160773712.0
step = 1940: loss = 283793184.0
step = 1950: loss = 417723584.0
step = 1960: loss = 409999648.0
step = 1970: loss = 518410784.0
step = 1980: loss = 265265728.0
step = 1990: loss = 148530496.0
step = 2000: loss = 324655520.0
step = 2000: Average Return = (0.0, 0.0, 0.0, 0.0, 0.0)
step = 2010: loss = 168511536.0
step = 2020: loss = 874794624.0
step = 2030: loss = 512302560.0
step = 2040: loss = 203659968.0
step = 2050: loss = 745264512.0
step = 2060: loss = 424214400.0
step = 2070: loss = 169587984.0
step = 2080: loss = 1025212.0
step = 2090: loss = 720727.1875
step = 2100: loss = 224750384.0
step = 2100: Average Return = (0.0, 0.0, 0.0, 0.0, 0.0)
step = 2110: loss = 4945156.0
step = 2120: loss = 3480994.75
step = 2130: loss = 477223776.0
step = 2140: loss = 1227002240.0
step = 2150: loss = 787957440.0
step = 2160: loss = 1398758400.0
step = 2170: loss = 1497618688.0
step = 2180: loss = 659811584.0
step = 2190: loss = 1402277888.0
step = 2200: loss = 19204066.0
step = 2200: Average Return = (0.0, 0.0, 0.0, 0.0, 0.0)
step = 2210: loss = 798137216.0
step = 2220: loss = 426441472.0
step = 2230: loss = 881478208.0
step = 2240: loss = 1604352000.0
step = 2250: loss = 839968000.0
step = 2260: loss = 385223520.0
step = 2270: loss = 402520000.0
step = 2280: loss = 8346904.5
step = 2290: loss = 434433024.0
step = 2300: loss = 448664992.0
step = 2300: Average Return = (0.0, 0.0, 0.0, 0.0, 0.0)
step = 2310: loss = 454249600.0
step = 2320: loss = 459306208.0
step = 2330: loss = 2876216.75
step = 2340: loss = 3468217.25
step = 2350: loss = 2278023.0
step = 2360: loss = 655978.8125
step = 2370: loss = 230062.875
step = 2380: loss = 690027.5625
step = 2390: loss = 1189952.375
step = 2400: loss = 1275864.25
step = 2400: Average Return = (0.0, 0.0, 0.0, 0.0, 0.0)
step = 2410: loss = 899583296.0
step = 2420: loss = 2796356864.0
step = 2430: loss = 617736576.0
step = 2440: loss = 1769489408.0
step = 2450: loss = 23978486.0
step = 2460: loss = 2766678016.0
step = 2470: loss = 3803044864.0
step = 2480: loss = 6985675264.0
step = 2490: loss = 3195834880.0
step = 2500: loss = 4399283712.0
step = 2500: Average Return = (0.0, 0.0, 0.0, 0.0, 0.0)
step = 2510: loss = 2206871552.0
step = 2520: loss = 3761609728.0
step = 2530: loss = 3497753856.0
step = 2540: loss = 1323345920.0
step = 2550: loss = 6084245504.0
step = 2560: loss = 95059040.0
step = 2570: loss = 2402594304.0
step = 2580: loss = 166588880.0
step = 2590: loss = 318379808.0
step = 2600: loss = 2633153536.0
step = 2600: Average Return = (0.0, 0.0, 0.0, 0.0, 0.0)
step = 2610: loss = 2846740224.0
step = 2620: loss = 672772672.0
step = 2630: loss = 1441687936.0
step = 2640: loss = 28507776.0
step = 2650: loss = 95677504.0
step = 2660: loss = 939692096.0
step = 2670: loss = 17835144.0
step = 2680: loss = 2262339840.0
step = 2690: loss = 128837656.0
step = 2700: loss = 1510155648.0
step = 2700: Average Return = (0.0, 0.0, 0.0, 0.0, 0.0)
step = 2710: loss = 40864656.0
step = 2720: loss = 3897241344.0
step = 2730: loss = 3119485952.0
step = 2740: loss = 5446220800.0
step = 2750: loss = 2440542208.0
step = 2760: loss = 2460701952.0
step = 2770: loss = 924172480.0
step = 2780: loss = 884346304.0
step = 2790: loss = 6732828.0
step = 2800: loss = 929313216.0
step = 2800: Average Return = (0.0, 0.0, 0.0, 0.0, 0.0)
step = 2810: loss = 943650240.0
step = 2820: loss = 2985383.0
step = 2830: loss = 9884602.0
step = 2840: loss = 9196185.0
step = 2850: loss = 2957587200.0
step = 2860: loss = 29353692.0
step = 2870: loss = 1039195264.0
step = 2880: loss = 3156133376.0
step = 2890: loss = 3303572736.0
step = 2900: loss = 2641099776.0
step = 2900: Average Return = (0.0, 0.0, 0.0, 0.0, 0.0)
step = 2910: loss = 3663582208.0
step = 2920: loss = 7475092480.0
step = 2930: loss = 6190432256.0
step = 2940: loss = 2504972032.0
step = 2950: loss = 7583995904.0
step = 2960: loss = 5222302208.0
step = 2970: loss = 5198538240.0
step = 2980: loss = 114734480.0
step = 2990: loss = 836629504.0
step = 3000: loss = 36477920.0
step = 3000: Average Return = (0.0, 0.0, 0.0, 0.0, 0.0)
step = 3010: loss = 35331936.0
step = 3020: loss = 1554683392.0
step = 3030: loss = 1557417472.0
step = 3040: loss = 1533522176.0
step = 3050: loss = 4604311552.0
step = 3060: loss = 4782531072.0
step = 3070: loss = 6468359168.0
step = 3080: loss = 8200505856.0
step = 3090: loss = 3628720384.0
step = 3100: loss = 5499947520.0
step = 3100: Average Return = (0.0, 0.0, 0.0, 0.0, 0.0)
step = 3110: loss = 5541855744.0
step = 3120: loss = 3663961856.0
step = 3130: loss = 377163936.0
step = 3140: loss = 8027301888.0
step = 3150: loss = 205410112.0
step = 3160: loss = 23847397376.0
step = 3170: loss = 15598489600.0
step = 3180: loss = 2716616704.0
step = 3190: loss = 17861136384.0
step = 3200: loss = 8531389952.0
step = 3200: Average Return = (0.0, 0.0, 0.0, 0.0, 0.0)
step = 3210: loss = 933985024.0
step = 3220: loss = 3173087232.0
step = 3230: loss = 13513071616.0
step = 3240: loss = 3327761920.0
step = 3250: loss = 19321282560.0
step = 3260: loss = 7950870528.0
step = 3270: loss = 8450155008.0
step = 3280: loss = 261928736.0
step = 3290: loss = 372878496.0
step = 3300: loss = 8881817600.0
step = 3300: Average Return = (0.0, 0.0, 0.0, 0.0, 0.0)
step = 3310: loss = 383354208.0
step = 3320: loss = 9643240448.0
step = 3330: loss = 35037011968.0
step = 3340: loss = 12503916544.0
step = 3350: loss = 9293389824.0
step = 3360: loss = 29632446464.0
step = 3370: loss = 4550615552.0
step = 3380: loss = 8758948864.0
step = 3390: loss = 18248437760.0
step = 3400: loss = 5072156160.0
step = 3400: Average Return = (0.0, 0.0, 0.0, 0.0, 0.0)
step = 3410: loss = 240054240.0
step = 3420: loss = 43285536.0
step = 3430: loss = 4414806016.0
step = 3440: loss = 8959571968.0
step = 3450: loss = 4614085120.0
step = 3460: loss = 13883191296.0
step = 3470: loss = 4637634560.0
step = 3480: loss = 9428292608.0
step = 3490: loss = 9603576.0
step = 3500: loss = 4824997376.0
step = 3500: Average Return = (0.0, 0.0, 0.0, 0.0, 0.0)
step = 3510: loss = 4764194304.0
step = 3520: loss = 4835333120.0
step = 3530: loss = 9804684288.0
step = 3540: loss = 9886116864.0
step = 3550: loss = 133235896.0
step = 3560: loss = 70652624.0
step = 3570: loss = 26196232.0
step = 3580: loss = 41224196.0
step = 3590: loss = 83156888.0
step = 3600: loss = 38749168.0
step = 3600: Average Return = (0.0, 0.0, 0.0, 0.0, 0.0)
step = 3610: loss = 45520808.0
step = 3620: loss = 82193616.0
step = 3630: loss = 15247685.0
step = 3640: loss = 11902678.0
step = 3650: loss = 18347620.0
step = 3660: loss = 9594710.0
step = 3670: loss = 12726013952.0
step = 3680: loss = 37226373120.0
step = 3690: loss = 11892122624.0
step = 3700: loss = 26308626432.0
step = 3700: Average Return = (0.0, 0.0, 0.0, 0.0, 0.0)
step = 3710: loss = 12969651200.0
step = 3720: loss = 13506449408.0
step = 3730: loss = 25172901888.0
step = 3740: loss = 27259310080.0
step = 3750: loss = 13877536768.0
step = 3760: loss = 136315696.0
step = 3770: loss = 20322273280.0
step = 3780: loss = 28153049088.0
step = 3790: loss = 28385871872.0
step = 3800: loss = 63199272960.0
step = 3800: Average Return = (0.0, 0.0, 0.0, 0.0, 0.0)
step = 3810: loss = 19494973440.0
step = 3820: loss = 1077399808.0
step = 3830: loss = 15591866368.0
step = 3840: loss = 33189588992.0
step = 3850: loss = 30060705792.0
step = 3860: loss = 7635672064.0
step = 3870: loss = 1621074816.0
step = 3880: loss = 14041872384.0
step = 3890: loss = 188604992.0
step = 3900: loss = 15991320576.0
step = 3900: Average Return = (0.0, 0.0, 0.0, 0.0, 0.0)
step = 3910: loss = 9121509376.0
step = 3920: loss = 9653856256.0
step = 3930: loss = 28245239808.0
step = 3940: loss = 23364376576.0
step = 3950: loss = 20480823296.0
step = 3960: loss = 23784880128.0
step = 3970: loss = 340643392.0
step = 3980: loss = 149612848.0
step = 3990: loss = 31419850752.0
step = 4000: loss = 163576032.0
step = 4000: Average Return = (0.0, 0.0, 0.0, 0.0, 0.0)
step = 4010: loss = 8636507136.0
step = 4020: loss = 10454283.0
step = 4030: loss = 24463338.0
step = 4040: loss = 2716732672.0
step = 4050: loss = 2759329536.0
step = 4060: loss = 2595373.5
step = 4070: loss = 4412257.0
step = 4080: loss = 2053444.5
step = 4090: loss = 2695973.5
step = 4100: loss = 601919.6875
step = 4100: Average Return = (0.0, 0.0, 0.0, 0.0, 0.0)
step = 4110: loss = 1778345.625
step = 4120: loss = 23143526400.0
step = 4130: loss = 27556685824.0
step = 4140: loss = 26700191744.0
step = 4150: loss = 39551447040.0
step = 4160: loss = 38873911296.0
step = 4170: loss = 40568602624.0
step = 4180: loss = 68959854592.0
step = 4190: loss = 56562806784.0
step = 4200: loss = 41368215552.0
step = 4200: Average Return = (0.0, 0.0, 0.0, 0.0, 0.0)
step = 4210: loss = 115396567040.0
step = 4220: loss = 28732481536.0
step = 4230: loss = 28885362688.0
step = 4240: loss = 29061531648.0
step = 4250: loss = 28897671168.0
step = 4260: loss = 61299920896.0
step = 4270: loss = 1318781952.0
step = 4280: loss = 6074237440.0
step = 4290: loss = 32049833984.0
step = 4300: loss = 1451879680.0
step = 4300: Average Return = (0.0, 0.0, 0.0, 0.0, 0.0)
step = 4310: loss = 70385188864.0
step = 4320: loss = 33267884032.0
step = 4330: loss = 59276148736.0
step = 4340: loss = 17817323520.0
step = 4350: loss = 3286283008.0
step = 4360: loss = 14402639872.0
step = 4370: loss = 881444352.0
step = 4380: loss = 58968880.0
step = 4390: loss = 36553035776.0
step = 4400: loss = 52153020416.0
step = 4400: Average Return = (0.0, 0.0, 0.0, 0.0, 0.0)
step = 4410: loss = 73680756736.0
step = 4420: loss = 77369286656.0
step = 4430: loss = 38933389312.0
step = 4440: loss = 95460884480.0
step = 4450: loss = 92708642816.0
step = 4460: loss = 50561835008.0
step = 4470: loss = 6793888768.0
step = 4480: loss = 59695087616.0
step = 4490: loss = 39257034752.0
step = 4500: loss = 35060002816.0
step = 4500: Average Return = (0.0, 0.0, 0.0, 0.0, 0.0)
step = 4510: loss = 72851775488.0
step = 4520: loss = 43124645888.0
step = 4530: loss = 40240406528.0
step = 4540: loss = 2765748480.0
step = 4550: loss = 38010064896.0
step = 4560: loss = 132908544.0
step = 4570: loss = 42883854336.0
step = 4580: loss = 3705649152.0
step = 4590: loss = 89941008384.0
step = 4600: loss = 41196158976.0
step = 4600: Average Return = (0.0, 0.0, 0.0, 0.0, 0.0)
step = 4610: loss = 18820059136.0
step = 4620: loss = 54629974016.0
step = 4630: loss = 77840277504.0
step = 4640: loss = 41011634176.0
step = 4650: loss = 57011662848.0
step = 4660: loss = 39540834304.0
step = 4670: loss = 35627253760.0
step = 4680: loss = 13993889792.0
step = 4690: loss = 27433869312.0
step = 4700: loss = 24371326976.0
step = 4700: Average Return = (0.0, 0.0, 0.0, 0.0, 0.0)
step = 4710: loss = 46378934272.0
step = 4720: loss = 27946577920.0
step = 4730: loss = 13723615232.0
step = 4740: loss = 45977608192.0
step = 4750: loss = 14273525760.0
step = 4760: loss = 78053441536.0
step = 4770: loss = 127125954560.0
step = 4780: loss = 38345560064.0
step = 4790: loss = 55946252288.0
step = 4800: loss = 100106772480.0
step = 4800: Average Return = (0.0, 0.0, 0.0, 0.0, 0.0)
step = 4810: loss = 53325676544.0
step = 4820: loss = 13043941376.0
step = 4830: loss = 122860683264.0
step = 4840: loss = 24608935936.0
step = 4850: loss = 139989712896.0
step = 4860: loss = 194907963392.0
step = 4870: loss = 195830906880.0
step = 4880: loss = 131492257792.0
step = 4890: loss = 112991510528.0
step = 4900: loss = 210057773056.0
step = 4900: Average Return = (0.0, 0.0, 0.0, 0.0, 0.0)
step = 4910: loss = 112969293824.0
step = 4920: loss = 168955805696.0
step = 4930: loss = 27194277888.0
step = 4940: loss = 89802883072.0
step = 4950: loss = 66228477952.0
step = 4960: loss = 57390088192.0
step = 4970: loss = 76827754496.0
step = 4980: loss = 150391717888.0
step = 4990: loss = 75364245504.0
step = 5000: loss = 36483584000.0
step = 5000: Average Return = (0.0, 0.0, 0.0, 0.0, 0.0)
Violations during Learning: 0
Violations after Learning: 0
_OBSERVATION
