Write to file ./models_storm/rocks_eval_model.drn.
Starting RL:

Random policy return: ((11.0, 10.0, 10.0, 5.614835262298584, 10.0), [10.0, 20.0, 10.0, 10.0, 10.0, 10.0, 0.0, 10.0, 10.0, 20.0])
step = 10: loss = 8727.5751953125
step = 20: loss = 372715.3125
step = 30: loss = 1137702.0
step = 40: loss = 4812242.0
step = 50: loss = 23645152.0
step = 60: loss = 112656960.0
step = 70: loss = 47319668.0
step = 80: loss = 90567880.0
step = 90: loss = 326349600.0
step = 100: loss = 732510.5
step = 100: Average Return = (0.0, 0.0, 0.0, 0.0, 0.0)
step = 110: loss = 979037568.0
step = 120: loss = 1289981056.0
step = 130: loss = 25643672.0
step = 140: loss = 500821568.0
step = 150: loss = 2753225472.0
step = 160: loss = 2705016576.0
step = 170: loss = 6453831680.0
step = 180: loss = 17625354240.0
step = 190: loss = 12114391040.0
step = 200: loss = 11761939456.0
step = 200: Average Return = (0.0, 0.0, 0.0, 0.0, 0.0)
step = 210: loss = 17381568512.0
step = 220: loss = 21065768960.0
step = 230: loss = 53782667264.0
step = 240: loss = 53886644224.0
step = 250: loss = 43507564544.0
step = 260: loss = 62653288448.0
step = 270: loss = 30585036800.0
step = 280: loss = 42043731968.0
step = 290: loss = 36654428160.0
step = 300: loss = 33392738304.0
step = 300: Average Return = (0.0, 0.0, 0.0, 0.0, 0.0)
step = 310: loss = 17318641664.0
step = 320: loss = 60226981888.0
step = 330: loss = 12977457152.0
step = 340: loss = 25159575552.0
step = 350: loss = 16171216896.0
step = 360: loss = 32234348544.0
step = 370: loss = 23497771008.0
step = 380: loss = 29413167104.0
step = 390: loss = 33838632960.0
step = 400: loss = 35804864512.0
step = 400: Average Return = (0.0, 0.0, 0.0, 0.0, 0.0)
step = 410: loss = 28645949440.0
step = 420: loss = 48068509696.0
step = 430: loss = 28466860032.0
step = 440: loss = 20489449472.0
step = 450: loss = 14304445440.0
step = 460: loss = 26541785088.0
step = 470: loss = 37087477760.0
step = 480: loss = 14732479488.0
step = 490: loss = 60423794688.0
step = 500: loss = 4237092096.0
step = 500: Average Return = (0.0, 0.0, 0.0, 0.0, 0.0)
step = 510: loss = 46328250368.0
step = 520: loss = 59953557504.0
step = 530: loss = 137345671168.0
step = 540: loss = 123908177920.0
step = 550: loss = 74234617856.0
step = 560: loss = 28083515392.0
step = 570: loss = 127187722240.0
step = 580: loss = 127768330240.0
step = 590: loss = 78049165312.0
step = 600: loss = 221481533440.0
step = 600: Average Return = (0.0, 0.0, 0.0, 0.0, 0.0)
step = 610: loss = 82167021568.0
step = 620: loss = 304140386304.0
step = 630: loss = 92782616576.0
step = 640: loss = 300841631744.0
step = 650: loss = 561764237312.0
step = 660: loss = 848771809280.0
step = 670: loss = 390882689024.0
step = 680: loss = 1069583302656.0
step = 690: loss = 485963988992.0
step = 700: loss = 652120489984.0
step = 700: Average Return = (0.0, 0.0, 0.0, 0.0, 0.0)
step = 710: loss = 405762473984.0
step = 720: loss = 4264724480.0
step = 730: loss = 553019899904.0
step = 740: loss = 445623009280.0
step = 750: loss = 305078042624.0
step = 760: loss = 372098007040.0
step = 770: loss = 301389316096.0
step = 780: loss = 104635023360.0
step = 790: loss = 287826837504.0
step = 800: loss = 657547132928.0
step = 800: Average Return = (0.0, 0.0, 0.0, 0.0, 0.0)
step = 810: loss = 578016706560.0
step = 820: loss = 846052982784.0
step = 830: loss = 1021301620736.0
step = 840: loss = 846997356544.0
step = 850: loss = 293862670336.0
step = 860: loss = 967717552128.0
step = 870: loss = 589892419584.0
step = 880: loss = 486834470912.0
step = 890: loss = 478028627968.0
step = 900: loss = 546842116096.0
step = 900: Average Return = (0.0, 0.0, 0.0, 0.0, 0.0)
step = 910: loss = 1889388462080.0
step = 920: loss = 97462927360.0
step = 930: loss = 2790914785280.0
step = 940: loss = 49386892.0
step = 950: loss = 50469715968.0
step = 960: loss = 754312413184.0
step = 970: loss = 115857375232.0
step = 980: loss = 1366329917440.0
step = 990: loss = 2554396147712.0
step = 1000: loss = 2686368088064.0
step = 1000: Average Return = (0.0, 0.0, 0.0, 0.0, 0.0)
step = 1010: loss = 5949475520512.0
step = 1020: loss = 3678472503296.0
step = 1030: loss = 4112454254592.0
step = 1040: loss = 4512547864576.0
step = 1050: loss = 1788757147648.0
step = 1060: loss = 10027119149056.0
step = 1070: loss = 4340048723968.0
step = 1080: loss = 5273472729088.0
step = 1090: loss = 7188384841728.0
step = 1100: loss = 3030632103936.0
step = 1100: Average Return = (0.0, 0.0, 0.0, 0.0, 0.0)
step = 1110: loss = 3587536322560.0
step = 1120: loss = 1708810698752.0
step = 1130: loss = 561429676032.0
step = 1140: loss = 82998936.0
step = 1150: loss = 1938260230144.0
step = 1160: loss = 3772992716800.0
step = 1170: loss = 7323361214464.0
step = 1180: loss = 4907231346688.0
step = 1190: loss = 1843250724864.0
step = 1200: loss = 11670345744384.0
step = 1200: Average Return = (0.0, 0.0, 0.0, 0.0, 0.0)
step = 1210: loss = 8427107516416.0
step = 1220: loss = 8996904763392.0
step = 1230: loss = 23291838332928.0
step = 1240: loss = 13936363569152.0
step = 1250: loss = 30382554611712.0
step = 1260: loss = 15938260828160.0
step = 1270: loss = 44998334611456.0
step = 1280: loss = 8507680096256.0
step = 1290: loss = 15950491418624.0
step = 1300: loss = 32239895183360.0
step = 1300: Average Return = (0.0, 0.0, 0.0, 0.0, 0.0)
step = 1310: loss = 40985375539200.0
step = 1320: loss = 9295380873216.0
step = 1330: loss = 34938030129152.0
step = 1340: loss = 42046421204992.0
step = 1350: loss = 58077168533504.0
step = 1360: loss = 31099919007744.0
step = 1370: loss = 43011157262336.0
step = 1380: loss = 23065773735936.0
step = 1390: loss = 19463449608192.0
step = 1400: loss = 10642509529088.0
step = 1400: Average Return = (0.0, 0.0, 0.0, 0.0, 0.0)
step = 1410: loss = 21977548980224.0
step = 1420: loss = 22150429802496.0
step = 1430: loss = 7204238786560.0
step = 1440: loss = 9880122425344.0
step = 1450: loss = 17462831611904.0
step = 1460: loss = 11567627239424.0
step = 1470: loss = 8969096527872.0
step = 1480: loss = 11372138070016.0
step = 1490: loss = 9167325626368.0
step = 1500: loss = 14539020042240.0
step = 1500: Average Return = (0.0, 0.0, 0.0, 0.0, 0.0)
step = 1510: loss = 9591037362176.0
step = 1520: loss = 16980799127552.0
step = 1530: loss = 35444049838080.0
step = 1540: loss = 21143008313344.0
step = 1550: loss = 16810632019968.0
step = 1560: loss = 13634004582400.0
step = 1570: loss = 25704938864640.0
step = 1580: loss = 16625746051072.0
step = 1590: loss = 25816813535232.0
step = 1600: loss = 30115387932672.0
step = 1600: Average Return = (0.0, 0.0, 0.0, 0.0, 0.0)
step = 1610: loss = 62373212160.0
step = 1620: loss = 3037503422464.0
step = 1630: loss = 4132460560384.0
step = 1640: loss = 26647436722176.0
step = 1650: loss = 11627222007808.0
step = 1660: loss = 3599402795008.0
step = 1670: loss = 11528697806848.0
step = 1680: loss = 5708078120960.0
step = 1690: loss = 4105019064320.0
step = 1700: loss = 6005780905984.0
step = 1700: Average Return = (0.0, 0.0, 0.0, 0.0, 0.0)
step = 1710: loss = 8974031126528.0
step = 1720: loss = 3085159890944.0
step = 1730: loss = 9935479898112.0
step = 1740: loss = 6178427895808.0
step = 1750: loss = 8441646546944.0
step = 1760: loss = 5410656354304.0
step = 1770: loss = 8627528138752.0
step = 1780: loss = 3689798434816.0
step = 1790: loss = 4591914582016.0
step = 1800: loss = 10202369753088.0
step = 1800: Average Return = (0.0, 0.0, 0.0, 0.0, 0.0)
step = 1810: loss = 1101077676032.0
step = 1820: loss = 4682680893440.0
step = 1830: loss = 26127955394560.0
step = 1840: loss = 1583011856384.0
step = 1850: loss = 3432682618880.0
step = 1860: loss = 14943600508928.0
step = 1870: loss = 8018851790848.0
step = 1880: loss = 26062132084736.0
step = 1890: loss = 9498842365952.0
step = 1900: loss = 364381536256.0
step = 1900: Average Return = (0.0, 0.0, 0.0, 0.0, 0.0)
step = 1910: loss = 13603808739328.0
step = 1920: loss = 13555675955200.0
step = 1930: loss = 23439452667904.0
step = 1940: loss = 9717296398336.0
step = 1950: loss = 43015917797376.0
step = 1960: loss = 26614121365504.0
step = 1970: loss = 14156757467136.0
step = 1980: loss = 5542595526656.0
step = 1990: loss = 10209696153600.0
step = 2000: loss = 3850937565184.0
step = 2000: Average Return = (0.0, 0.0, 0.0, 0.0, 0.0)
step = 2010: loss = 33308318629888.0
step = 2020: loss = 9869689094144.0
step = 2030: loss = 32564257488896.0
step = 2040: loss = 29590770679808.0
step = 2050: loss = 42271206539264.0
step = 2060: loss = 11024457531392.0
step = 2070: loss = 51168579420160.0
step = 2080: loss = 35092336476160.0
step = 2090: loss = 36499307364352.0
step = 2100: loss = 67528101462016.0
step = 2100: Average Return = (0.0, 0.0, 0.0, 0.0, 0.0)
step = 2110: loss = 15422422253568.0
step = 2120: loss = 22085902532608.0
step = 2130: loss = 7910148014080.0
step = 2140: loss = 8592671375360.0
step = 2150: loss = 11447854694400.0
step = 2160: loss = 16539278376960.0
step = 2170: loss = 22166745645056.0
step = 2180: loss = 29759478169600.0
step = 2190: loss = 67864992153600.0
step = 2200: loss = 27880260108288.0
step = 2200: Average Return = (0.0, 0.0, 0.0, 0.0, 0.0)
step = 2210: loss = 53607839825920.0
step = 2220: loss = 44848308551680.0
step = 2230: loss = 50963557646336.0
step = 2240: loss = 42737843830784.0
step = 2250: loss = 97923794731008.0
step = 2260: loss = 24616951087104.0
step = 2270: loss = 28854418669568.0
step = 2280: loss = 66447137046528.0
step = 2290: loss = 69557314125824.0
step = 2300: loss = 18577438539776.0
step = 2300: Average Return = (0.0, 0.0, 0.0, 0.0, 0.0)
step = 2310: loss = 20149226700800.0
step = 2320: loss = 20698500169728.0
step = 2330: loss = 18759079165952.0
step = 2340: loss = 4453943476224.0
step = 2350: loss = 24854195601408.0
step = 2360: loss = 20835366600704.0
step = 2370: loss = 13127594803200.0
step = 2380: loss = 13814150987776.0
step = 2390: loss = 18368386039808.0
step = 2400: loss = 38925196328960.0
step = 2400: Average Return = (0.0, 0.0, 0.0, 0.0, 0.0)
step = 2410: loss = 15706486734848.0
step = 2420: loss = 31526653788160.0
step = 2430: loss = 9995404967936.0
step = 2440: loss = 8181217492992.0
step = 2450: loss = 17789683236864.0
step = 2460: loss = 20268168773632.0
step = 2470: loss = 14037374992384.0
step = 2480: loss = 28792114380800.0
step = 2490: loss = 21454628323328.0
step = 2500: loss = 24223363891200.0
step = 2500: Average Return = (0.0, 0.0, 0.0, 0.0, 0.0)
step = 2510: loss = 16606650433536.0
step = 2520: loss = 30903564763136.0
step = 2530: loss = 37485392429056.0
step = 2540: loss = 31022867546112.0
step = 2550: loss = 32487910670336.0
step = 2560: loss = 25474040332288.0
step = 2570: loss = 21455265857536.0
step = 2580: loss = 8757140520960.0
step = 2590: loss = 29811944718336.0
step = 2600: loss = 59837903798272.0
step = 2600: Average Return = (0.0, 0.0, 0.0, 0.0, 0.0)
step = 2610: loss = 14738568249344.0
step = 2620: loss = 49904802070528.0
step = 2630: loss = 28519681753088.0
step = 2640: loss = 17166079361024.0
step = 2650: loss = 72369670455296.0
step = 2660: loss = 62518642868224.0
step = 2670: loss = 83489357561856.0
step = 2680: loss = 66702805041152.0
step = 2690: loss = 87863202938880.0
step = 2700: loss = 105419611570176.0
step = 2700: Average Return = (0.0, 0.0, 0.0, 0.0, 0.0)
step = 2710: loss = 55758842494976.0
step = 2720: loss = 46807988043776.0
step = 2730: loss = 18898906775552.0
step = 2740: loss = 69582572224512.0
step = 2750: loss = 39594208788480.0
step = 2760: loss = 89099079778304.0
step = 2770: loss = 17210930102272.0
step = 2780: loss = 43436874924032.0
step = 2790: loss = 33170003066880.0
step = 2800: loss = 68249916014592.0
step = 2800: Average Return = (0.0, 0.0, 0.0, 0.0, 0.0)
step = 2810: loss = 49655064821760.0
step = 2820: loss = 76801279787008.0
step = 2830: loss = 80579366223872.0
step = 2840: loss = 89191807451136.0
step = 2850: loss = 20092565848064.0
step = 2860: loss = 58211352707072.0
step = 2870: loss = 63222228975616.0
step = 2880: loss = 14841234325504.0
step = 2890: loss = 41134638235648.0
step = 2900: loss = 54899630931968.0
step = 2900: Average Return = (0.0, 0.0, 0.0, 0.0, 0.0)
step = 2910: loss = 36203382439936.0
step = 2920: loss = 7076630757376.0
step = 2930: loss = 8155374813184.0
step = 2940: loss = 18392113217536.0
step = 2950: loss = 21741644546048.0
step = 2960: loss = 19957685420032.0
step = 2970: loss = 15583802294272.0
step = 2980: loss = 27088350347264.0
step = 2990: loss = 17062007144448.0
step = 3000: loss = 17780069892096.0
step = 3000: Average Return = (0.0, 0.0, 0.0, 0.0, 0.0)
step = 3010: loss = 16481614036992.0
step = 3020: loss = 17238620897280.0
step = 3030: loss = 20424096219136.0
step = 3040: loss = 11761728094208.0
step = 3050: loss = 19237624086528.0
step = 3060: loss = 14687607455744.0
step = 3070: loss = 16928733134848.0
step = 3080: loss = 12208042934272.0
step = 3090: loss = 13972309803008.0
step = 3100: loss = 27507560546304.0
step = 3100: Average Return = (0.0, 0.0, 0.0, 0.0, 0.0)
step = 3110: loss = 7865492307968.0
step = 3120: loss = 6834427002880.0
step = 3130: loss = 9964641845248.0
step = 3140: loss = 13877815279616.0
step = 3150: loss = 17766004293632.0
step = 3160: loss = 48535248568320.0
step = 3170: loss = 3964967583744.0
step = 3180: loss = 51064460017664.0
step = 3190: loss = 100292175593472.0
step = 3200: loss = 51983767568384.0
step = 3200: Average Return = (0.0, 0.0, 0.0, 0.0, 0.0)
step = 3210: loss = 100685207044096.0
step = 3220: loss = 41833191178240.0
step = 3230: loss = 61300885422080.0
step = 3240: loss = 54590309400576.0
step = 3250: loss = 37412176658432.0
step = 3260: loss = 103242583244800.0
step = 3270: loss = 89080910053376.0
step = 3280: loss = 87936385155072.0
step = 3290: loss = 38706484346880.0
step = 3300: loss = 45013060812800.0
step = 3300: Average Return = (0.0, 0.0, 0.0, 0.0, 0.0)
step = 3310: loss = 27874186756096.0
step = 3320: loss = 62013761912832.0
step = 3330: loss = 67126312304640.0
step = 3340: loss = 38492620980224.0
step = 3350: loss = 40147357794304.0
step = 3360: loss = 85874431754240.0
step = 3370: loss = 27770985906176.0
step = 3380: loss = 12636802514944.0
step = 3390: loss = 40860821487616.0
step = 3400: loss = 92226151514112.0
step = 3400: Average Return = (0.0, 0.0, 0.0, 0.0, 0.0)
step = 3410: loss = 37546570547200.0
step = 3420: loss = 105936114941952.0
step = 3430: loss = 171220213432320.0
step = 3440: loss = 124142548418560.0
step = 3450: loss = 75762543624192.0
step = 3460: loss = 71347350798336.0
step = 3470: loss = 101583979282432.0
step = 3480: loss = 68844777373696.0
step = 3490: loss = 29781433253888.0
step = 3500: loss = 55164299902976.0
step = 3500: Average Return = (0.0, 0.0, 0.0, 0.0, 0.0)
step = 3510: loss = 80652657491968.0
step = 3520: loss = 115825868800.0
step = 3530: loss = 30759683358720.0
step = 3540: loss = 8534156800.0
step = 3550: loss = 4444432367616.0
step = 3560: loss = 51974632374272.0
step = 3570: loss = 27339584962560.0
step = 3580: loss = 24717557760000.0
step = 3590: loss = 8286661246976.0
step = 3600: loss = 18330387742720.0
step = 3600: Average Return = (0.0, 0.0, 0.0, 0.0, 0.0)
step = 3610: loss = 48497290117120.0
step = 3620: loss = 36080220897280.0
step = 3630: loss = 210974976.0
step = 3640: loss = 1785081364480.0
step = 3650: loss = 40954677428224.0
step = 3660: loss = 67378490638336.0
step = 3670: loss = 22013628383232.0
step = 3680: loss = 30794294755328.0
step = 3690: loss = 70637406126080.0
step = 3700: loss = 41067059609600.0
step = 3700: Average Return = (0.0, 0.0, 0.0, 0.0, 0.0)
step = 3710: loss = 51295050268672.0
step = 3720: loss = 45535977275392.0
step = 3730: loss = 71074595209216.0
step = 3740: loss = 55099695038464.0
step = 3750: loss = 112672376881152.0
step = 3760: loss = 56873407479808.0
step = 3770: loss = 98571235885056.0
step = 3780: loss = 15186254626816.0
step = 3790: loss = 8667866857472.0
step = 3800: loss = 27663553003520.0
step = 3800: Average Return = (0.0, 0.0, 0.0, 0.0, 0.0)
step = 3810: loss = 26233947553792.0
step = 3820: loss = 23466413654016.0
step = 3830: loss = 20460037210112.0
step = 3840: loss = 10550027223040.0
step = 3850: loss = 85880077287424.0
step = 3860: loss = 8978521128960.0
step = 3870: loss = 64517866258432.0
step = 3880: loss = 73330090573824.0
step = 3890: loss = 99783935000576.0
step = 3900: loss = 16199993786368.0
step = 3900: Average Return = (0.0, 0.0, 0.0, 0.0, 0.0)
step = 3910: loss = 167101339795456.0
step = 3920: loss = 48385776156672.0
step = 3930: loss = 74809606144000.0
step = 3940: loss = 14972255993856.0
step = 3950: loss = 80208396812288.0
step = 3960: loss = 53029491441664.0
step = 3970: loss = 7474945458176.0
step = 3980: loss = 4548786651136.0
step = 3990: loss = 133362190647296.0
step = 4000: loss = 70424922685440.0
step = 4000: Average Return = (0.0, 0.0, 0.0, 0.0, 0.0)
step = 4010: loss = 102759021936640.0
step = 4020: loss = 186990913912832.0
step = 4030: loss = 79596137480192.0
step = 4040: loss = 196112585588736.0
step = 4050: loss = 131693797179392.0
step = 4060: loss = 195683910942720.0
step = 4070: loss = 10634703929344.0
step = 4080: loss = 258020395188224.0
step = 4090: loss = 148448330383360.0
step = 4100: loss = 127640170135552.0
step = 4100: Average Return = (0.0, 0.0, 0.0, 0.0, 0.0)
step = 4110: loss = 34175241420800.0
step = 4120: loss = 46163445153792.0
step = 4130: loss = 46330726580224.0
step = 4140: loss = 17185296613376.0
step = 4150: loss = 51657085812736.0
step = 4160: loss = 20683058839552.0
step = 4170: loss = 25098637541376.0
step = 4180: loss = 98587954380800.0
step = 4190: loss = 40206812053504.0
step = 4200: loss = 99931465449472.0
step = 4200: Average Return = (0.0, 0.0, 0.0, 0.0, 0.0)
step = 4210: loss = 133751581442048.0
step = 4220: loss = 51280475062272.0
step = 4230: loss = 188901637488640.0
step = 4240: loss = 133226110648320.0
step = 4250: loss = 171785840492544.0
step = 4260: loss = 165510322847744.0
step = 4270: loss = 123710879039488.0
step = 4280: loss = 153307448344576.0
step = 4290: loss = 57973799911424.0
step = 4300: loss = 116601642811392.0
step = 4300: Average Return = (0.0, 0.0, 0.0, 0.0, 0.0)
step = 4310: loss = 222395822505984.0
step = 4320: loss = 108893904568320.0
step = 4330: loss = 46465875443712.0
step = 4340: loss = 208835167911936.0
step = 4350: loss = 349298751438848.0
step = 4360: loss = 195508521926656.0
step = 4370: loss = 145230426800128.0
step = 4380: loss = 221947619180544.0
step = 4390: loss = 71437570277376.0
step = 4400: loss = 155542173515776.0
step = 4400: Average Return = (0.0, 0.0, 0.0, 0.0, 0.0)
step = 4410: loss = 239823457615872.0
step = 4420: loss = 332139283349504.0
step = 4430: loss = 158751302615040.0
step = 4440: loss = 71196724953088.0
step = 4450: loss = 230168639569920.0
step = 4460: loss = 193265743691776.0
step = 4470: loss = 89658163724288.0
step = 4480: loss = 89869850247168.0
step = 4490: loss = 146134148317184.0
step = 4500: loss = 51799859920896.0
step = 4500: Average Return = (0.0, 0.0, 0.0, 0.0, 0.0)
step = 4510: loss = 6207171985408.0
step = 4520: loss = 174325843886080.0
step = 4530: loss = 36274077433856.0
step = 4540: loss = 38401109655552.0
step = 4550: loss = 62428113010688.0
step = 4560: loss = 270085763629056.0
step = 4570: loss = 115725402374144.0
step = 4580: loss = 79313223286784.0
step = 4590: loss = 185659390164992.0
step = 4600: loss = 137274410926080.0
step = 4600: Average Return = (0.0, 0.0, 0.0, 0.0, 0.0)
step = 4610: loss = 162272471154688.0
step = 4620: loss = 461550875836416.0
step = 4630: loss = 282706491473920.0
step = 4640: loss = 220713537503232.0
step = 4650: loss = 381336086904832.0
step = 4660: loss = 152925196255232.0
step = 4670: loss = 208372284522496.0
step = 4680: loss = 79236207476736.0
step = 4690: loss = 44474386350080.0
step = 4700: loss = 72258294906880.0
step = 4700: Average Return = (0.0, 0.0, 0.0, 0.0, 0.0)
step = 4710: loss = 27189147860992.0
step = 4720: loss = 100856049434624.0
step = 4730: loss = 10962249711616.0
step = 4740: loss = 68055048650752.0
step = 4750: loss = 18950706429952.0
step = 4760: loss = 505198247936.0
step = 4770: loss = 89209775849472.0
step = 4780: loss = 68856655642624.0
step = 4790: loss = 36420756439040.0
step = 4800: loss = 163231809142784.0
step = 4800: Average Return = (0.0, 0.0, 0.0, 0.0, 0.0)
step = 4810: loss = 113242844168192.0
step = 4820: loss = 21541509136384.0
step = 4830: loss = 0.0
step = 4840: loss = 164734175281152.0
step = 4850: loss = 89313584873472.0
step = 4860: loss = 13476428775424.0
step = 4870: loss = 186124874022912.0
step = 4880: loss = 166083331883008.0
step = 4890: loss = 165698328330240.0
step = 4900: loss = 247788457689088.0
step = 4900: Average Return = (0.0, 0.0, 0.0, 0.0, 0.0)
step = 4910: loss = 119231278481408.0
step = 4920: loss = 159341776732160.0
step = 4930: loss = 344216429395968.0
step = 4940: loss = 82190088011776.0
step = 4950: loss = 168273832312832.0
step = 4960: loss = 166514321784832.0
step = 4970: loss = 59269688852480.0
step = 4980: loss = 57592722227200.0
step = 4990: loss = 167794675023872.0
step = 5000: loss = 63587569631232.0
step = 5000: Average Return = (0.0, 0.0, 0.0, 0.0, 0.0)
Violations during Learning: 0
Violations after Learning: 0
_OBSERVATION
