Write to file ./models_storm/rocks_eval_model.drn.
Starting RL:

Random policy return: ((11.0, 10.0, 10.0, 5.614835262298584, 10.0), [20.0, 10.0, 10.0, 20.0, 10.0, 10.0, 10.0, 10.0, 0.0, 10.0])
step = 10: loss = 0.057763129472732544
step = 20: loss = -0.9591792821884155
step = 30: loss = -0.6679686307907104
step = 40: loss = -0.7985950708389282
step = 50: loss = -0.8389922976493835
step = 60: loss = -0.960513174533844
step = 70: loss = -0.9940349459648132
step = 80: loss = -1.0249699354171753
step = 90: loss = -1.1233068704605103
step = 100: loss = -1.155517339706421
step = 100: Average Return = (0.0, 0.0, 0.0, 0.0, 0.0)
step = 110: loss = -1.3047864437103271
step = 120: loss = -1.3954517841339111
step = 130: loss = -1.545290231704712
step = 140: loss = -1.616729974746704
step = 150: loss = -1.7486120462417603
step = 160: loss = -1.8555065393447876
step = 170: loss = -1.9768704175949097
step = 180: loss = -2.095656633377075
step = 190: loss = -2.2140040397644043
step = 200: loss = -2.335376262664795
step = 200: Average Return = (0.0, 0.0, 0.0, 0.0, 0.0)
step = 210: loss = -2.4558770656585693
step = 220: loss = -2.5780999660491943
step = 230: loss = -2.7029597759246826
step = 240: loss = -2.829542875289917
step = 250: loss = -2.956131935119629
step = 260: loss = -3.083280086517334
step = 270: loss = -3.211743116378784
step = 280: loss = -3.3407907485961914
step = 290: loss = -3.470482587814331
step = 300: loss = -3.600947856903076
step = 300: Average Return = (0.0, 0.0, 0.0, 0.0, 0.0)
step = 310: loss = -3.7319531440734863
step = 320: loss = -3.863607406616211
step = 330: loss = -3.995785713195801
step = 340: loss = -4.128515243530273
step = 350: loss = -4.261736869812012
step = 360: loss = -4.3954339027404785
step = 370: loss = -4.529591083526611
step = 380: loss = -4.664179801940918
step = 390: loss = -4.799187660217285
step = 400: loss = -4.9345855712890625
step = 400: Average Return = (0.0, 0.0, 0.0, 0.0, 0.0)
step = 410: loss = -5.070354461669922
step = 420: loss = -5.206490993499756
step = 430: loss = -5.342975616455078
step = 440: loss = -5.479788780212402
step = 450: loss = -5.616934776306152
step = 460: loss = -5.754385471343994
step = 470: loss = -5.892120361328125
step = 480: loss = -6.03015661239624
step = 490: loss = -6.168467998504639
step = 500: loss = -6.307034969329834
step = 500: Average Return = (0.0, 0.0, 0.0, 0.0, 0.0)
step = 510: loss = -6.445868968963623
step = 520: loss = -6.5849385261535645
step = 530: loss = -6.724252700805664
step = 540: loss = -6.863797187805176
step = 550: loss = -7.0035719871521
step = 560: loss = -7.143556594848633
step = 570: loss = -7.2837443351745605
step = 580: loss = -7.42414665222168
step = 590: loss = -7.564731597900391
step = 600: loss = -7.705519199371338
step = 600: Average Return = (0.0, 0.0, 0.0, 0.0, 0.0)
step = 610: loss = -7.846485137939453
step = 620: loss = -7.987630844116211
step = 630: loss = -8.12895393371582
step = 640: loss = -8.270453453063965
step = 650: loss = -8.412103652954102
step = 660: loss = -8.55392837524414
step = 670: loss = -8.695893287658691
step = 680: loss = -8.838017463684082
step = 690: loss = -8.980292320251465
step = 700: loss = -9.122687339782715
step = 700: Average Return = (0.0, 0.0, 0.0, 0.0, 0.0)
step = 710: loss = -9.265237808227539
step = 720: loss = -9.407922744750977
step = 730: loss = -9.550756454467773
step = 740: loss = -9.693700790405273
step = 750: loss = -9.836771965026855
step = 760: loss = -9.979960441589355
step = 770: loss = -10.123262405395508
step = 780: loss = -10.266695976257324
step = 790: loss = -10.410233497619629
step = 800: loss = -10.553873062133789
step = 800: Average Return = (0.0, 0.0, 0.0, 0.0, 0.0)
step = 810: loss = -10.697628021240234
step = 820: loss = -10.841971397399902
step = 830: loss = -10.98867416381836
step = 840: loss = -11.133633613586426
step = 850: loss = -11.278039932250977
step = 860: loss = -11.42232894897461
step = 870: loss = -11.566642761230469
step = 880: loss = -11.711012840270996
step = 890: loss = -11.855466842651367
step = 900: loss = -12.00000286102295
step = 900: Average Return = (0.0, 0.0, 0.0, 0.0, 0.0)
step = 910: loss = -12.144625663757324
step = 920: loss = -12.289321899414062
step = 930: loss = -12.434110641479492
step = 940: loss = -12.578971862792969
step = 950: loss = -12.723837852478027
step = 960: loss = -12.851692199707031
step = 970: loss = -13.008264541625977
step = 980: loss = -13.159557342529297
step = 990: loss = -13.305032730102539
step = 1000: loss = -13.448463439941406
step = 1000: Average Return = (0.0, 0.0, 0.0, 0.0, 0.0)
step = 1010: loss = -13.584537506103516
step = 1020: loss = -13.738065719604492
step = 1030: loss = -13.886019706726074
step = 1040: loss = -14.031227111816406
step = 1050: loss = -14.17558479309082
step = 1060: loss = -14.320171356201172
step = 1070: loss = -14.465699195861816
step = 1080: loss = -14.611336708068848
step = 1090: loss = -14.7568941116333
step = 1100: loss = -14.905208587646484
step = 1100: Average Return = (0.0, 0.0, 0.0, 0.0, 0.0)
step = 1110: loss = -15.052233695983887
step = 1120: loss = -15.198448181152344
step = 1130: loss = -15.344514846801758
step = 1140: loss = -15.490509033203125
step = 1150: loss = -15.63660717010498
step = 1160: loss = -15.782739639282227
step = 1170: loss = -15.928909301757812
step = 1180: loss = -16.075199127197266
step = 1190: loss = -16.221494674682617
step = 1200: loss = -16.367895126342773
step = 1200: Average Return = (0.0, 0.0, 0.0, 0.0, 0.0)
step = 1210: loss = -16.51435089111328
step = 1220: loss = -16.66084861755371
step = 1230: loss = -16.807369232177734
step = 1240: loss = -16.953998565673828
step = 1250: loss = -17.10063362121582
step = 1260: loss = -17.247314453125
step = 1270: loss = -17.394073486328125
step = 1280: loss = -17.54088020324707
step = 1290: loss = -17.68768310546875
step = 1300: loss = -17.834590911865234
step = 1300: Average Return = (0.0, 0.0, 0.0, 0.0, 0.0)
step = 1310: loss = -17.98151397705078
step = 1320: loss = -18.12847328186035
step = 1330: loss = -18.27545928955078
step = 1340: loss = -18.422517776489258
step = 1350: loss = -18.569580078125
step = 1360: loss = -18.716716766357422
step = 1370: loss = -18.86383819580078
step = 1380: loss = -19.011051177978516
step = 1390: loss = -19.158302307128906
step = 1400: loss = -19.305551528930664
step = 1400: Average Return = (0.0, 0.0, 0.0, 0.0, 0.0)
step = 1410: loss = -19.452871322631836
step = 1420: loss = -19.600208282470703
step = 1430: loss = -19.74757957458496
step = 1440: loss = -19.894987106323242
step = 1450: loss = -20.042407989501953
step = 1460: loss = -20.189897537231445
step = 1470: loss = -20.33740234375
step = 1480: loss = -20.484933853149414
step = 1490: loss = -20.63248634338379
step = 1500: loss = -20.780099868774414
step = 1500: Average Return = (0.0, 0.0, 0.0, 0.0, 0.0)
step = 1510: loss = -20.927688598632812
step = 1520: loss = -21.075347900390625
step = 1530: loss = -21.22304916381836
step = 1540: loss = -21.3707275390625
step = 1550: loss = -21.518526077270508
step = 1560: loss = -21.666255950927734
step = 1570: loss = -21.814037322998047
step = 1580: loss = -21.961923599243164
step = 1590: loss = -22.10814666748047
step = 1600: loss = -22.231657028198242
step = 1600: Average Return = (0.0, 0.0, 0.0, 0.0, 0.0)
step = 1610: loss = -22.404508590698242
step = 1620: loss = -22.552894592285156
step = 1630: loss = -22.701171875
step = 1640: loss = -22.8492488861084
step = 1650: loss = -22.99724578857422
step = 1660: loss = -23.145265579223633
step = 1670: loss = -23.29332733154297
step = 1680: loss = -23.441375732421875
step = 1690: loss = -23.589458465576172
step = 1700: loss = -23.737628936767578
step = 1700: Average Return = (0.0, 0.0, 0.0, 0.0, 0.0)
step = 1710: loss = -23.88578224182129
step = 1720: loss = -24.033931732177734
step = 1730: loss = -24.182113647460938
step = 1740: loss = -24.330337524414062
step = 1750: loss = -24.478572845458984
step = 1760: loss = -24.626834869384766
step = 1770: loss = -24.775110244750977
step = 1780: loss = -24.923358917236328
step = 1790: loss = -25.071718215942383
step = 1800: loss = -25.22002601623535
step = 1800: Average Return = (0.0, 0.0, 0.0, 0.0, 0.0)
step = 1810: loss = -25.368406295776367
step = 1820: loss = -25.516756057739258
step = 1830: loss = -25.6651611328125
step = 1840: loss = -25.81355857849121
step = 1850: loss = -25.961875915527344
step = 1860: loss = -26.109235763549805
step = 1870: loss = -26.242279052734375
step = 1880: loss = -26.203733444213867
step = 1890: loss = -26.53870391845703
step = 1900: loss = -26.704181671142578
step = 1900: Average Return = (0.0, 0.0, 0.0, 0.0, 0.0)
step = 1910: loss = -26.823486328125
step = 1920: loss = -26.981712341308594
step = 1930: loss = -27.13111114501953
step = 1940: loss = -27.282407760620117
step = 1950: loss = -27.428056716918945
step = 1960: loss = -27.576473236083984
step = 1970: loss = -27.725866317749023
step = 1980: loss = -27.875883102416992
step = 1990: loss = -28.025362014770508
step = 2000: loss = -28.17367935180664
step = 2000: Average Return = (0.0, 0.0, 0.0, 0.0, 0.0)
step = 2010: loss = -28.322168350219727
step = 2020: loss = -28.47059440612793
step = 2030: loss = -28.619016647338867
step = 2040: loss = -28.767539978027344
step = 2050: loss = -28.91607666015625
step = 2060: loss = -29.064655303955078
step = 2070: loss = -29.21323013305664
step = 2080: loss = -29.361906051635742
step = 2090: loss = -29.51061248779297
step = 2100: loss = -29.659290313720703
step = 2100: Average Return = (0.0, 0.0, 0.0, 0.0, 0.0)
step = 2110: loss = -29.80805015563965
step = 2120: loss = -29.95677947998047
step = 2130: loss = -30.105579376220703
step = 2140: loss = -30.25434684753418
step = 2150: loss = -30.403186798095703
step = 2160: loss = -30.551959991455078
step = 2170: loss = -30.70086097717285
step = 2180: loss = -30.849695205688477
step = 2190: loss = -30.998573303222656
step = 2200: loss = -31.14748764038086
step = 2200: Average Return = (0.0, 0.0, 0.0, 0.0, 0.0)
step = 2210: loss = -31.29636573791504
step = 2220: loss = -31.445308685302734
step = 2230: loss = -31.59423828125
step = 2240: loss = -31.743183135986328
step = 2250: loss = -31.892133712768555
step = 2260: loss = -32.04110336303711
step = 2270: loss = -32.19004821777344
step = 2280: loss = -32.33903503417969
step = 2290: loss = -32.48801803588867
step = 2300: loss = -32.63702392578125
step = 2300: Average Return = (0.0, 0.0, 0.0, 0.0, 0.0)
step = 2310: loss = -32.78609085083008
step = 2320: loss = -32.935142517089844
step = 2330: loss = -33.08415985107422
step = 2340: loss = -33.23323440551758
step = 2350: loss = -33.38229751586914
step = 2360: loss = -33.5313606262207
step = 2370: loss = -33.68047332763672
step = 2380: loss = -33.82952880859375
step = 2390: loss = -33.9786376953125
step = 2400: loss = -34.12776184082031
step = 2400: Average Return = (0.0, 0.0, 0.0, 0.0, 0.0)
step = 2410: loss = -34.276920318603516
step = 2420: loss = -34.42604446411133
step = 2430: loss = -34.5751953125
step = 2440: loss = -34.72435760498047
step = 2450: loss = -34.87342834472656
step = 2460: loss = -35.02265167236328
step = 2470: loss = -35.17180252075195
step = 2480: loss = -35.323360443115234
step = 2490: loss = -35.474205017089844
step = 2500: loss = -35.623775482177734
step = 2500: Average Return = (0.0, 0.0, 0.0, 0.0, 0.0)
step = 2510: loss = -35.77166748046875
step = 2520: loss = -35.90010452270508
step = 2530: loss = -36.071022033691406
step = 2540: loss = -36.211952209472656
step = 2550: loss = -36.37009811401367
step = 2560: loss = -36.51963424682617
step = 2570: loss = -36.66856384277344
step = 2580: loss = -36.81765365600586
step = 2590: loss = -36.96702575683594
step = 2600: loss = -37.11627960205078
step = 2600: Average Return = (0.0, 0.0, 0.0, 0.0, 0.0)
step = 2610: loss = -37.265472412109375
step = 2620: loss = -37.41463851928711
step = 2630: loss = -37.56377029418945
step = 2640: loss = -37.712886810302734
step = 2650: loss = -37.862098693847656
step = 2660: loss = -38.01127624511719
step = 2670: loss = -38.16041564941406
step = 2680: loss = -38.309730529785156
step = 2690: loss = -38.45899963378906
step = 2700: loss = -38.608245849609375
step = 2700: Average Return = (0.0, 0.0, 0.0, 0.0, 0.0)
step = 2710: loss = -38.75749969482422
step = 2720: loss = -38.906864166259766
step = 2730: loss = -39.056182861328125
step = 2740: loss = -39.20548629760742
step = 2750: loss = -39.3548583984375
step = 2760: loss = -39.50420379638672
step = 2770: loss = -39.6535530090332
step = 2780: loss = -39.80290222167969
step = 2790: loss = -39.95225143432617
step = 2800: loss = -40.1016731262207
step = 2800: Average Return = (0.0, 0.0, 0.0, 0.0, 0.0)
step = 2810: loss = -40.25106430053711
step = 2820: loss = -40.40045166015625
step = 2830: loss = -40.549842834472656
step = 2840: loss = -40.69919967651367
step = 2850: loss = -40.848628997802734
step = 2860: loss = -40.99806213378906
step = 2870: loss = -41.147491455078125
step = 2880: loss = -41.29692077636719
step = 2890: loss = -41.44635009765625
step = 2900: loss = -41.5958137512207
step = 2900: Average Return = (0.0, 0.0, 0.0, 0.0, 0.0)
step = 2910: loss = -41.74528121948242
step = 2920: loss = -41.894710540771484
step = 2930: loss = -42.0441780090332
step = 2940: loss = -42.19368362426758
step = 2950: loss = -42.34315490722656
step = 2960: loss = -42.49258804321289
step = 2970: loss = -42.642024993896484
step = 2980: loss = -42.791568756103516
step = 2990: loss = -42.94111251831055
step = 3000: loss = -43.09054183959961
step = 3000: Average Return = (0.0, 0.0, 0.0, 0.0, 0.0)
step = 3010: loss = -43.24008560180664
step = 3020: loss = -43.38962936401367
step = 3030: loss = -43.53909683227539
step = 3040: loss = -43.68864440917969
step = 3050: loss = -43.83818817138672
step = 3060: loss = -43.98768997192383
step = 3070: loss = -44.13723373413086
step = 3080: loss = -44.28682327270508
step = 3090: loss = -44.436248779296875
step = 3100: loss = -44.58583450317383
step = 3100: Average Return = (0.0, 0.0, 0.0, 0.0, 0.0)
step = 3110: loss = -44.735416412353516
step = 3120: loss = -44.88500213623047
step = 3130: loss = -60.147396087646484
step = 3140: loss = -45.187286376953125
step = 3150: loss = -45.338016510009766
step = 3160: loss = -45.48793411254883
step = 3170: loss = -45.63751983642578
step = 3180: loss = -45.78709411621094
step = 3190: loss = -45.9366569519043
step = 3200: loss = -46.08549118041992
step = 3200: Average Return = (0.0, 0.0, 0.0, 0.0, 0.0)
step = 3210: loss = -46.225341796875
step = 3220: loss = -46.27595138549805
step = 3230: loss = -46.529930114746094
step = 3240: loss = -46.68465042114258
step = 3250: loss = -46.832984924316406
step = 3260: loss = -46.97600173950195
step = 3270: loss = -47.1309814453125
step = 3280: loss = -47.277793884277344
step = 3290: loss = -47.42699432373047
step = 3300: loss = -47.57699966430664
step = 3300: Average Return = (0.0, 0.0, 0.0, 0.0, 0.0)
step = 3310: loss = -47.72562789916992
step = 3320: loss = -47.87498474121094
step = 3330: loss = -48.02448654174805
step = 3340: loss = -48.17375946044922
step = 3350: loss = -48.32318115234375
step = 3360: loss = -48.47258377075195
step = 3370: loss = -48.62202835083008
step = 3380: loss = -48.771568298339844
step = 3390: loss = -48.92095184326172
step = 3400: loss = -49.0703125
step = 3400: Average Return = (0.0, 0.0, 0.0, 0.0, 0.0)
step = 3410: loss = -49.21984100341797
step = 3420: loss = -49.369483947753906
step = 3430: loss = -49.51919937133789
step = 3440: loss = -49.66879653930664
step = 3450: loss = -49.81833267211914
step = 3460: loss = -49.96788787841797
step = 3470: loss = -50.11751937866211
step = 3480: loss = -50.26716995239258
step = 3490: loss = -50.41674041748047
step = 3500: loss = -50.56635665893555
step = 3500: Average Return = (0.0, 0.0, 0.0, 0.0, 0.0)
step = 3510: loss = -50.715885162353516
step = 3520: loss = -50.865596771240234
step = 3530: loss = -51.01521682739258
step = 3540: loss = -51.16487503051758
step = 3550: loss = -51.31449890136719
step = 3560: loss = -51.46415328979492
step = 3570: loss = -51.61381530761719
step = 3580: loss = -51.76347351074219
step = 3590: loss = -51.91312789916992
step = 3600: loss = -52.062782287597656
step = 3600: Average Return = (0.0, 0.0, 0.0, 0.0, 0.0)
step = 3610: loss = -52.2116584777832
step = 3620: loss = -52.36183166503906
step = 3630: loss = -52.511661529541016
step = 3640: loss = -52.661373138427734
step = 3650: loss = -52.807861328125
step = 3660: loss = -52.96064758300781
step = 3670: loss = -53.110347747802734
step = 3680: loss = -53.25907516479492
step = 3690: loss = -53.40922546386719
step = 3700: loss = -53.5587043762207
step = 3700: Average Return = (0.0, 0.0, 0.0, 0.0, 0.0)
step = 3710: loss = -53.708091735839844
step = 3720: loss = -53.85776138305664
step = 3730: loss = -54.00728988647461
step = 3740: loss = -54.15685272216797
step = 3750: loss = -54.30647277832031
step = 3760: loss = -54.45602035522461
step = 3770: loss = -54.605751037597656
step = 3780: loss = -54.75541305541992
step = 3790: loss = -54.9050178527832
step = 3800: loss = -55.054771423339844
step = 3800: Average Return = (0.0, 0.0, 0.0, 0.0, 0.0)
step = 3810: loss = -55.20452880859375
step = 3820: loss = -55.35419464111328
step = 3830: loss = -55.5040168762207
step = 3840: loss = -55.65364074707031
step = 3850: loss = -55.80345916748047
step = 3860: loss = -55.95318603515625
step = 3870: loss = -56.102867126464844
step = 3880: loss = -56.25264358520508
step = 3890: loss = -56.402374267578125
step = 3900: loss = -56.55210494995117
step = 3900: Average Return = (0.0, 0.0, 0.0, 0.0, 0.0)
step = 3910: loss = -56.70183563232422
step = 3920: loss = -56.851600646972656
step = 3930: loss = -57.00136947631836
step = 3940: loss = -57.15114212036133
step = 3950: loss = -57.30091094970703
step = 3960: loss = -57.450687408447266
step = 3970: loss = -57.60041046142578
step = 3980: loss = -57.750179290771484
step = 3990: loss = -57.900001525878906
step = 4000: loss = -58.049774169921875
step = 4000: Average Return = (0.0, 0.0, 0.0, 0.0, 0.0)
step = 4010: loss = -58.19955062866211
step = 4020: loss = -58.34926986694336
step = 4030: loss = -58.49904251098633
step = 4040: loss = -58.648868560791016
step = 4050: loss = -58.7985954284668
step = 4060: loss = -58.94841766357422
step = 4070: loss = -59.09819030761719
step = 4080: loss = -59.247989654541016
step = 4090: loss = -59.39775466918945
step = 4100: loss = -59.54761505126953
step = 4100: Average Return = (0.0, 0.0, 0.0, 0.0, 0.0)
step = 4110: loss = -59.69731903076172
step = 4120: loss = -59.84718704223633
step = 4130: loss = -59.99699783325195
step = 4140: loss = -60.14680862426758
step = 4150: loss = -60.296512603759766
step = 4160: loss = -60.44643020629883
step = 4170: loss = -60.59629440307617
step = 4180: loss = -60.7461051940918
step = 4190: loss = -60.89580535888672
step = 4200: loss = -61.04573059082031
step = 4200: Average Return = (0.0, 0.0, 0.0, 0.0, 0.0)
step = 4210: loss = -61.19554138183594
step = 4220: loss = -61.34529495239258
step = 4230: loss = -61.49516677856445
step = 4240: loss = -61.64497375488281
step = 4250: loss = -61.7947883605957
step = 4260: loss = -61.94448471069336
step = 4270: loss = -62.09442901611328
step = 4280: loss = -62.244110107421875
step = 4290: loss = -62.394622802734375
step = 4300: loss = -62.5473518371582
step = 4300: Average Return = (0.0, 0.0, 0.0, 0.0, 0.0)
step = 4310: loss = -62.6979866027832
step = 4320: loss = -62.848297119140625
step = 4330: loss = -62.99820327758789
step = 4340: loss = -63.147918701171875
step = 4350: loss = -63.29784393310547
step = 4360: loss = -63.44759750366211
step = 4370: loss = -63.59746551513672
step = 4380: loss = -63.747222900390625
step = 4390: loss = -63.897029876708984
step = 4400: loss = -64.04682159423828
step = 4400: Average Return = (0.0, 0.0, 0.0, 0.0, 0.0)
step = 4410: loss = -64.19654083251953
step = 4420: loss = -64.34638214111328
step = 4430: loss = -64.49614715576172
step = 4440: loss = -64.64592742919922
step = 4450: loss = -64.7957534790039
step = 4460: loss = -64.94556427001953
step = 4470: loss = -65.09541320800781
step = 4480: loss = -65.24514770507812
step = 4490: loss = -65.39511108398438
step = 4500: loss = -65.5448989868164
step = 4500: Average Return = (0.0, 0.0, 0.0, 0.0, 0.0)
step = 4510: loss = -65.6947021484375
step = 4520: loss = -65.84461975097656
step = 4530: loss = -65.99456787109375
step = 4540: loss = -66.14385986328125
step = 4550: loss = -66.28446960449219
step = 4560: loss = -66.44355773925781
step = 4570: loss = -66.59247589111328
step = 4580: loss = -66.74034118652344
step = 4590: loss = -66.89203643798828
step = 4600: loss = -67.04340362548828
step = 4600: Average Return = (0.0, 0.0, 0.0, 0.0, 0.0)
step = 4610: loss = -67.19336700439453
step = 4620: loss = -67.34256744384766
step = 4630: loss = -67.49203491210938
step = 4640: loss = -67.6417236328125
step = 4650: loss = -67.79158782958984
step = 4660: loss = -67.94139099121094
step = 4670: loss = -68.09117126464844
step = 4680: loss = -68.24095916748047
step = 4690: loss = -68.39060974121094
step = 4700: loss = -68.54036712646484
step = 4700: Average Return = (0.0, 0.0, 0.0, 0.0, 0.0)
step = 4710: loss = -68.69014739990234
step = 4720: loss = -68.83984375
step = 4730: loss = -68.98987579345703
step = 4740: loss = -69.13968658447266
step = 4750: loss = -69.28952026367188
step = 4760: loss = -69.4394760131836
step = 4770: loss = -69.58920288085938
step = 4780: loss = -69.73918151855469
step = 4790: loss = -69.88902282714844
step = 4800: loss = -70.03881072998047
step = 4800: Average Return = (0.0, 0.0, 0.0, 0.0, 0.0)
step = 4810: loss = -70.18858337402344
step = 4820: loss = -70.33856201171875
step = 4830: loss = -70.48834228515625
step = 4840: loss = -70.63825225830078
step = 4850: loss = -70.7881088256836
step = 4860: loss = -70.93782806396484
step = 4870: loss = -71.08780670166016
step = 4880: loss = -71.23758697509766
step = 4890: loss = -71.38732147216797
step = 4900: loss = -71.537353515625
step = 4900: Average Return = (0.0, 0.0, 0.0, 0.0, 0.0)
step = 4910: loss = -71.6871566772461
step = 4920: loss = -71.822998046875
step = 4930: loss = -71.98575592041016
step = 4940: loss = -72.13493347167969
step = 4950: loss = -72.2839584350586
step = 4960: loss = -72.43409729003906
step = 4970: loss = -72.58487701416016
step = 4980: loss = -72.73470306396484
step = 4990: loss = -72.88475036621094
step = 5000: loss = -73.03455352783203
step = 5000: Average Return = (0.0, 0.0, 0.0, 0.0, 0.0)
Violations during Learning: 0
Violations after Learning: 0
_OBSERVATION
