2024-07-24 16:55:31,965 - cli.py - This is Paynt version 0.1.0.
2024-07-24 16:55:31,965 - sketch.py - loading sketch from models_large_3//rocks-4-20/sketch.templ ...
2024-07-24 16:55:31,965 - sketch.py - assuming sketch in PRISM format...
2024-07-24 16:55:31,993 - prism_parser.py - PRISM model type: POMDP
2024-07-24 16:55:31,993 - prism_parser.py - loading properties from models_large_3//rocks-4-20/sketch.props ...
2024-07-24 16:55:31,996 - prism_parser.py - found the following specification: optimality: R{"cost"}min=? [F "goal"] 
2024-07-24 16:55:35,533 - sketch.py - sketch parsing OK
2024-07-24 16:55:35,535 - sketch.py - constructed explicit quotient having 215041 states and 1187841 actions
2024-07-24 16:55:35,535 - sketch.py - found the following specification optimality: R{"cost"}min=? [F "goal"] 
2024-07-24 16:55:36,096 - pomdp.py - constructed POMDP having 6721 observations.
2024-07-24 16:55:38,418 - pomdp.py - unfolding 1-FSC template into POMDP...
2024-07-24 16:55:39,121 - pomdp.py - constructed quotient MDP having 215041 states and 1187841 actions.
2024-07-24 16:55:42,827 - tpu_cluster_resolver.py - Falling back to TensorFlow client; we recommended you install the Cloud TPU client directly with pip install cloud-tpu-client.
2024-07-24 16:55:43,296 - __init__.py - Creating converter from 7 to 5
2024-07-24 16:55:43,296 - __init__.py - Creating converter from 5 to 7
2024-07-24 16:55:43,296 - __init__.py - Creating converter from 7 to 5
2024-07-24 16:55:43,296 - __init__.py - Creating converter from 5 to 7
2024-07-24 16:55:44,939 - synthesizer_pomdp.py - Storm POMDP option enabled
2024-07-24 16:55:44,939 - synthesizer_pomdp.py - Storm settings: iterative - (600, 60, 5), get_storm_result - None, storm_options - cutoff, prune_storm - False, unfold_strategy - (True, False), use_storm_cutoffs - False
2024-07-24 16:55:44,942 - synthesizer.py - synthesis initiated, design space: 1e4731
2024-07-24 16:55:44,942 - synthesizer_pomdp.py - Timeout for PAYNT started
> progress 0.0%, elapsed 3 s, estimated 3823834 s (44 days), iters = {MDP: 3}
> progress 0.0%, elapsed 7 s, estimated 7305266 s (84 days), iters = {MDP: 5}
> progress 0.0%, elapsed 10 s, estimated 10765774 s (124 days), iters = {MDP: 7}
> progress 0.0%, elapsed 14 s, estimated 14263893 s (165 days), iters = {MDP: 9}
> progress 0.0%, elapsed 17 s, estimated 17719767 s (205 days), iters = {MDP: 11}
> progress 0.0%, elapsed 21 s, estimated 21339597 s (246 days), iters = {MDP: 13}
> progress 0.0%, elapsed 24 s, estimated 24868944 s (287 days), iters = {MDP: 15}
> progress 0.0%, elapsed 28 s, estimated 28299834 s (327 days), iters = {MDP: 17}
> progress 0.0%, elapsed 31 s, estimated 31773574 s (1 year), iters = {MDP: 19}
> progress 0.0%, elapsed 35 s, estimated 35413061 s (1 year), iters = {MDP: 21}
> progress 0.0%, elapsed 38 s, estimated 38951741 s (1 year), iters = {MDP: 23}
> progress 0.0%, elapsed 43 s, estimated 43046925 s (1 year), iters = {MDP: 25}
> progress 0.0%, elapsed 47 s, estimated 47036736 s (1 year), iters = {MDP: 27}
> progress 0.0%, elapsed 50 s, estimated 50475318 s (1 year), iters = {MDP: 29}
> progress 0.0%, elapsed 53 s, estimated 53951712 s (1 year), iters = {MDP: 31}
> progress 0.0%, elapsed 57 s, estimated 57583988 s (1 year), iters = {MDP: 33}
2024-07-24 16:56:45,709 - synthesizer_ar_storm.py - Pausing synthesis
2024-07-24 16:56:45,737 - storm_pomdp_control.py - Interactive Storm started
2024-07-24 16:56:45,743 - storm_pomdp_control.py - starting Storm POMDP analysis
2024-07-24 16:58:11,818 - storm_pomdp_control.py - Pausing Storm
Finished exploring under-approximation MDP.
Start analysis...
-----------Storm-----------               
Value = 75.99999231825966 | Time elapsed = 149.6s | FSC size = 31253


------------------------------------

PAYNT results: 
None
controller size: None

Storm results: 
75.99999231825966
controller size: 31253

------------------------------------

2024-07-24 16:58:15,901 - synthesizer_pomdp.py - Timeout for PAYNT started
2024-07-24 16:58:16,805 - synthesizer_ar_storm.py - Resuming synthesis
2024-07-24 16:58:16,806 - synthesizer_ar_storm.py - Applying family split according to Storm results
2024-07-24 16:58:16,828 - storm_pomdp_control.py - Main family based on data from Storm: reduced design space from 1e4730 to 1
2024-07-24 16:58:16,850 - storm_pomdp_control.py - Main family based on data from Storm: reduced design space from 1e4730 to 1
2024-07-24 16:58:16,868 - storm_pomdp_control.py - Main family based on data from Storm: reduced design space from 1e4730 to 1
2024-07-24 16:58:16,887 - storm_pomdp_control.py - Main family based on data from Storm: reduced design space from 1e4729 to 1
2024-07-24 16:58:16,905 - storm_pomdp_control.py - Main family based on data from Storm: reduced design space from 1e4729 to 1
2024-07-24 16:58:16,923 - storm_pomdp_control.py - Main family based on data from Storm: reduced design space from 1e4728 to 1
2024-07-24 16:58:16,941 - storm_pomdp_control.py - Main family based on data from Storm: reduced design space from 1e4728 to 1
2024-07-24 16:58:16,962 - storm_pomdp_control.py - Main family based on data from Storm: reduced design space from 1e4728 to 1
2024-07-24 16:58:16,984 - storm_pomdp_control.py - Main family based on data from Storm: reduced design space from 1e4727 to 1
2024-07-24 16:58:17,006 - storm_pomdp_control.py - Main family based on data from Storm: reduced design space from 1e4727 to 1
2024-07-24 16:58:17,028 - storm_pomdp_control.py - Main family based on data from Storm: reduced design space from 1e4727 to 1
2024-07-24 16:58:17,050 - storm_pomdp_control.py - Main family based on data from Storm: reduced design space from 1e4726 to 1
2024-07-24 16:58:17,072 - storm_pomdp_control.py - Main family based on data from Storm: reduced design space from 1e4726 to 1
2024-07-24 16:58:17,094 - storm_pomdp_control.py - Main family based on data from Storm: reduced design space from 1e4725 to 1
2024-07-24 16:58:17,126 - storm_pomdp_control.py - Main family based on data from Storm: reduced design space from 1e4724 to 1
2024-07-24 16:58:17,244 - synthesizer_ar_storm.py - State after Storm splitting: Main families - 15, Subfamilies - 159
> progress 0.0%, elapsed 60 s, estimated 60789184 s (1 year), iters = {MDP: 35}
2024-07-24 16:58:17,463 - synthesizer_ar_storm.py - Main family synthesis done
2024-07-24 16:58:17,463 - synthesizer_ar_storm.py - Subfamilies buffer contains: 159 families
> progress 0.0%, elapsed 64 s, estimated 64636601 s (2 years), iters = {MDP: 52}
> progress 0.0%, elapsed 67 s, estimated 67983861 s (2 years), iters = {MDP: 54}
> progress 0.0%, elapsed 71 s, estimated 71304191 s (2 years), iters = {MDP: 56}
> progress 0.0%, elapsed 74 s, estimated 74634102 s (2 years), iters = {MDP: 58}
> progress 0.0%, elapsed 78 s, estimated 78842046 s (2 years), iters = {MDP: 60}
> progress 0.0%, elapsed 83 s, estimated 83704176 s (2 years), iters = {MDP: 62}
> progress 0.0%, elapsed 88 s, estimated 88645704 s (2 years), iters = {MDP: 64}
> progress 0.0%, elapsed 93 s, estimated 93540777 s (2 years), iters = {MDP: 66}
> progress 0.0%, elapsed 101 s, estimated 101439523 s (3 years), iters = {MDP: 68}
> progress 0.0%, elapsed 106 s, estimated 106858810 s (3 years), iters = {MDP: 69}
> progress 0.0%, elapsed 112 s, estimated 112319965 s (3 years), iters = {MDP: 70}
> progress 0.0%, elapsed 117 s, estimated 117807109 s (3 years), iters = {MDP: 71}
2024-07-24 16:59:19,488 - synthesizer_ar_storm.py - Pausing synthesis
2024-07-24 16:59:19,666 - storm_pomdp_control.py - Interactive Storm resumed
2024-07-24 16:59:19,672 - storm_pomdp_control.py - Updating FSC values in Storm
2024-07-24 16:59:25,678 - storm_pomdp_control.py - Pausing Storm
Finished exploring under-approximation MDP.
Start analysis...
-----------Storm-----------               
Value = 75.99999231825966 | Time elapsed = 250.5s | FSC size = 31253


------------------------------------

PAYNT results: 
None
controller size: None

Storm results: 
75.99999231825966
controller size: 31253

------------------------------------

2024-07-24 16:59:56,784 - synthesizer_pomdp.py - Timeout for PAYNT started
2024-07-24 16:59:57,543 - synthesizer_ar_storm.py - Resuming synthesis
2024-07-24 16:59:57,544 - synthesizer_ar_storm.py - Applying family split according to Storm results
2024-07-24 16:59:58,145 - synthesizer_ar_storm.py - State after Storm splitting: Main families - 0, Subfamilies - 203
> progress 0.0%, elapsed 123 s, estimated 123284091 s (3 years), iters = {MDP: 72}
> progress 0.0%, elapsed 128 s, estimated 128693719 s (4 years), iters = {MDP: 73}
> progress 0.0%, elapsed 134 s, estimated 134067305 s (4 years), iters = {MDP: 74}
