2024-04-07 10:04:19,125 - cli.py - This is Paynt version 0.1.0.
2024-04-07 10:04:19,125 - sketch.py - loading sketch from april_models//obstacles-uniform/sketch.templ ...
2024-04-07 10:04:19,126 - sketch.py - assuming sketch in PRISM format...
2024-04-07 10:04:19,130 - prism_parser.py - PRISM model type: POMDP
2024-04-07 10:04:19,130 - prism_parser.py - loading properties from april_models//obstacles-uniform/sketch.props ...
2024-04-07 10:04:19,131 - prism_parser.py - found the following specification: optimality: R[exp]{"penalty"}min=? [F ((x = (10 - 1)) & (y = (10 - 1)))] 
2024-04-07 10:04:19,286 - sketch.py - sketch parsing OK
2024-04-07 10:04:19,287 - sketch.py - constructed explicit quotient having 24259 states and 48316 actions
2024-04-07 10:04:19,287 - sketch.py - found the following specification optimality: R[exp]{"penalty"}min=? [F ((x = (10 - 1)) & (y = (10 - 1)))] 
2024-04-07 10:04:19,301 - pomdp.py - constructed POMDP having 14 observations.
2024-04-07 10:04:29,317 - pomdp.py - unfolding 1-FSC template into POMDP ...
2024-04-07 10:04:29,332 - pomdp.py - constructed quotient MDP having 24259 states and 48316 actions.
2024-04-07 10:04:29,332 - pomdp.py - creating coloring ...
2024-04-07 10:04:29,366 - synthesizer_pomdp.py - Synthesizing optimal k=1 controller ...
2024-04-07 10:04:29,367 - pomdp.py - unfolding 1-FSC template into POMDP ...
2024-04-07 10:04:29,376 - pomdp.py - constructed quotient MDP having 24259 states and 48316 actions.
2024-04-07 10:04:29,376 - pomdp.py - creating coloring ...
2024-04-07 10:04:29,403 - synthesizer.py - synthesis initiated, design space: 256
Precision for EVTs computation: 0.0001 (exact: 7378697629483821/73786976294838206464)
Precision for EVTs computation: 0.0001 (exact: 7378697629483821/73786976294838206464)
Precision for EVTs computation: 0.0001 (exact: 7378697629483821/73786976294838206464)
Precision for EVTs computation: 0.0001 (exact: 7378697629483821/73786976294838206464)
Precision for EVTs computation: 0.0001 (exact: 7378697629483821/73786976294838206464)
Precision for EVTs computation: 0.0001 (exact: 7378697629483821/73786976294838206464)
Precision for EVTs computation: 0.0001 (exact: 7378697629483821/73786976294838206464)
2024-04-07 10:04:29,857 - synthesizer.py - synthesis finished, printing synthesized assignment below:
2024-04-07 10:04:29,858 - synthesizer.py - None
--------------------
Synthesis summary:
optimality objective: R[exp]{"penalty"}min=? [F ((x = (10 - 1)) & (y = (10 - 1)))] 

method: AR, synthesis time: 0.45 s
number of holes: 4, family size: 256, quotient: 24259 states / 48316 actions
explored: 100 %
MDP stats: avg MDP size: 13482, iterations: 22

feasible: no
--------------------
2024-04-07 10:04:29,858 - synthesizer_pomdp.py - Synthesizing optimal k=2 controller ...
2024-04-07 10:04:29,860 - pomdp.py - unfolding 2-FSC template into POMDP ...
2024-04-07 10:04:29,933 - pomdp.py - constructed quotient MDP having 48518 states and 193264 actions.
2024-04-07 10:04:29,933 - pomdp.py - creating coloring ...
2024-04-07 10:04:30,121 - synthesizer.py - synthesis initiated, design space: 1e13
Precision for EVTs computation: 0.0001 (exact: 7378697629483821/73786976294838206464)
Precision for EVTs computation: 0.0001 (exact: 7378697629483821/73786976294838206464)
Precision for EVTs computation: 0.0001 (exact: 7378697629483821/73786976294838206464)
Precision for EVTs computation: 0.0001 (exact: 7378697629483821/73786976294838206464)
Precision for EVTs computation: 0.0001 (exact: 7378697629483821/73786976294838206464)
Precision for EVTs computation: 0.0001 (exact: 7378697629483821/73786976294838206464)
Precision for EVTs computation: 0.0001 (exact: 7378697629483821/73786976294838206464)
Precision for EVTs computation: 0.0001 (exact: 7378697629483821/73786976294838206464)
Precision for EVTs computation: 0.0001 (exact: 7378697629483821/73786976294838206464)
Precision for EVTs computation: 0.0001 (exact: 7378697629483821/73786976294838206464)
Precision for EVTs computation: 0.0001 (exact: 7378697629483821/73786976294838206464)
Precision for EVTs computation: 0.0001 (exact: 7378697629483821/73786976294838206464)
Precision for EVTs computation: 0.0001 (exact: 7378697629483821/73786976294838206464)
Precision for EVTs computation: 0.0001 (exact: 7378697629483821/73786976294838206464)
Precision for EVTs computation: 0.0001 (exact: 7378697629483821/73786976294838206464)
Precision for EVTs computation: 0.0001 (exact: 7378697629483821/73786976294838206464)
Precision for EVTs computation: 0.0001 (exact: 7378697629483821/73786976294838206464)
Precision for EVTs computation: 0.0001 (exact: 7378697629483821/73786976294838206464)
Precision for EVTs computation: 0.0001 (exact: 7378697629483821/73786976294838206464)
Precision for EVTs computation: 0.0001 (exact: 7378697629483821/73786976294838206464)
Precision for EVTs computation: 0.0001 (exact: 7378697629483821/73786976294838206464)
Precision for EVTs computation: 0.0001 (exact: 7378697629483821/73786976294838206464)
Precision for EVTs computation: 0.0001 (exact: 7378697629483821/73786976294838206464)
Precision for EVTs computation: 0.0001 (exact: 7378697629483821/73786976294838206464)
Precision for EVTs computation: 0.0001 (exact: 7378697629483821/73786976294838206464)
Precision for EVTs computation: 0.0001 (exact: 7378697629483821/73786976294838206464)
Precision for EVTs computation: 0.0001 (exact: 7378697629483821/73786976294838206464)
Precision for EVTs computation: 0.0001 (exact: 7378697629483821/73786976294838206464)
Precision for EVTs computation: 0.0001 (exact: 7378697629483821/73786976294838206464)
Precision for EVTs computation: 0.0001 (exact: 7378697629483821/73786976294838206464)
Precision for EVTs computation: 0.0001 (exact: 7378697629483821/73786976294838206464)
Precision for EVTs computation: 0.0001 (exact: 7378697629483821/73786976294838206464)
Precision for EVTs computation: 0.0001 (exact: 7378697629483821/73786976294838206464)
> progress 0.025%, elapsed 3 s, estimated 11891 s (3 hours), iters = {MDP: 50}, opt = 97.225
Precision for EVTs computation: 0.0001 (exact: 7378697629483821/73786976294838206464)
Precision for EVTs computation: 0.0001 (exact: 7378697629483821/73786976294838206464)
Precision for EVTs computation: 0.0001 (exact: 7378697629483821/73786976294838206464)
Precision for EVTs computation: 0.0001 (exact: 7378697629483821/73786976294838206464)
Precision for EVTs computation: 0.0001 (exact: 7378697629483821/73786976294838206464)
Precision for EVTs computation: 0.0001 (exact: 7378697629483821/73786976294838206464)
Precision for EVTs computation: 0.0001 (exact: 7378697629483821/73786976294838206464)
Precision for EVTs computation: 0.0001 (exact: 7378697629483821/73786976294838206464)
Precision for EVTs computation: 0.0001 (exact: 7378697629483821/73786976294838206464)
Precision for EVTs computation: 0.0001 (exact: 7378697629483821/73786976294838206464)
Precision for EVTs computation: 0.0001 (exact: 7378697629483821/73786976294838206464)
Precision for EVTs computation: 0.0001 (exact: 7378697629483821/73786976294838206464)
Precision for EVTs computation: 0.0001 (exact: 7378697629483821/73786976294838206464)
Precision for EVTs computation: 0.0001 (exact: 7378697629483821/73786976294838206464)
Precision for EVTs computation: 0.0001 (exact: 7378697629483821/73786976294838206464)
Precision for EVTs computation: 0.0001 (exact: 7378697629483821/73786976294838206464)
Precision for EVTs computation: 0.0001 (exact: 7378697629483821/73786976294838206464)
Precision for EVTs computation: 0.0001 (exact: 7378697629483821/73786976294838206464)
Precision for EVTs computation: 0.0001 (exact: 7378697629483821/73786976294838206464)
Precision for EVTs computation: 0.0001 (exact: 7378697629483821/73786976294838206464)
Precision for EVTs computation: 0.0001 (exact: 7378697629483821/73786976294838206464)
Precision for EVTs computation: 0.0001 (exact: 7378697629483821/73786976294838206464)
Precision for EVTs computation: 0.0001 (exact: 7378697629483821/73786976294838206464)
Precision for EVTs computation: 0.0001 (exact: 7378697629483821/73786976294838206464)
Precision for EVTs computation: 0.0001 (exact: 7378697629483821/73786976294838206464)
Precision for EVTs computation: 0.0001 (exact: 7378697629483821/73786976294838206464)
Precision for EVTs computation: 0.0001 (exact: 7378697629483821/73786976294838206464)
Precision for EVTs computation: 0.0001 (exact: 7378697629483821/73786976294838206464)
Precision for EVTs computation: 0.0001 (exact: 7378697629483821/73786976294838206464)
Precision for EVTs computation: 0.0001 (exact: 7378697629483821/73786976294838206464)
Precision for EVTs computation: 0.0001 (exact: 7378697629483821/73786976294838206464)
Precision for EVTs computation: 0.0001 (exact: 7378697629483821/73786976294838206464)
Precision for EVTs computation: 0.0001 (exact: 7378697629483821/73786976294838206464)
Precision for EVTs computation: 0.0001 (exact: 7378697629483821/73786976294838206464)
Precision for EVTs computation: 0.0001 (exact: 7378697629483821/73786976294838206464)
Precision for EVTs computation: 0.0001 (exact: 7378697629483821/73786976294838206464)
Precision for EVTs computation: 0.0001 (exact: 7378697629483821/73786976294838206464)
Precision for EVTs computation: 0.0001 (exact: 7378697629483821/73786976294838206464)
Precision for EVTs computation: 0.0001 (exact: 7378697629483821/73786976294838206464)
Precision for EVTs computation: 0.0001 (exact: 7378697629483821/73786976294838206464)
Precision for EVTs computation: 0.0001 (exact: 7378697629483821/73786976294838206464)
Precision for EVTs computation: 0.0001 (exact: 7378697629483821/73786976294838206464)
Precision for EVTs computation: 0.0001 (exact: 7378697629483821/73786976294838206464)
> progress 0.025%, elapsed 6 s, estimated 23731 s (6 hours), iters = {MDP: 139}, opt = 97.225
Precision for EVTs computation: 0.0001 (exact: 7378697629483821/73786976294838206464)
Precision for EVTs computation: 0.0001 (exact: 7378697629483821/73786976294838206464)
Precision for EVTs computation: 0.0001 (exact: 7378697629483821/73786976294838206464)
Precision for EVTs computation: 0.0001 (exact: 7378697629483821/73786976294838206464)
Precision for EVTs computation: 0.0001 (exact: 7378697629483821/73786976294838206464)
Precision for EVTs computation: 0.0001 (exact: 7378697629483821/73786976294838206464)
Precision for EVTs computation: 0.0001 (exact: 7378697629483821/73786976294838206464)
Precision for EVTs computation: 0.0001 (exact: 7378697629483821/73786976294838206464)
Precision for EVTs computation: 0.0001 (exact: 7378697629483821/73786976294838206464)
Precision for EVTs computation: 0.0001 (exact: 7378697629483821/73786976294838206464)
Precision for EVTs computation: 0.0001 (exact: 7378697629483821/73786976294838206464)
Precision for EVTs computation: 0.0001 (exact: 7378697629483821/73786976294838206464)
Precision for EVTs computation: 0.0001 (exact: 7378697629483821/73786976294838206464)
Precision for EVTs computation: 0.0001 (exact: 7378697629483821/73786976294838206464)
Precision for EVTs computation: 0.0001 (exact: 7378697629483821/73786976294838206464)
Precision for EVTs computation: 0.0001 (exact: 7378697629483821/73786976294838206464)
Precision for EVTs computation: 0.0001 (exact: 7378697629483821/73786976294838206464)
Precision for EVTs computation: 0.0001 (exact: 7378697629483821/73786976294838206464)
Precision for EVTs computation: 0.0001 (exact: 7378697629483821/73786976294838206464)
Precision for EVTs computation: 0.0001 (exact: 7378697629483821/73786976294838206464)
Precision for EVTs computation: 0.0001 (exact: 7378697629483821/73786976294838206464)
Precision for EVTs computation: 0.0001 (exact: 7378697629483821/73786976294838206464)
Precision for EVTs computation: 0.0001 (exact: 7378697629483821/73786976294838206464)
Precision for EVTs computation: 0.0001 (exact: 7378697629483821/73786976294838206464)
Precision for EVTs computation: 0.0001 (exact: 7378697629483821/73786976294838206464)
Precision for EVTs computation: 0.0001 (exact: 7378697629483821/73786976294838206464)
Precision for EVTs computation: 0.0001 (exact: 7378697629483821/73786976294838206464)
Precision for EVTs computation: 0.0001 (exact: 7378697629483821/73786976294838206464)
Precision for EVTs computation: 0.0001 (exact: 7378697629483821/73786976294838206464)
Precision for EVTs computation: 0.0001 (exact: 7378697629483821/73786976294838206464)
Precision for EVTs computation: 0.0001 (exact: 7378697629483821/73786976294838206464)
Precision for EVTs computation: 0.0001 (exact: 7378697629483821/73786976294838206464)
Precision for EVTs computation: 0.0001 (exact: 7378697629483821/73786976294838206464)
Precision for EVTs computation: 0.0001 (exact: 7378697629483821/73786976294838206464)
Precision for EVTs computation: 0.0001 (exact: 7378697629483821/73786976294838206464)
Precision for EVTs computation: 0.0001 (exact: 7378697629483821/73786976294838206464)
Precision for EVTs computation: 0.0001 (exact: 7378697629483821/73786976294838206464)
Precision for EVTs computation: 0.0001 (exact: 7378697629483821/73786976294838206464)
Precision for EVTs computation: 0.0001 (exact: 7378697629483821/73786976294838206464)
Precision for EVTs computation: 0.0001 (exact: 7378697629483821/73786976294838206464)
Precision for EVTs computation: 0.0001 (exact: 7378697629483821/73786976294838206464)
Precision for EVTs computation: 0.0001 (exact: 7378697629483821/73786976294838206464)
Precision for EVTs computation: 0.0001 (exact: 7378697629483821/73786976294838206464)
Precision for EVTs computation: 0.0001 (exact: 7378697629483821/73786976294838206464)
Precision for EVTs computation: 0.0001 (exact: 7378697629483821/73786976294838206464)
Precision for EVTs computation: 0.0001 (exact: 7378697629483821/73786976294838206464)
Precision for EVTs computation: 0.0001 (exact: 7378697629483821/73786976294838206464)
Precision for EVTs computation: 0.0001 (exact: 7378697629483821/73786976294838206464)
> progress 0.025%, elapsed 9 s, estimated 35701 s (9 hours), iters = {MDP: 233}, opt = 97.225
Precision for EVTs computation: 0.0001 (exact: 7378697629483821/73786976294838206464)
Precision for EVTs computation: 0.0001 (exact: 7378697629483821/73786976294838206464)
Precision for EVTs computation: 0.0001 (exact: 7378697629483821/73786976294838206464)
Precision for EVTs computation: 0.0001 (exact: 7378697629483821/73786976294838206464)
Precision for EVTs computation: 0.0001 (exact: 7378697629483821/73786976294838206464)
Precision for EVTs computation: 0.0001 (exact: 7378697629483821/73786976294838206464)
Precision for EVTs computation: 0.0001 (exact: 7378697629483821/73786976294838206464)
Precision for EVTs computation: 0.0001 (exact: 7378697629483821/73786976294838206464)
Precision for EVTs computation: 0.0001 (exact: 7378697629483821/73786976294838206464)
Precision for EVTs computation: 0.0001 (exact: 7378697629483821/73786976294838206464)
Precision for EVTs computation: 0.0001 (exact: 7378697629483821/73786976294838206464)
Precision for EVTs computation: 0.0001 (exact: 7378697629483821/73786976294838206464)
Precision for EVTs computation: 0.0001 (exact: 7378697629483821/73786976294838206464)
Precision for EVTs computation: 0.0001 (exact: 7378697629483821/73786976294838206464)
Precision for EVTs computation: 0.0001 (exact: 7378697629483821/73786976294838206464)
Precision for EVTs computation: 0.0001 (exact: 7378697629483821/73786976294838206464)
Precision for EVTs computation: 0.0001 (exact: 7378697629483821/73786976294838206464)
Precision for EVTs computation: 0.0001 (exact: 7378697629483821/73786976294838206464)
Precision for EVTs computation: 0.0001 (exact: 7378697629483821/73786976294838206464)
Precision for EVTs computation: 0.0001 (exact: 7378697629483821/73786976294838206464)
Precision for EVTs computation: 0.0001 (exact: 7378697629483821/73786976294838206464)
Precision for EVTs computation: 0.0001 (exact: 7378697629483821/73786976294838206464)
Precision for EVTs computation: 0.0001 (exact: 7378697629483821/73786976294838206464)
Precision for EVTs computation: 0.0001 (exact: 7378697629483821/73786976294838206464)
Precision for EVTs computation: 0.0001 (exact: 7378697629483821/73786976294838206464)
Precision for EVTs computation: 0.0001 (exact: 7378697629483821/73786976294838206464)
Precision for EVTs computation: 0.0001 (exact: 7378697629483821/73786976294838206464)
Precision for EVTs computation: 0.0001 (exact: 7378697629483821/73786976294838206464)
Precision for EVTs computation: 0.0001 (exact: 7378697629483821/73786976294838206464)
Precision for EVTs computation: 0.0001 (exact: 7378697629483821/73786976294838206464)
Precision for EVTs computation: 0.0001 (exact: 7378697629483821/73786976294838206464)
Precision for EVTs computation: 0.0001 (exact: 7378697629483821/73786976294838206464)
Precision for EVTs computation: 0.0001 (exact: 7378697629483821/73786976294838206464)
Precision for EVTs computation: 0.0001 (exact: 7378697629483821/73786976294838206464)
Precision for EVTs computation: 0.0001 (exact: 7378697629483821/73786976294838206464)
Precision for EVTs computation: 0.0001 (exact: 7378697629483821/73786976294838206464)
Precision for EVTs computation: 0.0001 (exact: 7378697629483821/73786976294838206464)
Precision for EVTs computation: 0.0001 (exact: 7378697629483821/73786976294838206464)
Precision for EVTs computation: 0.0001 (exact: 7378697629483821/73786976294838206464)
Precision for EVTs computation: 0.0001 (exact: 7378697629483821/73786976294838206464)
Precision for EVTs computation: 0.0001 (exact: 7378697629483821/73786976294838206464)
Precision for EVTs computation: 0.0001 (exact: 7378697629483821/73786976294838206464)
> progress 0.025%, elapsed 12 s, estimated 47336 s (13 hours), iters = {MDP: 323}, opt = 97.225
Precision for EVTs computation: 0.0001 (exact: 7378697629483821/73786976294838206464)
Precision for EVTs computation: 0.0001 (exact: 7378697629483821/73786976294838206464)
Precision for EVTs computation: 0.0001 (exact: 7378697629483821/73786976294838206464)
Precision for EVTs computation: 0.0001 (exact: 7378697629483821/73786976294838206464)
Precision for EVTs computation: 0.0001 (exact: 7378697629483821/73786976294838206464)
Precision for EVTs computation: 0.0001 (exact: 7378697629483821/73786976294838206464)
Precision for EVTs computation: 0.0001 (exact: 7378697629483821/73786976294838206464)
Precision for EVTs computation: 0.0001 (exact: 7378697629483821/73786976294838206464)
Precision for EVTs computation: 0.0001 (exact: 7378697629483821/73786976294838206464)
Precision for EVTs computation: 0.0001 (exact: 7378697629483821/73786976294838206464)
Precision for EVTs computation: 0.0001 (exact: 7378697629483821/73786976294838206464)
Precision for EVTs computation: 0.0001 (exact: 7378697629483821/73786976294838206464)
Precision for EVTs computation: 0.0001 (exact: 7378697629483821/73786976294838206464)
Precision for EVTs computation: 0.0001 (exact: 7378697629483821/73786976294838206464)
Precision for EVTs computation: 0.0001 (exact: 7378697629483821/73786976294838206464)
Precision for EVTs computation: 0.0001 (exact: 7378697629483821/73786976294838206464)
Precision for EVTs computation: 0.0001 (exact: 7378697629483821/73786976294838206464)
Precision for EVTs computation: 0.0001 (exact: 7378697629483821/73786976294838206464)
Precision for EVTs computation: 0.0001 (exact: 7378697629483821/73786976294838206464)
Precision for EVTs computation: 0.0001 (exact: 7378697629483821/73786976294838206464)
Precision for EVTs computation: 0.0001 (exact: 7378697629483821/73786976294838206464)
Precision for EVTs computation: 0.0001 (exact: 7378697629483821/73786976294838206464)
Precision for EVTs computation: 0.0001 (exact: 7378697629483821/73786976294838206464)
Precision for EVTs computation: 0.0001 (exact: 7378697629483821/73786976294838206464)
Precision for EVTs computation: 0.0001 (exact: 7378697629483821/73786976294838206464)
Precision for EVTs computation: 0.0001 (exact: 7378697629483821/73786976294838206464)
Precision for EVTs computation: 0.0001 (exact: 7378697629483821/73786976294838206464)
Precision for EVTs computation: 0.0001 (exact: 7378697629483821/73786976294838206464)
Precision for EVTs computation: 0.0001 (exact: 7378697629483821/73786976294838206464)
Precision for EVTs computation: 0.0001 (exact: 7378697629483821/73786976294838206464)
Precision for EVTs computation: 0.0001 (exact: 7378697629483821/73786976294838206464)
Precision for EVTs computation: 0.0001 (exact: 7378697629483821/73786976294838206464)
Precision for EVTs computation: 0.0001 (exact: 7378697629483821/73786976294838206464)
Precision for EVTs computation: 0.0001 (exact: 7378697629483821/73786976294838206464)
Precision for EVTs computation: 0.0001 (exact: 7378697629483821/73786976294838206464)
Precision for EVTs computation: 0.0001 (exact: 7378697629483821/73786976294838206464)
Precision for EVTs computation: 0.0001 (exact: 7378697629483821/73786976294838206464)
Precision for EVTs computation: 0.0001 (exact: 7378697629483821/73786976294838206464)
Precision for EVTs computation: 0.0001 (exact: 7378697629483821/73786976294838206464)
Precision for EVTs computation: 0.0001 (exact: 7378697629483821/73786976294838206464)
Precision for EVTs computation: 0.0001 (exact: 7378697629483821/73786976294838206464)
Precision for EVTs computation: 0.0001 (exact: 7378697629483821/73786976294838206464)
Precision for EVTs computation: 0.0001 (exact: 7378697629483821/73786976294838206464)
Precision for EVTs computation: 0.0001 (exact: 7378697629483821/73786976294838206464)
Precision for EVTs computation: 0.0001 (exact: 7378697629483821/73786976294838206464)
Precision for EVTs computation: 0.0001 (exact: 7378697629483821/73786976294838206464)
Precision for EVTs computation: 0.0001 (exact: 7378697629483821/73786976294838206464)
> progress 0.025%, elapsed 15 s, estimated 59169 s (16 hours), iters = {MDP: 422}, opt = 97.225
Precision for EVTs computation: 0.0001 (exact: 7378697629483821/73786976294838206464)
Precision for EVTs computation: 0.0001 (exact: 7378697629483821/73786976294838206464)
Precision for EVTs computation: 0.0001 (exact: 7378697629483821/73786976294838206464)
Precision for EVTs computation: 0.0001 (exact: 7378697629483821/73786976294838206464)
Precision for EVTs computation: 0.0001 (exact: 7378697629483821/73786976294838206464)
Precision for EVTs computation: 0.0001 (exact: 7378697629483821/73786976294838206464)
Precision for EVTs computation: 0.0001 (exact: 7378697629483821/73786976294838206464)
Precision for EVTs computation: 0.0001 (exact: 7378697629483821/73786976294838206464)
Precision for EVTs computation: 0.0001 (exact: 7378697629483821/73786976294838206464)
Precision for EVTs computation: 0.0001 (exact: 7378697629483821/73786976294838206464)
Precision for EVTs computation: 0.0001 (exact: 7378697629483821/73786976294838206464)
Precision for EVTs computation: 0.0001 (exact: 7378697629483821/73786976294838206464)
Precision for EVTs computation: 0.0001 (exact: 7378697629483821/73786976294838206464)
Precision for EVTs computation: 0.0001 (exact: 7378697629483821/73786976294838206464)
Precision for EVTs computation: 0.0001 (exact: 7378697629483821/73786976294838206464)
Precision for EVTs computation: 0.0001 (exact: 7378697629483821/73786976294838206464)
Precision for EVTs computation: 0.0001 (exact: 7378697629483821/73786976294838206464)
Precision for EVTs computation: 0.0001 (exact: 7378697629483821/73786976294838206464)
Precision for EVTs computation: 0.0001 (exact: 7378697629483821/73786976294838206464)
Precision for EVTs computation: 0.0001 (exact: 7378697629483821/73786976294838206464)
Precision for EVTs computation: 0.0001 (exact: 7378697629483821/73786976294838206464)
Precision for EVTs computation: 0.0001 (exact: 7378697629483821/73786976294838206464)
Precision for EVTs computation: 0.0001 (exact: 7378697629483821/73786976294838206464)
Precision for EVTs computation: 0.0001 (exact: 7378697629483821/73786976294838206464)
Precision for EVTs computation: 0.0001 (exact: 7378697629483821/73786976294838206464)
Precision for EVTs computation: 0.0001 (exact: 7378697629483821/73786976294838206464)
Precision for EVTs computation: 0.0001 (exact: 7378697629483821/73786976294838206464)
Precision for EVTs computation: 0.0001 (exact: 7378697629483821/73786976294838206464)
Precision for EVTs computation: 0.0001 (exact: 7378697629483821/73786976294838206464)
Precision for EVTs computation: 0.0001 (exact: 7378697629483821/73786976294838206464)
Precision for EVTs computation: 0.0001 (exact: 7378697629483821/73786976294838206464)
Precision for EVTs computation: 0.0001 (exact: 7378697629483821/73786976294838206464)
Precision for EVTs computation: 0.0001 (exact: 7378697629483821/73786976294838206464)
Precision for EVTs computation: 0.0001 (exact: 7378697629483821/73786976294838206464)
Precision for EVTs computation: 0.0001 (exact: 7378697629483821/73786976294838206464)
> progress 0.025%, elapsed 18 s, estimated 71049 s (19 hours), iters = {MDP: 491}, opt = 56.636
Precision for EVTs computation: 0.0001 (exact: 7378697629483821/73786976294838206464)
Precision for EVTs computation: 0.0001 (exact: 7378697629483821/73786976294838206464)
Precision for EVTs computation: 0.0001 (exact: 7378697629483821/73786976294838206464)
Precision for EVTs computation: 0.0001 (exact: 7378697629483821/73786976294838206464)
Precision for EVTs computation: 0.0001 (exact: 7378697629483821/73786976294838206464)
Precision for EVTs computation: 0.0001 (exact: 7378697629483821/73786976294838206464)
Precision for EVTs computation: 0.0001 (exact: 7378697629483821/73786976294838206464)
Precision for EVTs computation: 0.0001 (exact: 7378697629483821/73786976294838206464)
Precision for EVTs computation: 0.0001 (exact: 7378697629483821/73786976294838206464)
Precision for EVTs computation: 0.0001 (exact: 7378697629483821/73786976294838206464)
Precision for EVTs computation: 0.0001 (exact: 7378697629483821/73786976294838206464)
Precision for EVTs computation: 0.0001 (exact: 7378697629483821/73786976294838206464)
Precision for EVTs computation: 0.0001 (exact: 7378697629483821/73786976294838206464)
Precision for EVTs computation: 0.0001 (exact: 7378697629483821/73786976294838206464)
Precision for EVTs computation: 0.0001 (exact: 7378697629483821/73786976294838206464)
Precision for EVTs computation: 0.0001 (exact: 7378697629483821/73786976294838206464)
Precision for EVTs computation: 0.0001 (exact: 7378697629483821/73786976294838206464)
Precision for EVTs computation: 0.0001 (exact: 7378697629483821/73786976294838206464)
Precision for EVTs computation: 0.0001 (exact: 7378697629483821/73786976294838206464)
Precision for EVTs computation: 0.0001 (exact: 7378697629483821/73786976294838206464)
Precision for EVTs computation: 0.0001 (exact: 7378697629483821/73786976294838206464)
Precision for EVTs computation: 0.0001 (exact: 7378697629483821/73786976294838206464)
Precision for EVTs computation: 0.0001 (exact: 7378697629483821/73786976294838206464)
Precision for EVTs computation: 0.0001 (exact: 7378697629483821/73786976294838206464)
Precision for EVTs computation: 0.0001 (exact: 7378697629483821/73786976294838206464)
Precision for EVTs computation: 0.0001 (exact: 7378697629483821/73786976294838206464)
Precision for EVTs computation: 0.0001 (exact: 7378697629483821/73786976294838206464)
Precision for EVTs computation: 0.0001 (exact: 7378697629483821/73786976294838206464)
Precision for EVTs computation: 0.0001 (exact: 7378697629483821/73786976294838206464)
Precision for EVTs computation: 0.0001 (exact: 7378697629483821/73786976294838206464)
Precision for EVTs computation: 0.0001 (exact: 7378697629483821/73786976294838206464)
Precision for EVTs computation: 0.0001 (exact: 7378697629483821/73786976294838206464)
Precision for EVTs computation: 0.0001 (exact: 7378697629483821/73786976294838206464)
Precision for EVTs computation: 0.0001 (exact: 7378697629483821/73786976294838206464)
Precision for EVTs computation: 0.0001 (exact: 7378697629483821/73786976294838206464)
Precision for EVTs computation: 0.0001 (exact: 7378697629483821/73786976294838206464)
Precision for EVTs computation: 0.0001 (exact: 7378697629483821/73786976294838206464)
Precision for EVTs computation: 0.0001 (exact: 7378697629483821/73786976294838206464)
Precision for EVTs computation: 0.0001 (exact: 7378697629483821/73786976294838206464)
Precision for EVTs computation: 0.0001 (exact: 7378697629483821/73786976294838206464)
> progress 0.025%, elapsed 21 s, estimated 82958 s (23 hours), iters = {MDP: 573}, opt = 56.636
Precision for EVTs computation: 0.0001 (exact: 7378697629483821/73786976294838206464)
Precision for EVTs computation: 0.0001 (exact: 7378697629483821/73786976294838206464)
Precision for EVTs computation: 0.0001 (exact: 7378697629483821/73786976294838206464)
Precision for EVTs computation: 0.0001 (exact: 7378697629483821/73786976294838206464)
Precision for EVTs computation: 0.0001 (exact: 7378697629483821/73786976294838206464)
Precision for EVTs computation: 0.0001 (exact: 7378697629483821/73786976294838206464)
Precision for EVTs computation: 0.0001 (exact: 7378697629483821/73786976294838206464)
Precision for EVTs computation: 0.0001 (exact: 7378697629483821/73786976294838206464)
Precision for EVTs computation: 0.0001 (exact: 7378697629483821/73786976294838206464)
Precision for EVTs computation: 0.0001 (exact: 7378697629483821/73786976294838206464)
Precision for EVTs computation: 0.0001 (exact: 7378697629483821/73786976294838206464)
Precision for EVTs computation: 0.0001 (exact: 7378697629483821/73786976294838206464)
Precision for EVTs computation: 0.0001 (exact: 7378697629483821/73786976294838206464)
Precision for EVTs computation: 0.0001 (exact: 7378697629483821/73786976294838206464)
Precision for EVTs computation: 0.0001 (exact: 7378697629483821/73786976294838206464)
Precision for EVTs computation: 0.0001 (exact: 7378697629483821/73786976294838206464)
Precision for EVTs computation: 0.0001 (exact: 7378697629483821/73786976294838206464)
Precision for EVTs computation: 0.0001 (exact: 7378697629483821/73786976294838206464)
Precision for EVTs computation: 0.0001 (exact: 7378697629483821/73786976294838206464)
Precision for EVTs computation: 0.0001 (exact: 7378697629483821/73786976294838206464)
Precision for EVTs computation: 0.0001 (exact: 7378697629483821/73786976294838206464)
Precision for EVTs computation: 0.0001 (exact: 7378697629483821/73786976294838206464)
Precision for EVTs computation: 0.0001 (exact: 7378697629483821/73786976294838206464)
Precision for EVTs computation: 0.0001 (exact: 7378697629483821/73786976294838206464)
Precision for EVTs computation: 0.0001 (exact: 7378697629483821/73786976294838206464)
Precision for EVTs computation: 0.0001 (exact: 7378697629483821/73786976294838206464)
Precision for EVTs computation: 0.0001 (exact: 7378697629483821/73786976294838206464)
Precision for EVTs computation: 0.0001 (exact: 7378697629483821/73786976294838206464)
Precision for EVTs computation: 0.0001 (exact: 7378697629483821/73786976294838206464)
Precision for EVTs computation: 0.0001 (exact: 7378697629483821/73786976294838206464)
Precision for EVTs computation: 0.0001 (exact: 7378697629483821/73786976294838206464)
Precision for EVTs computation: 0.0001 (exact: 7378697629483821/73786976294838206464)
Precision for EVTs computation: 0.0001 (exact: 7378697629483821/73786976294838206464)
Precision for EVTs computation: 0.0001 (exact: 7378697629483821/73786976294838206464)
Precision for EVTs computation: 0.0001 (exact: 7378697629483821/73786976294838206464)
Precision for EVTs computation: 0.0001 (exact: 7378697629483821/73786976294838206464)
Precision for EVTs computation: 0.0001 (exact: 7378697629483821/73786976294838206464)
Precision for EVTs computation: 0.0001 (exact: 7378697629483821/73786976294838206464)
> progress 0.025%, elapsed 24 s, estimated 94790 s (26 hours), iters = {MDP: 653}, opt = 56.636
Precision for EVTs computation: 0.0001 (exact: 7378697629483821/73786976294838206464)
Precision for EVTs computation: 0.0001 (exact: 7378697629483821/73786976294838206464)
Precision for EVTs computation: 0.0001 (exact: 7378697629483821/73786976294838206464)
Precision for EVTs computation: 0.0001 (exact: 7378697629483821/73786976294838206464)
Precision for EVTs computation: 0.0001 (exact: 7378697629483821/73786976294838206464)
Precision for EVTs computation: 0.0001 (exact: 7378697629483821/73786976294838206464)
Precision for EVTs computation: 0.0001 (exact: 7378697629483821/73786976294838206464)
Precision for EVTs computation: 0.0001 (exact: 7378697629483821/73786976294838206464)
Precision for EVTs computation: 0.0001 (exact: 7378697629483821/73786976294838206464)
Precision for EVTs computation: 0.0001 (exact: 7378697629483821/73786976294838206464)
Precision for EVTs computation: 0.0001 (exact: 7378697629483821/73786976294838206464)
Precision for EVTs computation: 0.0001 (exact: 7378697629483821/73786976294838206464)
Precision for EVTs computation: 0.0001 (exact: 7378697629483821/73786976294838206464)
Precision for EVTs computation: 0.0001 (exact: 7378697629483821/73786976294838206464)
Precision for EVTs computation: 0.0001 (exact: 7378697629483821/73786976294838206464)
Precision for EVTs computation: 0.0001 (exact: 7378697629483821/73786976294838206464)
Precision for EVTs computation: 0.0001 (exact: 7378697629483821/73786976294838206464)
Precision for EVTs computation: 0.0001 (exact: 7378697629483821/73786976294838206464)
Precision for EVTs computation: 0.0001 (exact: 7378697629483821/73786976294838206464)
Precision for EVTs computation: 0.0001 (exact: 7378697629483821/73786976294838206464)
Precision for EVTs computation: 0.0001 (exact: 7378697629483821/73786976294838206464)
Precision for EVTs computation: 0.0001 (exact: 7378697629483821/73786976294838206464)
Precision for EVTs computation: 0.0001 (exact: 7378697629483821/73786976294838206464)
Precision for EVTs computation: 0.0001 (exact: 7378697629483821/73786976294838206464)
Precision for EVTs computation: 0.0001 (exact: 7378697629483821/73786976294838206464)
Precision for EVTs computation: 0.0001 (exact: 7378697629483821/73786976294838206464)
Precision for EVTs computation: 0.0001 (exact: 7378697629483821/73786976294838206464)
Precision for EVTs computation: 0.0001 (exact: 7378697629483821/73786976294838206464)
Precision for EVTs computation: 0.0001 (exact: 7378697629483821/73786976294838206464)
Precision for EVTs computation: 0.0001 (exact: 7378697629483821/73786976294838206464)
Precision for EVTs computation: 0.0001 (exact: 7378697629483821/73786976294838206464)
Precision for EVTs computation: 0.0001 (exact: 7378697629483821/73786976294838206464)
Precision for EVTs computation: 0.0001 (exact: 7378697629483821/73786976294838206464)
Precision for EVTs computation: 0.0001 (exact: 7378697629483821/73786976294838206464)
Precision for EVTs computation: 0.0001 (exact: 7378697629483821/73786976294838206464)
Precision for EVTs computation: 0.0001 (exact: 7378697629483821/73786976294838206464)
Precision for EVTs computation: 0.0001 (exact: 7378697629483821/73786976294838206464)
Precision for EVTs computation: 0.0001 (exact: 7378697629483821/73786976294838206464)
Precision for EVTs computation: 0.0001 (exact: 7378697629483821/73786976294838206464)
Precision for EVTs computation: 0.0001 (exact: 7378697629483821/73786976294838206464)
Precision for EVTs computation: 0.0001 (exact: 7378697629483821/73786976294838206464)
> progress 0.025%, elapsed 27 s, estimated 106593 s (29 hours), iters = {MDP: 726}, opt = 45.398
Precision for EVTs computation: 0.0001 (exact: 7378697629483821/73786976294838206464)
Precision for EVTs computation: 0.0001 (exact: 7378697629483821/73786976294838206464)
Precision for EVTs computation: 0.0001 (exact: 7378697629483821/73786976294838206464)
Precision for EVTs computation: 0.0001 (exact: 7378697629483821/73786976294838206464)
Precision for EVTs computation: 0.0001 (exact: 7378697629483821/73786976294838206464)
Precision for EVTs computation: 0.0001 (exact: 7378697629483821/73786976294838206464)
Precision for EVTs computation: 0.0001 (exact: 7378697629483821/73786976294838206464)
Precision for EVTs computation: 0.0001 (exact: 7378697629483821/73786976294838206464)
Precision for EVTs computation: 0.0001 (exact: 7378697629483821/73786976294838206464)
Precision for EVTs computation: 0.0001 (exact: 7378697629483821/73786976294838206464)
Precision for EVTs computation: 0.0001 (exact: 7378697629483821/73786976294838206464)
Precision for EVTs computation: 0.0001 (exact: 7378697629483821/73786976294838206464)
Precision for EVTs computation: 0.0001 (exact: 7378697629483821/73786976294838206464)
Precision for EVTs computation: 0.0001 (exact: 7378697629483821/73786976294838206464)
Precision for EVTs computation: 0.0001 (exact: 7378697629483821/73786976294838206464)
Precision for EVTs computation: 0.0001 (exact: 7378697629483821/73786976294838206464)
Precision for EVTs computation: 0.0001 (exact: 7378697629483821/73786976294838206464)
Precision for EVTs computation: 0.0001 (exact: 7378697629483821/73786976294838206464)
Precision for EVTs computation: 0.0001 (exact: 7378697629483821/73786976294838206464)
Precision for EVTs computation: 0.0001 (exact: 7378697629483821/73786976294838206464)
Precision for EVTs computation: 0.0001 (exact: 7378697629483821/73786976294838206464)
Precision for EVTs computation: 0.0001 (exact: 7378697629483821/73786976294838206464)
Precision for EVTs computation: 0.0001 (exact: 7378697629483821/73786976294838206464)
Precision for EVTs computation: 0.0001 (exact: 7378697629483821/73786976294838206464)
Precision for EVTs computation: 0.0001 (exact: 7378697629483821/73786976294838206464)
Precision for EVTs computation: 0.0001 (exact: 7378697629483821/73786976294838206464)
Precision for EVTs computation: 0.0001 (exact: 7378697629483821/73786976294838206464)
Precision for EVTs computation: 0.0001 (exact: 7378697629483821/73786976294838206464)
Precision for EVTs computation: 0.0001 (exact: 7378697629483821/73786976294838206464)
Precision for EVTs computation: 0.0001 (exact: 7378697629483821/73786976294838206464)
Precision for EVTs computation: 0.0001 (exact: 7378697629483821/73786976294838206464)
Precision for EVTs computation: 0.0001 (exact: 7378697629483821/73786976294838206464)
Precision for EVTs computation: 0.0001 (exact: 7378697629483821/73786976294838206464)
Precision for EVTs computation: 0.0001 (exact: 7378697629483821/73786976294838206464)
Precision for EVTs computation: 0.0001 (exact: 7378697629483821/73786976294838206464)
Precision for EVTs computation: 0.0001 (exact: 7378697629483821/73786976294838206464)
Precision for EVTs computation: 0.0001 (exact: 7378697629483821/73786976294838206464)
Precision for EVTs computation: 0.0001 (exact: 7378697629483821/73786976294838206464)
Precision for EVTs computation: 0.0001 (exact: 7378697629483821/73786976294838206464)
Precision for EVTs computation: 0.0001 (exact: 7378697629483821/73786976294838206464)
Precision for EVTs computation: 0.0001 (exact: 7378697629483821/73786976294838206464)
> progress 0.025%, elapsed 30 s, estimated 118495 s (32 hours), iters = {MDP: 812}, opt = 45.398
Precision for EVTs computation: 0.0001 (exact: 7378697629483821/73786976294838206464)
Precision for EVTs computation: 0.0001 (exact: 7378697629483821/73786976294838206464)
Precision for EVTs computation: 0.0001 (exact: 7378697629483821/73786976294838206464)
Precision for EVTs computation: 0.0001 (exact: 7378697629483821/73786976294838206464)
Precision for EVTs computation: 0.0001 (exact: 7378697629483821/73786976294838206464)
Precision for EVTs computation: 0.0001 (exact: 7378697629483821/73786976294838206464)
Precision for EVTs computation: 0.0001 (exact: 7378697629483821/73786976294838206464)
Precision for EVTs computation: 0.0001 (exact: 7378697629483821/73786976294838206464)
Precision for EVTs computation: 0.0001 (exact: 7378697629483821/73786976294838206464)
Precision for EVTs computation: 0.0001 (exact: 7378697629483821/73786976294838206464)
Precision for EVTs computation: 0.0001 (exact: 7378697629483821/73786976294838206464)
Precision for EVTs computation: 0.0001 (exact: 7378697629483821/73786976294838206464)
Precision for EVTs computation: 0.0001 (exact: 7378697629483821/73786976294838206464)
Precision for EVTs computation: 0.0001 (exact: 7378697629483821/73786976294838206464)
Precision for EVTs computation: 0.0001 (exact: 7378697629483821/73786976294838206464)
Precision for EVTs computation: 0.0001 (exact: 7378697629483821/73786976294838206464)
Precision for EVTs computation: 0.0001 (exact: 7378697629483821/73786976294838206464)
Precision for EVTs computation: 0.0001 (exact: 7378697629483821/73786976294838206464)
Precision for EVTs computation: 0.0001 (exact: 7378697629483821/73786976294838206464)
Precision for EVTs computation: 0.0001 (exact: 7378697629483821/73786976294838206464)
Precision for EVTs computation: 0.0001 (exact: 7378697629483821/73786976294838206464)
Precision for EVTs computation: 0.0001 (exact: 7378697629483821/73786976294838206464)
Precision for EVTs computation: 0.0001 (exact: 7378697629483821/73786976294838206464)
Precision for EVTs computation: 0.0001 (exact: 7378697629483821/73786976294838206464)
Precision for EVTs computation: 0.0001 (exact: 7378697629483821/73786976294838206464)
Precision for EVTs computation: 0.0001 (exact: 7378697629483821/73786976294838206464)
Precision for EVTs computation: 0.0001 (exact: 7378697629483821/73786976294838206464)
Precision for EVTs computation: 0.0001 (exact: 7378697629483821/73786976294838206464)
Precision for EVTs computation: 0.0001 (exact: 7378697629483821/73786976294838206464)
Precision for EVTs computation: 0.0001 (exact: 7378697629483821/73786976294838206464)
Precision for EVTs computation: 0.0001 (exact: 7378697629483821/73786976294838206464)
Precision for EVTs computation: 0.0001 (exact: 7378697629483821/73786976294838206464)
Precision for EVTs computation: 0.0001 (exact: 7378697629483821/73786976294838206464)
Precision for EVTs computation: 0.0001 (exact: 7378697629483821/73786976294838206464)
Precision for EVTs computation: 0.0001 (exact: 7378697629483821/73786976294838206464)
Precision for EVTs computation: 0.0001 (exact: 7378697629483821/73786976294838206464)
Precision for EVTs computation: 0.0001 (exact: 7378697629483821/73786976294838206464)
Precision for EVTs computation: 0.0001 (exact: 7378697629483821/73786976294838206464)
Precision for EVTs computation: 0.0001 (exact: 7378697629483821/73786976294838206464)
Precision for EVTs computation: 0.0001 (exact: 7378697629483821/73786976294838206464)
Precision for EVTs computation: 0.0001 (exact: 7378697629483821/73786976294838206464)
Precision for EVTs computation: 0.0001 (exact: 7378697629483821/73786976294838206464)
Precision for EVTs computation: 0.0001 (exact: 7378697629483821/73786976294838206464)
Precision for EVTs computation: 0.0001 (exact: 7378697629483821/73786976294838206464)
> progress 0.025%, elapsed 33 s, estimated 130397 s (36 hours), iters = {MDP: 898}, opt = 45.398
Precision for EVTs computation: 0.0001 (exact: 7378697629483821/73786976294838206464)
Precision for EVTs computation: 0.0001 (exact: 7378697629483821/73786976294838206464)
Precision for EVTs computation: 0.0001 (exact: 7378697629483821/73786976294838206464)
Precision for EVTs computation: 0.0001 (exact: 7378697629483821/73786976294838206464)
Precision for EVTs computation: 0.0001 (exact: 7378697629483821/73786976294838206464)
Precision for EVTs computation: 0.0001 (exact: 7378697629483821/73786976294838206464)
Precision for EVTs computation: 0.0001 (exact: 7378697629483821/73786976294838206464)
Precision for EVTs computation: 0.0001 (exact: 7378697629483821/73786976294838206464)
Precision for EVTs computation: 0.0001 (exact: 7378697629483821/73786976294838206464)
Precision for EVTs computation: 0.0001 (exact: 7378697629483821/73786976294838206464)
Precision for EVTs computation: 0.0001 (exact: 7378697629483821/73786976294838206464)
Precision for EVTs computation: 0.0001 (exact: 7378697629483821/73786976294838206464)
Precision for EVTs computation: 0.0001 (exact: 7378697629483821/73786976294838206464)
Precision for EVTs computation: 0.0001 (exact: 7378697629483821/73786976294838206464)
Precision for EVTs computation: 0.0001 (exact: 7378697629483821/73786976294838206464)
Precision for EVTs computation: 0.0001 (exact: 7378697629483821/73786976294838206464)
Precision for EVTs computation: 0.0001 (exact: 7378697629483821/73786976294838206464)
Precision for EVTs computation: 0.0001 (exact: 7378697629483821/73786976294838206464)
Precision for EVTs computation: 0.0001 (exact: 7378697629483821/73786976294838206464)
Precision for EVTs computation: 0.0001 (exact: 7378697629483821/73786976294838206464)
Precision for EVTs computation: 0.0001 (exact: 7378697629483821/73786976294838206464)
Precision for EVTs computation: 0.0001 (exact: 7378697629483821/73786976294838206464)
Precision for EVTs computation: 0.0001 (exact: 7378697629483821/73786976294838206464)
Precision for EVTs computation: 0.0001 (exact: 7378697629483821/73786976294838206464)
Precision for EVTs computation: 0.0001 (exact: 7378697629483821/73786976294838206464)
Precision for EVTs computation: 0.0001 (exact: 7378697629483821/73786976294838206464)
Precision for EVTs computation: 0.0001 (exact: 7378697629483821/73786976294838206464)
Precision for EVTs computation: 0.0001 (exact: 7378697629483821/73786976294838206464)
Precision for EVTs computation: 0.0001 (exact: 7378697629483821/73786976294838206464)
Precision for EVTs computation: 0.0001 (exact: 7378697629483821/73786976294838206464)
Precision for EVTs computation: 0.0001 (exact: 7378697629483821/73786976294838206464)
Precision for EVTs computation: 0.0001 (exact: 7378697629483821/73786976294838206464)
Precision for EVTs computation: 0.0001 (exact: 7378697629483821/73786976294838206464)
Precision for EVTs computation: 0.0001 (exact: 7378697629483821/73786976294838206464)
Precision for EVTs computation: 0.0001 (exact: 7378697629483821/73786976294838206464)
Precision for EVTs computation: 0.0001 (exact: 7378697629483821/73786976294838206464)
Precision for EVTs computation: 0.0001 (exact: 7378697629483821/73786976294838206464)
> progress 0.025%, elapsed 36 s, estimated 142459 s (39 hours), iters = {MDP: 975}, opt = 45.398
Precision for EVTs computation: 0.0001 (exact: 7378697629483821/73786976294838206464)
Precision for EVTs computation: 0.0001 (exact: 7378697629483821/73786976294838206464)
Precision for EVTs computation: 0.0001 (exact: 7378697629483821/73786976294838206464)
Precision for EVTs computation: 0.0001 (exact: 7378697629483821/73786976294838206464)
Precision for EVTs computation: 0.0001 (exact: 7378697629483821/73786976294838206464)
Precision for EVTs computation: 0.0001 (exact: 7378697629483821/73786976294838206464)
Precision for EVTs computation: 0.0001 (exact: 7378697629483821/73786976294838206464)
Precision for EVTs computation: 0.0001 (exact: 7378697629483821/73786976294838206464)
Precision for EVTs computation: 0.0001 (exact: 7378697629483821/73786976294838206464)
Precision for EVTs computation: 0.0001 (exact: 7378697629483821/73786976294838206464)
Precision for EVTs computation: 0.0001 (exact: 7378697629483821/73786976294838206464)
Precision for EVTs computation: 0.0001 (exact: 7378697629483821/73786976294838206464)
Precision for EVTs computation: 0.0001 (exact: 7378697629483821/73786976294838206464)
Precision for EVTs computation: 0.0001 (exact: 7378697629483821/73786976294838206464)
Precision for EVTs computation: 0.0001 (exact: 7378697629483821/73786976294838206464)
Precision for EVTs computation: 0.0001 (exact: 7378697629483821/73786976294838206464)
Precision for EVTs computation: 0.0001 (exact: 7378697629483821/73786976294838206464)
Precision for EVTs computation: 0.0001 (exact: 7378697629483821/73786976294838206464)
Precision for EVTs computation: 0.0001 (exact: 7378697629483821/73786976294838206464)
Precision for EVTs computation: 0.0001 (exact: 7378697629483821/73786976294838206464)
Precision for EVTs computation: 0.0001 (exact: 7378697629483821/73786976294838206464)
Precision for EVTs computation: 0.0001 (exact: 7378697629483821/73786976294838206464)
Precision for EVTs computation: 0.0001 (exact: 7378697629483821/73786976294838206464)
Precision for EVTs computation: 0.0001 (exact: 7378697629483821/73786976294838206464)
Precision for EVTs computation: 0.0001 (exact: 7378697629483821/73786976294838206464)
Precision for EVTs computation: 0.0001 (exact: 7378697629483821/73786976294838206464)
Precision for EVTs computation: 0.0001 (exact: 7378697629483821/73786976294838206464)
Precision for EVTs computation: 0.0001 (exact: 7378697629483821/73786976294838206464)
Precision for EVTs computation: 0.0001 (exact: 7378697629483821/73786976294838206464)
Precision for EVTs computation: 0.0001 (exact: 7378697629483821/73786976294838206464)
Precision for EVTs computation: 0.0001 (exact: 7378697629483821/73786976294838206464)
Precision for EVTs computation: 0.0001 (exact: 7378697629483821/73786976294838206464)
Precision for EVTs computation: 0.0001 (exact: 7378697629483821/73786976294838206464)
Precision for EVTs computation: 0.0001 (exact: 7378697629483821/73786976294838206464)
Precision for EVTs computation: 0.0001 (exact: 7378697629483821/73786976294838206464)
Precision for EVTs computation: 0.0001 (exact: 7378697629483821/73786976294838206464)
> progress 0.025%, elapsed 39 s, estimated 154310 s (42 hours), iters = {MDP: 1044}, opt = 45.398
Precision for EVTs computation: 0.0001 (exact: 7378697629483821/73786976294838206464)
Precision for EVTs computation: 0.0001 (exact: 7378697629483821/73786976294838206464)
Precision for EVTs computation: 0.0001 (exact: 7378697629483821/73786976294838206464)
Precision for EVTs computation: 0.0001 (exact: 7378697629483821/73786976294838206464)
Precision for EVTs computation: 0.0001 (exact: 7378697629483821/73786976294838206464)
Precision for EVTs computation: 0.0001 (exact: 7378697629483821/73786976294838206464)
Precision for EVTs computation: 0.0001 (exact: 7378697629483821/73786976294838206464)
Precision for EVTs computation: 0.0001 (exact: 7378697629483821/73786976294838206464)
Precision for EVTs computation: 0.0001 (exact: 7378697629483821/73786976294838206464)
Precision for EVTs computation: 0.0001 (exact: 7378697629483821/73786976294838206464)
Precision for EVTs computation: 0.0001 (exact: 7378697629483821/73786976294838206464)
Precision for EVTs computation: 0.0001 (exact: 7378697629483821/73786976294838206464)
Precision for EVTs computation: 0.0001 (exact: 7378697629483821/73786976294838206464)
Precision for EVTs computation: 0.0001 (exact: 7378697629483821/73786976294838206464)
Precision for EVTs computation: 0.0001 (exact: 7378697629483821/73786976294838206464)
Precision for EVTs computation: 0.0001 (exact: 7378697629483821/73786976294838206464)
Precision for EVTs computation: 0.0001 (exact: 7378697629483821/73786976294838206464)
Precision for EVTs computation: 0.0001 (exact: 7378697629483821/73786976294838206464)
Precision for EVTs computation: 0.0001 (exact: 7378697629483821/73786976294838206464)
Precision for EVTs computation: 0.0001 (exact: 7378697629483821/73786976294838206464)
Precision for EVTs computation: 0.0001 (exact: 7378697629483821/73786976294838206464)
Precision for EVTs computation: 0.0001 (exact: 7378697629483821/73786976294838206464)
Precision for EVTs computation: 0.0001 (exact: 7378697629483821/73786976294838206464)
Precision for EVTs computation: 0.0001 (exact: 7378697629483821/73786976294838206464)
Precision for EVTs computation: 0.0001 (exact: 7378697629483821/73786976294838206464)
Precision for EVTs computation: 0.0001 (exact: 7378697629483821/73786976294838206464)
Precision for EVTs computation: 0.0001 (exact: 7378697629483821/73786976294838206464)
Precision for EVTs computation: 0.0001 (exact: 7378697629483821/73786976294838206464)
Precision for EVTs computation: 0.0001 (exact: 7378697629483821/73786976294838206464)
Precision for EVTs computation: 0.0001 (exact: 7378697629483821/73786976294838206464)
Precision for EVTs computation: 0.0001 (exact: 7378697629483821/73786976294838206464)
Precision for EVTs computation: 0.0001 (exact: 7378697629483821/73786976294838206464)
Precision for EVTs computation: 0.0001 (exact: 7378697629483821/73786976294838206464)
Precision for EVTs computation: 0.0001 (exact: 7378697629483821/73786976294838206464)
Precision for EVTs computation: 0.0001 (exact: 7378697629483821/73786976294838206464)
Precision for EVTs computation: 0.0001 (exact: 7378697629483821/73786976294838206464)
Precision for EVTs computation: 0.0001 (exact: 7378697629483821/73786976294838206464)
Precision for EVTs computation: 0.0001 (exact: 7378697629483821/73786976294838206464)
Precision for EVTs computation: 0.0001 (exact: 7378697629483821/73786976294838206464)
Precision for EVTs computation: 0.0001 (exact: 7378697629483821/73786976294838206464)
Precision for EVTs computation: 0.0001 (exact: 7378697629483821/73786976294838206464)
Precision for EVTs computation: 0.0001 (exact: 7378697629483821/73786976294838206464)
> progress 0.025%, elapsed 42 s, estimated 166208 s (46 hours), iters = {MDP: 1129}, opt = 45.398
Precision for EVTs computation: 0.0001 (exact: 7378697629483821/73786976294838206464)
Precision for EVTs computation: 0.0001 (exact: 7378697629483821/73786976294838206464)
Precision for EVTs computation: 0.0001 (exact: 7378697629483821/73786976294838206464)
Precision for EVTs computation: 0.0001 (exact: 7378697629483821/73786976294838206464)
Precision for EVTs computation: 0.0001 (exact: 7378697629483821/73786976294838206464)
Precision for EVTs computation: 0.0001 (exact: 7378697629483821/73786976294838206464)
Precision for EVTs computation: 0.0001 (exact: 7378697629483821/73786976294838206464)
Precision for EVTs computation: 0.0001 (exact: 7378697629483821/73786976294838206464)
Precision for EVTs computation: 0.0001 (exact: 7378697629483821/73786976294838206464)
Precision for EVTs computation: 0.0001 (exact: 7378697629483821/73786976294838206464)
Precision for EVTs computation: 0.0001 (exact: 7378697629483821/73786976294838206464)
Precision for EVTs computation: 0.0001 (exact: 7378697629483821/73786976294838206464)
Precision for EVTs computation: 0.0001 (exact: 7378697629483821/73786976294838206464)
Precision for EVTs computation: 0.0001 (exact: 7378697629483821/73786976294838206464)
Precision for EVTs computation: 0.0001 (exact: 7378697629483821/73786976294838206464)
Precision for EVTs computation: 0.0001 (exact: 7378697629483821/73786976294838206464)
Precision for EVTs computation: 0.0001 (exact: 7378697629483821/73786976294838206464)
Precision for EVTs computation: 0.0001 (exact: 7378697629483821/73786976294838206464)
Precision for EVTs computation: 0.0001 (exact: 7378697629483821/73786976294838206464)
Precision for EVTs computation: 0.0001 (exact: 7378697629483821/73786976294838206464)
Precision for EVTs computation: 0.0001 (exact: 7378697629483821/73786976294838206464)
Precision for EVTs computation: 0.0001 (exact: 7378697629483821/73786976294838206464)
Precision for EVTs computation: 0.0001 (exact: 7378697629483821/73786976294838206464)
Precision for EVTs computation: 0.0001 (exact: 7378697629483821/73786976294838206464)
Precision for EVTs computation: 0.0001 (exact: 7378697629483821/73786976294838206464)
Precision for EVTs computation: 0.0001 (exact: 7378697629483821/73786976294838206464)
Precision for EVTs computation: 0.0001 (exact: 7378697629483821/73786976294838206464)
Precision for EVTs computation: 0.0001 (exact: 7378697629483821/73786976294838206464)
Precision for EVTs computation: 0.0001 (exact: 7378697629483821/73786976294838206464)
Precision for EVTs computation: 0.0001 (exact: 7378697629483821/73786976294838206464)
Precision for EVTs computation: 0.0001 (exact: 7378697629483821/73786976294838206464)
Precision for EVTs computation: 0.0001 (exact: 7378697629483821/73786976294838206464)
Precision for EVTs computation: 0.0001 (exact: 7378697629483821/73786976294838206464)
Precision for EVTs computation: 0.0001 (exact: 7378697629483821/73786976294838206464)
Precision for EVTs computation: 0.0001 (exact: 7378697629483821/73786976294838206464)
Precision for EVTs computation: 0.0001 (exact: 7378697629483821/73786976294838206464)
> progress 0.025%, elapsed 45 s, estimated 178224 s (2 days), iters = {MDP: 1206}, opt = 45.398
Precision for EVTs computation: 0.0001 (exact: 7378697629483821/73786976294838206464)
Precision for EVTs computation: 0.0001 (exact: 7378697629483821/73786976294838206464)
Precision for EVTs computation: 0.0001 (exact: 7378697629483821/73786976294838206464)
Precision for EVTs computation: 0.0001 (exact: 7378697629483821/73786976294838206464)
Precision for EVTs computation: 0.0001 (exact: 7378697629483821/73786976294838206464)
Precision for EVTs computation: 0.0001 (exact: 7378697629483821/73786976294838206464)
Precision for EVTs computation: 0.0001 (exact: 7378697629483821/73786976294838206464)
Precision for EVTs computation: 0.0001 (exact: 7378697629483821/73786976294838206464)
Precision for EVTs computation: 0.0001 (exact: 7378697629483821/73786976294838206464)
Precision for EVTs computation: 0.0001 (exact: 7378697629483821/73786976294838206464)
Precision for EVTs computation: 0.0001 (exact: 7378697629483821/73786976294838206464)
Precision for EVTs computation: 0.0001 (exact: 7378697629483821/73786976294838206464)
Precision for EVTs computation: 0.0001 (exact: 7378697629483821/73786976294838206464)
Precision for EVTs computation: 0.0001 (exact: 7378697629483821/73786976294838206464)
Precision for EVTs computation: 0.0001 (exact: 7378697629483821/73786976294838206464)
Precision for EVTs computation: 0.0001 (exact: 7378697629483821/73786976294838206464)
Precision for EVTs computation: 0.0001 (exact: 7378697629483821/73786976294838206464)
Precision for EVTs computation: 0.0001 (exact: 7378697629483821/73786976294838206464)
Precision for EVTs computation: 0.0001 (exact: 7378697629483821/73786976294838206464)
Precision for EVTs computation: 0.0001 (exact: 7378697629483821/73786976294838206464)
Precision for EVTs computation: 0.0001 (exact: 7378697629483821/73786976294838206464)
Precision for EVTs computation: 0.0001 (exact: 7378697629483821/73786976294838206464)
Precision for EVTs computation: 0.0001 (exact: 7378697629483821/73786976294838206464)
Precision for EVTs computation: 0.0001 (exact: 7378697629483821/73786976294838206464)
Precision for EVTs computation: 0.0001 (exact: 7378697629483821/73786976294838206464)
Precision for EVTs computation: 0.0001 (exact: 7378697629483821/73786976294838206464)
Precision for EVTs computation: 0.0001 (exact: 7378697629483821/73786976294838206464)
Precision for EVTs computation: 0.0001 (exact: 7378697629483821/73786976294838206464)
Precision for EVTs computation: 0.0001 (exact: 7378697629483821/73786976294838206464)
Precision for EVTs computation: 0.0001 (exact: 7378697629483821/73786976294838206464)
> progress 0.025%, elapsed 48 s, estimated 190063 s (2 days), iters = {MDP: 1271}, opt = 45.398
Precision for EVTs computation: 0.0001 (exact: 7378697629483821/73786976294838206464)
Precision for EVTs computation: 0.0001 (exact: 7378697629483821/73786976294838206464)
Precision for EVTs computation: 0.0001 (exact: 7378697629483821/73786976294838206464)
Precision for EVTs computation: 0.0001 (exact: 7378697629483821/73786976294838206464)
Precision for EVTs computation: 0.0001 (exact: 7378697629483821/73786976294838206464)
Precision for EVTs computation: 0.0001 (exact: 7378697629483821/73786976294838206464)
Precision for EVTs computation: 0.0001 (exact: 7378697629483821/73786976294838206464)
Precision for EVTs computation: 0.0001 (exact: 7378697629483821/73786976294838206464)
Precision for EVTs computation: 0.0001 (exact: 7378697629483821/73786976294838206464)
Precision for EVTs computation: 0.0001 (exact: 7378697629483821/73786976294838206464)
Precision for EVTs computation: 0.0001 (exact: 7378697629483821/73786976294838206464)
Precision for EVTs computation: 0.0001 (exact: 7378697629483821/73786976294838206464)
Precision for EVTs computation: 0.0001 (exact: 7378697629483821/73786976294838206464)
Precision for EVTs computation: 0.0001 (exact: 7378697629483821/73786976294838206464)
Precision for EVTs computation: 0.0001 (exact: 7378697629483821/73786976294838206464)
Precision for EVTs computation: 0.0001 (exact: 7378697629483821/73786976294838206464)
Precision for EVTs computation: 0.0001 (exact: 7378697629483821/73786976294838206464)
Precision for EVTs computation: 0.0001 (exact: 7378697629483821/73786976294838206464)
Precision for EVTs computation: 0.0001 (exact: 7378697629483821/73786976294838206464)
Precision for EVTs computation: 0.0001 (exact: 7378697629483821/73786976294838206464)
Precision for EVTs computation: 0.0001 (exact: 7378697629483821/73786976294838206464)
Precision for EVTs computation: 0.0001 (exact: 7378697629483821/73786976294838206464)
Precision for EVTs computation: 0.0001 (exact: 7378697629483821/73786976294838206464)
Precision for EVTs computation: 0.0001 (exact: 7378697629483821/73786976294838206464)
Precision for EVTs computation: 0.0001 (exact: 7378697629483821/73786976294838206464)
Precision for EVTs computation: 0.0001 (exact: 7378697629483821/73786976294838206464)
Precision for EVTs computation: 0.0001 (exact: 7378697629483821/73786976294838206464)
Precision for EVTs computation: 0.0001 (exact: 7378697629483821/73786976294838206464)
Precision for EVTs computation: 0.0001 (exact: 7378697629483821/73786976294838206464)
Precision for EVTs computation: 0.0001 (exact: 7378697629483821/73786976294838206464)
Precision for EVTs computation: 0.0001 (exact: 7378697629483821/73786976294838206464)
Precision for EVTs computation: 0.0001 (exact: 7378697629483821/73786976294838206464)
Precision for EVTs computation: 0.0001 (exact: 7378697629483821/73786976294838206464)
Precision for EVTs computation: 0.0001 (exact: 7378697629483821/73786976294838206464)
> progress 0.025%, elapsed 51 s, estimated 201890 s (2 days), iters = {MDP: 1344}, opt = 45.398
Precision for EVTs computation: 0.0001 (exact: 7378697629483821/73786976294838206464)
Precision for EVTs computation: 0.0001 (exact: 7378697629483821/73786976294838206464)
Precision for EVTs computation: 0.0001 (exact: 7378697629483821/73786976294838206464)
Precision for EVTs computation: 0.0001 (exact: 7378697629483821/73786976294838206464)
Precision for EVTs computation: 0.0001 (exact: 7378697629483821/73786976294838206464)
Precision for EVTs computation: 0.0001 (exact: 7378697629483821/73786976294838206464)
Precision for EVTs computation: 0.0001 (exact: 7378697629483821/73786976294838206464)
Precision for EVTs computation: 0.0001 (exact: 7378697629483821/73786976294838206464)
Precision for EVTs computation: 0.0001 (exact: 7378697629483821/73786976294838206464)
Precision for EVTs computation: 0.0001 (exact: 7378697629483821/73786976294838206464)
Precision for EVTs computation: 0.0001 (exact: 7378697629483821/73786976294838206464)
Precision for EVTs computation: 0.0001 (exact: 7378697629483821/73786976294838206464)
Precision for EVTs computation: 0.0001 (exact: 7378697629483821/73786976294838206464)
Precision for EVTs computation: 0.0001 (exact: 7378697629483821/73786976294838206464)
Precision for EVTs computation: 0.0001 (exact: 7378697629483821/73786976294838206464)
Precision for EVTs computation: 0.0001 (exact: 7378697629483821/73786976294838206464)
Precision for EVTs computation: 0.0001 (exact: 7378697629483821/73786976294838206464)
Precision for EVTs computation: 0.0001 (exact: 7378697629483821/73786976294838206464)
Precision for EVTs computation: 0.0001 (exact: 7378697629483821/73786976294838206464)
Precision for EVTs computation: 0.0001 (exact: 7378697629483821/73786976294838206464)
Precision for EVTs computation: 0.0001 (exact: 7378697629483821/73786976294838206464)
Precision for EVTs computation: 0.0001 (exact: 7378697629483821/73786976294838206464)
Precision for EVTs computation: 0.0001 (exact: 7378697629483821/73786976294838206464)
Precision for EVTs computation: 0.0001 (exact: 7378697629483821/73786976294838206464)
Precision for EVTs computation: 0.0001 (exact: 7378697629483821/73786976294838206464)
Precision for EVTs computation: 0.0001 (exact: 7378697629483821/73786976294838206464)
Precision for EVTs computation: 0.0001 (exact: 7378697629483821/73786976294838206464)
Precision for EVTs computation: 0.0001 (exact: 7378697629483821/73786976294838206464)
Precision for EVTs computation: 0.0001 (exact: 7378697629483821/73786976294838206464)
Precision for EVTs computation: 0.0001 (exact: 7378697629483821/73786976294838206464)
Precision for EVTs computation: 0.0001 (exact: 7378697629483821/73786976294838206464)
Precision for EVTs computation: 0.0001 (exact: 7378697629483821/73786976294838206464)
Precision for EVTs computation: 0.0001 (exact: 7378697629483821/73786976294838206464)
Precision for EVTs computation: 0.0001 (exact: 7378697629483821/73786976294838206464)
Precision for EVTs computation: 0.0001 (exact: 7378697629483821/73786976294838206464)
Precision for EVTs computation: 0.0001 (exact: 7378697629483821/73786976294838206464)
Precision for EVTs computation: 0.0001 (exact: 7378697629483821/73786976294838206464)
Precision for EVTs computation: 0.0001 (exact: 7378697629483821/73786976294838206464)
Precision for EVTs computation: 0.0001 (exact: 7378697629483821/73786976294838206464)
> progress 0.025%, elapsed 54 s, estimated 213851 s (2 days), iters = {MDP: 1414}, opt = 45.398
Precision for EVTs computation: 0.0001 (exact: 7378697629483821/73786976294838206464)
Precision for EVTs computation: 0.0001 (exact: 7378697629483821/73786976294838206464)
Precision for EVTs computation: 0.0001 (exact: 7378697629483821/73786976294838206464)
Precision for EVTs computation: 0.0001 (exact: 7378697629483821/73786976294838206464)
Precision for EVTs computation: 0.0001 (exact: 7378697629483821/73786976294838206464)
Precision for EVTs computation: 0.0001 (exact: 7378697629483821/73786976294838206464)
Precision for EVTs computation: 0.0001 (exact: 7378697629483821/73786976294838206464)
Precision for EVTs computation: 0.0001 (exact: 7378697629483821/73786976294838206464)
Precision for EVTs computation: 0.0001 (exact: 7378697629483821/73786976294838206464)
Precision for EVTs computation: 0.0001 (exact: 7378697629483821/73786976294838206464)
Precision for EVTs computation: 0.0001 (exact: 7378697629483821/73786976294838206464)
Precision for EVTs computation: 0.0001 (exact: 7378697629483821/73786976294838206464)
Precision for EVTs computation: 0.0001 (exact: 7378697629483821/73786976294838206464)
Precision for EVTs computation: 0.0001 (exact: 7378697629483821/73786976294838206464)
Precision for EVTs computation: 0.0001 (exact: 7378697629483821/73786976294838206464)
Precision for EVTs computation: 0.0001 (exact: 7378697629483821/73786976294838206464)
Precision for EVTs computation: 0.0001 (exact: 7378697629483821/73786976294838206464)
Precision for EVTs computation: 0.0001 (exact: 7378697629483821/73786976294838206464)
Precision for EVTs computation: 0.0001 (exact: 7378697629483821/73786976294838206464)
Precision for EVTs computation: 0.0001 (exact: 7378697629483821/73786976294838206464)
Precision for EVTs computation: 0.0001 (exact: 7378697629483821/73786976294838206464)
Precision for EVTs computation: 0.0001 (exact: 7378697629483821/73786976294838206464)
Precision for EVTs computation: 0.0001 (exact: 7378697629483821/73786976294838206464)
Precision for EVTs computation: 0.0001 (exact: 7378697629483821/73786976294838206464)
Precision for EVTs computation: 0.0001 (exact: 7378697629483821/73786976294838206464)
Precision for EVTs computation: 0.0001 (exact: 7378697629483821/73786976294838206464)
Precision for EVTs computation: 0.0001 (exact: 7378697629483821/73786976294838206464)
Precision for EVTs computation: 0.0001 (exact: 7378697629483821/73786976294838206464)
Precision for EVTs computation: 0.0001 (exact: 7378697629483821/73786976294838206464)
Precision for EVTs computation: 0.0001 (exact: 7378697629483821/73786976294838206464)
Precision for EVTs computation: 0.0001 (exact: 7378697629483821/73786976294838206464)
Precision for EVTs computation: 0.0001 (exact: 7378697629483821/73786976294838206464)
Precision for EVTs computation: 0.0001 (exact: 7378697629483821/73786976294838206464)
Precision for EVTs computation: 0.0001 (exact: 7378697629483821/73786976294838206464)
Precision for EVTs computation: 0.0001 (exact: 7378697629483821/73786976294838206464)
Precision for EVTs computation: 0.0001 (exact: 7378697629483821/73786976294838206464)
Precision for EVTs computation: 0.0001 (exact: 7378697629483821/73786976294838206464)
> progress 0.025%, elapsed 57 s, estimated 225638 s (2 days), iters = {MDP: 1489}, opt = 45.398
Precision for EVTs computation: 0.0001 (exact: 7378697629483821/73786976294838206464)
Precision for EVTs computation: 0.0001 (exact: 7378697629483821/73786976294838206464)
Precision for EVTs computation: 0.0001 (exact: 7378697629483821/73786976294838206464)
Precision for EVTs computation: 0.0001 (exact: 7378697629483821/73786976294838206464)
Precision for EVTs computation: 0.0001 (exact: 7378697629483821/73786976294838206464)
Precision for EVTs computation: 0.0001 (exact: 7378697629483821/73786976294838206464)
Precision for EVTs computation: 0.0001 (exact: 7378697629483821/73786976294838206464)
Precision for EVTs computation: 0.0001 (exact: 7378697629483821/73786976294838206464)
Precision for EVTs computation: 0.0001 (exact: 7378697629483821/73786976294838206464)
Precision for EVTs computation: 0.0001 (exact: 7378697629483821/73786976294838206464)
Precision for EVTs computation: 0.0001 (exact: 7378697629483821/73786976294838206464)
Precision for EVTs computation: 0.0001 (exact: 7378697629483821/73786976294838206464)
Precision for EVTs computation: 0.0001 (exact: 7378697629483821/73786976294838206464)
Precision for EVTs computation: 0.0001 (exact: 7378697629483821/73786976294838206464)
Precision for EVTs computation: 0.0001 (exact: 7378697629483821/73786976294838206464)
Precision for EVTs computation: 0.0001 (exact: 7378697629483821/73786976294838206464)
Precision for EVTs computation: 0.0001 (exact: 7378697629483821/73786976294838206464)
Precision for EVTs computation: 0.0001 (exact: 7378697629483821/73786976294838206464)
Precision for EVTs computation: 0.0001 (exact: 7378697629483821/73786976294838206464)
Precision for EVTs computation: 0.0001 (exact: 7378697629483821/73786976294838206464)
Precision for EVTs computation: 0.0001 (exact: 7378697629483821/73786976294838206464)
Precision for EVTs computation: 0.0001 (exact: 7378697629483821/73786976294838206464)
Precision for EVTs computation: 0.0001 (exact: 7378697629483821/73786976294838206464)
Precision for EVTs computation: 0.0001 (exact: 7378697629483821/73786976294838206464)
Precision for EVTs computation: 0.0001 (exact: 7378697629483821/73786976294838206464)
Precision for EVTs computation: 0.0001 (exact: 7378697629483821/73786976294838206464)
Precision for EVTs computation: 0.0001 (exact: 7378697629483821/73786976294838206464)
Precision for EVTs computation: 0.0001 (exact: 7378697629483821/73786976294838206464)
Precision for EVTs computation: 0.0001 (exact: 7378697629483821/73786976294838206464)
Precision for EVTs computation: 0.0001 (exact: 7378697629483821/73786976294838206464)
2024-04-07 10:05:30,126 - synthesizer_ar.py - Time limit reached
2024-04-07 10:05:30,126 - synthesizer.py - synthesis finished, printing synthesized assignment below:
2024-04-07 10:05:30,126 - synthesizer.py - M([clk=2	& goal=0	& x_small=0	& y_small=0],0)=1, M([clk=2	& goal=0	& x_small=0	& y_small=0],1)=0, M([clk=2	& goal=0	& x_small=1	& y_small=0],0)=1, M([clk=2	& goal=0	& x_small=1	& y_small=0],1)=0, M([clk=1	& goal=0	& x_small=0	& y_small=1],0)=1, M([clk=1	& goal=0	& x_small=0	& y_small=1],1)=0, A([clk=0	& goal=0	& x_small=1	& y_small=1],0)=right, A([clk=0	& goal=0	& x_small=1	& y_small=1],1)=right, M([clk=0	& goal=0	& x_small=1	& y_small=1],0)=1, M([clk=0	& goal=0	& x_small=1	& y_small=1],1)=0, M([clk=1	& goal=0	& x_small=0	& y_small=0],0)=1, M([clk=1	& goal=0	& x_small=0	& y_small=0],1)=0, M([clk=-1	& goal=0	& x_small=1	& y_small=1],0)=1, M([clk=-1	& goal=0	& x_small=1	& y_small=1],1)=1, M([clk=1	& goal=0	& x_small=1	& y_small=1],0)=0, M([clk=1	& goal=0	& x_small=1	& y_small=1],1)=1, A([clk=0	& goal=0	& x_small=0	& y_small=0],0)=right, A([clk=0	& goal=0	& x_small=0	& y_small=0],1)=down, M([clk=0	& goal=0	& x_small=0	& y_small=0],0)=1, M([clk=0	& goal=0	& x_small=0	& y_small=0],1)=0, A([clk=0	& goal=0	& x_small=1	& y_small=0],0)=right, A([clk=0	& goal=0	& x_small=1	& y_small=0],1)=down, M([clk=0	& goal=0	& x_small=1	& y_small=0],0)=1, M([clk=0	& goal=0	& x_small=1	& y_small=0],1)=0, M([clk=2	& goal=0	& x_small=1	& y_small=1],0)=1, M([clk=2	& goal=0	& x_small=1	& y_small=1],1)=1, M([clk=2	& goal=0	& x_small=0	& y_small=1],0)=1, M([clk=2	& goal=0	& x_small=0	& y_small=1],1)=0, M([clk=1	& goal=0	& x_small=1	& y_small=0],0)=1, M([clk=1	& goal=0	& x_small=1	& y_small=0],1)=0, A([clk=0	& goal=0	& x_small=0	& y_small=1],0)=right, A([clk=0	& goal=0	& x_small=0	& y_small=1],1)=down, M([clk=0	& goal=0	& x_small=0	& y_small=1],0)=1, M([clk=0	& goal=0	& x_small=0	& y_small=1],1)=0, M([clk=1	& goal=1	& x_small=0	& y_small=0],0)=0, M([clk=1	& goal=1	& x_small=0	& y_small=0],1)=0
2024-04-07 10:05:30,141 - synthesizer.py - double-checking specification satisfiability:  : 45.39779942107067
--------------------
Synthesis summary:
optimality objective: R[exp]{"penalty"}min=? [F ((x = (10 - 1)) & (y = (10 - 1)))] 

method: AR, synthesis time: 60.0 s
number of holes: 36, family size: 1e13, quotient: 48518 states / 193264 actions
explored: 0 %
MDP stats: avg MDP size: 18841, iterations: 1549

optimum: 45.397799
--------------------
