2024-04-07 16:36:18,394 - cli.py - This is Paynt version 0.1.0.
2024-04-07 16:36:18,395 - sketch.py - loading sketch from april_models_reduced//evade_n=5_r=23/sketch.templ ...
2024-04-07 16:36:18,395 - sketch.py - assuming sketch in PRISM format...
2024-04-07 16:36:18,415 - prism_parser.py - PRISM model type: POMDP
2024-04-07 16:36:18,415 - prism_parser.py - loading properties from april_models_reduced//evade_n=5_r=23/sketch.props ...
2024-04-07 16:36:18,417 - prism_parser.py - found the following specification: optimality: R[exp]{"steps"}min=? [F "goal"] 
2024-04-07 16:36:18,499 - sketch.py - sketch parsing OK
2024-04-07 16:36:18,499 - sketch.py - converting state rewards 'steps' to state-action rewards
2024-04-07 16:36:18,500 - sketch.py - constructed explicit quotient having 1961 states and 5801 actions
2024-04-07 16:36:18,501 - sketch.py - found the following specification optimality: R[exp]{"steps"}min=? [F "goal"] 
2024-04-07 16:36:18,505 - pomdp.py - constructed POMDP having 981 observations.
2024-04-07 16:36:18,597 - pomdp.py - unfolding 1-FSC template into POMDP ...
2024-04-07 16:36:18,599 - pomdp.py - constructed quotient MDP having 1961 states and 5801 actions.
2024-04-07 16:36:18,599 - pomdp.py - creating coloring ...
2024-04-07 16:36:18,627 - synthesizer_pomdp.py - Storm POMDP option enabled
2024-04-07 16:36:18,627 - synthesizer_pomdp.py - Storm settings: iterative - (None, None, None), get_storm_result - None, storm_options - cutoff, prune_storm - False, unfold_strategy - (False, False), use_storm_cutoffs - False
2024-04-07 16:36:18,627 - storm_pomdp_control.py - starting Storm POMDP analysis
Finished exploring under-approximation MDP.
Start analysis...
2024-04-07 16:36:18,657 - storm_pomdp_control.py - Storm POMDP analysis completed
-----------Storm-----------               
Value = 17.0 | Time elapsed = 0.0s | FSC size = 3906
FSC (dot) = digraph model {
	0 [ label = "0: {__extra, target}" ];
	1 [ label = "1: {[!start	& !turn	& dx=0	& dy=0	& amdone=0	& hascrash=0	& seedx=3	& seedy=4]
cutoff, init, sched_0}" ];
	"0c" [shape = "point"]
	0 -> "0c" [label= "{loop}"];
	"0c" -> 0 [ label= "1" ];
	"1c" [shape = "point"]
	1 -> "1c" [label= "{sched_0}"];
	"1c" -> 0 [ label= "1" ];
}


2024-04-07 16:36:18,671 - synthesizer_pomdp.py - Synthesizing optimal k=1 controller ...
2024-04-07 16:36:18,671 - pomdp.py - unfolding 1-FSC template into POMDP ...
2024-04-07 16:36:18,673 - pomdp.py - constructed quotient MDP having 1961 states and 5801 actions.
2024-04-07 16:36:18,673 - pomdp.py - creating coloring ...
2024-04-07 16:36:18,682 - storm_pomdp_control.py - Main family based on data from Storm: reduced design space from INF to 5.71E+14
2024-04-07 16:36:18,682 - synthesizer.py - synthesis initiated, design space: 1e335
2024-04-07 16:36:18,683 - synthesizer.py - synthesis finished, printing synthesized assignment below:
2024-04-07 16:36:18,683 - synthesizer.py - None
--------------------
Synthesis summary:
optimality objective: R[exp]{"steps"}min=? [F "goal"] 

method: AR, synthesis time: 0.0 s
number of holes: 480, family size: 1e335, quotient: 1961 states / 5801 actions
explored: 0 %
MDP stats: avg MDP size: 662, iterations: 1

feasible: no
--------------------
2024-04-07 16:36:18,683 - synthesizer_pomdp.py - Synthesizing optimal k=2 controller ...
2024-04-07 16:36:18,684 - pomdp.py - unfolding 2-FSC template into POMDP ...
2024-04-07 16:36:18,689 - pomdp.py - constructed quotient MDP having 3921 states and 23202 actions.
2024-04-07 16:36:18,689 - pomdp.py - creating coloring ...
2024-04-07 16:36:18,730 - storm_pomdp_control.py - Main family based on data from Storm: reduced design space from INF to INF
2024-04-07 16:36:18,731 - synthesizer.py - synthesis initiated, design space: 1e1261
2024-04-07 16:36:18,735 - synthesizer.py - synthesis finished, printing synthesized assignment below:
2024-04-07 16:36:18,735 - synthesizer.py - None
--------------------
Synthesis summary:
optimality objective: R[exp]{"steps"}min=? [F "goal"] 

method: AR, synthesis time: 0.0 s
number of holes: 2921, family size: 1e1261, quotient: 3921 states / 23202 actions
explored: 0 %
MDP stats: avg MDP size: 1323, iterations: 1

feasible: no
--------------------
2024-04-07 16:36:18,736 - synthesizer_pomdp.py - Synthesizing optimal k=3 controller ...
2024-04-07 16:36:18,738 - pomdp.py - unfolding 3-FSC template into POMDP ...
2024-04-07 16:36:18,748 - pomdp.py - constructed quotient MDP having 5881 states and 52203 actions.
2024-04-07 16:36:18,748 - pomdp.py - creating coloring ...
2024-04-07 16:36:18,835 - storm_pomdp_control.py - Main family based on data from Storm: reduced design space from INF to INF
2024-04-07 16:36:18,836 - synthesizer.py - synthesis initiated, design space: 1e2409
2024-04-07 16:36:18,843 - synthesizer.py - synthesis finished, printing synthesized assignment below:
2024-04-07 16:36:18,843 - synthesizer.py - None
--------------------
Synthesis summary:
optimality objective: R[exp]{"steps"}min=? [F "goal"] 

method: AR, synthesis time: 0.01 s
number of holes: 4381, family size: 1e2409, quotient: 5881 states / 52203 actions
explored: 0 %
MDP stats: avg MDP size: 1984, iterations: 1

feasible: no
--------------------
2024-04-07 16:36:18,845 - synthesizer_pomdp.py - Synthesizing optimal k=4 controller ...
2024-04-07 16:36:18,848 - pomdp.py - unfolding 4-FSC template into POMDP ...
2024-04-07 16:36:18,877 - pomdp.py - constructed quotient MDP having 7841 states and 92804 actions.
2024-04-07 16:36:18,877 - pomdp.py - creating coloring ...
2024-04-07 16:36:19,040 - storm_pomdp_control.py - Main family based on data from Storm: reduced design space from INF to INF
2024-04-07 16:36:19,042 - synthesizer.py - synthesis initiated, design space: 1e3702
2024-04-07 16:36:19,053 - synthesizer.py - synthesis finished, printing synthesized assignment below:
2024-04-07 16:36:19,054 - synthesizer.py - None
--------------------
Synthesis summary:
optimality objective: R[exp]{"steps"}min=? [F "goal"] 

method: AR, synthesis time: 0.01 s
number of holes: 5841, family size: 1e3702, quotient: 7841 states / 92804 actions
explored: 0 %
MDP stats: avg MDP size: 2645, iterations: 1

feasible: no
--------------------
2024-04-07 16:36:19,055 - synthesizer_pomdp.py - Synthesizing optimal k=5 controller ...
2024-04-07 16:36:19,061 - pomdp.py - unfolding 5-FSC template into POMDP ...
2024-04-07 16:36:19,106 - pomdp.py - constructed quotient MDP having 9801 states and 145005 actions.
2024-04-07 16:36:19,106 - pomdp.py - creating coloring ...
2024-04-07 16:36:19,352 - storm_pomdp_control.py - Main family based on data from Storm: reduced design space from INF to INF
2024-04-07 16:36:19,354 - synthesizer.py - synthesis initiated, design space: 1e5103
2024-04-07 16:36:19,372 - synthesizer.py - synthesis finished, printing synthesized assignment below:
2024-04-07 16:36:19,372 - synthesizer.py - None
--------------------
Synthesis summary:
optimality objective: R[exp]{"steps"}min=? [F "goal"] 

method: AR, synthesis time: 0.02 s
number of holes: 7301, family size: 1e5103, quotient: 9801 states / 145005 actions
explored: 0 %
MDP stats: avg MDP size: 3306, iterations: 1

feasible: no
--------------------
2024-04-07 16:36:19,375 - synthesizer_pomdp.py - Synthesizing optimal k=6 controller ...
2024-04-07 16:36:19,382 - pomdp.py - unfolding 6-FSC template into POMDP ...
2024-04-07 16:36:19,490 - pomdp.py - constructed quotient MDP having 11761 states and 208806 actions.
2024-04-07 16:36:19,490 - pomdp.py - creating coloring ...
2024-04-07 16:36:19,814 - storm_pomdp_control.py - Main family based on data from Storm: reduced design space from INF to INF
2024-04-07 16:36:19,817 - synthesizer.py - synthesis initiated, design space: 1e6589
2024-04-07 16:36:19,842 - synthesizer.py - synthesis finished, printing synthesized assignment below:
2024-04-07 16:36:19,842 - synthesizer.py - None
--------------------
Synthesis summary:
optimality objective: R[exp]{"steps"}min=? [F "goal"] 

method: AR, synthesis time: 0.02 s
number of holes: 8761, family size: 1e6589, quotient: 11761 states / 208806 actions
explored: 0 %
MDP stats: avg MDP size: 3967, iterations: 1

feasible: no
--------------------
2024-04-07 16:36:19,845 - synthesizer_pomdp.py - Synthesizing optimal k=7 controller ...
2024-04-07 16:36:19,862 - pomdp.py - unfolding 7-FSC template into POMDP ...
2024-04-07 16:36:20,008 - pomdp.py - constructed quotient MDP having 13721 states and 284207 actions.
2024-04-07 16:36:20,008 - pomdp.py - creating coloring ...
2024-04-07 16:36:20,532 - storm_pomdp_control.py - Main family based on data from Storm: reduced design space from INF to INF
2024-04-07 16:36:20,535 - synthesizer.py - synthesis initiated, design space: 1e8146
2024-04-07 16:36:20,570 - synthesizer.py - synthesis finished, printing synthesized assignment below:
2024-04-07 16:36:20,570 - synthesizer.py - None
--------------------
Synthesis summary:
optimality objective: R[exp]{"steps"}min=? [F "goal"] 

method: AR, synthesis time: 0.03 s
number of holes: 10221, family size: 1e8146, quotient: 13721 states / 284207 actions
explored: 0 %
MDP stats: avg MDP size: 4628, iterations: 1

feasible: no
--------------------
2024-04-07 16:36:20,573 - synthesizer_pomdp.py - Synthesizing optimal k=8 controller ...
2024-04-07 16:36:20,588 - pomdp.py - unfolding 8-FSC template into POMDP ...
2024-04-07 16:36:20,784 - pomdp.py - constructed quotient MDP having 15681 states and 371208 actions.
2024-04-07 16:36:20,784 - pomdp.py - creating coloring ...
2024-04-07 16:36:21,361 - storm_pomdp_control.py - Main family based on data from Storm: reduced design space from INF to INF
2024-04-07 16:36:21,364 - synthesizer.py - synthesis initiated, design space: 1e9765
2024-04-07 16:36:21,410 - synthesizer.py - synthesis finished, printing synthesized assignment below:
2024-04-07 16:36:21,410 - synthesizer.py - None
--------------------
Synthesis summary:
optimality objective: R[exp]{"steps"}min=? [F "goal"] 

method: AR, synthesis time: 0.04 s
number of holes: 11681, family size: 1e9765, quotient: 15681 states / 371208 actions
explored: 0 %
MDP stats: avg MDP size: 5289, iterations: 1

feasible: no
--------------------
2024-04-07 16:36:21,414 - synthesizer_pomdp.py - Synthesizing optimal k=9 controller ...
2024-04-07 16:36:21,443 - pomdp.py - unfolding 9-FSC template into POMDP ...
2024-04-07 16:36:21,668 - pomdp.py - constructed quotient MDP having 17641 states and 469809 actions.
2024-04-07 16:36:21,668 - pomdp.py - creating coloring ...
2024-04-07 16:36:22,580 - storm_pomdp_control.py - Main family based on data from Storm: reduced design space from INF to INF
2024-04-07 16:36:22,584 - synthesizer.py - synthesis initiated, design space: 1e11436
2024-04-07 16:36:22,643 - synthesizer.py - synthesis finished, printing synthesized assignment below:
2024-04-07 16:36:22,643 - synthesizer.py - None
--------------------
Synthesis summary:
optimality objective: R[exp]{"steps"}min=? [F "goal"] 

method: AR, synthesis time: 0.05 s
number of holes: 13141, family size: 1e11436, quotient: 17641 states / 469809 actions
explored: 0 %
MDP stats: avg MDP size: 5950, iterations: 1

feasible: no
--------------------
2024-04-07 16:36:22,647 - synthesizer_pomdp.py - Synthesizing optimal k=10 controller ...
2024-04-07 16:36:22,671 - pomdp.py - unfolding 10-FSC template into POMDP ...
2024-04-07 16:36:22,916 - pomdp.py - constructed quotient MDP having 19601 states and 580010 actions.
2024-04-07 16:36:22,916 - pomdp.py - creating coloring ...
2024-04-07 16:36:23,898 - storm_pomdp_control.py - Main family based on data from Storm: reduced design space from INF to INF
2024-04-07 16:36:23,902 - synthesizer.py - synthesis initiated, design space: 1e13156
2024-04-07 16:36:23,976 - synthesizer.py - synthesis finished, printing synthesized assignment below:
2024-04-07 16:36:23,976 - synthesizer.py - None
--------------------
Synthesis summary:
optimality objective: R[exp]{"steps"}min=? [F "goal"] 

method: AR, synthesis time: 0.06 s
number of holes: 14601, family size: 1e13156, quotient: 19601 states / 580010 actions
explored: 0 %
MDP stats: avg MDP size: 6611, iterations: 1

feasible: no
--------------------
2024-04-07 16:36:23,981 - synthesizer_pomdp.py - Synthesizing optimal k=11 controller ...
2024-04-07 16:36:24,028 - pomdp.py - unfolding 11-FSC template into POMDP ...
2024-04-07 16:36:24,360 - pomdp.py - constructed quotient MDP having 21561 states and 701811 actions.
2024-04-07 16:36:24,360 - pomdp.py - creating coloring ...
2024-04-07 16:36:25,711 - storm_pomdp_control.py - Main family based on data from Storm: reduced design space from INF to INF
2024-04-07 16:36:25,715 - synthesizer.py - synthesis initiated, design space: 1e14917
2024-04-07 16:36:25,807 - synthesizer.py - synthesis finished, printing synthesized assignment below:
2024-04-07 16:36:25,807 - synthesizer.py - None
--------------------
Synthesis summary:
optimality objective: R[exp]{"steps"}min=? [F "goal"] 

method: AR, synthesis time: 0.08 s
number of holes: 16061, family size: 1e14917, quotient: 21561 states / 701811 actions
explored: 0 %
MDP stats: avg MDP size: 7272, iterations: 1

feasible: no
--------------------
2024-04-07 16:36:25,812 - synthesizer_pomdp.py - Synthesizing optimal k=12 controller ...
2024-04-07 16:36:25,847 - pomdp.py - unfolding 12-FSC template into POMDP ...
2024-04-07 16:36:26,280 - pomdp.py - constructed quotient MDP having 23521 states and 835212 actions.
2024-04-07 16:36:26,280 - pomdp.py - creating coloring ...
2024-04-07 16:36:27,628 - storm_pomdp_control.py - Main family based on data from Storm: reduced design space from INF to INF
2024-04-07 16:36:27,633 - synthesizer.py - synthesis initiated, design space: 1e16718
2024-04-07 16:36:27,744 - synthesizer.py - synthesis finished, printing synthesized assignment below:
2024-04-07 16:36:27,744 - synthesizer.py - None
--------------------
Synthesis summary:
optimality objective: R[exp]{"steps"}min=? [F "goal"] 

method: AR, synthesis time: 0.1 s
number of holes: 17521, family size: 1e16718, quotient: 23521 states / 835212 actions
explored: 0 %
MDP stats: avg MDP size: 7933, iterations: 1

feasible: no
--------------------
2024-04-07 16:36:27,749 - synthesizer_pomdp.py - Synthesizing optimal k=13 controller ...
2024-04-07 16:36:27,814 - pomdp.py - unfolding 13-FSC template into POMDP ...
2024-04-07 16:36:28,277 - pomdp.py - constructed quotient MDP having 25481 states and 980213 actions.
2024-04-07 16:36:28,278 - pomdp.py - creating coloring ...
2024-04-07 16:36:30,203 - storm_pomdp_control.py - Main family based on data from Storm: reduced design space from INF to INF
2024-04-07 16:36:30,209 - synthesizer.py - synthesis initiated, design space: 1e18554
2024-04-07 16:36:30,341 - synthesizer.py - synthesis finished, printing synthesized assignment below:
2024-04-07 16:36:30,341 - synthesizer.py - None
--------------------
Synthesis summary:
optimality objective: R[exp]{"steps"}min=? [F "goal"] 

method: AR, synthesis time: 0.12 s
number of holes: 18981, family size: 1e18554, quotient: 25481 states / 980213 actions
explored: 0 %
MDP stats: avg MDP size: 8594, iterations: 1

feasible: no
--------------------
2024-04-07 16:36:30,347 - synthesizer_pomdp.py - Synthesizing optimal k=14 controller ...
2024-04-07 16:36:30,396 - pomdp.py - unfolding 14-FSC template into POMDP ...
2024-04-07 16:36:30,972 - pomdp.py - constructed quotient MDP having 27441 states and 1136814 actions.
2024-04-07 16:36:30,973 - pomdp.py - creating coloring ...
2024-04-07 16:36:33,017 - storm_pomdp_control.py - Main family based on data from Storm: reduced design space from INF to INF
2024-04-07 16:36:33,023 - synthesizer.py - synthesis initiated, design space: 1e20423
2024-04-07 16:36:33,180 - synthesizer.py - synthesis finished, printing synthesized assignment below:
2024-04-07 16:36:33,180 - synthesizer.py - None
--------------------
Synthesis summary:
optimality objective: R[exp]{"steps"}min=? [F "goal"] 

method: AR, synthesis time: 0.14 s
number of holes: 20441, family size: 1e20423, quotient: 27441 states / 1136814 actions
explored: 0 %
MDP stats: avg MDP size: 9255, iterations: 1

feasible: no
--------------------
2024-04-07 16:36:33,187 - synthesizer_pomdp.py - Synthesizing optimal k=15 controller ...
2024-04-07 16:36:33,276 - pomdp.py - unfolding 15-FSC template into POMDP ...
2024-04-07 16:36:33,817 - pomdp.py - constructed quotient MDP having 29401 states and 1305015 actions.
2024-04-07 16:36:33,818 - pomdp.py - creating coloring ...
2024-04-07 16:36:36,302 - storm_pomdp_control.py - Main family based on data from Storm: reduced design space from INF to INF
2024-04-07 16:36:36,308 - synthesizer.py - synthesis initiated, design space: 1e22322
2024-04-07 16:36:36,493 - synthesizer.py - synthesis finished, printing synthesized assignment below:
2024-04-07 16:36:36,494 - synthesizer.py - None
--------------------
Synthesis summary:
optimality objective: R[exp]{"steps"}min=? [F "goal"] 

method: AR, synthesis time: 0.16 s
number of holes: 21901, family size: 1e22322, quotient: 29401 states / 1305015 actions
explored: 0 %
MDP stats: avg MDP size: 9916, iterations: 1

feasible: no
--------------------
2024-04-07 16:36:36,500 - synthesizer_pomdp.py - Synthesizing optimal k=16 controller ...
2024-04-07 16:36:36,566 - pomdp.py - unfolding 16-FSC template into POMDP ...
2024-04-07 16:36:37,274 - pomdp.py - constructed quotient MDP having 31361 states and 1484816 actions.
2024-04-07 16:36:37,274 - pomdp.py - creating coloring ...
2024-04-07 16:36:39,886 - storm_pomdp_control.py - Main family based on data from Storm: reduced design space from INF to INF
2024-04-07 16:36:39,893 - synthesizer.py - synthesis initiated, design space: 1e24249
2024-04-07 16:36:40,107 - synthesizer.py - synthesis finished, printing synthesized assignment below:
2024-04-07 16:36:40,107 - synthesizer.py - None
--------------------
Synthesis summary:
optimality objective: R[exp]{"steps"}min=? [F "goal"] 

method: AR, synthesis time: 0.19 s
number of holes: 23361, family size: 1e24249, quotient: 31361 states / 1484816 actions
explored: 0 %
MDP stats: avg MDP size: 10577, iterations: 1

feasible: no
--------------------
2024-04-07 16:36:40,114 - synthesizer_pomdp.py - Synthesizing optimal k=17 controller ...
2024-04-07 16:36:40,226 - pomdp.py - unfolding 17-FSC template into POMDP ...
2024-04-07 16:36:41,000 - pomdp.py - constructed quotient MDP having 33321 states and 1676217 actions.
2024-04-07 16:36:41,000 - pomdp.py - creating coloring ...
2024-04-07 16:36:44,383 - storm_pomdp_control.py - Main family based on data from Storm: reduced design space from INF to INF
2024-04-07 16:36:44,390 - synthesizer.py - synthesis initiated, design space: 1e26204
2024-04-07 16:36:44,636 - synthesizer.py - synthesis finished, printing synthesized assignment below:
2024-04-07 16:36:44,636 - synthesizer.py - None
--------------------
Synthesis summary:
optimality objective: R[exp]{"steps"}min=? [F "goal"] 

method: AR, synthesis time: 0.22 s
number of holes: 24821, family size: 1e26204, quotient: 33321 states / 1676217 actions
explored: 0 %
MDP stats: avg MDP size: 11238, iterations: 1

feasible: no
--------------------
2024-04-07 16:36:44,644 - synthesizer_pomdp.py - Synthesizing optimal k=18 controller ...
2024-04-07 16:36:44,726 - pomdp.py - unfolding 18-FSC template into POMDP ...
2024-04-07 16:36:45,653 - pomdp.py - constructed quotient MDP having 35281 states and 1879218 actions.
2024-04-07 16:36:45,653 - pomdp.py - creating coloring ...
2024-04-07 16:36:49,113 - storm_pomdp_control.py - Main family based on data from Storm: reduced design space from INF to INF
2024-04-07 16:36:49,121 - synthesizer.py - synthesis initiated, design space: 1e28183
2024-04-07 16:36:49,402 - synthesizer.py - synthesis finished, printing synthesized assignment below:
2024-04-07 16:36:49,402 - synthesizer.py - None
--------------------
Synthesis summary:
optimality objective: R[exp]{"steps"}min=? [F "goal"] 

method: AR, synthesis time: 0.25 s
number of holes: 26281, family size: 1e28183, quotient: 35281 states / 1879218 actions
explored: 0 %
MDP stats: avg MDP size: 11899, iterations: 1

feasible: no
--------------------
2024-04-07 16:36:49,410 - synthesizer_pomdp.py - Synthesizing optimal k=19 controller ...
2024-04-07 16:36:49,551 - pomdp.py - unfolding 19-FSC template into POMDP ...
2024-04-07 16:36:50,407 - pomdp.py - constructed quotient MDP having 37241 states and 2093819 actions.
2024-04-07 16:36:50,407 - pomdp.py - creating coloring ...
2024-04-07 16:36:54,593 - storm_pomdp_control.py - Main family based on data from Storm: reduced design space from INF to INF
2024-04-07 16:36:54,601 - synthesizer.py - synthesis initiated, design space: 1e30186
2024-04-07 16:36:54,925 - synthesizer.py - synthesis finished, printing synthesized assignment below:
2024-04-07 16:36:54,925 - synthesizer.py - None
--------------------
Synthesis summary:
optimality objective: R[exp]{"steps"}min=? [F "goal"] 

method: AR, synthesis time: 0.29 s
number of holes: 27741, family size: 1e30186, quotient: 37241 states / 2093819 actions
explored: 0 %
MDP stats: avg MDP size: 12560, iterations: 1

feasible: no
--------------------
2024-04-07 16:36:54,934 - synthesizer_pomdp.py - Synthesizing optimal k=20 controller ...
2024-04-07 16:36:55,035 - pomdp.py - unfolding 20-FSC template into POMDP ...
2024-04-07 16:36:56,092 - pomdp.py - constructed quotient MDP having 39201 states and 2320020 actions.
2024-04-07 16:36:56,093 - pomdp.py - creating coloring ...
2024-04-07 16:37:00,556 - storm_pomdp_control.py - Main family based on data from Storm: reduced design space from INF to INF
2024-04-07 16:37:00,565 - synthesizer.py - synthesis initiated, design space: 1e32211
2024-04-07 16:37:00,924 - synthesizer.py - synthesis finished, printing synthesized assignment below:
2024-04-07 16:37:00,924 - synthesizer.py - None
--------------------
Synthesis summary:
optimality objective: R[exp]{"steps"}min=? [F "goal"] 

method: AR, synthesis time: 0.32 s
number of holes: 29201, family size: 1e32211, quotient: 39201 states / 2320020 actions
explored: 0 %
MDP stats: avg MDP size: 13221, iterations: 1

feasible: no
--------------------
2024-04-07 16:37:00,933 - synthesizer_pomdp.py - Synthesizing optimal k=21 controller ...
2024-04-07 16:37:01,104 - pomdp.py - unfolding 21-FSC template into POMDP ...
2024-04-07 16:37:02,108 - pomdp.py - constructed quotient MDP having 41161 states and 2557821 actions.
2024-04-07 16:37:02,108 - pomdp.py - creating coloring ...
2024-04-07 16:37:07,066 - storm_pomdp_control.py - Main family based on data from Storm: reduced design space from INF to INF
2024-04-07 16:37:07,076 - synthesizer.py - synthesis initiated, design space: 1e34258
2024-04-07 16:37:07,481 - synthesizer.py - synthesis finished, printing synthesized assignment below:
2024-04-07 16:37:07,481 - synthesizer.py - None
--------------------
Synthesis summary:
optimality objective: R[exp]{"steps"}min=? [F "goal"] 

method: AR, synthesis time: 0.36 s
number of holes: 30661, family size: 1e34258, quotient: 41161 states / 2557821 actions
explored: 0 %
MDP stats: avg MDP size: 13882, iterations: 1

feasible: no
--------------------
2024-04-07 16:37:07,491 - synthesizer_pomdp.py - Synthesizing optimal k=22 controller ...
2024-04-07 16:37:07,614 - pomdp.py - unfolding 22-FSC template into POMDP ...
2024-04-07 16:37:09,134 - pomdp.py - constructed quotient MDP having 43121 states and 2807222 actions.
2024-04-07 16:37:09,135 - pomdp.py - creating coloring ...
2024-04-07 16:37:14,032 - storm_pomdp_control.py - Main family based on data from Storm: reduced design space from INF to INF
2024-04-07 16:37:14,042 - synthesizer.py - synthesis initiated, design space: 1e36325
2024-04-07 16:37:14,493 - synthesizer.py - synthesis finished, printing synthesized assignment below:
2024-04-07 16:37:14,493 - synthesizer.py - None
--------------------
Synthesis summary:
optimality objective: R[exp]{"steps"}min=? [F "goal"] 

method: AR, synthesis time: 0.41 s
number of holes: 32121, family size: 1e36325, quotient: 43121 states / 2807222 actions
explored: 0 %
MDP stats: avg MDP size: 14543, iterations: 1

feasible: no
--------------------
2024-04-07 16:37:14,503 - synthesizer_pomdp.py - Synthesizing optimal k=23 controller ...
2024-04-07 16:37:14,711 - pomdp.py - unfolding 23-FSC template into POMDP ...
2024-04-07 16:37:16,060 - pomdp.py - constructed quotient MDP having 45081 states and 3068223 actions.
2024-04-07 16:37:16,061 - pomdp.py - creating coloring ...
2024-04-07 16:37:24,595 - storm_pomdp_control.py - Main family based on data from Storm: reduced design space from INF to INF
2024-04-07 16:37:24,605 - synthesizer.py - synthesis initiated, design space: 1e38411
2024-04-07 16:37:25,914 - synthesizer.py - synthesis finished, printing synthesized assignment below:
2024-04-07 16:37:25,914 - synthesizer.py - None
--------------------
Synthesis summary:
optimality objective: R[exp]{"steps"}min=? [F "goal"] 

method: AR, synthesis time: 1.26 s
number of holes: 33581, family size: 1e38411, quotient: 45081 states / 3068223 actions
explored: 0 %
MDP stats: avg MDP size: 15204, iterations: 1

feasible: no
--------------------
2024-04-07 16:37:25,926 - synthesizer_pomdp.py - Synthesizing optimal k=24 controller ...
2024-04-07 16:37:26,170 - pomdp.py - unfolding 24-FSC template into POMDP ...
2024-04-07 16:37:28,726 - pomdp.py - constructed quotient MDP having 47041 states and 3340824 actions.
2024-04-07 16:37:28,727 - pomdp.py - creating coloring ...
