2024-04-13 11:22:40,005 - cli.py - This is Paynt version 0.1.0.
2024-04-13 11:22:40,005 - sketch.py - loading sketch from april_models//evade_n=5_r=23/sketch.templ ...
2024-04-13 11:22:40,005 - sketch.py - assuming sketch in PRISM format...
2024-04-13 11:22:40,008 - prism_parser.py - PRISM model type: POMDP
2024-04-13 11:22:40,008 - prism_parser.py - loading properties from april_models//evade_n=5_r=23/sketch.props ...
2024-04-13 11:22:40,008 - prism_parser.py - found the following specification: optimality: R[exp]{"steps"}min=? [F "goal"] 
2024-04-13 11:22:40,038 - sketch.py - sketch parsing OK
2024-04-13 11:22:40,038 - sketch.py - converting state rewards 'steps' to state-action rewards
2024-04-13 11:22:40,040 - sketch.py - constructed explicit quotient having 1961 states and 5801 actions
2024-04-13 11:22:40,040 - sketch.py - found the following specification optimality: R[exp]{"steps"}min=? [F "goal"] 
2024-04-13 11:22:40,042 - pomdp.py - constructed POMDP having 981 observations.
2024-04-13 11:22:40,139 - pomdp.py - unfolding 1-FSC template into POMDP ...
2024-04-13 11:22:40,142 - pomdp.py - constructed quotient MDP having 1961 states and 5801 actions.
2024-04-13 11:22:40,142 - pomdp.py - creating coloring ...
2024-04-13 11:22:40,161 - synthesizer_pomdp.py - Storm POMDP option enabled
2024-04-13 11:22:40,161 - synthesizer_pomdp.py - Storm settings: iterative - (None, None, None), get_storm_result - None, storm_options - cutoff, prune_storm - False, unfold_strategy - (True, False), use_storm_cutoffs - False
2024-04-13 11:22:40,161 - storm_pomdp_control.py - starting Storm POMDP analysis
Finished exploring under-approximation MDP.
Start analysis...
2024-04-13 11:22:40,188 - storm_pomdp_control.py - Storm POMDP analysis completed
-----------Storm-----------               
Value = 17.0 | Time elapsed = 0.0s | FSC size = 3906
FSC (dot) = digraph model {
	0 [ label = "0: {__extra, target}" ];
	1 [ label = "1: {[!start	& !turn	& dx=0	& dy=0	& amdone=0	& hascrash=0	& seedx=3	& seedy=4]
cutoff, init, sched_0}" ];
	"0c" [shape = "point"]
	0 -> "0c" [label= "{loop}"];
	"0c" -> 0 [ label= "1" ];
	"1c" [shape = "point"]
	1 -> "1c" [label= "{sched_0}"];
	"1c" -> 0 [ label= "1" ];
}


2151
