2024-07-24 13:30:05,808 - cli.py - This is Paynt version 0.1.0.
2024-07-24 13:30:05,808 - sketch.py - loading sketch from models_large_3//maze-10/sketch.templ ...
2024-07-24 13:30:05,809 - sketch.py - assuming sketch in PRISM format...
2024-07-24 13:30:05,835 - prism_parser.py - PRISM model type: POMDP
2024-07-24 13:30:05,835 - prism_parser.py - loading properties from models_large_3//maze-10/sketch.props ...
2024-07-24 13:30:05,836 - prism_parser.py - found the following specification: optimality: R{"rew"}max=? [F "goal"] 
2024-07-24 13:30:06,103 - sketch.py - sketch parsing OK
2024-07-24 13:30:06,103 - sketch.py - constructed explicit quotient having 4805 states and 19049 actions
2024-07-24 13:30:06,103 - sketch.py - found the following specification optimality: R{"rew"}max=? [F "goal"] 
2024-07-24 13:30:06,109 - pomdp.py - constructed POMDP having 22 observations.
2024-07-24 13:30:06,112 - pomdp.py - unfolding 1-FSC template into POMDP...
2024-07-24 13:30:06,117 - pomdp.py - constructed quotient MDP having 4805 states and 19049 actions.
2024-07-24 13:30:07,766 - tpu_cluster_resolver.py - Falling back to TensorFlow client; we recommended you install the Cloud TPU client directly with pip install cloud-tpu-client.
2024-07-24 13:30:08,067 - __init__.py - Creating converter from 7 to 5
2024-07-24 13:30:08,067 - __init__.py - Creating converter from 5 to 7
2024-07-24 13:30:08,067 - __init__.py - Creating converter from 7 to 5
2024-07-24 13:30:08,067 - __init__.py - Creating converter from 5 to 7
2024-07-24 13:30:09,444 - synthesizer_pomdp.py - Storm POMDP option enabled
2024-07-24 13:30:09,444 - synthesizer_pomdp.py - Storm settings: iterative - (600, 60, 5), get_storm_result - None, storm_options - cutoff, prune_storm - False, unfold_strategy - (True, False), use_storm_cutoffs - False
2024-07-24 13:30:09,444 - synthesizer.py - synthesis initiated, design space: 1e12
2024-07-24 13:30:09,444 - synthesizer_pomdp.py - Timeout for PAYNT started
> progress 0.0%, elapsed 3 s, estimated 3486770 s (40 days), iters = {MDP: 6}
> progress 0.0%, elapsed 6 s, estimated 6786515 s (78 days), iters = {MDP: 8}
> progress 0.0%, elapsed 11 s, estimated 11831784 s (136 days), iters = {MDP: 10}
> progress 0.0%, elapsed 16 s, estimated 16539732 s (191 days), iters = {MDP: 12}
> progress 0.0%, elapsed 21 s, estimated 21280941 s (246 days), iters = {MDP: 14}
> progress 0.0%, elapsed 24 s, estimated 24911066 s (288 days), iters = {MDP: 17}
> progress 0.0%, elapsed 28 s, estimated 28369588 s (328 days), iters = {MDP: 20}
-----------PAYNT-----------                     
Value = 4.059582211008662 | Time elapsed = 29.8s | FSC size = 44

> progress 0.0%, elapsed 31 s, estimated 542012193101 s (17187 years), iters = {MDP: 28}, opt = 4.06
> progress 0.0%, elapsed 34 s, estimated 2340851699 s (74 years), iters = {MDP: 38}, opt = 4.06
> progress 0.0%, elapsed 38 s, estimated 639389380 s (20 years), iters = {MDP: 41}, opt = 4.06
> progress 0.0%, elapsed 43 s, estimated 582384056 s (18 years), iters = {MDP: 44}, opt = 4.06
> progress 0.0%, elapsed 48 s, estimated 647192754 s (20 years), iters = {MDP: 46}, opt = 4.06
> progress 0.0%, elapsed 52 s, estimated 710716088 s (22 years), iters = {MDP: 48}, opt = 4.06
-----------PAYNT-----------                     
Value = 4.242784200923493 | Time elapsed = 55.9s | FSC size = 44

> progress 0.0%, elapsed 56 s, estimated 757595266 s (24 years), iters = {MDP: 51}, opt = 4.243
> progress 0.0%, elapsed 59 s, estimated 804454658 s (25 years), iters = {MDP: 54}, opt = 4.243
2024-07-24 13:31:10,429 - synthesizer_ar_storm.py - Pausing synthesis
2024-07-24 13:31:10,465 - storm_pomdp_control.py - Interactive Storm started
2024-07-24 13:31:10,465 - storm_pomdp_control.py - starting Storm POMDP analysis
2024-07-24 13:31:16,471 - storm_pomdp_control.py - Pausing Storm
Finished exploring under-approximation MDP.
Start analysis...
-----------Storm-----------               
Value = 8.59382584089877 | Time elapsed = 83.1s | FSC size = 2068


------------------------------------

PAYNT results: 
4.242784200923493
controller size: 44

Storm results: 
8.59382584089877
controller size: 2068

------------------------------------

2024-07-24 13:31:32,572 - synthesizer_pomdp.py - Timeout for PAYNT started
2024-07-24 13:31:33,452 - synthesizer_ar_storm.py - Resuming synthesis
2024-07-24 13:31:33,453 - synthesizer_ar_storm.py - Additional memory needed
2024-07-24 13:31:33,453 - synthesizer.py - synthesis finished, printing synthesized assignment below:
2024-07-24 13:31:33,453 - synthesizer.py - A([at0=0	& at1=0	& at2=0	& at3=0	& at4=0	& at5=0	& at6=0	& at7=0	& at8=0	& at9=0	& d=0	& goal=0	& l=1	& r=0	& u=1],0)=l, A([at0=0	& at1=0	& at2=0	& at3=0	& at4=0	& at5=0	& at6=0	& at7=0	& at8=0	& at9=0	& d=0	& goal=0	& l=1	& r=1	& u=0],0)=l, A([at0=0	& at1=0	& at2=0	& at3=0	& at4=0	& at5=0	& at6=0	& at7=0	& at8=0	& at9=0	& d=1	& goal=0	& l=0	& r=1	& u=1],0)=d, A([at0=0	& at1=0	& at2=0	& at3=0	& at4=0	& at5=0	& at6=0	& at7=1	& at8=0	& at9=0	& d=1	& goal=0	& l=1	& r=1	& u=0],0)=r, A([at0=0	& at1=0	& at2=0	& at3=0	& at4=0	& at5=0	& at6=0	& at7=0	& at8=0	& at9=0	& d=1	& goal=0	& l=0	& r=1	& u=0],0)=r, A([at0=0	& at1=0	& at2=0	& at3=0	& at4=0	& at5=0	& at6=0	& at7=0	& at8=0	& at9=0	& d=1	& goal=0	& l=0	& r=0	& u=1],0)=d, A([at0=0	& at1=0	& at2=0	& at3=0	& at4=0	& at5=0	& at6=0	& at7=0	& at8=0	& at9=0	& d=0	& goal=0	& l=0	& r=1	& u=1],0)=u, A([at0=0	& at1=0	& at2=0	& at3=0	& at4=0	& at5=0	& at6=0	& at7=0	& at8=0	& at9=0	& d=1	& goal=0	& l=1	& r=0	& u=0],0)=l, A([at0=0	& at1=0	& at2=0	& at3=0	& at4=0	& at5=0	& at6=0	& at7=0	& at8=1	& at9=0	& d=1	& goal=0	& l=0	& r=0	& u=1],0)=d, A([at0=0	& at1=1	& at2=0	& at3=0	& at4=0	& at5=0	& at6=0	& at7=0	& at8=0	& at9=0	& d=1	& goal=0	& l=1	& r=1	& u=0],0)=l, A([at0=0	& at1=0	& at2=0	& at3=1	& at4=0	& at5=0	& at6=0	& at7=0	& at8=0	& at9=0	& d=0	& goal=0	& l=1	& r=0	& u=0],0)=l, A([at0=0	& at1=0	& at2=1	& at3=0	& at4=0	& at5=0	& at6=0	& at7=0	& at8=0	& at9=0	& d=1	& goal=0	& l=0	& r=1	& u=0],0)=d, A([at0=0	& at1=0	& at2=0	& at3=0	& at4=0	& at5=0	& at6=0	& at7=0	& at8=0	& at9=0	& d=0	& goal=0	& l=0	& r=0	& u=1],0)=u, A([at0=0	& at1=0	& at2=0	& at3=0	& at4=0	& at5=1	& at6=0	& at7=0	& at8=0	& at9=0	& d=1	& goal=0	& l=1	& r=0	& u=0],0)=l, A([at0=0	& at1=0	& at2=0	& at3=0	& at4=0	& at5=0	& at6=0	& at7=0	& at8=0	& at9=0	& d=0	& goal=0	& l=1	& r=1	& u=1],0)=l, A([at0=0	& at1=0	& at2=0	& at3=0	& at4=1	& at5=0	& at6=0	& at7=0	& at8=0	& at9=0	& d=1	& goal=0	& l=1	& r=1	& u=1],0)=d, A([at0=0	& at1=0	& at2=0	& at3=0	& at4=0	& at5=0	& at6=0	& at7=0	& at8=0	& at9=0	& d=1	& goal=0	& l=1	& r=1	& u=0],0)=l, A([at0=0	& at1=0	& at2=0	& at3=0	& at4=0	& at5=0	& at6=0	& at7=0	& at8=0	& at9=0	& d=0	& goal=0	& l=0	& r=1	& u=0],0)=r, A([at0=0	& at1=0	& at2=0	& at3=0	& at4=0	& at5=0	& at6=0	& at7=0	& at8=0	& at9=1	& d=0	& goal=0	& l=1	& r=1	& u=0],0)=r, A([at0=0	& at1=0	& at2=0	& at3=0	& at4=0	& at5=0	& at6=0	& at7=0	& at8=0	& at9=0	& d=1	& goal=0	& l=1	& r=0	& u=1],0)=l, A([at0=1	& at1=0	& at2=0	& at3=0	& at4=0	& at5=0	& at6=0	& at7=0	& at8=0	& at9=0	& d=0	& goal=0	& l=1	& r=1	& u=0],0)=r
2024-07-24 13:31:33,659 - synthesizer.py - double-checking specification satisfiability:  : 4.242784200923493
--------------------
Synthesis summary:
optimality objective: R{"rew"}max=? [F "goal"] 

method: AR, synthesis time: 60.98 s
number of holes: 21, family size: 1e12, quotient: 4805 states / 19049 actions
explored: 0 %
MDP stats: avg MDP size: 4805, iterations: 54

optimum: 4.242784
--------------------
2024-07-24 13:31:34,128 - synthesizer_pomdp.py - Added memory nodes for observation based on Storm data
2024-07-24 13:31:34,129 - pomdp.py - unfolding 3-FSC template into POMDP...
2024-07-24 13:31:34,261 - pomdp.py - constructed quotient MDP having 11507 states and 134161 actions.
2024-07-24 13:31:34,450 - storm_pomdp_control.py - Main family based on data from Storm: reduced design space from 1e50 to 1e39
2024-07-24 13:31:34,451 - synthesizer.py - synthesis initiated, design space: 1e50
> progress 0.0%, elapsed 4 s, estimated 4433748 s (51 days), iters = {MDP: 3}, opt = 4.243
> progress 0.0%, elapsed 8 s, estimated 8807511 s (101 days), iters = {MDP: 5}, opt = 4.243
> progress 0.0%, elapsed 13 s, estimated 13186918 s (152 days), iters = {MDP: 7}, opt = 4.243
> progress 0.0%, elapsed 16 s, estimated 16921444 s (195 days), iters = {MDP: 9}, opt = 4.243
> progress 0.0%, elapsed 20 s, estimated 20670142 s (239 days), iters = {MDP: 11}, opt = 4.243
> progress 0.0%, elapsed 25 s, estimated 25254489 s (292 days), iters = {MDP: 13}, opt = 4.243
> progress 0.0%, elapsed 29 s, estimated 29395427 s (340 days), iters = {MDP: 15}, opt = 4.243
> progress 0.0%, elapsed 32 s, estimated 32718509 s (1 year), iters = {MDP: 17}, opt = 4.243
> progress 0.0%, elapsed 36 s, estimated 36037436 s (1 year), iters = {MDP: 19}, opt = 4.243
> progress 0.0%, elapsed 41 s, estimated 41611858 s (1 year), iters = {MDP: 21}, opt = 4.243
> progress 0.0%, elapsed 45 s, estimated 45362885 s (1 year), iters = {MDP: 22}, opt = 4.243
> progress 0.0%, elapsed 49 s, estimated 49018542 s (1 year), iters = {MDP: 23}, opt = 4.243
> progress 0.0%, elapsed 54 s, estimated 54318607 s (1 year), iters = {MDP: 24}, opt = 4.243
2024-07-24 13:32:33,970 - synthesizer_ar_storm.py - Pausing synthesis
2024-07-24 13:32:34,045 - storm_pomdp_control.py - Interactive Storm resumed
2024-07-24 13:32:34,045 - storm_pomdp_control.py - Updating FSC values in Storm
2024-07-24 13:32:40,051 - storm_pomdp_control.py - Pausing Storm
Finished exploring under-approximation MDP.
Start analysis...
-----------Storm-----------               
Value = 8.593825840915567 | Time elapsed = 173.7s | FSC size = 2068


------------------------------------

PAYNT results: 
4.242784200923493
controller size: 44

Storm results: 
8.593825840915567
controller size: 2068

------------------------------------

2024-07-24 13:33:03,161 - synthesizer_pomdp.py - Timeout for PAYNT started
2024-07-24 13:33:03,998 - synthesizer_ar_storm.py - Resuming synthesis
2024-07-24 13:33:03,998 - synthesizer_ar_storm.py - Applying family split according to Storm results
2024-07-24 13:33:03,998 - storm_pomdp_control.py - Main family based on data from Storm: reduced design space from 1e39 to 1e39
2024-07-24 13:33:03,999 - storm_pomdp_control.py - Main family based on data from Storm: reduced design space from 1e39 to 1e39
2024-07-24 13:33:03,999 - storm_pomdp_control.py - Main family based on data from Storm: reduced design space from 1e38 to 1e38
2024-07-24 13:33:03,999 - storm_pomdp_control.py - Main family based on data from Storm: reduced design space from 1e38 to 1e38
2024-07-24 13:33:04,000 - storm_pomdp_control.py - Main family based on data from Storm: reduced design space from 1e38 to 1e38
2024-07-24 13:33:04,000 - storm_pomdp_control.py - Main family based on data from Storm: reduced design space from 1e38 to 1e38
2024-07-24 13:33:04,000 - storm_pomdp_control.py - Main family based on data from Storm: reduced design space from 1e37 to 1e37
2024-07-24 13:33:04,001 - storm_pomdp_control.py - Main family based on data from Storm: reduced design space from 1e37 to 1e37
2024-07-24 13:33:04,001 - storm_pomdp_control.py - Main family based on data from Storm: reduced design space from 1e37 to 1e37
2024-07-24 13:33:04,001 - storm_pomdp_control.py - Main family based on data from Storm: reduced design space from 1e37 to 1e37
2024-07-24 13:33:04,002 - storm_pomdp_control.py - Main family based on data from Storm: reduced design space from 1e36 to 1e36
2024-07-24 13:33:04,002 - storm_pomdp_control.py - Main family based on data from Storm: reduced design space from 1e36 to 1e36
2024-07-24 13:33:04,002 - storm_pomdp_control.py - Main family based on data from Storm: reduced design space from 1e36 to 1e36
2024-07-24 13:33:04,003 - storm_pomdp_control.py - Main family based on data from Storm: reduced design space from 1e36 to 1e36
2024-07-24 13:33:04,003 - storm_pomdp_control.py - Main family based on data from Storm: reduced design space from 1e35 to 1e35
2024-07-24 13:33:04,003 - storm_pomdp_control.py - Main family based on data from Storm: reduced design space from 1e35 to 1e35
2024-07-24 13:33:04,004 - storm_pomdp_control.py - Main family based on data from Storm: reduced design space from 1e35 to 1e35
2024-07-24 13:33:04,004 - storm_pomdp_control.py - Main family based on data from Storm: reduced design space from 1e35 to 1e35
2024-07-24 13:33:04,004 - storm_pomdp_control.py - Main family based on data from Storm: reduced design space from 1e34 to 1e34
2024-07-24 13:33:04,005 - storm_pomdp_control.py - Main family based on data from Storm: reduced design space from 1e34 to 1e34
2024-07-24 13:33:04,005 - storm_pomdp_control.py - Main family based on data from Storm: reduced design space from 1e34 to 1e34
2024-07-24 13:33:04,005 - storm_pomdp_control.py - Main family based on data from Storm: reduced design space from 1e34 to 1e34
2024-07-24 13:33:04,006 - storm_pomdp_control.py - Main family based on data from Storm: reduced design space from 1e34 to 1e34
2024-07-24 13:33:04,006 - storm_pomdp_control.py - Main family based on data from Storm: reduced design space from 1e33 to 1e33
2024-07-24 13:33:04,006 - storm_pomdp_control.py - Main family based on data from Storm: reduced design space from 1e33 to 1e33
2024-07-24 13:33:04,007 - storm_pomdp_control.py - Main family based on data from Storm: reduced design space from 1e33 to 1e33
2024-07-24 13:33:04,007 - storm_pomdp_control.py - Main family based on data from Storm: reduced design space from 1e32 to 1e32
2024-07-24 13:33:04,007 - storm_pomdp_control.py - Main family based on data from Storm: reduced design space from 1e32 to 1e32
2024-07-24 13:33:04,008 - storm_pomdp_control.py - Main family based on data from Storm: reduced design space from 1e32 to 1e32
2024-07-24 13:33:04,008 - storm_pomdp_control.py - Main family based on data from Storm: reduced design space from 1e32 to 1e32
2024-07-24 13:33:04,008 - storm_pomdp_control.py - Main family based on data from Storm: reduced design space from 1e31 to 1e31
2024-07-24 13:33:04,009 - storm_pomdp_control.py - Main family based on data from Storm: reduced design space from 1e31 to 1e31
2024-07-24 13:33:04,009 - storm_pomdp_control.py - Main family based on data from Storm: reduced design space from 1e31 to 1e31
2024-07-24 13:33:04,009 - storm_pomdp_control.py - Main family based on data from Storm: reduced design space from 1e31 to 1e31
2024-07-24 13:33:04,009 - storm_pomdp_control.py - Main family based on data from Storm: reduced design space from 1e30 to 1e30
2024-07-24 13:33:04,010 - storm_pomdp_control.py - Main family based on data from Storm: reduced design space from 1e30 to 1e30
2024-07-24 13:33:04,010 - storm_pomdp_control.py - Main family based on data from Storm: reduced design space from 1e30 to 1e30
2024-07-24 13:33:04,011 - storm_pomdp_control.py - Main family based on data from Storm: reduced design space from 1e30 to 1e30
2024-07-24 13:33:04,011 - storm_pomdp_control.py - Main family based on data from Storm: reduced design space from 1e29 to 1e29
2024-07-24 13:33:04,011 - storm_pomdp_control.py - Main family based on data from Storm: reduced design space from 1e29 to 1e29
2024-07-24 13:33:04,012 - storm_pomdp_control.py - Main family based on data from Storm: reduced design space from 1e29 to 1e29
2024-07-24 13:33:04,012 - storm_pomdp_control.py - Main family based on data from Storm: reduced design space from 1e29 to 1e29
2024-07-24 13:33:04,012 - storm_pomdp_control.py - Main family based on data from Storm: reduced design space from 1e28 to 1e28
2024-07-24 13:33:04,012 - storm_pomdp_control.py - Main family based on data from Storm: reduced design space from 1e28 to 1e28
2024-07-24 13:33:04,013 - storm_pomdp_control.py - Main family based on data from Storm: reduced design space from 1e28 to 1e28
2024-07-24 13:33:04,013 - storm_pomdp_control.py - Main family based on data from Storm: reduced design space from 1e28 to 1e28
2024-07-24 13:33:04,013 - storm_pomdp_control.py - Main family based on data from Storm: reduced design space from 1e28 to 1e28
2024-07-24 13:33:04,014 - synthesizer_ar_storm.py - State after Storm splitting: Main families - 47, Subfamilies - 0
> progress 0.0%, elapsed 59 s, estimated 59534311 s (1 year), iters = {MDP: 25}, opt = 4.243
> progress 0.0%, elapsed 64 s, estimated 64706318 s (2 years), iters = {MDP: 26}, opt = 4.243
> progress 0.0%, elapsed 70 s, estimated 70542462 s (2 years), iters = {MDP: 27}, opt = 4.243
> progress 0.0%, elapsed 76 s, estimated 76261533 s (2 years), iters = {MDP: 28}, opt = 4.243
> progress 0.0%, elapsed 82 s, estimated 82351703 s (2 years), iters = {MDP: 29}, opt = 4.243
> progress 0.0%, elapsed 88 s, estimated 88277207 s (2 years), iters = {MDP: 30}, opt = 4.243
> progress 0.0%, elapsed 96 s, estimated 196713716836999513723895808 s (6237751041254423552 years), iters = {MDP: 32}, opt = 4.243
> progress 0.0%, elapsed 104 s, estimated 141640243556829976659492864 s (4491382659716830720 years), iters = {MDP: 34}, opt = 4.243
> progress 0.0%, elapsed 109 s, estimated 149078517361247665218650112 s (4727248774773200896 years), iters = {MDP: 35}, opt = 4.243
> progress 0.0%, elapsed 115 s, estimated 156409989529286495975768064 s (4959728232156472320 years), iters = {MDP: 36}, opt = 4.243
2024-07-24 13:34:04,948 - synthesizer_ar_storm.py - Pausing synthesis
2024-07-24 13:34:05,026 - storm_pomdp_control.py - Interactive Storm resumed
2024-07-24 13:34:05,026 - storm_pomdp_control.py - Updating FSC values in Storm
2024-07-24 13:34:11,033 - storm_pomdp_control.py - Pausing Storm
Finished exploring under-approximation MDP.
Start analysis...
-----------Storm-----------               
Value = 8.59383160211825 | Time elapsed = 268.6s | FSC size = 2217


------------------------------------

PAYNT results: 
4.242784200923493
controller size: 44

Storm results: 
8.59383160211825
controller size: 2217

------------------------------------

2024-07-24 13:34:38,141 - synthesizer_pomdp.py - Timeout for PAYNT started
2024-07-24 13:34:38,984 - synthesizer_ar_storm.py - Resuming synthesis
2024-07-24 13:34:38,984 - synthesizer_ar_storm.py - Applying family split according to Storm results
2024-07-24 13:34:38,984 - storm_pomdp_control.py - Main family based on data from Storm: reduced design space from 1e39 to 1e39
2024-07-24 13:34:38,985 - storm_pomdp_control.py - Main family based on data from Storm: reduced design space from 1e39 to 1e39
2024-07-24 13:34:38,985 - storm_pomdp_control.py - Main family based on data from Storm: reduced design space from 1e38 to 1e38
2024-07-24 13:34:38,985 - storm_pomdp_control.py - Main family based on data from Storm: reduced design space from 1e38 to 1e38
2024-07-24 13:34:38,986 - storm_pomdp_control.py - Main family based on data from Storm: reduced design space from 1e38 to 1e38
2024-07-24 13:34:38,986 - storm_pomdp_control.py - Main family based on data from Storm: reduced design space from 1e38 to 1e38
2024-07-24 13:34:38,986 - storm_pomdp_control.py - Main family based on data from Storm: reduced design space from 1e37 to 1e37
2024-07-24 13:34:38,986 - storm_pomdp_control.py - Main family based on data from Storm: reduced design space from 1e37 to 1e37
2024-07-24 13:34:38,987 - storm_pomdp_control.py - Main family based on data from Storm: reduced design space from 1e37 to 1e37
2024-07-24 13:34:38,987 - storm_pomdp_control.py - Main family based on data from Storm: reduced design space from 1e37 to 1e37
2024-07-24 13:34:38,987 - storm_pomdp_control.py - Main family based on data from Storm: reduced design space from 1e36 to 1e36
2024-07-24 13:34:38,988 - storm_pomdp_control.py - Main family based on data from Storm: reduced design space from 1e36 to 1e36
2024-07-24 13:34:38,988 - storm_pomdp_control.py - Main family based on data from Storm: reduced design space from 1e36 to 1e36
2024-07-24 13:34:38,988 - storm_pomdp_control.py - Main family based on data from Storm: reduced design space from 1e36 to 1e36
2024-07-24 13:34:38,989 - storm_pomdp_control.py - Main family based on data from Storm: reduced design space from 1e35 to 1e35
2024-07-24 13:34:38,989 - storm_pomdp_control.py - Main family based on data from Storm: reduced design space from 1e35 to 1e35
2024-07-24 13:34:38,989 - storm_pomdp_control.py - Main family based on data from Storm: reduced design space from 1e35 to 1e35
2024-07-24 13:34:38,990 - storm_pomdp_control.py - Main family based on data from Storm: reduced design space from 1e35 to 1e35
2024-07-24 13:34:38,990 - storm_pomdp_control.py - Main family based on data from Storm: reduced design space from 1e34 to 1e34
2024-07-24 13:34:38,990 - storm_pomdp_control.py - Main family based on data from Storm: reduced design space from 1e34 to 1e34
2024-07-24 13:34:38,991 - storm_pomdp_control.py - Main family based on data from Storm: reduced design space from 1e34 to 1e34
2024-07-24 13:34:38,991 - storm_pomdp_control.py - Main family based on data from Storm: reduced design space from 1e34 to 1e34
2024-07-24 13:34:38,991 - storm_pomdp_control.py - Main family based on data from Storm: reduced design space from 1e34 to 1e34
2024-07-24 13:34:38,992 - storm_pomdp_control.py - Main family based on data from Storm: reduced design space from 1e33 to 1e33
2024-07-24 13:34:38,992 - storm_pomdp_control.py - Main family based on data from Storm: reduced design space from 1e33 to 1e33
2024-07-24 13:34:38,992 - storm_pomdp_control.py - Main family based on data from Storm: reduced design space from 1e33 to 1e33
2024-07-24 13:34:38,993 - storm_pomdp_control.py - Main family based on data from Storm: reduced design space from 1e32 to 1e32
2024-07-24 13:34:38,993 - storm_pomdp_control.py - Main family based on data from Storm: reduced design space from 1e32 to 1e32
2024-07-24 13:34:38,993 - storm_pomdp_control.py - Main family based on data from Storm: reduced design space from 1e32 to 1e32
2024-07-24 13:34:38,994 - storm_pomdp_control.py - Main family based on data from Storm: reduced design space from 1e32 to 1e32
2024-07-24 13:34:38,994 - storm_pomdp_control.py - Main family based on data from Storm: reduced design space from 1e31 to 1e31
2024-07-24 13:34:38,994 - storm_pomdp_control.py - Main family based on data from Storm: reduced design space from 1e31 to 1e31
2024-07-24 13:34:38,995 - storm_pomdp_control.py - Main family based on data from Storm: reduced design space from 1e31 to 1e31
2024-07-24 13:34:38,995 - storm_pomdp_control.py - Main family based on data from Storm: reduced design space from 1e31 to 1e31
2024-07-24 13:34:38,995 - storm_pomdp_control.py - Main family based on data from Storm: reduced design space from 1e30 to 1e30
2024-07-24 13:34:38,996 - storm_pomdp_control.py - Main family based on data from Storm: reduced design space from 1e30 to 1e30
2024-07-24 13:34:38,996 - storm_pomdp_control.py - Main family based on data from Storm: reduced design space from 1e30 to 1e30
2024-07-24 13:34:38,996 - storm_pomdp_control.py - Main family based on data from Storm: reduced design space from 1e30 to 1e30
2024-07-24 13:34:38,997 - storm_pomdp_control.py - Main family based on data from Storm: reduced design space from 1e29 to 1e29
2024-07-24 13:34:38,997 - storm_pomdp_control.py - Main family based on data from Storm: reduced design space from 1e29 to 1e29
2024-07-24 13:34:38,997 - storm_pomdp_control.py - Main family based on data from Storm: reduced design space from 1e29 to 1e29
2024-07-24 13:34:38,997 - storm_pomdp_control.py - Main family based on data from Storm: reduced design space from 1e29 to 1e29
2024-07-24 13:34:38,998 - storm_pomdp_control.py - Main family based on data from Storm: reduced design space from 1e28 to 1e28
2024-07-24 13:34:38,998 - storm_pomdp_control.py - Main family based on data from Storm: reduced design space from 1e28 to 1e28
2024-07-24 13:34:38,998 - storm_pomdp_control.py - Main family based on data from Storm: reduced design space from 1e28 to 1e28
2024-07-24 13:34:38,999 - storm_pomdp_control.py - Main family based on data from Storm: reduced design space from 1e28 to 1e28
2024-07-24 13:34:38,999 - storm_pomdp_control.py - Main family based on data from Storm: reduced design space from 1e27 to 1e27
2024-07-24 13:34:38,999 - storm_pomdp_control.py - Main family based on data from Storm: reduced design space from 1e27 to 1e27
2024-07-24 13:34:39,000 - storm_pomdp_control.py - Main family based on data from Storm: reduced design space from 1e27 to 1e27
2024-07-24 13:34:39,000 - storm_pomdp_control.py - Main family based on data from Storm: reduced design space from 1e27 to 1e27
2024-07-24 13:34:39,000 - storm_pomdp_control.py - Main family based on data from Storm: reduced design space from 1e27 to 1e27
2024-07-24 13:34:39,001 - storm_pomdp_control.py - Main family based on data from Storm: reduced design space from 1e27 to 1e27
2024-07-24 13:34:39,001 - storm_pomdp_control.py - Main family based on data from Storm: reduced design space from 1e26 to 1e26
2024-07-24 13:34:39,001 - storm_pomdp_control.py - Main family based on data from Storm: reduced design space from 1e26 to 1e26
2024-07-24 13:34:39,002 - storm_pomdp_control.py - Main family based on data from Storm: reduced design space from 1e26 to 1e26
2024-07-24 13:34:39,002 - storm_pomdp_control.py - Main family based on data from Storm: reduced design space from 1e25 to 1e25
2024-07-24 13:34:39,002 - storm_pomdp_control.py - Main family based on data from Storm: reduced design space from 1e25 to 1e25
2024-07-24 13:34:39,003 - storm_pomdp_control.py - Main family based on data from Storm: reduced design space from 1e24 to 1e24
2024-07-24 13:34:39,003 - storm_pomdp_control.py - Main family based on data from Storm: reduced design space from 1e24 to 1e24
2024-07-24 13:34:39,003 - storm_pomdp_control.py - Main family based on data from Storm: reduced design space from 1e24 to 1e24
2024-07-24 13:34:39,004 - storm_pomdp_control.py - Main family based on data from Storm: reduced design space from 1e24 to 1e24
2024-07-24 13:34:39,004 - storm_pomdp_control.py - Main family based on data from Storm: reduced design space from 1e23 to 1e23
2024-07-24 13:34:39,004 - storm_pomdp_control.py - Main family based on data from Storm: reduced design space from 1e23 to 1e23
2024-07-24 13:34:39,005 - storm_pomdp_control.py - Main family based on data from Storm: reduced design space from 1e23 to 1e23
2024-07-24 13:34:39,005 - synthesizer_ar_storm.py - State after Storm splitting: Main families - 64, Subfamilies - 0
> progress 0.0%, elapsed 120 s, estimated 163839476904970820511596544 s (5195315731385426944 years), iters = {MDP: 37}, opt = 4.243
> progress 0.0%, elapsed 126 s, estimated 171409248552754571303190528 s (5435351615701249024 years), iters = {MDP: 38}, opt = 4.243
> progress 0.0%, elapsed 131 s, estimated 178541097380386820094689280 s (5661501058485123072 years), iters = {MDP: 39}, opt = 4.243
> progress 0.0%, elapsed 136 s, estimated 185661511607028016081797120 s (5887287912450152448 years), iters = {MDP: 40}, opt = 4.243
> progress 0.0%, elapsed 141 s, estimated 192727357228046492356313088 s (6111344407282042880 years), iters = {MDP: 41}, opt = 4.243
> progress 0.0%, elapsed 147 s, estimated 199964691952501428597030912 s (6340838785911385088 years), iters = {MDP: 42}, opt = 4.243
> progress 0.0%, elapsed 152 s, estimated 207068203667118603928338432 s (6566089664736131072 years), iters = {MDP: 43}, opt = 4.243
> progress 0.0%, elapsed 157 s, estimated 214520720227829428242087936 s (6802407414631830528 years), iters = {MDP: 44}, opt = 4.243
> progress 0.0%, elapsed 164 s, estimated 224303489815494158782038016 s (7112617003281778688 years), iters = {MDP: 46}, opt = 4.243
> progress 0.0%, elapsed 168 s, estimated 228548371404660000885309440 s (7247221315469939712 years), iters = {MDP: 48}, opt = 4.243
> progress 0.0%, elapsed 173 s, estimated 235944584281957191661912064 s (7481753687276673024 years), iters = {MDP: 49}, opt = 4.243
> progress 0.0%, elapsed 179 s, estimated 243482806964780436417413120 s (7720789160476294144 years), iters = {MDP: 50}, opt = 4.243
2024-07-24 13:35:43,036 - synthesizer_ar_storm.py - Pausing synthesis
2024-07-24 13:35:43,123 - storm_pomdp_control.py - Interactive Storm resumed
2024-07-24 13:35:43,123 - storm_pomdp_control.py - Updating FSC values in Storm
2024-07-24 13:35:49,130 - storm_pomdp_control.py - Pausing Storm
Finished exploring under-approximation MDP.
Start analysis...
-----------Storm-----------               
Value = 8.59383160211825 | Time elapsed = 368.7s | FSC size = 2217


------------------------------------

PAYNT results: 
4.242784200923493
controller size: 44

Storm results: 
8.59383160211825
controller size: 2217

------------------------------------

2024-07-24 13:36:18,246 - synthesizer_pomdp.py - Timeout for PAYNT started
2024-07-24 13:36:19,074 - synthesizer_ar_storm.py - Resuming synthesis
2024-07-24 13:36:19,074 - synthesizer_ar_storm.py - Applying family split according to Storm results
2024-07-24 13:36:19,074 - storm_pomdp_control.py - Main family based on data from Storm: reduced design space from 1e39 to 1e39
2024-07-24 13:36:19,075 - storm_pomdp_control.py - Main family based on data from Storm: reduced design space from 1e39 to 1e39
2024-07-24 13:36:19,075 - storm_pomdp_control.py - Main family based on data from Storm: reduced design space from 1e38 to 1e38
2024-07-24 13:36:19,075 - storm_pomdp_control.py - Main family based on data from Storm: reduced design space from 1e38 to 1e38
2024-07-24 13:36:19,076 - storm_pomdp_control.py - Main family based on data from Storm: reduced design space from 1e38 to 1e38
2024-07-24 13:36:19,076 - storm_pomdp_control.py - Main family based on data from Storm: reduced design space from 1e38 to 1e38
2024-07-24 13:36:19,076 - storm_pomdp_control.py - Main family based on data from Storm: reduced design space from 1e37 to 1e37
2024-07-24 13:36:19,077 - storm_pomdp_control.py - Main family based on data from Storm: reduced design space from 1e37 to 1e37
2024-07-24 13:36:19,077 - storm_pomdp_control.py - Main family based on data from Storm: reduced design space from 1e37 to 1e37
2024-07-24 13:36:19,077 - storm_pomdp_control.py - Main family based on data from Storm: reduced design space from 1e37 to 1e37
2024-07-24 13:36:19,078 - storm_pomdp_control.py - Main family based on data from Storm: reduced design space from 1e36 to 1e36
2024-07-24 13:36:19,078 - storm_pomdp_control.py - Main family based on data from Storm: reduced design space from 1e36 to 1e36
2024-07-24 13:36:19,078 - storm_pomdp_control.py - Main family based on data from Storm: reduced design space from 1e36 to 1e36
2024-07-24 13:36:19,079 - storm_pomdp_control.py - Main family based on data from Storm: reduced design space from 1e36 to 1e36
2024-07-24 13:36:19,079 - storm_pomdp_control.py - Main family based on data from Storm: reduced design space from 1e35 to 1e35
2024-07-24 13:36:19,079 - storm_pomdp_control.py - Main family based on data from Storm: reduced design space from 1e35 to 1e35
2024-07-24 13:36:19,080 - storm_pomdp_control.py - Main family based on data from Storm: reduced design space from 1e35 to 1e35
2024-07-24 13:36:19,080 - storm_pomdp_control.py - Main family based on data from Storm: reduced design space from 1e35 to 1e35
2024-07-24 13:36:19,080 - storm_pomdp_control.py - Main family based on data from Storm: reduced design space from 1e34 to 1e34
2024-07-24 13:36:19,081 - storm_pomdp_control.py - Main family based on data from Storm: reduced design space from 1e34 to 1e34
2024-07-24 13:36:19,081 - storm_pomdp_control.py - Main family based on data from Storm: reduced design space from 1e34 to 1e34
2024-07-24 13:36:19,081 - storm_pomdp_control.py - Main family based on data from Storm: reduced design space from 1e34 to 1e34
2024-07-24 13:36:19,082 - storm_pomdp_control.py - Main family based on data from Storm: reduced design space from 1e34 to 1e34
2024-07-24 13:36:19,082 - storm_pomdp_control.py - Main family based on data from Storm: reduced design space from 1e33 to 1e33
2024-07-24 13:36:19,082 - storm_pomdp_control.py - Main family based on data from Storm: reduced design space from 1e33 to 1e33
2024-07-24 13:36:19,082 - storm_pomdp_control.py - Main family based on data from Storm: reduced design space from 1e33 to 1e33
2024-07-24 13:36:19,083 - storm_pomdp_control.py - Main family based on data from Storm: reduced design space from 1e32 to 1e32
2024-07-24 13:36:19,083 - storm_pomdp_control.py - Main family based on data from Storm: reduced design space from 1e32 to 1e32
2024-07-24 13:36:19,083 - storm_pomdp_control.py - Main family based on data from Storm: reduced design space from 1e32 to 1e32
2024-07-24 13:36:19,084 - storm_pomdp_control.py - Main family based on data from Storm: reduced design space from 1e32 to 1e32
2024-07-24 13:36:19,084 - storm_pomdp_control.py - Main family based on data from Storm: reduced design space from 1e31 to 1e31
2024-07-24 13:36:19,084 - storm_pomdp_control.py - Main family based on data from Storm: reduced design space from 1e31 to 1e31
2024-07-24 13:36:19,085 - storm_pomdp_control.py - Main family based on data from Storm: reduced design space from 1e31 to 1e31
2024-07-24 13:36:19,085 - storm_pomdp_control.py - Main family based on data from Storm: reduced design space from 1e31 to 1e31
2024-07-24 13:36:19,085 - storm_pomdp_control.py - Main family based on data from Storm: reduced design space from 1e30 to 1e30
2024-07-24 13:36:19,086 - storm_pomdp_control.py - Main family based on data from Storm: reduced design space from 1e30 to 1e30
2024-07-24 13:36:19,086 - storm_pomdp_control.py - Main family based on data from Storm: reduced design space from 1e30 to 1e30
2024-07-24 13:36:19,086 - storm_pomdp_control.py - Main family based on data from Storm: reduced design space from 1e30 to 1e30
2024-07-24 13:36:19,087 - storm_pomdp_control.py - Main family based on data from Storm: reduced design space from 1e29 to 1e29
2024-07-24 13:36:19,087 - storm_pomdp_control.py - Main family based on data from Storm: reduced design space from 1e29 to 1e29
2024-07-24 13:36:19,087 - storm_pomdp_control.py - Main family based on data from Storm: reduced design space from 1e29 to 1e29
2024-07-24 13:36:19,088 - storm_pomdp_control.py - Main family based on data from Storm: reduced design space from 1e29 to 1e29
2024-07-24 13:36:19,088 - storm_pomdp_control.py - Main family based on data from Storm: reduced design space from 1e28 to 1e28
2024-07-24 13:36:19,088 - storm_pomdp_control.py - Main family based on data from Storm: reduced design space from 1e28 to 1e28
2024-07-24 13:36:19,089 - storm_pomdp_control.py - Main family based on data from Storm: reduced design space from 1e28 to 1e28
2024-07-24 13:36:19,089 - storm_pomdp_control.py - Main family based on data from Storm: reduced design space from 1e28 to 1e28
2024-07-24 13:36:19,089 - storm_pomdp_control.py - Main family based on data from Storm: reduced design space from 1e27 to 1e27
2024-07-24 13:36:19,090 - storm_pomdp_control.py - Main family based on data from Storm: reduced design space from 1e27 to 1e27
2024-07-24 13:36:19,090 - storm_pomdp_control.py - Main family based on data from Storm: reduced design space from 1e27 to 1e27
2024-07-24 13:36:19,090 - storm_pomdp_control.py - Main family based on data from Storm: reduced design space from 1e27 to 1e27
2024-07-24 13:36:19,090 - storm_pomdp_control.py - Main family based on data from Storm: reduced design space from 1e27 to 1e27
2024-07-24 13:36:19,091 - storm_pomdp_control.py - Main family based on data from Storm: reduced design space from 1e27 to 1e27
2024-07-24 13:36:19,091 - storm_pomdp_control.py - Main family based on data from Storm: reduced design space from 1e26 to 1e26
2024-07-24 13:36:19,091 - storm_pomdp_control.py - Main family based on data from Storm: reduced design space from 1e26 to 1e26
2024-07-24 13:36:19,092 - storm_pomdp_control.py - Main family based on data from Storm: reduced design space from 1e26 to 1e26
2024-07-24 13:36:19,092 - storm_pomdp_control.py - Main family based on data from Storm: reduced design space from 1e25 to 1e25
2024-07-24 13:36:19,092 - storm_pomdp_control.py - Main family based on data from Storm: reduced design space from 1e25 to 1e25
2024-07-24 13:36:19,093 - storm_pomdp_control.py - Main family based on data from Storm: reduced design space from 1e24 to 1e24
2024-07-24 13:36:19,093 - storm_pomdp_control.py - Main family based on data from Storm: reduced design space from 1e24 to 1e24
2024-07-24 13:36:19,093 - storm_pomdp_control.py - Main family based on data from Storm: reduced design space from 1e24 to 1e24
2024-07-24 13:36:19,094 - storm_pomdp_control.py - Main family based on data from Storm: reduced design space from 1e24 to 1e24
2024-07-24 13:36:19,094 - storm_pomdp_control.py - Main family based on data from Storm: reduced design space from 1e23 to 1e23
2024-07-24 13:36:19,094 - storm_pomdp_control.py - Main family based on data from Storm: reduced design space from 1e23 to 1e23
2024-07-24 13:36:19,095 - storm_pomdp_control.py - Main family based on data from Storm: reduced design space from 1e23 to 1e23
2024-07-24 13:36:19,095 - storm_pomdp_control.py - Main family based on data from Storm: reduced design space from 1e23 to 1e23
2024-07-24 13:36:19,095 - storm_pomdp_control.py - Main family based on data from Storm: reduced design space from 1e23 to 1e23
2024-07-24 13:36:19,096 - storm_pomdp_control.py - Main family based on data from Storm: reduced design space from 1e22 to 1e22
2024-07-24 13:36:19,096 - storm_pomdp_control.py - Main family based on data from Storm: reduced design space from 1e22 to 1e22
2024-07-24 13:36:19,096 - storm_pomdp_control.py - Main family based on data from Storm: reduced design space from 1e22 to 1e22
2024-07-24 13:36:19,096 - storm_pomdp_control.py - Main family based on data from Storm: reduced design space from 1e21 to 1e21
2024-07-24 13:36:19,097 - storm_pomdp_control.py - Main family based on data from Storm: reduced design space from 1e21 to 1e21
2024-07-24 13:36:19,097 - storm_pomdp_control.py - Main family based on data from Storm: reduced design space from 1e21 to 1e21
2024-07-24 13:36:19,097 - storm_pomdp_control.py - Main family based on data from Storm: reduced design space from 1e21 to 1e21
2024-07-24 13:36:19,098 - storm_pomdp_control.py - Main family based on data from Storm: reduced design space from 1e20 to 1e20
2024-07-24 13:36:19,098 - storm_pomdp_control.py - Main family based on data from Storm: reduced design space from 1e20 to 1e20
2024-07-24 13:36:19,098 - storm_pomdp_control.py - Main family based on data from Storm: reduced design space from 1e19 to 1e19
2024-07-24 13:36:19,099 - storm_pomdp_control.py - Main family based on data from Storm: reduced design space from 1e19 to 1e19
2024-07-24 13:36:19,099 - storm_pomdp_control.py - Main family based on data from Storm: reduced design space from 1e19 to 1e19
2024-07-24 13:36:19,099 - storm_pomdp_control.py - Main family based on data from Storm: reduced design space from 1e19 to 1e19
2024-07-24 13:36:19,100 - storm_pomdp_control.py - Main family based on data from Storm: reduced design space from 1e19 to 1e19
2024-07-24 13:36:19,100 - synthesizer_ar_storm.py - State after Storm splitting: Main families - 80, Subfamilies - 0
> progress 0.0%, elapsed 184 s, estimated 250919506566525761628405760 s (7956605357893384192 years), iters = {MDP: 51}, opt = 4.243
> progress 0.0%, elapsed 191 s, estimated 260677144339944035485483008 s (8266018021941400576 years), iters = {MDP: 53}, opt = 4.243
> progress 0.0%, elapsed 198 s, estimated 270350756687012555518902272 s (8572766257198521344 years), iters = {MDP: 55}, opt = 4.243
> progress 0.0%, elapsed 204 s, estimated 277598997536946159169306624 s (8802606466798140416 years), iters = {MDP: 56}, opt = 4.243
> progress 0.0%, elapsed 209 s, estimated 284797160421625474794389504 s (9030858714536577024 years), iters = {MDP: 57}, opt = 4.243
> progress 0.0%, elapsed 214 s, estimated 292041970544948282837172224 s (9260590136509014016 years), iters = {MDP: 58}, opt = 4.243
> progress 0.0%, elapsed 217 s, estimated 296174289669378077190258688 s (9391625116355215360 years), iters = {MDP: 60}, opt = 4.243
> progress 0.0%, elapsed 220 s, estimated 300332692114432094141153280 s (9523487192872656896 years), iters = {MDP: 62}, opt = 4.243
> progress 0.0%, elapsed 226 s, estimated 307374662701203515399733248 s (9746786615334967296 years), iters = {MDP: 63}, opt = 4.243
> progress 0.0%, elapsed 233 s, estimated 318088626748545652853047296 s (10086524186597718016 years), iters = {MDP: 66}, opt = 4.243
> progress 0.0%, elapsed 238 s, estimated 324994697330605842375901184 s (10305514248180043776 years), iters = {MDP: 67}, opt = 4.243
> progress 0.0%, elapsed 243 s, estimated 330854066337737229981450240 s (10491313620552296448 years), iters = {MDP: 70}, opt = 4.243
2024-07-24 13:37:19,307 - synthesizer_ar_storm.py - Pausing synthesis
2024-07-24 13:37:19,407 - storm_pomdp_control.py - Interactive Storm resumed
2024-07-24 13:37:19,408 - storm_pomdp_control.py - Updating FSC values in Storm
2024-07-24 13:37:25,414 - storm_pomdp_control.py - Pausing Storm
Finished exploring under-approximation MDP.
Start analysis...
-----------Storm-----------               
Value = 8.59383160211825 | Time elapsed = 469.0s | FSC size = 2217


------------------------------------

PAYNT results: 
4.242784200923493
controller size: 44

Storm results: 
8.59383160211825
controller size: 2217

------------------------------------

2024-07-24 13:37:58,527 - synthesizer_pomdp.py - Timeout for PAYNT started
2024-07-24 13:37:59,349 - synthesizer_ar_storm.py - Resuming synthesis
2024-07-24 13:37:59,349 - synthesizer_ar_storm.py - Applying family split according to Storm results
2024-07-24 13:37:59,349 - storm_pomdp_control.py - Main family based on data from Storm: reduced design space from 1e39 to 1e39
2024-07-24 13:37:59,349 - storm_pomdp_control.py - Main family based on data from Storm: reduced design space from 1e39 to 1e39
2024-07-24 13:37:59,350 - storm_pomdp_control.py - Main family based on data from Storm: reduced design space from 1e38 to 1e38
2024-07-24 13:37:59,350 - storm_pomdp_control.py - Main family based on data from Storm: reduced design space from 1e38 to 1e38
2024-07-24 13:37:59,350 - storm_pomdp_control.py - Main family based on data from Storm: reduced design space from 1e38 to 1e38
2024-07-24 13:37:59,351 - storm_pomdp_control.py - Main family based on data from Storm: reduced design space from 1e38 to 1e38
2024-07-24 13:37:59,351 - storm_pomdp_control.py - Main family based on data from Storm: reduced design space from 1e37 to 1e37
2024-07-24 13:37:59,351 - storm_pomdp_control.py - Main family based on data from Storm: reduced design space from 1e37 to 1e37
2024-07-24 13:37:59,352 - storm_pomdp_control.py - Main family based on data from Storm: reduced design space from 1e37 to 1e37
2024-07-24 13:37:59,352 - storm_pomdp_control.py - Main family based on data from Storm: reduced design space from 1e37 to 1e37
2024-07-24 13:37:59,352 - storm_pomdp_control.py - Main family based on data from Storm: reduced design space from 1e36 to 1e36
2024-07-24 13:37:59,353 - storm_pomdp_control.py - Main family based on data from Storm: reduced design space from 1e36 to 1e36
2024-07-24 13:37:59,353 - storm_pomdp_control.py - Main family based on data from Storm: reduced design space from 1e36 to 1e36
2024-07-24 13:37:59,353 - storm_pomdp_control.py - Main family based on data from Storm: reduced design space from 1e36 to 1e36
2024-07-24 13:37:59,354 - storm_pomdp_control.py - Main family based on data from Storm: reduced design space from 1e35 to 1e35
2024-07-24 13:37:59,354 - storm_pomdp_control.py - Main family based on data from Storm: reduced design space from 1e35 to 1e35
2024-07-24 13:37:59,354 - storm_pomdp_control.py - Main family based on data from Storm: reduced design space from 1e35 to 1e35
2024-07-24 13:37:59,355 - storm_pomdp_control.py - Main family based on data from Storm: reduced design space from 1e35 to 1e35
2024-07-24 13:37:59,355 - storm_pomdp_control.py - Main family based on data from Storm: reduced design space from 1e34 to 1e34
2024-07-24 13:37:59,355 - storm_pomdp_control.py - Main family based on data from Storm: reduced design space from 1e34 to 1e34
2024-07-24 13:37:59,356 - storm_pomdp_control.py - Main family based on data from Storm: reduced design space from 1e34 to 1e34
2024-07-24 13:37:59,356 - storm_pomdp_control.py - Main family based on data from Storm: reduced design space from 1e34 to 1e34
2024-07-24 13:37:59,356 - storm_pomdp_control.py - Main family based on data from Storm: reduced design space from 1e34 to 1e34
2024-07-24 13:37:59,357 - storm_pomdp_control.py - Main family based on data from Storm: reduced design space from 1e33 to 1e33
2024-07-24 13:37:59,357 - storm_pomdp_control.py - Main family based on data from Storm: reduced design space from 1e33 to 1e33
2024-07-24 13:37:59,357 - storm_pomdp_control.py - Main family based on data from Storm: reduced design space from 1e33 to 1e33
2024-07-24 13:37:59,358 - storm_pomdp_control.py - Main family based on data from Storm: reduced design space from 1e32 to 1e32
2024-07-24 13:37:59,358 - storm_pomdp_control.py - Main family based on data from Storm: reduced design space from 1e32 to 1e32
2024-07-24 13:37:59,358 - storm_pomdp_control.py - Main family based on data from Storm: reduced design space from 1e32 to 1e32
2024-07-24 13:37:59,358 - storm_pomdp_control.py - Main family based on data from Storm: reduced design space from 1e32 to 1e32
2024-07-24 13:37:59,359 - storm_pomdp_control.py - Main family based on data from Storm: reduced design space from 1e31 to 1e31
2024-07-24 13:37:59,359 - storm_pomdp_control.py - Main family based on data from Storm: reduced design space from 1e31 to 1e31
2024-07-24 13:37:59,359 - storm_pomdp_control.py - Main family based on data from Storm: reduced design space from 1e31 to 1e31
2024-07-24 13:37:59,360 - storm_pomdp_control.py - Main family based on data from Storm: reduced design space from 1e31 to 1e31
2024-07-24 13:37:59,360 - storm_pomdp_control.py - Main family based on data from Storm: reduced design space from 1e30 to 1e30
2024-07-24 13:37:59,360 - storm_pomdp_control.py - Main family based on data from Storm: reduced design space from 1e30 to 1e30
2024-07-24 13:37:59,361 - storm_pomdp_control.py - Main family based on data from Storm: reduced design space from 1e30 to 1e30
2024-07-24 13:37:59,361 - storm_pomdp_control.py - Main family based on data from Storm: reduced design space from 1e30 to 1e30
2024-07-24 13:37:59,361 - storm_pomdp_control.py - Main family based on data from Storm: reduced design space from 1e29 to 1e29
2024-07-24 13:37:59,362 - storm_pomdp_control.py - Main family based on data from Storm: reduced design space from 1e29 to 1e29
2024-07-24 13:37:59,362 - storm_pomdp_control.py - Main family based on data from Storm: reduced design space from 1e29 to 1e29
2024-07-24 13:37:59,362 - storm_pomdp_control.py - Main family based on data from Storm: reduced design space from 1e29 to 1e29
2024-07-24 13:37:59,363 - storm_pomdp_control.py - Main family based on data from Storm: reduced design space from 1e28 to 1e28
2024-07-24 13:37:59,363 - storm_pomdp_control.py - Main family based on data from Storm: reduced design space from 1e28 to 1e28
2024-07-24 13:37:59,363 - storm_pomdp_control.py - Main family based on data from Storm: reduced design space from 1e28 to 1e28
2024-07-24 13:37:59,364 - storm_pomdp_control.py - Main family based on data from Storm: reduced design space from 1e28 to 1e28
2024-07-24 13:37:59,364 - storm_pomdp_control.py - Main family based on data from Storm: reduced design space from 1e27 to 1e27
2024-07-24 13:37:59,364 - storm_pomdp_control.py - Main family based on data from Storm: reduced design space from 1e27 to 1e27
2024-07-24 13:37:59,365 - storm_pomdp_control.py - Main family based on data from Storm: reduced design space from 1e27 to 1e27
2024-07-24 13:37:59,365 - storm_pomdp_control.py - Main family based on data from Storm: reduced design space from 1e27 to 1e27
2024-07-24 13:37:59,365 - storm_pomdp_control.py - Main family based on data from Storm: reduced design space from 1e27 to 1e27
2024-07-24 13:37:59,365 - storm_pomdp_control.py - Main family based on data from Storm: reduced design space from 1e27 to 1e27
2024-07-24 13:37:59,366 - storm_pomdp_control.py - Main family based on data from Storm: reduced design space from 1e26 to 1e26
2024-07-24 13:37:59,366 - storm_pomdp_control.py - Main family based on data from Storm: reduced design space from 1e26 to 1e26
2024-07-24 13:37:59,366 - storm_pomdp_control.py - Main family based on data from Storm: reduced design space from 1e26 to 1e26
2024-07-24 13:37:59,367 - storm_pomdp_control.py - Main family based on data from Storm: reduced design space from 1e25 to 1e25
2024-07-24 13:37:59,367 - storm_pomdp_control.py - Main family based on data from Storm: reduced design space from 1e25 to 1e25
2024-07-24 13:37:59,367 - storm_pomdp_control.py - Main family based on data from Storm: reduced design space from 1e24 to 1e24
2024-07-24 13:37:59,368 - storm_pomdp_control.py - Main family based on data from Storm: reduced design space from 1e24 to 1e24
2024-07-24 13:37:59,368 - storm_pomdp_control.py - Main family based on data from Storm: reduced design space from 1e24 to 1e24
2024-07-24 13:37:59,368 - storm_pomdp_control.py - Main family based on data from Storm: reduced design space from 1e24 to 1e24
2024-07-24 13:37:59,369 - storm_pomdp_control.py - Main family based on data from Storm: reduced design space from 1e23 to 1e23
2024-07-24 13:37:59,369 - storm_pomdp_control.py - Main family based on data from Storm: reduced design space from 1e23 to 1e23
2024-07-24 13:37:59,369 - storm_pomdp_control.py - Main family based on data from Storm: reduced design space from 1e23 to 1e23
2024-07-24 13:37:59,370 - storm_pomdp_control.py - Main family based on data from Storm: reduced design space from 1e23 to 1e23
2024-07-24 13:37:59,370 - storm_pomdp_control.py - Main family based on data from Storm: reduced design space from 1e23 to 1e23
2024-07-24 13:37:59,370 - storm_pomdp_control.py - Main family based on data from Storm: reduced design space from 1e22 to 1e22
2024-07-24 13:37:59,371 - storm_pomdp_control.py - Main family based on data from Storm: reduced design space from 1e22 to 1e22
2024-07-24 13:37:59,371 - storm_pomdp_control.py - Main family based on data from Storm: reduced design space from 1e22 to 1e22
2024-07-24 13:37:59,371 - storm_pomdp_control.py - Main family based on data from Storm: reduced design space from 1e21 to 1e21
2024-07-24 13:37:59,371 - storm_pomdp_control.py - Main family based on data from Storm: reduced design space from 1e21 to 1e21
2024-07-24 13:37:59,372 - storm_pomdp_control.py - Main family based on data from Storm: reduced design space from 1e21 to 1e21
2024-07-24 13:37:59,372 - storm_pomdp_control.py - Main family based on data from Storm: reduced design space from 1e21 to 1e21
2024-07-24 13:37:59,372 - storm_pomdp_control.py - Main family based on data from Storm: reduced design space from 1e20 to 1e20
2024-07-24 13:37:59,373 - storm_pomdp_control.py - Main family based on data from Storm: reduced design space from 1e20 to 1e20
2024-07-24 13:37:59,373 - storm_pomdp_control.py - Main family based on data from Storm: reduced design space from 1e19 to 1e19
2024-07-24 13:37:59,373 - storm_pomdp_control.py - Main family based on data from Storm: reduced design space from 1e19 to 1e19
2024-07-24 13:37:59,374 - storm_pomdp_control.py - Main family based on data from Storm: reduced design space from 1e19 to 1e19
2024-07-24 13:37:59,374 - storm_pomdp_control.py - Main family based on data from Storm: reduced design space from 1e18 to 1e18
2024-07-24 13:37:59,374 - storm_pomdp_control.py - Main family based on data from Storm: reduced design space from 1e18 to 1e18
2024-07-24 13:37:59,375 - storm_pomdp_control.py - Main family based on data from Storm: reduced design space from 1e18 to 1e18
2024-07-24 13:37:59,375 - storm_pomdp_control.py - Main family based on data from Storm: reduced design space from 1e17 to 1e17
2024-07-24 13:37:59,375 - synthesizer_ar_storm.py - State after Storm splitting: Main families - 82, Subfamilies - 0
> progress 0.0%, elapsed 249 s, estimated 339980925989840736246300672 s (10780724441585512448 years), iters = {MDP: 72}, opt = 4.243
> progress 0.0%, elapsed 255 s, estimated 347247072687421429502705664 s (11011132441889314816 years), iters = {MDP: 73}, opt = 4.243
> progress 0.0%, elapsed 258 s, estimated 351385790294249884012773376 s (11142370316281391104 years), iters = {MDP: 75}, opt = 4.243
> progress 0.0%, elapsed 261 s, estimated 355516696387563099514732544 s (11273360489204815872 years), iters = {MDP: 77}, opt = 4.243
> progress 0.0%, elapsed 268 s, estimated 365024399904893614421966848 s (11574847789982674944 years), iters = {MDP: 79}, opt = 4.243
> progress 0.0%, elapsed 273 s, estimated 372205827076488561571135488 s (11802569351740506112 years), iters = {MDP: 80}, opt = 4.243
> progress 0.0%, elapsed 278 s, estimated 379400016922204435642318848 s (12030695615239866368 years), iters = {MDP: 81}, opt = 4.243
> progress 0.0%, elapsed 282 s, estimated 383542971660149061440241664 s (12162067848178243584 years), iters = {MDP: 83}, opt = 4.243
> progress 0.0%, elapsed 287 s, estimated 390641026728017483582668800 s (12387145697869656064 years), iters = {MDP: 84}, opt = 4.243
> progress 0.0%, elapsed 292 s, estimated 397724458757187041507672064 s (12611759854045759488 years), iters = {MDP: 85}, opt = 4.243
> progress 0.0%, elapsed 297 s, estimated 404781365112447879146897408 s (12835532886619985920 years), iters = {MDP: 86}, opt = 4.243
2024-07-24 13:39:00,080 - synthesizer_ar_storm.py - Pausing synthesis
2024-07-24 13:39:00,170 - storm_pomdp_control.py - Interactive Storm resumed
2024-07-24 13:39:00,170 - storm_pomdp_control.py - Updating FSC values in Storm
2024-07-24 13:39:06,173 - storm_pomdp_control.py - Pausing Storm
Finished exploring under-approximation MDP.
Start analysis...
-----------Storm-----------               
Value = 8.59383160211825 | Time elapsed = 571.8s | FSC size = 2217


------------------------------------

PAYNT results: 
4.242784200923493
controller size: 44

Storm results: 
8.59383160211825
controller size: 2217

------------------------------------

2024-07-24 13:39:41,291 - synthesizer_pomdp.py - Timeout for PAYNT started
2024-07-24 13:39:42,123 - synthesizer_ar_storm.py - Resuming synthesis
2024-07-24 13:39:42,123 - synthesizer_ar_storm.py - Applying family split according to Storm results
2024-07-24 13:39:42,123 - storm_pomdp_control.py - Main family based on data from Storm: reduced design space from 1e39 to 1e39
2024-07-24 13:39:42,124 - storm_pomdp_control.py - Main family based on data from Storm: reduced design space from 1e39 to 1e39
2024-07-24 13:39:42,124 - storm_pomdp_control.py - Main family based on data from Storm: reduced design space from 1e38 to 1e38
2024-07-24 13:39:42,124 - storm_pomdp_control.py - Main family based on data from Storm: reduced design space from 1e38 to 1e38
2024-07-24 13:39:42,125 - storm_pomdp_control.py - Main family based on data from Storm: reduced design space from 1e38 to 1e38
2024-07-24 13:39:42,125 - storm_pomdp_control.py - Main family based on data from Storm: reduced design space from 1e38 to 1e38
2024-07-24 13:39:42,125 - storm_pomdp_control.py - Main family based on data from Storm: reduced design space from 1e37 to 1e37
2024-07-24 13:39:42,126 - storm_pomdp_control.py - Main family based on data from Storm: reduced design space from 1e37 to 1e37
2024-07-24 13:39:42,126 - storm_pomdp_control.py - Main family based on data from Storm: reduced design space from 1e37 to 1e37
2024-07-24 13:39:42,126 - storm_pomdp_control.py - Main family based on data from Storm: reduced design space from 1e37 to 1e37
2024-07-24 13:39:42,127 - storm_pomdp_control.py - Main family based on data from Storm: reduced design space from 1e36 to 1e36
2024-07-24 13:39:42,127 - storm_pomdp_control.py - Main family based on data from Storm: reduced design space from 1e36 to 1e36
2024-07-24 13:39:42,127 - storm_pomdp_control.py - Main family based on data from Storm: reduced design space from 1e36 to 1e36
2024-07-24 13:39:42,128 - storm_pomdp_control.py - Main family based on data from Storm: reduced design space from 1e36 to 1e36
2024-07-24 13:39:42,128 - storm_pomdp_control.py - Main family based on data from Storm: reduced design space from 1e35 to 1e35
2024-07-24 13:39:42,128 - storm_pomdp_control.py - Main family based on data from Storm: reduced design space from 1e35 to 1e35
2024-07-24 13:39:42,129 - storm_pomdp_control.py - Main family based on data from Storm: reduced design space from 1e35 to 1e35
2024-07-24 13:39:42,129 - storm_pomdp_control.py - Main family based on data from Storm: reduced design space from 1e35 to 1e35
2024-07-24 13:39:42,129 - storm_pomdp_control.py - Main family based on data from Storm: reduced design space from 1e34 to 1e34
2024-07-24 13:39:42,130 - storm_pomdp_control.py - Main family based on data from Storm: reduced design space from 1e34 to 1e34
2024-07-24 13:39:42,130 - storm_pomdp_control.py - Main family based on data from Storm: reduced design space from 1e34 to 1e34
2024-07-24 13:39:42,130 - storm_pomdp_control.py - Main family based on data from Storm: reduced design space from 1e34 to 1e34
2024-07-24 13:39:42,131 - storm_pomdp_control.py - Main family based on data from Storm: reduced design space from 1e34 to 1e34
2024-07-24 13:39:42,131 - storm_pomdp_control.py - Main family based on data from Storm: reduced design space from 1e33 to 1e33
2024-07-24 13:39:42,131 - storm_pomdp_control.py - Main family based on data from Storm: reduced design space from 1e33 to 1e33
2024-07-24 13:39:42,132 - storm_pomdp_control.py - Main family based on data from Storm: reduced design space from 1e33 to 1e33
2024-07-24 13:39:42,132 - storm_pomdp_control.py - Main family based on data from Storm: reduced design space from 1e32 to 1e32
2024-07-24 13:39:42,132 - storm_pomdp_control.py - Main family based on data from Storm: reduced design space from 1e32 to 1e32
2024-07-24 13:39:42,133 - storm_pomdp_control.py - Main family based on data from Storm: reduced design space from 1e32 to 1e32
2024-07-24 13:39:42,133 - storm_pomdp_control.py - Main family based on data from Storm: reduced design space from 1e32 to 1e32
2024-07-24 13:39:42,133 - storm_pomdp_control.py - Main family based on data from Storm: reduced design space from 1e31 to 1e31
2024-07-24 13:39:42,133 - storm_pomdp_control.py - Main family based on data from Storm: reduced design space from 1e31 to 1e31
2024-07-24 13:39:42,134 - storm_pomdp_control.py - Main family based on data from Storm: reduced design space from 1e31 to 1e31
2024-07-24 13:39:42,134 - storm_pomdp_control.py - Main family based on data from Storm: reduced design space from 1e31 to 1e31
2024-07-24 13:39:42,134 - storm_pomdp_control.py - Main family based on data from Storm: reduced design space from 1e30 to 1e30
2024-07-24 13:39:42,140 - storm_pomdp_control.py - Main family based on data from Storm: reduced design space from 1e30 to 1e30
2024-07-24 13:39:42,140 - storm_pomdp_control.py - Main family based on data from Storm: reduced design space from 1e30 to 1e30
2024-07-24 13:39:42,140 - storm_pomdp_control.py - Main family based on data from Storm: reduced design space from 1e30 to 1e30
2024-07-24 13:39:42,141 - storm_pomdp_control.py - Main family based on data from Storm: reduced design space from 1e29 to 1e29
2024-07-24 13:39:42,141 - storm_pomdp_control.py - Main family based on data from Storm: reduced design space from 1e29 to 1e29
2024-07-24 13:39:42,141 - storm_pomdp_control.py - Main family based on data from Storm: reduced design space from 1e29 to 1e29
2024-07-24 13:39:42,142 - storm_pomdp_control.py - Main family based on data from Storm: reduced design space from 1e29 to 1e29
2024-07-24 13:39:42,142 - storm_pomdp_control.py - Main family based on data from Storm: reduced design space from 1e28 to 1e28
2024-07-24 13:39:42,142 - storm_pomdp_control.py - Main family based on data from Storm: reduced design space from 1e28 to 1e28
2024-07-24 13:39:42,143 - storm_pomdp_control.py - Main family based on data from Storm: reduced design space from 1e28 to 1e28
2024-07-24 13:39:42,143 - storm_pomdp_control.py - Main family based on data from Storm: reduced design space from 1e28 to 1e28
2024-07-24 13:39:42,143 - storm_pomdp_control.py - Main family based on data from Storm: reduced design space from 1e27 to 1e27
2024-07-24 13:39:42,144 - storm_pomdp_control.py - Main family based on data from Storm: reduced design space from 1e27 to 1e27
2024-07-24 13:39:42,144 - storm_pomdp_control.py - Main family based on data from Storm: reduced design space from 1e27 to 1e27
2024-07-24 13:39:42,144 - storm_pomdp_control.py - Main family based on data from Storm: reduced design space from 1e27 to 1e27
2024-07-24 13:39:42,145 - storm_pomdp_control.py - Main family based on data from Storm: reduced design space from 1e27 to 1e27
2024-07-24 13:39:42,145 - storm_pomdp_control.py - Main family based on data from Storm: reduced design space from 1e27 to 1e27
2024-07-24 13:39:42,145 - storm_pomdp_control.py - Main family based on data from Storm: reduced design space from 1e26 to 1e26
2024-07-24 13:39:42,146 - storm_pomdp_control.py - Main family based on data from Storm: reduced design space from 1e26 to 1e26
2024-07-24 13:39:42,146 - storm_pomdp_control.py - Main family based on data from Storm: reduced design space from 1e26 to 1e26
2024-07-24 13:39:42,146 - storm_pomdp_control.py - Main family based on data from Storm: reduced design space from 1e25 to 1e25
2024-07-24 13:39:42,146 - storm_pomdp_control.py - Main family based on data from Storm: reduced design space from 1e25 to 1e25
2024-07-24 13:39:42,147 - storm_pomdp_control.py - Main family based on data from Storm: reduced design space from 1e24 to 1e24
2024-07-24 13:39:42,147 - storm_pomdp_control.py - Main family based on data from Storm: reduced design space from 1e24 to 1e24
2024-07-24 13:39:42,147 - storm_pomdp_control.py - Main family based on data from Storm: reduced design space from 1e24 to 1e24
2024-07-24 13:39:42,148 - storm_pomdp_control.py - Main family based on data from Storm: reduced design space from 1e24 to 1e24
2024-07-24 13:39:42,148 - storm_pomdp_control.py - Main family based on data from Storm: reduced design space from 1e23 to 1e23
2024-07-24 13:39:42,148 - storm_pomdp_control.py - Main family based on data from Storm: reduced design space from 1e23 to 1e23
2024-07-24 13:39:42,149 - storm_pomdp_control.py - Main family based on data from Storm: reduced design space from 1e23 to 1e23
2024-07-24 13:39:42,149 - storm_pomdp_control.py - Main family based on data from Storm: reduced design space from 1e23 to 1e23
2024-07-24 13:39:42,149 - storm_pomdp_control.py - Main family based on data from Storm: reduced design space from 1e23 to 1e23
2024-07-24 13:39:42,150 - storm_pomdp_control.py - Main family based on data from Storm: reduced design space from 1e22 to 1e22
2024-07-24 13:39:42,150 - storm_pomdp_control.py - Main family based on data from Storm: reduced design space from 1e22 to 1e22
2024-07-24 13:39:42,150 - storm_pomdp_control.py - Main family based on data from Storm: reduced design space from 1e22 to 1e22
2024-07-24 13:39:42,151 - storm_pomdp_control.py - Main family based on data from Storm: reduced design space from 1e21 to 1e21
2024-07-24 13:39:42,151 - storm_pomdp_control.py - Main family based on data from Storm: reduced design space from 1e21 to 1e21
2024-07-24 13:39:42,151 - storm_pomdp_control.py - Main family based on data from Storm: reduced design space from 1e21 to 1e21
2024-07-24 13:39:42,152 - storm_pomdp_control.py - Main family based on data from Storm: reduced design space from 1e21 to 1e21
2024-07-24 13:39:42,152 - storm_pomdp_control.py - Main family based on data from Storm: reduced design space from 1e20 to 1e20
2024-07-24 13:39:42,152 - storm_pomdp_control.py - Main family based on data from Storm: reduced design space from 1e20 to 1e20
2024-07-24 13:39:42,152 - storm_pomdp_control.py - Main family based on data from Storm: reduced design space from 1e19 to 1e19
2024-07-24 13:39:42,153 - storm_pomdp_control.py - Main family based on data from Storm: reduced design space from 1e19 to 1e19
2024-07-24 13:39:42,153 - storm_pomdp_control.py - Main family based on data from Storm: reduced design space from 1e19 to 1e19
2024-07-24 13:39:42,153 - storm_pomdp_control.py - Main family based on data from Storm: reduced design space from 1e18 to 1e18
2024-07-24 13:39:42,154 - storm_pomdp_control.py - Main family based on data from Storm: reduced design space from 1e17 to 1e17
2024-07-24 13:39:42,154 - storm_pomdp_control.py - Main family based on data from Storm: reduced design space from 1e17 to 1e17
2024-07-24 13:39:42,154 - storm_pomdp_control.py - Main family based on data from Storm: reduced design space from 1e17 to 1e17
2024-07-24 13:39:42,155 - storm_pomdp_control.py - Main family based on data from Storm: reduced design space from 1e16 to 1e16
2024-07-24 13:39:42,155 - storm_pomdp_control.py - Main family based on data from Storm: reduced design space from 1e16 to 1e16
2024-07-24 13:39:42,155 - storm_pomdp_control.py - Main family based on data from Storm: reduced design space from 1e16 to 1e16
2024-07-24 13:39:42,156 - storm_pomdp_control.py - Main family based on data from Storm: reduced design space from 1e16 to 1e16
2024-07-24 13:39:42,156 - storm_pomdp_control.py - Main family based on data from Storm: reduced design space from 1e15 to 1e15
2024-07-24 13:39:42,156 - storm_pomdp_control.py - Main family based on data from Storm: reduced design space from 1e15 to 1e15
2024-07-24 13:39:42,157 - storm_pomdp_control.py - Main family based on data from Storm: reduced design space from 1e15 to 1e15
2024-07-24 13:39:42,157 - synthesizer_ar_storm.py - State after Storm splitting: Main families - 89, Subfamilies - 0
> progress 0.0%, elapsed 305 s, estimated 415361167928149368486494208 s (13171016233135126528 years), iters = {MDP: 89}, opt = 4.243
> progress 0.0%, elapsed 310 s, estimated 422261993480223181026361344 s (13389839975907633152 years), iters = {MDP: 90}, opt = 4.243
> progress 0.0%, elapsed 315 s, estimated 429112970675882921069379584 s (13607083037667520512 years), iters = {MDP: 91}, opt = 4.243
> progress 0.0%, elapsed 320 s, estimated 435513732742217978534166528 s (13810049871328577536 years), iters = {MDP: 92}, opt = 4.243
> progress 0.0%, elapsed 324 s, estimated 441886119334750173463052288 s (14012116924617902080 years), iters = {MDP: 93}, opt = 4.243
> progress 0.0%, elapsed 329 s, estimated 448258045933511586149826560 s (14214169391600443392 years), iters = {MDP: 94}, opt = 4.243
> progress 0.0%, elapsed 334 s, estimated 454628235156283086793080832 s (14416166766751746048 years), iters = {MDP: 95}, opt = 4.243
> progress 0.0%, elapsed 338 s, estimated 460944689245042625669496832 s (14616460211981312000 years), iters = {MDP: 96}, opt = 4.243
> progress 0.0%, elapsed 343 s, estimated 467248250957997893511806976 s (14816344842655944704 years), iters = {MDP: 97}, opt = 4.243
> progress 0.0%, elapsed 348 s, estimated 473571366178761008429924352 s (15016849510995720192 years), iters = {MDP: 98}, opt = 4.243
> progress 0.0%, elapsed 353 s, estimated 480589351474393630803755008 s (15239388364865347584 years), iters = {MDP: 99}, opt = 4.243
> progress 0.0%, elapsed 357 s, estimated 486794789843499867032256512 s (15436161524717778944 years), iters = {MDP: 100}, opt = 4.243
> progress 0.0%, elapsed 362 s, estimated 492886655079165476300914688 s (15629333304133859328 years), iters = {MDP: 101}, opt = 4.243
2024-07-24 13:40:43,836 - synthesizer_ar_storm.py - Pausing synthesis
2024-07-24 13:40:43,930 - storm_pomdp_control.py - Interactive Storm resumed
2024-07-24 13:40:43,930 - storm_pomdp_control.py - Updating FSC values in Storm
2024-07-24 13:40:49,935 - storm_pomdp_control.py - Pausing Storm
Finished exploring under-approximation MDP.
Start analysis...
-----------Storm-----------               
Value = 8.59383160211825 | Time elapsed = 677.6s | FSC size = 2217


------------------------------------

PAYNT results: 
4.242784200923493
controller size: 44

Storm results: 
8.59383160211825
controller size: 2217

------------------------------------

2024-07-24 13:41:27,879 - synthesizer_ar_storm.py - Terminating controller synthesis
2024-07-24 13:41:27,880 - synthesizer.py - synthesis finished, printing synthesized assignment below:
2024-07-24 13:41:27,880 - synthesizer.py - None
--------------------
Synthesis summary:
optimality objective: R{"rew"}max=? [F "goal"] 

method: AR, synthesis time: 367.08 s
number of holes: 96, family size: 1e50, quotient: 11507 states / 134161 actions
explored: 0 %
MDP stats: avg MDP size: 11071, iterations: 101

optimum: 4.242784
--------------------
2024-07-24 13:41:27,881 - storm_pomdp_control.py - Storm POMDP analysis completed
2024-07-24 13:41:27,952 - synthesizer_rl.py - RL Environment initialized
2024-07-24 13:41:28,236 - recurrent_ppo_agent.py - Agent initialized
2024-07-24 13:41:28,248 - recurrent_ppo_agent.py - Replay buffer initialized
2024-07-24 13:41:28,251 - synthesizer_pomdp.py - Training agent with FSC.
2024-07-24 13:41:28,259 - synthesizer_rl.py - Agent not loaded, training from scratch.
2024-07-24 13:41:28,659 - father_agent.py - Training agent
2024-07-24 13:41:31,753 - environment_wrapper.py - Goal reached!
2024-07-24 13:41:32,026 - environment_wrapper.py - Goal reached!
2024-07-24 13:41:36,680 - environment_wrapper.py - Goal reached!
2024-07-24 13:41:38,842 - environment_wrapper.py - Goal reached!
2024-07-24 13:41:41,648 - environment_wrapper.py - Goal reached!
2024-07-24 13:41:41,760 - environment_wrapper.py - Goal reached!
2024-07-24 13:41:44,279 - environment_wrapper.py - Goal reached!
2024-07-24 13:41:44,413 - environment_wrapper.py - Goal reached!
2024-07-24 13:41:47,336 - environment_wrapper.py - Goal reached!
2024-07-24 13:41:47,775 - environment_wrapper.py - Goal reached!
2024-07-24 13:41:48,123 - environment_wrapper.py - Goal reached!
2024-07-24 13:41:48,437 - environment_wrapper.py - Goal reached!
2024-07-24 13:41:49,362 - environment_wrapper.py - Goal reached!
2024-07-24 13:41:52,159 - environment_wrapper.py - Goal reached!
2024-07-24 13:41:55,658 - environment_wrapper.py - Goal reached!
2024-07-24 13:41:56,486 - environment_wrapper.py - Goal reached!
2024-07-24 13:42:00,814 - environment_wrapper.py - Goal reached!
2024-07-24 13:42:01,105 - environment_wrapper.py - Goal reached!
2024-07-24 13:42:01,272 - environment_wrapper.py - Goal reached!
2024-07-24 13:42:05,094 - environment_wrapper.py - Goal reached!
2024-07-24 13:42:06,007 - environment_wrapper.py - Goal reached!
2024-07-24 13:42:09,190 - environment_wrapper.py - Goal reached!
2024-07-24 13:42:10,254 - environment_wrapper.py - Goal reached!
2024-07-24 13:42:10,256 - father_agent.py - Random Average Return = (4.6, 28.75, 0.575)
2024-07-24 13:42:30,658 - father_agent.py - Step: 0, Training loss: 53.32956314086914
2024-07-24 13:42:31,081 - environment_wrapper.py - Goal reached!
2024-07-24 13:42:34,399 - environment_wrapper.py - Goal reached!
2024-07-24 13:43:05,098 - environment_wrapper.py - Goal reached!
2024-07-24 13:43:27,062 - father_agent.py - Average Return = 2.9749999046325684
2024-07-24 13:43:27,062 - father_agent.py - Average Virtual Goal Value = 3.75
2024-07-24 13:43:27,062 - father_agent.py - Goal Reach Probability = 0.075
2024-07-24 13:43:51,986 - father_agent.py - Step: 10, Training loss: 57.33726119995117
2024-07-24 13:44:16,265 - father_agent.py - Step: 20, Training loss: 748.54541015625
2024-07-24 13:44:41,184 - father_agent.py - Step: 30, Training loss: 36585.34375
2024-07-24 13:45:06,657 - father_agent.py - Step: 40, Training loss: 1634998.0
2024-07-24 13:45:32,151 - father_agent.py - Step: 50, Training loss: 102470408.0
2024-07-24 13:45:56,187 - father_agent.py - Step: 60, Training loss: 4362892288.0
2024-07-24 13:46:19,670 - father_agent.py - Step: 70, Training loss: 191882051584.0
2024-07-24 13:46:43,053 - father_agent.py - Step: 80, Training loss: 6756259856384.0
2024-07-24 13:47:06,417 - father_agent.py - Step: 90, Training loss: 299111823704064.0
2024-07-24 13:47:29,908 - father_agent.py - Step: 100, Training loss: 3847974211813376.0
2024-07-24 13:48:26,785 - father_agent.py - Average Return = 2.0
2024-07-24 13:48:26,785 - father_agent.py - Average Virtual Goal Value = 0.0
2024-07-24 13:48:26,785 - father_agent.py - Goal Reach Probability = 0.0
2024-07-24 13:48:50,359 - father_agent.py - Step: 110, Training loss: 1559996143763456.0
2024-07-24 13:49:13,757 - father_agent.py - Step: 120, Training loss: 1192071125794816.0
2024-07-24 13:49:37,091 - father_agent.py - Step: 130, Training loss: 111957239660544.0
2024-07-24 13:50:00,425 - father_agent.py - Step: 140, Training loss: 2762448044032.0
2024-07-24 13:50:23,814 - father_agent.py - Step: 150, Training loss: 248093622272.0
2024-07-24 13:50:47,237 - father_agent.py - Step: 160, Training loss: 7527872512.0
2024-07-24 13:51:10,540 - father_agent.py - Step: 170, Training loss: 76459848.0
2024-07-24 13:51:33,946 - father_agent.py - Step: 180, Training loss: 582917.4375
2024-07-24 13:51:57,777 - father_agent.py - Step: 190, Training loss: 43507.78515625
2024-07-24 13:54:12,291 - father_agent.py - Average Return = 1.600000023841858
2024-07-24 13:54:12,291 - father_agent.py - Average Virtual Goal Value = 0.0
2024-07-24 13:54:12,291 - father_agent.py - Goal Reach Probability = 0.0
2024-07-24 13:54:12,292 - synthesizer_pomdp.py - Training agent for 2000 iterations.
2024-07-24 13:54:12,375 - father_agent.py - Training agent
2024-07-24 13:54:27,762 - father_agent.py - Step: 0, Training loss: 241.51719665527344
2024-07-24 13:55:24,487 - father_agent.py - Average Return = 1.7999999523162842
2024-07-24 13:55:24,487 - father_agent.py - Average Virtual Goal Value = 0.0
2024-07-24 13:55:24,487 - father_agent.py - Goal Reach Probability = 0.0
2024-07-24 13:55:47,933 - father_agent.py - Step: 10, Training loss: 0.6833431124687195
2024-07-24 13:56:11,322 - father_agent.py - Step: 20, Training loss: 0.09767886251211166
2024-07-24 13:56:34,786 - father_agent.py - Step: 30, Training loss: 0.040725402534008026
2024-07-24 13:56:58,528 - father_agent.py - Step: 40, Training loss: 0.20022109150886536
2024-07-24 13:57:21,993 - father_agent.py - Step: 50, Training loss: 0.22288833558559418
2024-07-24 13:57:45,410 - father_agent.py - Step: 60, Training loss: 0.029084959998726845
2024-07-24 13:58:08,854 - father_agent.py - Step: 70, Training loss: 0.02630462497472763
2024-07-24 13:58:32,284 - father_agent.py - Step: 80, Training loss: 0.5635233521461487
2024-07-24 13:58:55,842 - father_agent.py - Step: 90, Training loss: -0.0014999222476035357
2024-07-24 13:59:19,233 - father_agent.py - Step: 100, Training loss: 0.19644470512866974
2024-07-24 14:00:16,231 - father_agent.py - Average Return = 1.774999976158142
2024-07-24 14:00:16,231 - father_agent.py - Average Virtual Goal Value = 0.0
2024-07-24 14:00:16,231 - father_agent.py - Goal Reach Probability = 0.0
2024-07-24 14:00:39,615 - father_agent.py - Step: 110, Training loss: 0.07903660088777542
2024-07-24 14:01:03,265 - father_agent.py - Step: 120, Training loss: 0.1284370869398117
2024-07-24 14:01:26,720 - father_agent.py - Step: 130, Training loss: -0.026210686191916466
2024-07-24 14:01:50,335 - father_agent.py - Step: 140, Training loss: 0.4410766363143921
2024-07-24 14:02:13,836 - father_agent.py - Step: 150, Training loss: 0.21138328313827515
2024-07-24 14:02:37,342 - father_agent.py - Step: 160, Training loss: 0.7192003130912781
2024-07-24 14:03:00,646 - father_agent.py - Step: 170, Training loss: 0.2061915099620819
2024-07-24 14:03:24,207 - father_agent.py - Step: 180, Training loss: 0.48927250504493713
2024-07-24 14:03:47,664 - father_agent.py - Step: 190, Training loss: 0.41634267568588257
2024-07-24 14:04:11,016 - father_agent.py - Step: 200, Training loss: 0.20709361135959625
2024-07-24 14:05:07,875 - father_agent.py - Average Return = 1.7000000476837158
2024-07-24 14:05:07,875 - father_agent.py - Average Virtual Goal Value = 0.0
2024-07-24 14:05:07,875 - father_agent.py - Goal Reach Probability = 0.0
2024-07-24 14:05:31,438 - father_agent.py - Step: 210, Training loss: 0.3774462044239044
2024-07-24 14:05:55,132 - father_agent.py - Step: 220, Training loss: 0.23104187846183777
2024-07-24 14:06:18,632 - father_agent.py - Step: 230, Training loss: 0.20544952154159546
2024-07-24 14:06:42,202 - father_agent.py - Step: 240, Training loss: -0.04514429345726967
2024-07-24 14:07:05,764 - father_agent.py - Step: 250, Training loss: 0.37683770060539246
2024-07-24 14:07:29,249 - father_agent.py - Step: 260, Training loss: 0.4352109134197235
2024-07-24 14:07:52,893 - father_agent.py - Step: 270, Training loss: 0.2237047702074051
2024-07-24 14:08:16,364 - father_agent.py - Step: 280, Training loss: -0.07868076860904694
2024-07-24 14:08:39,810 - father_agent.py - Step: 290, Training loss: 0.2529849410057068
2024-07-24 14:09:03,232 - father_agent.py - Step: 300, Training loss: -0.018609708175063133
2024-07-24 14:10:00,075 - father_agent.py - Average Return = 1.475000023841858
2024-07-24 14:10:00,075 - father_agent.py - Average Virtual Goal Value = 0.0
2024-07-24 14:10:00,075 - father_agent.py - Goal Reach Probability = 0.0
2024-07-24 14:10:23,793 - father_agent.py - Step: 310, Training loss: 0.43563684821128845
2024-07-24 14:10:47,263 - father_agent.py - Step: 320, Training loss: -0.02275679260492325
2024-07-24 14:11:10,688 - father_agent.py - Step: 330, Training loss: -0.06070958077907562
2024-07-24 14:11:34,092 - father_agent.py - Step: 340, Training loss: 0.4118552505970001
2024-07-24 14:11:57,522 - father_agent.py - Step: 350, Training loss: 0.21209874749183655
2024-07-24 14:12:20,929 - father_agent.py - Step: 360, Training loss: 0.2881828546524048
2024-07-24 14:12:44,352 - father_agent.py - Step: 370, Training loss: 0.41100749373435974
2024-07-24 14:13:07,967 - father_agent.py - Step: 380, Training loss: -0.01956113614141941
2024-07-24 14:13:31,470 - father_agent.py - Step: 390, Training loss: 0.41532599925994873
2024-07-24 14:13:54,840 - father_agent.py - Step: 400, Training loss: -0.06449196487665176
2024-07-24 14:14:51,589 - father_agent.py - Average Return = 1.5750000476837158
2024-07-24 14:14:51,589 - father_agent.py - Average Virtual Goal Value = 0.0
2024-07-24 14:14:51,589 - father_agent.py - Goal Reach Probability = 0.0
2024-07-24 14:15:14,944 - father_agent.py - Step: 410, Training loss: 0.2082628756761551
2024-07-24 14:15:38,424 - father_agent.py - Step: 420, Training loss: 0.2298021763563156
2024-07-24 14:16:01,701 - father_agent.py - Step: 430, Training loss: 0.6862303018569946
2024-07-24 14:16:25,051 - father_agent.py - Step: 440, Training loss: 0.5113646984100342
2024-07-24 14:16:48,491 - father_agent.py - Step: 450, Training loss: 0.3919968605041504
2024-07-24 14:17:12,199 - father_agent.py - Step: 460, Training loss: -0.058386705815792084
2024-07-24 14:17:35,731 - father_agent.py - Step: 470, Training loss: 0.2031988650560379
2024-07-24 14:17:59,107 - father_agent.py - Step: 480, Training loss: -0.01817893609404564
2024-07-24 14:18:22,471 - father_agent.py - Step: 490, Training loss: -0.033128004521131516
2024-07-24 14:18:45,792 - father_agent.py - Step: 500, Training loss: -0.05335486680269241
2024-07-24 14:19:42,607 - father_agent.py - Average Return = 1.5
2024-07-24 14:19:42,607 - father_agent.py - Average Virtual Goal Value = 0.0
2024-07-24 14:19:42,607 - father_agent.py - Goal Reach Probability = 0.0
2024-07-24 14:20:06,012 - father_agent.py - Step: 510, Training loss: 0.12705875933170319
2024-07-24 14:20:29,544 - father_agent.py - Step: 520, Training loss: -0.04287067800760269
2024-07-24 14:20:52,971 - father_agent.py - Step: 530, Training loss: 0.24883447587490082
2024-07-24 14:21:16,620 - father_agent.py - Step: 540, Training loss: 0.22107923030853271
2024-07-24 14:21:40,185 - father_agent.py - Step: 550, Training loss: 0.1845117211341858
2024-07-24 14:22:03,601 - father_agent.py - Step: 560, Training loss: 0.19455641508102417
2024-07-24 14:22:27,044 - father_agent.py - Step: 570, Training loss: 0.22168010473251343
2024-07-24 14:22:50,481 - father_agent.py - Step: 580, Training loss: -0.05047481134533882
2024-07-24 14:23:14,156 - father_agent.py - Step: 590, Training loss: 0.03405243530869484
2024-07-24 14:23:37,618 - father_agent.py - Step: 600, Training loss: -0.011419545859098434
2024-07-24 14:24:34,500 - father_agent.py - Average Return = 1.649999976158142
2024-07-24 14:24:34,500 - father_agent.py - Average Virtual Goal Value = 0.0
2024-07-24 14:24:34,500 - father_agent.py - Goal Reach Probability = 0.0
2024-07-24 14:24:57,912 - father_agent.py - Step: 610, Training loss: 0.21552611887454987
2024-07-24 14:25:21,381 - father_agent.py - Step: 620, Training loss: 0.18848943710327148
2024-07-24 14:25:45,080 - father_agent.py - Step: 630, Training loss: 0.20746800303459167
2024-07-24 14:26:08,717 - father_agent.py - Step: 640, Training loss: -0.07747184485197067
2024-07-24 14:26:32,202 - father_agent.py - Step: 650, Training loss: 0.15438273549079895
2024-07-24 14:26:55,588 - father_agent.py - Step: 660, Training loss: 0.21775807440280914
2024-07-24 14:27:19,030 - father_agent.py - Step: 670, Training loss: 0.21641656756401062
2024-07-24 14:27:42,579 - father_agent.py - Step: 680, Training loss: 0.3454127013683319
2024-07-24 14:28:06,092 - father_agent.py - Step: 690, Training loss: 0.12895417213439941
2024-07-24 14:28:29,463 - father_agent.py - Step: 700, Training loss: 0.17341430485248566
2024-07-24 14:29:26,275 - father_agent.py - Average Return = 1.625
2024-07-24 14:29:26,275 - father_agent.py - Average Virtual Goal Value = 0.0
2024-07-24 14:29:26,275 - father_agent.py - Goal Reach Probability = 0.0
2024-07-24 14:29:49,682 - father_agent.py - Step: 710, Training loss: -0.04026370495557785
2024-07-24 14:30:13,221 - father_agent.py - Step: 720, Training loss: 0.572932243347168
2024-07-24 14:30:36,938 - father_agent.py - Step: 730, Training loss: 0.6331669092178345
2024-07-24 14:31:00,607 - father_agent.py - Step: 740, Training loss: 0.5459631681442261
2024-07-24 14:31:24,089 - father_agent.py - Step: 750, Training loss: 0.0034467531368136406
2024-07-24 14:31:47,613 - father_agent.py - Step: 760, Training loss: 0.20335057377815247
2024-07-24 14:32:11,280 - father_agent.py - Step: 770, Training loss: 0.17014458775520325
2024-07-24 14:32:34,740 - father_agent.py - Step: 780, Training loss: 0.07493242621421814
2024-07-24 14:32:58,272 - father_agent.py - Step: 790, Training loss: 0.20975953340530396
2024-07-24 14:33:21,742 - father_agent.py - Step: 800, Training loss: -0.06185219809412956
2024-07-24 14:34:18,622 - father_agent.py - Average Return = 1.774999976158142
2024-07-24 14:34:18,622 - father_agent.py - Average Virtual Goal Value = 0.0
2024-07-24 14:34:18,622 - father_agent.py - Goal Reach Probability = 0.0
2024-07-24 14:34:42,332 - father_agent.py - Step: 810, Training loss: 0.46974092721939087
2024-07-24 14:35:05,916 - father_agent.py - Step: 820, Training loss: 0.21690170466899872
2024-07-24 14:35:29,255 - father_agent.py - Step: 830, Training loss: -0.008202662691473961
2024-07-24 14:35:52,841 - father_agent.py - Step: 840, Training loss: 0.43156376481056213
2024-07-24 14:36:16,178 - father_agent.py - Step: 850, Training loss: 0.2549356520175934
2024-07-24 14:36:39,711 - father_agent.py - Step: 860, Training loss: 0.17469149827957153
2024-07-24 14:37:03,078 - father_agent.py - Step: 870, Training loss: 0.14699460566043854
2024-07-24 14:37:26,512 - father_agent.py - Step: 880, Training loss: -0.0347309485077858
2024-07-24 14:37:50,075 - father_agent.py - Step: 890, Training loss: 0.46875476837158203
2024-07-24 14:38:13,605 - father_agent.py - Step: 900, Training loss: 0.131277933716774
2024-07-24 14:39:10,577 - father_agent.py - Average Return = 1.725000023841858
2024-07-24 14:39:10,577 - father_agent.py - Average Virtual Goal Value = 0.0
2024-07-24 14:39:10,577 - father_agent.py - Goal Reach Probability = 0.0
2024-07-24 14:39:34,105 - father_agent.py - Step: 910, Training loss: 0.19072464108467102
2024-07-24 14:39:57,653 - father_agent.py - Step: 920, Training loss: 0.20293214917182922
2024-07-24 14:40:21,038 - father_agent.py - Step: 930, Training loss: 0.4444926679134369
2024-07-24 14:40:44,634 - father_agent.py - Step: 940, Training loss: 0.7067555785179138
2024-07-24 14:41:08,192 - father_agent.py - Step: 950, Training loss: 0.3945774435997009
2024-07-24 14:41:31,591 - father_agent.py - Step: 960, Training loss: -0.02736002206802368
2024-07-24 14:41:55,416 - father_agent.py - Step: 970, Training loss: 0.2622341811656952
2024-07-24 14:42:18,947 - father_agent.py - Step: 980, Training loss: 0.5006622672080994
2024-07-24 14:42:42,480 - father_agent.py - Step: 990, Training loss: -0.021919965744018555
2024-07-24 14:43:06,034 - father_agent.py - Step: 1000, Training loss: 0.3852192461490631
2024-07-24 14:44:02,973 - father_agent.py - Average Return = 1.7000000476837158
2024-07-24 14:44:02,974 - father_agent.py - Average Virtual Goal Value = 0.0
2024-07-24 14:44:02,974 - father_agent.py - Goal Reach Probability = 0.0
2024-07-24 14:44:26,651 - father_agent.py - Step: 1010, Training loss: -0.03849444165825844
2024-07-24 14:44:50,121 - father_agent.py - Step: 1020, Training loss: 0.3307846188545227
2024-07-24 14:45:13,805 - father_agent.py - Step: 1030, Training loss: 0.2058376669883728
2024-07-24 14:45:37,304 - father_agent.py - Step: 1040, Training loss: 0.19736365973949432
2024-07-24 14:46:00,788 - father_agent.py - Step: 1050, Training loss: 0.3932243883609772
2024-07-24 14:46:24,419 - father_agent.py - Step: 1060, Training loss: 0.22357580065727234
2024-07-24 14:46:47,966 - father_agent.py - Step: 1070, Training loss: 0.18265366554260254
2024-07-24 14:47:11,562 - father_agent.py - Step: 1080, Training loss: 1.2154686450958252
2024-07-24 14:47:35,005 - father_agent.py - Step: 1090, Training loss: 0.3337581753730774
2024-07-24 14:47:58,492 - father_agent.py - Step: 1100, Training loss: 0.17050006985664368
2024-07-24 14:48:55,264 - father_agent.py - Average Return = 1.5
2024-07-24 14:48:55,265 - father_agent.py - Average Virtual Goal Value = 0.0
2024-07-24 14:48:55,265 - father_agent.py - Goal Reach Probability = 0.0
2024-07-24 14:49:18,788 - father_agent.py - Step: 1110, Training loss: -0.006807040423154831
2024-07-24 14:49:42,375 - father_agent.py - Step: 1120, Training loss: 0.41792935132980347
2024-07-24 14:50:05,965 - father_agent.py - Step: 1130, Training loss: -0.013580726459622383
2024-07-24 14:50:29,707 - father_agent.py - Step: 1140, Training loss: 0.05805261805653572
2024-07-24 14:50:53,204 - father_agent.py - Step: 1150, Training loss: 0.3989676535129547
2024-07-24 14:51:16,785 - father_agent.py - Step: 1160, Training loss: 0.1853933334350586
2024-07-24 14:51:40,264 - father_agent.py - Step: 1170, Training loss: 0.3930318355560303
2024-07-24 14:52:03,847 - father_agent.py - Step: 1180, Training loss: 0.17204119265079498
2024-07-24 14:52:27,633 - father_agent.py - Step: 1190, Training loss: 0.2248268723487854
2024-07-24 14:52:51,228 - father_agent.py - Step: 1200, Training loss: 0.3965693414211273
2024-07-24 14:53:48,031 - father_agent.py - Average Return = 1.7999999523162842
2024-07-24 14:53:48,031 - father_agent.py - Average Virtual Goal Value = 0.0
2024-07-24 14:53:48,031 - father_agent.py - Goal Reach Probability = 0.0
2024-07-24 14:54:11,535 - father_agent.py - Step: 1210, Training loss: 0.17962588369846344
2024-07-24 14:54:35,114 - father_agent.py - Step: 1220, Training loss: 0.35441190004348755
2024-07-24 14:54:58,624 - father_agent.py - Step: 1230, Training loss: 0.004206493496894836
2024-07-24 14:55:22,357 - father_agent.py - Step: 1240, Training loss: -0.006780216470360756
2024-07-24 14:55:47,780 - father_agent.py - Step: 1250, Training loss: -0.021715324372053146
2024-07-24 14:56:12,732 - father_agent.py - Step: 1260, Training loss: 0.5164695978164673
2024-07-24 14:56:37,919 - father_agent.py - Step: 1270, Training loss: 0.0924621969461441
2024-07-24 14:57:03,125 - father_agent.py - Step: 1280, Training loss: 0.6227229833602905
2024-07-24 14:57:28,289 - father_agent.py - Step: 1290, Training loss: 0.23365241289138794
2024-07-24 14:57:53,115 - father_agent.py - Step: 1300, Training loss: 0.20958955585956573
2024-07-24 14:58:52,109 - father_agent.py - Average Return = 1.600000023841858
2024-07-24 14:58:52,110 - father_agent.py - Average Virtual Goal Value = 0.0
2024-07-24 14:58:52,110 - father_agent.py - Goal Reach Probability = 0.0
2024-07-24 14:59:16,735 - father_agent.py - Step: 1310, Training loss: 0.19852979481220245
2024-07-24 14:59:40,709 - father_agent.py - Step: 1320, Training loss: 0.3320174813270569
2024-07-24 15:00:04,345 - father_agent.py - Step: 1330, Training loss: 0.19559571146965027
2024-07-24 15:00:28,072 - father_agent.py - Step: 1340, Training loss: -0.004294314421713352
2024-07-24 15:00:51,743 - father_agent.py - Step: 1350, Training loss: 0.2364344298839569
2024-07-24 15:01:15,559 - father_agent.py - Step: 1360, Training loss: -0.011234330013394356
2024-07-24 15:01:39,394 - father_agent.py - Step: 1370, Training loss: 0.187780499458313
2024-07-24 15:02:03,075 - father_agent.py - Step: 1380, Training loss: 0.18659190833568573
2024-07-24 15:02:27,238 - father_agent.py - Step: 1390, Training loss: 0.6277199387550354
2024-07-24 15:02:51,415 - father_agent.py - Step: 1400, Training loss: 0.008350349962711334
2024-07-24 15:03:50,385 - father_agent.py - Average Return = 1.5750000476837158
2024-07-24 15:03:50,386 - father_agent.py - Average Virtual Goal Value = 0.0
2024-07-24 15:03:50,386 - father_agent.py - Goal Reach Probability = 0.0
2024-07-24 15:04:14,016 - father_agent.py - Step: 1410, Training loss: -0.00749744288623333
2024-07-24 15:04:38,326 - father_agent.py - Step: 1420, Training loss: -0.008095603436231613
2024-07-24 15:05:02,419 - father_agent.py - Step: 1430, Training loss: 0.0094690453261137
2024-07-24 15:05:26,273 - father_agent.py - Step: 1440, Training loss: 0.21510861814022064
2024-07-24 15:05:49,871 - father_agent.py - Step: 1450, Training loss: -0.03162659332156181
2024-07-24 15:06:13,477 - father_agent.py - Step: 1460, Training loss: 0.16120468080043793
2024-07-24 15:06:37,985 - father_agent.py - Step: 1470, Training loss: 0.3779177665710449
2024-07-24 15:07:02,945 - father_agent.py - Step: 1480, Training loss: 0.013601668179035187
2024-07-24 15:07:27,701 - father_agent.py - Step: 1490, Training loss: -0.006406234577298164
2024-07-24 15:07:52,685 - father_agent.py - Step: 1500, Training loss: 0.37809351086616516
2024-07-24 15:08:50,612 - father_agent.py - Average Return = 1.75
2024-07-24 15:08:50,612 - father_agent.py - Average Virtual Goal Value = 0.0
2024-07-24 15:08:50,612 - father_agent.py - Goal Reach Probability = 0.0
2024-07-24 15:09:15,207 - father_agent.py - Step: 1510, Training loss: -0.0038398224860429764
2024-07-24 15:09:39,586 - father_agent.py - Step: 1520, Training loss: 0.3129885196685791
2024-07-24 15:10:03,640 - father_agent.py - Step: 1530, Training loss: 0.19257229566574097
2024-07-24 15:10:27,791 - father_agent.py - Step: 1540, Training loss: 0.03298892825841904
2024-07-24 15:10:52,268 - father_agent.py - Step: 1550, Training loss: -0.005164178088307381
2024-07-24 15:11:15,873 - father_agent.py - Step: 1560, Training loss: 0.3366221785545349
2024-07-24 15:11:39,332 - father_agent.py - Step: 1570, Training loss: 0.5362803339958191
2024-07-24 15:12:02,770 - father_agent.py - Step: 1580, Training loss: 0.5358426570892334
2024-07-24 15:12:26,427 - father_agent.py - Step: 1590, Training loss: -0.02123912423849106
2024-07-24 15:12:49,956 - father_agent.py - Step: 1600, Training loss: 0.023968517780303955
2024-07-24 15:13:46,767 - father_agent.py - Average Return = 1.625
2024-07-24 15:13:46,767 - father_agent.py - Average Virtual Goal Value = 0.0
2024-07-24 15:13:46,767 - father_agent.py - Goal Reach Probability = 0.0
2024-07-24 15:14:10,187 - father_agent.py - Step: 1610, Training loss: 0.49884483218193054
2024-07-24 15:14:33,647 - father_agent.py - Step: 1620, Training loss: 0.19248078763484955
2024-07-24 15:14:57,159 - father_agent.py - Step: 1630, Training loss: 0.22048494219779968
2024-07-24 15:15:20,655 - father_agent.py - Step: 1640, Training loss: 0.6220411658287048
2024-07-24 15:15:44,093 - father_agent.py - Step: 1650, Training loss: 0.006328979507088661
2024-07-24 15:16:07,465 - father_agent.py - Step: 1660, Training loss: 0.02399972267448902
2024-07-24 15:16:30,865 - father_agent.py - Step: 1670, Training loss: 0.15987804532051086
2024-07-24 15:16:54,259 - father_agent.py - Step: 1680, Training loss: 0.008732098154723644
2024-07-24 15:17:17,649 - father_agent.py - Step: 1690, Training loss: 0.012967199087142944
2024-07-24 15:17:41,169 - father_agent.py - Step: 1700, Training loss: 0.38626959919929504
2024-07-24 15:18:37,954 - father_agent.py - Average Return = 1.600000023841858
2024-07-24 15:18:37,954 - father_agent.py - Average Virtual Goal Value = 0.0
2024-07-24 15:18:37,954 - father_agent.py - Goal Reach Probability = 0.0
2024-07-24 15:19:01,413 - father_agent.py - Step: 1710, Training loss: 0.5119370222091675
2024-07-24 15:19:24,925 - father_agent.py - Step: 1720, Training loss: 0.1747499406337738
2024-07-24 15:19:48,524 - father_agent.py - Step: 1730, Training loss: 0.19134514033794403
2024-07-24 15:20:12,109 - father_agent.py - Step: 1740, Training loss: 0.21788451075553894
2024-07-24 15:20:35,648 - father_agent.py - Step: 1750, Training loss: 0.17919039726257324
2024-07-24 15:20:59,306 - father_agent.py - Step: 1760, Training loss: 0.002100873738527298
2024-07-24 15:21:22,873 - father_agent.py - Step: 1770, Training loss: 0.14984804391860962
2024-07-24 15:21:46,303 - father_agent.py - Step: 1780, Training loss: 0.21213965117931366
2024-07-24 15:22:09,876 - father_agent.py - Step: 1790, Training loss: -0.02809108980000019
2024-07-24 15:22:33,554 - father_agent.py - Step: 1800, Training loss: 0.22160273790359497
2024-07-24 15:23:30,243 - father_agent.py - Average Return = 1.600000023841858
2024-07-24 15:23:30,243 - father_agent.py - Average Virtual Goal Value = 0.0
2024-07-24 15:23:30,243 - father_agent.py - Goal Reach Probability = 0.0
2024-07-24 15:23:53,770 - father_agent.py - Step: 1810, Training loss: -0.005102680996060371
2024-07-24 15:24:19,526 - father_agent.py - Step: 1820, Training loss: 0.3674963116645813
2024-07-24 15:24:44,391 - father_agent.py - Step: 1830, Training loss: 0.3424983024597168
2024-07-24 15:25:09,094 - father_agent.py - Step: 1840, Training loss: 0.5005230903625488
2024-07-24 15:25:34,005 - father_agent.py - Step: 1850, Training loss: -0.015011647716164589
2024-07-24 15:25:58,963 - father_agent.py - Step: 1860, Training loss: 0.3309791386127472
2024-07-24 15:26:24,874 - father_agent.py - Step: 1870, Training loss: -0.01890389807522297
2024-07-24 15:26:48,952 - father_agent.py - Step: 1880, Training loss: -0.03326858580112457
2024-07-24 15:27:13,035 - father_agent.py - Step: 1890, Training loss: 0.005517756566405296
2024-07-24 15:27:37,518 - father_agent.py - Step: 1900, Training loss: 0.19820523262023926
2024-07-24 15:28:36,530 - father_agent.py - Average Return = 1.7000000476837158
2024-07-24 15:28:36,530 - father_agent.py - Average Virtual Goal Value = 0.0
2024-07-24 15:28:36,530 - father_agent.py - Goal Reach Probability = 0.0
2024-07-24 15:29:02,816 - father_agent.py - Step: 1910, Training loss: 0.36957255005836487
2024-07-24 15:29:27,871 - father_agent.py - Step: 1920, Training loss: 0.35932454466819763
2024-07-24 15:29:53,231 - father_agent.py - Step: 1930, Training loss: 0.1800653338432312
2024-07-24 15:30:17,252 - father_agent.py - Step: 1940, Training loss: -0.007500682026147842
2024-07-24 15:30:41,837 - father_agent.py - Step: 1950, Training loss: 0.3643803894519806
2024-07-24 15:31:06,153 - father_agent.py - Step: 1960, Training loss: 0.2212151288986206
2024-07-24 15:31:30,388 - father_agent.py - Step: 1970, Training loss: -0.008771238848567009
2024-07-24 15:31:54,390 - father_agent.py - Step: 1980, Training loss: 0.014207186177372932
2024-07-24 15:32:18,031 - father_agent.py - Step: 1990, Training loss: 0.2028992623090744
2024-07-24 15:34:38,704 - father_agent.py - Average Return = 1.5750000476837158
2024-07-24 15:34:38,704 - father_agent.py - Average Virtual Goal Value = 0.0
2024-07-24 15:34:38,704 - father_agent.py - Goal Reach Probability = 0.0
